2024-09-14 23:22:28,121 - logger name:log/AIR/eac-45/eac.log
2024-09-14 23:22:28,121 - params : {'conf': 'new_conf/AIR/eac.json', 'seed': 45, 'paral': 0, 'gpuid': 0, 'logname': 'eac', 'method': 'EAC', 'load_first_year': 0, 'first_year_model_path': 'log/PEMS/trafficstream-42/2011/16.6936.pkl', 'device': device(type='cuda', index=0), 'methods': {'TrafficStream': <class 'src.model.model.TrafficStream_Model'>, 'STKEC': <class 'src.model.model.STKEC_Model'>, 'EAC': <class 'src.model.model.EAC_Model'>}, 'begin_year': 2016, 'end_year': 2019, 'dropout': 0.0, 'lr': 0.03, 'batch_size': 128, 'epoch': 100, 'loss': 'mse', 'activation': 'relu', 'scheduler': 'epo', 'y_len': 12, 'x_len': 12, 'data_process': 0, 'raw_data_path': 'data/AIR/RawData/', 'save_data_path': 'data/AIR/FastData/', 'graph_path': 'data/AIR/graph/', 'model_path': 'log/AIR/', 'gcn': {'in_channel': 12, 'out_channel': 12, 'hidden_channel': 64}, 'tcn': {'in_channel': 1, 'out_channel': 1, 'kernel_size': 3, 'dilation': 1}, 'rank': 6, 'init': True, 'train': 1, 'auto_test': 0, 'strategy': 'retrain', 'detect': False, 'ewc': False, 'replay': False, 'path': 'log/AIR/eac-45', 'logger': <Logger utils.initialize (INFO)>}
2024-09-14 23:22:28,141 - [*] Year 2016 load from data/AIR/FastData/2016.npz
2024-09-14 23:22:29,235 - [*] Year 2016 Dataset load!
2024-09-14 23:22:29,237 - Total Parameters: 9902
2024-09-14 23:22:29,237 - Trainable Parameters: 9902
2024-09-14 23:22:29,237 - [*] Year 2016 Training start
2024-09-14 23:22:30,199 - node number torch.Size([139136, 12])
2024-09-14 23:22:33,921 - epoch:0, training loss:3364.2458 validation loss:22.8854
2024-09-14 23:22:37,795 - epoch:1, training loss:1377.9574 validation loss:24.2294
2024-09-14 23:22:41,599 - epoch:2, training loss:1301.5141 validation loss:21.5737
2024-09-14 23:22:45,420 - epoch:3, training loss:1315.7572 validation loss:25.7885
2024-09-14 23:22:49,264 - epoch:4, training loss:1220.2078 validation loss:21.2337
2024-09-14 23:22:53,345 - epoch:5, training loss:1239.9788 validation loss:25.6957
2024-09-14 23:22:57,202 - epoch:6, training loss:1215.0431 validation loss:19.3782
2024-09-14 23:23:01,144 - epoch:7, training loss:1200.8203 validation loss:19.5610
2024-09-14 23:23:05,076 - epoch:8, training loss:1208.5747 validation loss:24.4238
2024-09-14 23:23:08,923 - epoch:9, training loss:1188.4435 validation loss:18.9554
2024-09-14 23:23:12,856 - epoch:10, training loss:1197.8604 validation loss:22.9886
2024-09-14 23:23:16,914 - epoch:11, training loss:1201.5776 validation loss:21.4668
2024-09-14 23:23:20,741 - epoch:12, training loss:1188.0906 validation loss:19.4236
2024-09-14 23:23:24,610 - epoch:13, training loss:1177.9290 validation loss:20.6092
2024-09-14 23:23:28,463 - epoch:14, training loss:1169.0264 validation loss:19.9970
2024-09-14 23:23:32,344 - epoch:15, training loss:1152.8974 validation loss:19.1795
2024-09-14 23:23:33,318 - [*] loss:2257.8022
2024-09-14 23:23:33,349 - [*] year 2016, testing
2024-09-14 23:23:33,749 - T:3	MAE	25.3450	RMSE	37.6960	MAPE	27.2925
2024-09-14 23:23:34,482 - T:6	MAE	27.6003	RMSE	42.5223	MAPE	29.6948
2024-09-14 23:23:36,660 - T:12	MAE	30.6205	RMSE	47.8838	MAPE	33.4829
2024-09-14 23:23:36,660 - T:Avg	MAE	27.6105	RMSE	42.1347	MAPE	29.9131
2024-09-14 23:23:36,662 - Finished optimization, total time:47.77 s, best model:log/AIR/eac-45/2016/18.9554.pkl
2024-09-14 23:23:36,689 - [*] Year 2017 load from data/AIR/FastData/2017.npz
2024-09-14 23:23:37,662 - [*] Year 2017 Dataset load!
2024-09-14 23:23:37,662 - [*] load from log/AIR/eac-45/2016/18.9554.pkl
2024-09-14 23:23:37,670 - Total Parameters: 10304
2024-09-14 23:23:37,670 - Trainable Parameters: 6996
2024-09-14 23:23:37,670 - [*] Year 2017 Training start
2024-09-14 23:23:38,672 - node number torch.Size([147712, 12])
2024-09-14 23:23:40,420 - epoch:0, training loss:1214.2598 validation loss:26.9823
2024-09-14 23:23:43,041 - epoch:1, training loss:1193.8334 validation loss:26.1944
2024-09-14 23:23:45,650 - epoch:2, training loss:1193.6903 validation loss:26.4702
2024-09-14 23:23:48,172 - epoch:3, training loss:1186.3767 validation loss:26.2210
2024-09-14 23:23:50,769 - epoch:4, training loss:1188.2002 validation loss:25.4181
2024-09-14 23:23:53,454 - epoch:5, training loss:1185.8625 validation loss:26.2920
2024-09-14 23:23:56,097 - epoch:6, training loss:1186.9833 validation loss:25.5043
2024-09-14 23:23:58,710 - epoch:7, training loss:1189.4289 validation loss:26.4668
2024-09-14 23:24:01,331 - epoch:8, training loss:1190.1272 validation loss:25.8905
2024-09-14 23:24:04,129 - epoch:9, training loss:1178.4124 validation loss:26.3892
2024-09-14 23:24:06,691 - epoch:10, training loss:1183.8674 validation loss:26.6091
2024-09-14 23:24:07,803 - [*] loss:1440.6332
2024-09-14 23:24:07,842 - [*] year 2017, testing
2024-09-14 23:24:08,230 - T:3	MAE	18.5281	RMSE	26.9135	MAPE	22.9285
2024-09-14 23:24:08,978 - T:6	MAE	21.5411	RMSE	32.4785	MAPE	26.1064
2024-09-14 23:24:11,195 - T:12	MAE	25.1178	RMSE	38.2295	MAPE	30.3954
2024-09-14 23:24:11,195 - T:Avg	MAE	21.4026	RMSE	31.8849	MAPE	26.1652
2024-09-14 23:24:11,196 - Finished optimization, total time:16.56 s, best model:log/AIR/eac-45/2017/25.4181.pkl
2024-09-14 23:24:11,226 - [*] Year 2018 load from data/AIR/FastData/2018.npz
2024-09-14 23:24:12,243 - [*] Year 2018 Dataset load!
2024-09-14 23:24:12,244 - [*] load from log/AIR/eac-45/2017/25.4181.pkl
2024-09-14 23:24:12,247 - Total Parameters: 10538
2024-09-14 23:24:12,247 - Trainable Parameters: 7230
2024-09-14 23:24:12,247 - [*] Year 2018 Training start
2024-09-14 23:24:13,321 - node number torch.Size([152704, 12])
2024-09-14 23:24:15,185 - epoch:0, training loss:1106.1198 validation loss:26.9539
2024-09-14 23:24:18,190 - epoch:1, training loss:1089.7042 validation loss:27.1028
2024-09-14 23:24:21,188 - epoch:2, training loss:1104.6088 validation loss:27.2877
2024-09-14 23:24:24,136 - epoch:3, training loss:1088.9971 validation loss:26.9971
2024-09-14 23:24:27,178 - epoch:4, training loss:1092.3115 validation loss:26.2470
2024-09-14 23:24:29,993 - epoch:5, training loss:1096.5647 validation loss:27.9887
2024-09-14 23:24:32,911 - epoch:6, training loss:1092.2794 validation loss:26.5294
2024-09-14 23:24:35,827 - epoch:7, training loss:1102.6707 validation loss:27.5335
2024-09-14 23:24:38,849 - epoch:8, training loss:1087.8244 validation loss:26.8124
2024-09-14 23:24:41,732 - epoch:9, training loss:1090.1270 validation loss:27.3910
2024-09-14 23:24:44,680 - epoch:10, training loss:1112.0108 validation loss:27.4726
2024-09-14 23:24:45,981 - [*] loss:1071.5944
2024-09-14 23:24:46,017 - [*] year 2018, testing
2024-09-14 23:24:46,393 - T:3	MAE	12.1254	RMSE	21.4372	MAPE	19.4295
2024-09-14 23:24:47,148 - T:6	MAE	15.6144	RMSE	27.1128	MAPE	25.5780
2024-09-14 23:24:49,299 - T:12	MAE	19.2832	RMSE	32.7903	MAPE	32.1522
2024-09-14 23:24:49,299 - T:Avg	MAE	15.2794	RMSE	26.4121	MAPE	25.0459
2024-09-14 23:24:49,301 - Finished optimization, total time:18.16 s, best model:log/AIR/eac-45/2018/26.247.pkl
2024-09-14 23:24:49,336 - [*] Year 2019 load from data/AIR/FastData/2019.npz
2024-09-14 23:24:50,369 - [*] Year 2019 Dataset load!
2024-09-14 23:24:50,369 - [*] load from log/AIR/eac-45/2018/26.247.pkl
2024-09-14 23:24:50,372 - Total Parameters: 10592
2024-09-14 23:24:50,373 - Trainable Parameters: 7284
2024-09-14 23:24:50,373 - [*] Year 2019 Training start
2024-09-14 23:24:51,448 - node number torch.Size([153856, 12])
2024-09-14 23:24:53,161 - epoch:0, training loss:864.9220 validation loss:21.6624
2024-09-14 23:24:55,735 - epoch:1, training loss:856.9028 validation loss:21.1042
2024-09-14 23:24:58,445 - epoch:2, training loss:857.5170 validation loss:21.1785
2024-09-14 23:25:01,084 - epoch:3, training loss:857.8137 validation loss:21.2837
2024-09-14 23:25:03,812 - epoch:4, training loss:854.3001 validation loss:21.0394
2024-09-14 23:25:06,438 - epoch:5, training loss:856.3407 validation loss:21.0782
2024-09-14 23:25:09,101 - epoch:6, training loss:856.4064 validation loss:21.4506
2024-09-14 23:25:11,812 - epoch:7, training loss:855.1711 validation loss:21.2655
2024-09-14 23:25:14,595 - epoch:8, training loss:853.1382 validation loss:21.0277
2024-09-14 23:25:17,294 - epoch:9, training loss:856.2828 validation loss:21.5477
2024-09-14 23:25:19,939 - epoch:10, training loss:855.1007 validation loss:21.1833
2024-09-14 23:25:22,625 - epoch:11, training loss:854.4236 validation loss:21.1473
2024-09-14 23:25:25,377 - epoch:12, training loss:853.4679 validation loss:21.0744
2024-09-14 23:25:28,227 - epoch:13, training loss:854.7300 validation loss:21.2805
2024-09-14 23:25:30,975 - epoch:14, training loss:853.0038 validation loss:21.3475
2024-09-14 23:25:32,143 - [*] loss:1025.4980
2024-09-14 23:25:32,177 - [*] year 2019, testing
2024-09-14 23:25:32,570 - T:3	MAE	15.2562	RMSE	22.5173	MAPE	22.5700
2024-09-14 23:25:33,276 - T:6	MAE	17.7585	RMSE	27.3078	MAPE	25.9060
2024-09-14 23:25:35,506 - T:12	MAE	20.8695	RMSE	32.2552	MAPE	30.8317
2024-09-14 23:25:35,506 - T:Avg	MAE	17.7032	RMSE	26.7979	MAPE	26.1259
2024-09-14 23:25:35,508 - Finished optimization, total time:23.28 s, best model:log/AIR/eac-45/2019/21.0277.pkl
2024-09-14 23:25:35,530 - 


2024-09-14 23:25:35,530 - 3   	 MAE	     25.34	     18.53	     12.13	     15.26		   17.81
2024-09-14 23:25:35,530 - 3   	RMSE	     37.70	     26.91	     21.44	     22.52		   27.14
2024-09-14 23:25:35,530 - 3   	MAPE	     27.29	     22.93	     19.43	     22.57		   23.06
2024-09-14 23:25:35,530 - 6   	 MAE	     27.60	     21.54	     15.61	     17.76		   20.63
2024-09-14 23:25:35,530 - 6   	RMSE	     42.52	     32.48	     27.11	     27.31		   32.36
2024-09-14 23:25:35,531 - 6   	MAPE	     29.69	     26.11	     25.58	     25.91		   26.82
2024-09-14 23:25:35,531 - 12  	 MAE	     30.62	     25.12	     19.28	     20.87		   23.97
2024-09-14 23:25:35,531 - 12  	RMSE	     47.88	     38.23	     32.79	     32.26		   37.79
2024-09-14 23:25:35,531 - 12  	MAPE	     33.48	     30.40	     32.15	     30.83		   31.72
2024-09-14 23:25:35,531 - Avg 	 MAE	     27.61	     21.40	     15.28	     17.70		   20.50
2024-09-14 23:25:35,531 - Avg 	RMSE	     42.13	     31.88	     26.41	     26.80		   31.81
2024-09-14 23:25:35,531 - Avg 	MAPE	     29.91	     26.17	     25.05	     26.13		   26.81
2024-09-14 23:25:35,531 - year	2016	total_time	   47.7686	average_time	    2.9856	epoch	16
2024-09-14 23:25:35,531 - year	2017	total_time	   16.5555	average_time	    1.5051	epoch	11
2024-09-14 23:25:35,531 - year	2018	total_time	   18.1635	average_time	    1.6512	epoch	11
2024-09-14 23:25:35,531 - year	2019	total_time	   23.2806	average_time	    1.5521	epoch	15
2024-09-14 23:25:35,531 - total time: 105.7683
2025-05-09 03:58:21,983 - logger name:log/AIR/eac-45/eac.log
2025-05-09 03:58:21,983 - params : {'conf': 'conf/AIR/eac.json', 'seed': 45, 'paral': 0, 'gpuid': 1, 'logname': 'eac', 'method': 'EAC', 'load_first_year': 1, 'first_year_model_path': 'log/PEMS/eac-43/2011/14.7956.pkl', 'device': device(type='cuda', index=1), 'methods': {'TrafficStream': <class 'src.model.model.TrafficStream_Model'>, 'STKEC': <class 'src.model.model.STKEC_Model'>, 'EAC': <class 'src.model.model.EAC_Model'>, 'Universal': <class 'src.model.model.Universal_Model'>}, 'begin_year': 2016, 'end_year': 2019, 'dropout': 0.0, 'lr': 0.03, 'batch_size': 1, 'epoch': 100, 'loss': 'mse', 'activation': 'relu', 'scheduler': 'epo', 'y_len': 12, 'x_len': 12, 'data_process': 0, 'raw_data_path': '/data/weichen/TrafficStream_data/AIR/RawData/', 'save_data_path': '/data/weichen/TrafficStream_data/AIR/FastData/', 'graph_path': '/data/weichen/TrafficStream_data/AIR/graph/', 'model_path': 'log/AIR/', 'gcn': {'in_channel': 12, 'out_channel': 12, 'hidden_channel': 64}, 'tcn': {'in_channel': 1, 'out_channel': 1, 'kernel_size': 3, 'dilation': 1}, 'rank': 6, 'init': True, 'train': 0, 'auto_test': 1, 'strategy': 'retrain', 'detect': False, 'ewc': False, 'replay': False, 'path': 'log/AIR/eac-45', 'logger': <Logger utils.initialize (INFO)>}
2025-05-09 03:58:22,005 - [*] Year 2016 load from /data/weichen/TrafficStream_data/AIR/FastData/2016.npz
2025-05-09 03:58:22,167 - [*] load from log/AIR/eac-45/2016/18.9554.pkl
2025-05-09 03:58:36,529 - [*] year 2016, testing
2025-05-09 03:58:37,050 - T:3	MAE	23.4369	RMSE	35.8540	MAPE	25.3261
2025-05-09 03:58:37,903 - T:6	MAE	26.0255	RMSE	40.9448	MAPE	28.3948
2025-05-09 03:58:40,346 - T:12	MAE	29.3357	RMSE	46.5060	MAPE	32.7884
2025-05-09 03:58:40,346 - T:Avg	MAE	25.9830	RMSE	40.4998	MAPE	28.5200
2025-05-09 03:58:40,373 - [*] Year 2017 load from /data/weichen/TrafficStream_data/AIR/FastData/2017.npz
2025-05-09 03:58:40,387 - [*] load from log/AIR/eac-45/2017/25.4181.pkl
2025-05-09 03:58:55,221 - [*] year 2017, testing
2025-05-09 03:58:55,729 - T:3	MAE	17.6239	RMSE	26.2127	MAPE	21.8527
2025-05-09 03:58:56,668 - T:6	MAE	20.8179	RMSE	31.9302	MAPE	25.3723
2025-05-09 03:58:59,363 - T:12	MAE	24.5423	RMSE	37.7814	MAPE	29.9667
2025-05-09 03:58:59,363 - T:Avg	MAE	20.6455	RMSE	31.2954	MAPE	25.3798
2025-05-09 03:58:59,392 - [*] Year 2018 load from /data/weichen/TrafficStream_data/AIR/FastData/2018.npz
2025-05-09 03:58:59,408 - [*] load from log/AIR/eac-45/2018/26.247.pkl
2025-05-09 03:59:14,702 - [*] year 2018, testing
2025-05-09 03:59:15,243 - T:3	MAE	12.0482	RMSE	21.3480	MAPE	19.3450
2025-05-09 03:59:16,151 - T:6	MAE	15.5552	RMSE	27.0367	MAPE	25.5218
2025-05-09 03:59:18,727 - T:12	MAE	19.2337	RMSE	32.7144	MAPE	32.1172
2025-05-09 03:59:18,728 - T:Avg	MAE	15.2132	RMSE	26.3279	MAPE	24.9810
2025-05-09 03:59:18,753 - [*] Year 2019 load from /data/weichen/TrafficStream_data/AIR/FastData/2019.npz
2025-05-09 03:59:18,762 - [*] load from log/AIR/eac-45/2019/21.0277.pkl
2025-05-09 03:59:32,799 - [*] year 2019, testing
2025-05-09 03:59:33,345 - T:3	MAE	14.5661	RMSE	22.0232	MAPE	21.5888
2025-05-09 03:59:34,250 - T:6	MAE	17.2217	RMSE	26.9404	MAPE	25.2753
2025-05-09 03:59:36,898 - T:12	MAE	20.4479	RMSE	31.9652	MAPE	30.4902
2025-05-09 03:59:36,899 - T:Avg	MAE	17.1340	RMSE	26.3923	MAPE	25.4343
2025-05-09 03:59:36,901 - 


2025-05-09 03:59:36,901 - 3   	 MAE	     23.44	     17.62	     12.05	     14.57		   16.92
2025-05-09 03:59:36,901 - 3   	RMSE	     35.85	     26.21	     21.35	     22.02		   26.36
2025-05-09 03:59:36,901 - 3   	MAPE	     25.33	     21.85	     19.35	     21.59		   22.03
2025-05-09 03:59:36,901 - 6   	 MAE	     26.03	     20.82	     15.56	     17.22		   19.91
2025-05-09 03:59:36,901 - 6   	RMSE	     40.94	     31.93	     27.04	     26.94		   31.71
2025-05-09 03:59:36,902 - 6   	MAPE	     28.39	     25.37	     25.52	     25.28		   26.14
2025-05-09 03:59:36,902 - 12  	 MAE	     29.34	     24.54	     19.23	     20.45		   23.39
2025-05-09 03:59:36,902 - 12  	RMSE	     46.51	     37.78	     32.71	     31.97		   37.24
2025-05-09 03:59:36,902 - 12  	MAPE	     32.79	     29.97	     32.12	     30.49		   31.34
2025-05-09 03:59:36,902 - Avg 	 MAE	     25.98	     20.65	     15.21	     17.13		   19.74
2025-05-09 03:59:36,902 - Avg 	RMSE	     40.50	     31.30	     26.33	     26.39		   31.13
2025-05-09 03:59:36,902 - Avg 	MAPE	     28.52	     25.38	     24.98	     25.43		   26.08
2025-05-09 03:59:36,902 - total time: 0.0000
