2023-12-09 06:11:03,229 - Namespace(device='cuda:0', dataset='PEMS03', fewshot=10, prompt=False, years='2018', seed=2020, bs=64, seq_len=12, horizon=12, input_dim=3, output_dim=1, mode='train', max_epochs=100, patience=10, model_name='staeformer', steps_per_day=288, input_embedding_dim=24, tod_embedding_dim=24, dow_embedding_dim=24, spatial_embedding_dim=0, adaptive_embedding_dim=80, feed_forward_dim=256, num_heads=4, num_layers=3, lrate=0.001, dropout=0.1, use_mixed_proj=True, clip_grad_value=5)
2023-12-09 06:11:03,534 - Data shape: (26208, 358, 3)
2023-12-09 06:11:03,834 - Sample num: 2618, Batch num: 40
2023-12-09 06:11:04,132 - Sample num: 5237, Batch num: 81
2023-12-09 06:11:04,432 - Sample num: 5237, Batch num: 81
2023-12-09 06:11:05,663 - The arc of model:
STAEformer(
  (input_proj): Linear(in_features=3, out_features=24, bias=True)
  (tod_embedding): Embedding(288, 24)
  (dow_embedding): Embedding(7, 24)
  (output_proj): Linear(in_features=1824, out_features=12, bias=True)
  (attn_layers_t): ModuleList(
    (0-2): 3 x SelfAttentionLayer(
      (attn): AttentionLayer(
        (FC_Q): Linear(in_features=152, out_features=152, bias=True)
        (FC_K): Linear(in_features=152, out_features=152, bias=True)
        (FC_V): Linear(in_features=152, out_features=152, bias=True)
        (out_proj): Linear(in_features=152, out_features=152, bias=True)
      )
      (feed_forward): Sequential(
        (0): Linear(in_features=152, out_features=256, bias=True)
        (1): ReLU(inplace=True)
        (2): Linear(in_features=256, out_features=152, bias=True)
      )
      (ln1): LayerNorm((152,), eps=1e-05, elementwise_affine=True)
      (ln2): LayerNorm((152,), eps=1e-05, elementwise_affine=True)
      (dropout1): Dropout(p=0.1, inplace=False)
      (dropout2): Dropout(p=0.1, inplace=False)
    )
  )
  (attn_layers_s): ModuleList(
    (0-2): 3 x SelfAttentionLayer(
      (attn): AttentionLayer(
        (FC_Q): Linear(in_features=152, out_features=152, bias=True)
        (FC_K): Linear(in_features=152, out_features=152, bias=True)
        (FC_V): Linear(in_features=152, out_features=152, bias=True)
        (out_proj): Linear(in_features=152, out_features=152, bias=True)
      )
      (feed_forward): Sequential(
        (0): Linear(in_features=152, out_features=256, bias=True)
        (1): ReLU(inplace=True)
        (2): Linear(in_features=256, out_features=152, bias=True)
      )
      (ln1): LayerNorm((152,), eps=1e-05, elementwise_affine=True)
      (ln2): LayerNorm((152,), eps=1e-05, elementwise_affine=True)
      (dropout1): Dropout(p=0.1, inplace=False)
      (dropout2): Dropout(p=0.1, inplace=False)
    )
  )
)
2023-12-09 06:11:05,664 - The number of parameters: 1403940
2023-12-09 06:11:05,664 - Start training!
2023-12-09 06:12:38,040 - Epoch: 001, Train Loss: 55.8356, Train RMSE: 71.5420, Train MAPE: 1.3915, Valid Loss: 41.8489, Valid RMSE: 53.8367, Valid MAPE: 0.8922, Train Time: 56.0917s/epoch, Valid Time: 36.2844s, LR: 1.0000e-03
2023-12-09 06:12:38,057 - Val loss decrease from inf to 41.8489
2023-12-09 06:14:08,828 - Epoch: 002, Train Loss: 30.1706, Train RMSE: 41.4433, Train MAPE: 0.6300, Valid Loss: 25.0956, Valid RMSE: 37.5962, Valid MAPE: 0.3262, Train Time: 54.9003s/epoch, Valid Time: 35.8705s, LR: 1.0000e-03
2023-12-09 06:14:08,849 - Val loss decrease from 41.8489 to 25.0956
2023-12-09 06:15:40,267 - Epoch: 003, Train Loss: 25.7225, Train RMSE: 36.1754, Train MAPE: 0.4994, Valid Loss: 26.3135, Valid RMSE: 36.8637, Valid MAPE: 0.4383, Train Time: 55.1382s/epoch, Valid Time: 36.2797s, LR: 1.0000e-03
2023-12-09 06:17:11,267 - Epoch: 004, Train Loss: 24.4038, Train RMSE: 34.6504, Train MAPE: 0.4733, Valid Loss: 25.1342, Valid RMSE: 35.4777, Valid MAPE: 0.3491, Train Time: 55.1720s/epoch, Valid Time: 35.8272s, LR: 1.0000e-03
2023-12-09 06:18:42,477 - Epoch: 005, Train Loss: 22.6264, Train RMSE: 32.4521, Train MAPE: 0.3982, Valid Loss: 22.3669, Valid RMSE: 34.0112, Valid MAPE: 0.2450, Train Time: 55.0860s/epoch, Valid Time: 36.1241s, LR: 1.0000e-03
2023-12-09 06:18:42,492 - Val loss decrease from 25.0956 to 22.3669
2023-12-09 06:20:13,470 - Epoch: 006, Train Loss: 21.0060, Train RMSE: 30.7755, Train MAPE: 0.3547, Valid Loss: 21.8254, Valid RMSE: 32.9360, Valid MAPE: 0.2231, Train Time: 54.7829s/epoch, Valid Time: 36.1943s, LR: 1.0000e-03
2023-12-09 06:20:13,485 - Val loss decrease from 22.3669 to 21.8254
2023-12-09 06:21:44,631 - Epoch: 007, Train Loss: 20.7180, Train RMSE: 30.4476, Train MAPE: 0.3480, Valid Loss: 22.0522, Valid RMSE: 32.1207, Valid MAPE: 0.3114, Train Time: 55.4580s/epoch, Valid Time: 35.6880s, LR: 1.0000e-03
2023-12-09 06:23:15,800 - Epoch: 008, Train Loss: 19.7922, Train RMSE: 29.5193, Train MAPE: 0.3164, Valid Loss: 20.8163, Valid RMSE: 31.2239, Valid MAPE: 0.2806, Train Time: 54.9002s/epoch, Valid Time: 36.2683s, LR: 1.0000e-03
2023-12-09 06:23:15,815 - Val loss decrease from 21.8254 to 20.8163
2023-12-09 06:24:47,011 - Epoch: 009, Train Loss: 20.5390, Train RMSE: 30.3994, Train MAPE: 0.3439, Valid Loss: 20.9863, Valid RMSE: 30.8560, Valid MAPE: 0.3560, Train Time: 55.3070s/epoch, Valid Time: 35.8889s, LR: 1.0000e-03
2023-12-09 06:26:18,105 - Epoch: 010, Train Loss: 20.1920, Train RMSE: 29.8841, Train MAPE: 0.3424, Valid Loss: 23.0137, Valid RMSE: 34.6146, Valid MAPE: 0.4070, Train Time: 54.9371s/epoch, Valid Time: 36.1566s, LR: 1.0000e-03
2023-12-09 06:27:48,888 - Epoch: 011, Train Loss: 19.3202, Train RMSE: 29.0878, Train MAPE: 0.2931, Valid Loss: 19.1412, Valid RMSE: 29.1289, Valid MAPE: 0.3132, Train Time: 55.0331s/epoch, Valid Time: 35.7495s, LR: 1.0000e-03
2023-12-09 06:27:48,903 - Val loss decrease from 20.8163 to 19.1412
2023-12-09 06:29:20,215 - Epoch: 012, Train Loss: 18.4867, Train RMSE: 28.1485, Train MAPE: 0.2705, Valid Loss: 19.4895, Valid RMSE: 29.8187, Valid MAPE: 0.2866, Train Time: 55.1506s/epoch, Valid Time: 36.1616s, LR: 1.0000e-03
2023-12-09 06:30:51,317 - Epoch: 013, Train Loss: 18.3980, Train RMSE: 28.1435, Train MAPE: 0.2577, Valid Loss: 19.5636, Valid RMSE: 29.3942, Valid MAPE: 0.3307, Train Time: 54.9603s/epoch, Valid Time: 36.1413s, LR: 1.0000e-03
2023-12-09 06:32:22,219 - Epoch: 014, Train Loss: 18.2160, Train RMSE: 27.9064, Train MAPE: 0.2639, Valid Loss: 18.4638, Valid RMSE: 28.7041, Valid MAPE: 0.2071, Train Time: 55.5541s/epoch, Valid Time: 35.3474s, LR: 1.0000e-03
2023-12-09 06:32:22,234 - Val loss decrease from 19.1412 to 18.4638
2023-12-09 06:33:53,569 - Epoch: 015, Train Loss: 17.9465, Train RMSE: 27.6017, Train MAPE: 0.2500, Valid Loss: 18.8848, Valid RMSE: 29.1904, Valid MAPE: 0.1963, Train Time: 55.0096s/epoch, Valid Time: 36.3248s, LR: 1.0000e-03
2023-12-09 06:35:24,540 - Epoch: 016, Train Loss: 17.1400, Train RMSE: 26.9359, Train MAPE: 0.2040, Valid Loss: 17.7859, Valid RMSE: 28.2149, Valid MAPE: 0.1768, Train Time: 55.1542s/epoch, Valid Time: 35.8162s, LR: 1.0000e-04
2023-12-09 06:35:24,620 - Val loss decrease from 18.4638 to 17.7859
2023-12-09 06:36:55,847 - Epoch: 017, Train Loss: 16.9223, Train RMSE: 26.7745, Train MAPE: 0.1949, Valid Loss: 17.7518, Valid RMSE: 28.0498, Valid MAPE: 0.1798, Train Time: 54.9914s/epoch, Valid Time: 36.2355s, LR: 1.0000e-04
2023-12-09 06:36:55,862 - Val loss decrease from 17.7859 to 17.7518
2023-12-09 06:38:26,540 - Epoch: 018, Train Loss: 16.7975, Train RMSE: 26.5813, Train MAPE: 0.1925, Valid Loss: 17.6372, Valid RMSE: 27.9213, Valid MAPE: 0.1756, Train Time: 55.2106s/epoch, Valid Time: 35.4675s, LR: 1.0000e-04
2023-12-09 06:38:26,555 - Val loss decrease from 17.7518 to 17.6372
2023-12-09 06:39:57,919 - Epoch: 019, Train Loss: 16.6793, Train RMSE: 26.4362, Train MAPE: 0.1899, Valid Loss: 17.5601, Valid RMSE: 27.8104, Valid MAPE: 0.1672, Train Time: 55.1519s/epoch, Valid Time: 36.2118s, LR: 1.0000e-04
2023-12-09 06:39:57,934 - Val loss decrease from 17.6372 to 17.5601
2023-12-09 06:41:28,937 - Epoch: 020, Train Loss: 16.6149, Train RMSE: 26.2875, Train MAPE: 0.1873, Valid Loss: 17.6422, Valid RMSE: 27.7233, Valid MAPE: 0.1991, Train Time: 54.9667s/epoch, Valid Time: 36.0367s, LR: 1.0000e-04
2023-12-09 06:43:00,210 - Epoch: 021, Train Loss: 16.5877, Train RMSE: 26.2384, Train MAPE: 0.1887, Valid Loss: 17.5022, Valid RMSE: 27.6597, Valid MAPE: 0.1698, Train Time: 55.4864s/epoch, Valid Time: 35.7858s, LR: 1.0000e-04
2023-12-09 06:43:00,225 - Val loss decrease from 17.5601 to 17.5022
2023-12-09 06:44:31,283 - Epoch: 022, Train Loss: 16.5219, Train RMSE: 26.1529, Train MAPE: 0.1831, Valid Loss: 17.4350, Valid RMSE: 27.5798, Valid MAPE: 0.1696, Train Time: 55.1623s/epoch, Valid Time: 35.8949s, LR: 1.0000e-04
2023-12-09 06:44:31,297 - Val loss decrease from 17.5022 to 17.4350
2023-12-09 06:46:02,138 - Epoch: 023, Train Loss: 16.4687, Train RMSE: 26.0933, Train MAPE: 0.1843, Valid Loss: 17.3797, Valid RMSE: 27.5352, Valid MAPE: 0.1666, Train Time: 55.0249s/epoch, Valid Time: 35.8155s, LR: 1.0000e-04
2023-12-09 06:46:02,152 - Val loss decrease from 17.4350 to 17.3797
2023-12-09 06:47:33,440 - Epoch: 024, Train Loss: 16.3460, Train RMSE: 25.8921, Train MAPE: 0.1826, Valid Loss: 17.2939, Valid RMSE: 27.4188, Valid MAPE: 0.1630, Train Time: 55.0120s/epoch, Valid Time: 36.2757s, LR: 1.0000e-04
2023-12-09 06:47:33,460 - Val loss decrease from 17.3797 to 17.2939
2023-12-09 06:49:04,583 - Epoch: 025, Train Loss: 16.3561, Train RMSE: 25.9686, Train MAPE: 0.1794, Valid Loss: 17.3056, Valid RMSE: 27.3867, Valid MAPE: 0.1669, Train Time: 55.0929s/epoch, Valid Time: 36.0299s, LR: 1.0000e-04
2023-12-09 06:50:35,506 - Epoch: 026, Train Loss: 16.2949, Train RMSE: 25.8432, Train MAPE: 0.1788, Valid Loss: 17.2503, Valid RMSE: 27.3161, Valid MAPE: 0.1686, Train Time: 55.0981s/epoch, Valid Time: 35.8243s, LR: 1.0000e-04
2023-12-09 06:50:35,521 - Val loss decrease from 17.2939 to 17.2503
2023-12-09 06:52:06,291 - Epoch: 027, Train Loss: 16.3083, Train RMSE: 25.8609, Train MAPE: 0.1790, Valid Loss: 17.2413, Valid RMSE: 27.2905, Valid MAPE: 0.1633, Train Time: 54.9181s/epoch, Valid Time: 35.8516s, LR: 1.0000e-04
2023-12-09 06:52:06,306 - Val loss decrease from 17.2503 to 17.2413
2023-12-09 06:53:37,401 - Epoch: 028, Train Loss: 16.2053, Train RMSE: 25.7138, Train MAPE: 0.1779, Valid Loss: 17.2404, Valid RMSE: 27.2907, Valid MAPE: 0.1628, Train Time: 55.3080s/epoch, Valid Time: 35.7871s, LR: 1.0000e-04
2023-12-09 06:53:37,416 - Val loss decrease from 17.2413 to 17.2404
2023-12-09 06:55:08,607 - Epoch: 029, Train Loss: 16.1963, Train RMSE: 25.7353, Train MAPE: 0.1762, Valid Loss: 17.1868, Valid RMSE: 27.1847, Valid MAPE: 0.1740, Train Time: 54.8938s/epoch, Valid Time: 36.2968s, LR: 1.0000e-04
2023-12-09 06:55:08,622 - Val loss decrease from 17.2404 to 17.1868
2023-12-09 06:56:39,154 - Epoch: 030, Train Loss: 16.1398, Train RMSE: 25.6413, Train MAPE: 0.1756, Valid Loss: 17.1535, Valid RMSE: 27.1970, Valid MAPE: 0.1716, Train Time: 54.9667s/epoch, Valid Time: 35.5656s, LR: 1.0000e-04
2023-12-09 06:56:39,174 - Val loss decrease from 17.1868 to 17.1535
2023-12-09 06:58:10,452 - Epoch: 031, Train Loss: 16.0384, Train RMSE: 25.5467, Train MAPE: 0.1713, Valid Loss: 17.0648, Valid RMSE: 27.0821, Valid MAPE: 0.1628, Train Time: 54.9195s/epoch, Valid Time: 36.3580s, LR: 1.0000e-05
2023-12-09 06:58:10,473 - Val loss decrease from 17.1535 to 17.0648
2023-12-09 06:59:41,142 - Epoch: 032, Train Loss: 16.0243, Train RMSE: 25.5390, Train MAPE: 0.1716, Valid Loss: 17.0610, Valid RMSE: 27.0729, Valid MAPE: 0.1635, Train Time: 54.8755s/epoch, Valid Time: 35.7938s, LR: 1.0000e-05
2023-12-09 06:59:41,157 - Val loss decrease from 17.0648 to 17.0610
2023-12-09 07:01:12,182 - Epoch: 033, Train Loss: 16.0568, Train RMSE: 25.5894, Train MAPE: 0.1702, Valid Loss: 17.0517, Valid RMSE: 27.0536, Valid MAPE: 0.1631, Train Time: 54.9476s/epoch, Valid Time: 36.0776s, LR: 1.0000e-05
2023-12-09 07:01:12,197 - Val loss decrease from 17.0610 to 17.0517
2023-12-09 07:02:43,244 - Epoch: 034, Train Loss: 16.0151, Train RMSE: 25.5242, Train MAPE: 0.1696, Valid Loss: 17.0498, Valid RMSE: 27.0572, Valid MAPE: 0.1605, Train Time: 54.9910s/epoch, Valid Time: 36.0555s, LR: 1.0000e-05
2023-12-09 07:02:43,259 - Val loss decrease from 17.0517 to 17.0498
2023-12-09 07:04:14,153 - Epoch: 035, Train Loss: 15.9821, Train RMSE: 25.4628, Train MAPE: 0.1696, Valid Loss: 17.0367, Valid RMSE: 27.0366, Valid MAPE: 0.1603, Train Time: 55.1401s/epoch, Valid Time: 35.7537s, LR: 1.0000e-05
2023-12-09 07:04:14,168 - Val loss decrease from 17.0498 to 17.0367
2023-12-09 07:05:45,417 - Epoch: 036, Train Loss: 15.9838, Train RMSE: 25.4863, Train MAPE: 0.1697, Valid Loss: 17.0233, Valid RMSE: 27.0246, Valid MAPE: 0.1601, Train Time: 55.0380s/epoch, Valid Time: 36.2106s, LR: 1.0000e-05
2023-12-09 07:05:45,431 - Val loss decrease from 17.0367 to 17.0233
2023-12-09 07:07:16,128 - Epoch: 037, Train Loss: 15.9616, Train RMSE: 25.4424, Train MAPE: 0.1700, Valid Loss: 17.0216, Valid RMSE: 27.0075, Valid MAPE: 0.1614, Train Time: 54.9740s/epoch, Valid Time: 35.7220s, LR: 1.0000e-05
2023-12-09 07:07:16,143 - Val loss decrease from 17.0233 to 17.0216
2023-12-09 07:08:47,433 - Epoch: 038, Train Loss: 15.9643, Train RMSE: 25.4451, Train MAPE: 0.1691, Valid Loss: 17.0075, Valid RMSE: 27.0046, Valid MAPE: 0.1608, Train Time: 55.0099s/epoch, Valid Time: 36.2796s, LR: 1.0000e-05
2023-12-09 07:08:47,447 - Val loss decrease from 17.0216 to 17.0075
2023-12-09 07:10:17,825 - Epoch: 039, Train Loss: 15.9514, Train RMSE: 25.4317, Train MAPE: 0.1693, Valid Loss: 16.9959, Valid RMSE: 26.9695, Valid MAPE: 0.1613, Train Time: 54.5875s/epoch, Valid Time: 35.7897s, LR: 1.0000e-05
2023-12-09 07:10:17,840 - Val loss decrease from 17.0075 to 16.9959
2023-12-09 07:11:49,020 - Epoch: 040, Train Loss: 15.9759, Train RMSE: 25.4679, Train MAPE: 0.1690, Valid Loss: 17.0035, Valid RMSE: 26.9891, Valid MAPE: 0.1641, Train Time: 54.9829s/epoch, Valid Time: 36.1975s, LR: 1.0000e-05
2023-12-09 07:13:19,804 - Epoch: 041, Train Loss: 15.9063, Train RMSE: 25.3679, Train MAPE: 0.1692, Valid Loss: 16.9850, Valid RMSE: 26.9655, Valid MAPE: 0.1606, Train Time: 54.9019s/epoch, Valid Time: 35.8812s, LR: 1.0000e-06
2023-12-09 07:13:19,819 - Val loss decrease from 16.9959 to 16.9850
2023-12-09 07:14:50,947 - Epoch: 042, Train Loss: 15.8991, Train RMSE: 25.3652, Train MAPE: 0.1683, Valid Loss: 16.9833, Valid RMSE: 26.9638, Valid MAPE: 0.1604, Train Time: 55.2610s/epoch, Valid Time: 35.8668s, LR: 1.0000e-06
2023-12-09 07:14:50,962 - Val loss decrease from 16.9850 to 16.9833
2023-12-09 07:16:21,769 - Epoch: 043, Train Loss: 15.8782, Train RMSE: 25.3362, Train MAPE: 0.1690, Valid Loss: 16.9826, Valid RMSE: 26.9615, Valid MAPE: 0.1606, Train Time: 54.6183s/epoch, Valid Time: 36.1888s, LR: 1.0000e-06
2023-12-09 07:16:21,784 - Val loss decrease from 16.9833 to 16.9826
2023-12-09 07:17:52,579 - Epoch: 044, Train Loss: 15.9305, Train RMSE: 25.4164, Train MAPE: 0.1681, Valid Loss: 16.9835, Valid RMSE: 26.9641, Valid MAPE: 0.1599, Train Time: 54.9618s/epoch, Valid Time: 35.8326s, LR: 1.0000e-06
2023-12-09 07:19:23,572 - Epoch: 045, Train Loss: 15.9119, Train RMSE: 25.3754, Train MAPE: 0.1679, Valid Loss: 16.9822, Valid RMSE: 26.9631, Valid MAPE: 0.1599, Train Time: 54.8462s/epoch, Valid Time: 36.1469s, LR: 1.0000e-06
2023-12-09 07:19:23,587 - Val loss decrease from 16.9826 to 16.9822
2023-12-09 07:20:54,400 - Epoch: 046, Train Loss: 15.9179, Train RMSE: 25.4063, Train MAPE: 0.1680, Valid Loss: 16.9817, Valid RMSE: 26.9621, Valid MAPE: 0.1599, Train Time: 54.9518s/epoch, Valid Time: 35.8608s, LR: 1.0000e-06
2023-12-09 07:20:54,415 - Val loss decrease from 16.9822 to 16.9817
2023-12-09 07:22:25,433 - Epoch: 047, Train Loss: 15.9179, Train RMSE: 25.4076, Train MAPE: 0.1685, Valid Loss: 16.9786, Valid RMSE: 26.9566, Valid MAPE: 0.1603, Train Time: 54.7835s/epoch, Valid Time: 36.2345s, LR: 1.0000e-06
2023-12-09 07:22:25,448 - Val loss decrease from 16.9817 to 16.9786
2023-12-09 07:23:56,154 - Epoch: 048, Train Loss: 15.9153, Train RMSE: 25.3781, Train MAPE: 0.1677, Valid Loss: 16.9790, Valid RMSE: 26.9566, Valid MAPE: 0.1599, Train Time: 54.9055s/epoch, Valid Time: 35.8006s, LR: 1.0000e-06
2023-12-09 07:25:27,392 - Epoch: 049, Train Loss: 15.9078, Train RMSE: 25.3847, Train MAPE: 0.1678, Valid Loss: 16.9788, Valid RMSE: 26.9552, Valid MAPE: 0.1599, Train Time: 55.2387s/epoch, Valid Time: 35.9993s, LR: 1.0000e-06
2023-12-09 07:26:56,506 - Epoch: 050, Train Loss: 15.8969, Train RMSE: 25.3461, Train MAPE: 0.1677, Valid Loss: 16.9768, Valid RMSE: 26.9536, Valid MAPE: 0.1600, Train Time: 55.0367s/epoch, Valid Time: 34.0768s, LR: 1.0000e-06
2023-12-09 07:26:56,526 - Val loss decrease from 16.9786 to 16.9768
2023-12-09 07:28:26,943 - Epoch: 051, Train Loss: 15.8843, Train RMSE: 25.3386, Train MAPE: 0.1684, Valid Loss: 16.9753, Valid RMSE: 26.9502, Valid MAPE: 0.1604, Train Time: 54.5275s/epoch, Valid Time: 35.8897s, LR: 1.0000e-06
2023-12-09 07:28:26,958 - Val loss decrease from 16.9768 to 16.9753
2023-12-09 07:29:57,688 - Epoch: 052, Train Loss: 15.9104, Train RMSE: 25.4006, Train MAPE: 0.1684, Valid Loss: 16.9747, Valid RMSE: 26.9483, Valid MAPE: 0.1606, Train Time: 54.8712s/epoch, Valid Time: 35.8585s, LR: 1.0000e-06
2023-12-09 07:29:57,703 - Val loss decrease from 16.9753 to 16.9747
2023-12-09 07:31:28,403 - Epoch: 053, Train Loss: 15.8710, Train RMSE: 25.3139, Train MAPE: 0.1686, Valid Loss: 16.9749, Valid RMSE: 26.9498, Valid MAPE: 0.1598, Train Time: 54.7269s/epoch, Valid Time: 35.9734s, LR: 1.0000e-06
2023-12-09 07:32:59,211 - Epoch: 054, Train Loss: 15.9304, Train RMSE: 25.4007, Train MAPE: 0.1669, Valid Loss: 16.9733, Valid RMSE: 26.9456, Valid MAPE: 0.1607, Train Time: 54.9488s/epoch, Valid Time: 35.8589s, LR: 1.0000e-06
2023-12-09 07:32:59,226 - Val loss decrease from 16.9747 to 16.9733
2023-12-09 07:34:29,657 - Epoch: 055, Train Loss: 15.8573, Train RMSE: 25.2905, Train MAPE: 0.1680, Valid Loss: 16.9720, Valid RMSE: 26.9427, Valid MAPE: 0.1610, Train Time: 54.5594s/epoch, Valid Time: 35.8710s, LR: 1.0000e-06
2023-12-09 07:34:29,671 - Val loss decrease from 16.9733 to 16.9720
2023-12-09 07:36:00,440 - Epoch: 056, Train Loss: 15.9094, Train RMSE: 25.3819, Train MAPE: 0.1674, Valid Loss: 16.9713, Valid RMSE: 26.9423, Valid MAPE: 0.1603, Train Time: 54.8930s/epoch, Valid Time: 35.8754s, LR: 1.0000e-06
2023-12-09 07:36:00,454 - Val loss decrease from 16.9720 to 16.9713
2023-12-09 07:37:30,941 - Epoch: 057, Train Loss: 15.9394, Train RMSE: 25.4300, Train MAPE: 0.1675, Valid Loss: 16.9709, Valid RMSE: 26.9441, Valid MAPE: 0.1601, Train Time: 54.6042s/epoch, Valid Time: 35.8820s, LR: 1.0000e-06
2023-12-09 07:37:30,955 - Val loss decrease from 16.9713 to 16.9709
2023-12-09 07:39:01,818 - Epoch: 058, Train Loss: 15.8826, Train RMSE: 25.3364, Train MAPE: 0.1676, Valid Loss: 16.9687, Valid RMSE: 26.9390, Valid MAPE: 0.1607, Train Time: 55.0062s/epoch, Valid Time: 35.8559s, LR: 1.0000e-06
2023-12-09 07:39:01,832 - Val loss decrease from 16.9709 to 16.9687
2023-12-09 07:40:32,150 - Epoch: 059, Train Loss: 15.8910, Train RMSE: 25.3628, Train MAPE: 0.1684, Valid Loss: 16.9694, Valid RMSE: 26.9410, Valid MAPE: 0.1595, Train Time: 54.4361s/epoch, Valid Time: 35.8812s, LR: 1.0000e-06
2023-12-09 07:42:02,715 - Epoch: 060, Train Loss: 15.8936, Train RMSE: 25.3483, Train MAPE: 0.1679, Valid Loss: 16.9702, Valid RMSE: 26.9432, Valid MAPE: 0.1593, Train Time: 54.6757s/epoch, Valid Time: 35.8894s, LR: 1.0000e-06
2023-12-09 07:43:33,373 - Epoch: 061, Train Loss: 15.8791, Train RMSE: 25.3015, Train MAPE: 0.1680, Valid Loss: 16.9689, Valid RMSE: 26.9417, Valid MAPE: 0.1594, Train Time: 54.7938s/epoch, Valid Time: 35.8634s, LR: 1.0000e-06
2023-12-09 07:45:03,966 - Epoch: 062, Train Loss: 15.9197, Train RMSE: 25.3849, Train MAPE: 0.1672, Valid Loss: 16.9661, Valid RMSE: 26.9354, Valid MAPE: 0.1600, Train Time: 54.6964s/epoch, Valid Time: 35.8964s, LR: 1.0000e-06
2023-12-09 07:45:03,981 - Val loss decrease from 16.9687 to 16.9661
2023-12-09 07:46:34,490 - Epoch: 063, Train Loss: 15.8776, Train RMSE: 25.3184, Train MAPE: 0.1675, Valid Loss: 16.9664, Valid RMSE: 26.9363, Valid MAPE: 0.1599, Train Time: 54.6587s/epoch, Valid Time: 35.8506s, LR: 1.0000e-06
2023-12-09 07:48:04,988 - Epoch: 064, Train Loss: 15.8767, Train RMSE: 25.3500, Train MAPE: 0.1682, Valid Loss: 16.9662, Valid RMSE: 26.9383, Valid MAPE: 0.1595, Train Time: 54.6180s/epoch, Valid Time: 35.8787s, LR: 1.0000e-06
2023-12-09 07:49:35,577 - Epoch: 065, Train Loss: 15.9155, Train RMSE: 25.3984, Train MAPE: 0.1676, Valid Loss: 16.9650, Valid RMSE: 26.9351, Valid MAPE: 0.1597, Train Time: 54.7830s/epoch, Valid Time: 35.8056s, LR: 1.0000e-06
2023-12-09 07:49:35,591 - Val loss decrease from 16.9661 to 16.9650
2023-12-09 07:51:05,959 - Epoch: 066, Train Loss: 15.8645, Train RMSE: 25.3085, Train MAPE: 0.1681, Valid Loss: 16.9628, Valid RMSE: 26.9312, Valid MAPE: 0.1600, Train Time: 54.5695s/epoch, Valid Time: 35.7983s, LR: 1.0000e-06
2023-12-09 07:51:05,974 - Val loss decrease from 16.9650 to 16.9628
2023-12-09 07:52:36,103 - Epoch: 067, Train Loss: 15.8574, Train RMSE: 25.2813, Train MAPE: 0.1675, Valid Loss: 16.9634, Valid RMSE: 26.9346, Valid MAPE: 0.1596, Train Time: 55.0187s/epoch, Valid Time: 35.1100s, LR: 1.0000e-06
2023-12-09 07:54:06,841 - Epoch: 068, Train Loss: 15.9014, Train RMSE: 25.3656, Train MAPE: 0.1676, Valid Loss: 16.9615, Valid RMSE: 26.9290, Valid MAPE: 0.1598, Train Time: 54.8560s/epoch, Valid Time: 35.8812s, LR: 1.0000e-06
2023-12-09 07:54:06,855 - Val loss decrease from 16.9628 to 16.9615
2023-12-09 07:55:37,821 - Epoch: 069, Train Loss: 15.8888, Train RMSE: 25.3570, Train MAPE: 0.1673, Valid Loss: 16.9632, Valid RMSE: 26.9329, Valid MAPE: 0.1596, Train Time: 54.9910s/epoch, Valid Time: 35.9748s, LR: 1.0000e-06
2023-12-09 07:57:08,801 - Epoch: 070, Train Loss: 15.8897, Train RMSE: 25.3659, Train MAPE: 0.1679, Valid Loss: 16.9597, Valid RMSE: 26.9248, Valid MAPE: 0.1609, Train Time: 55.0393s/epoch, Valid Time: 35.9401s, LR: 1.0000e-06
2023-12-09 07:57:08,815 - Val loss decrease from 16.9615 to 16.9597
2023-12-09 07:58:39,250 - Epoch: 071, Train Loss: 15.8806, Train RMSE: 25.3368, Train MAPE: 0.1682, Valid Loss: 16.9598, Valid RMSE: 26.9281, Valid MAPE: 0.1598, Train Time: 54.8015s/epoch, Valid Time: 35.6326s, LR: 1.0000e-06
2023-12-09 08:00:09,952 - Epoch: 072, Train Loss: 15.8676, Train RMSE: 25.3006, Train MAPE: 0.1675, Valid Loss: 16.9614, Valid RMSE: 26.9318, Valid MAPE: 0.1595, Train Time: 54.8714s/epoch, Valid Time: 35.8303s, LR: 1.0000e-06
2023-12-09 08:01:40,547 - Epoch: 073, Train Loss: 15.8451, Train RMSE: 25.2644, Train MAPE: 0.1675, Valid Loss: 16.9617, Valid RMSE: 26.9316, Valid MAPE: 0.1594, Train Time: 54.6497s/epoch, Valid Time: 35.9451s, LR: 1.0000e-06
2023-12-09 08:03:11,415 - Epoch: 074, Train Loss: 15.8978, Train RMSE: 25.3778, Train MAPE: 0.1675, Valid Loss: 16.9580, Valid RMSE: 26.9253, Valid MAPE: 0.1600, Train Time: 54.9649s/epoch, Valid Time: 35.9025s, LR: 1.0000e-06
2023-12-09 08:03:11,430 - Val loss decrease from 16.9597 to 16.9580
2023-12-09 08:04:42,013 - Epoch: 075, Train Loss: 15.9021, Train RMSE: 25.3658, Train MAPE: 0.1671, Valid Loss: 16.9569, Valid RMSE: 26.9191, Valid MAPE: 0.1607, Train Time: 55.0271s/epoch, Valid Time: 35.5556s, LR: 1.0000e-06
2023-12-09 08:04:42,027 - Val loss decrease from 16.9580 to 16.9569
2023-12-09 08:06:12,697 - Epoch: 076, Train Loss: 15.8583, Train RMSE: 25.2954, Train MAPE: 0.1674, Valid Loss: 16.9560, Valid RMSE: 26.9210, Valid MAPE: 0.1597, Train Time: 54.8701s/epoch, Valid Time: 35.7998s, LR: 1.0000e-06
2023-12-09 08:06:12,711 - Val loss decrease from 16.9569 to 16.9560
2023-12-09 08:07:43,306 - Epoch: 077, Train Loss: 15.8935, Train RMSE: 25.3549, Train MAPE: 0.1680, Valid Loss: 16.9558, Valid RMSE: 26.9208, Valid MAPE: 0.1602, Train Time: 54.6678s/epoch, Valid Time: 35.9259s, LR: 1.0000e-06
2023-12-09 08:07:43,320 - Val loss decrease from 16.9560 to 16.9558
2023-12-09 08:09:14,124 - Epoch: 078, Train Loss: 15.8598, Train RMSE: 25.3094, Train MAPE: 0.1675, Valid Loss: 16.9550, Valid RMSE: 26.9201, Valid MAPE: 0.1598, Train Time: 54.9022s/epoch, Valid Time: 35.9009s, LR: 1.0000e-06
2023-12-09 08:09:14,138 - Val loss decrease from 16.9558 to 16.9550
2023-12-09 08:10:44,510 - Epoch: 079, Train Loss: 15.8850, Train RMSE: 25.3474, Train MAPE: 0.1675, Valid Loss: 16.9532, Valid RMSE: 26.9160, Valid MAPE: 0.1602, Train Time: 54.7407s/epoch, Valid Time: 35.6308s, LR: 1.0000e-06
2023-12-09 08:10:44,524 - Val loss decrease from 16.9550 to 16.9532
2023-12-09 08:12:15,245 - Epoch: 080, Train Loss: 15.8757, Train RMSE: 25.2974, Train MAPE: 0.1673, Valid Loss: 16.9533, Valid RMSE: 26.9160, Valid MAPE: 0.1598, Train Time: 54.8650s/epoch, Valid Time: 35.8553s, LR: 1.0000e-06
2023-12-09 08:13:45,710 - Epoch: 081, Train Loss: 15.8732, Train RMSE: 25.3409, Train MAPE: 0.1675, Valid Loss: 16.9527, Valid RMSE: 26.9159, Valid MAPE: 0.1598, Train Time: 54.5827s/epoch, Valid Time: 35.8815s, LR: 1.0000e-06
2023-12-09 08:13:45,724 - Val loss decrease from 16.9532 to 16.9527
2023-12-09 08:15:16,371 - Epoch: 082, Train Loss: 15.8804, Train RMSE: 25.3375, Train MAPE: 0.1668, Valid Loss: 16.9524, Valid RMSE: 26.9173, Valid MAPE: 0.1595, Train Time: 54.7139s/epoch, Valid Time: 35.9321s, LR: 1.0000e-06
2023-12-09 08:15:16,385 - Val loss decrease from 16.9527 to 16.9524
2023-12-09 08:16:47,202 - Epoch: 083, Train Loss: 15.8971, Train RMSE: 25.3689, Train MAPE: 0.1671, Valid Loss: 16.9518, Valid RMSE: 26.9174, Valid MAPE: 0.1596, Train Time: 54.8448s/epoch, Valid Time: 35.9720s, LR: 1.0000e-06
2023-12-09 08:16:47,217 - Val loss decrease from 16.9524 to 16.9518
2023-12-09 08:18:17,857 - Epoch: 084, Train Loss: 15.9045, Train RMSE: 25.3881, Train MAPE: 0.1673, Valid Loss: 16.9504, Valid RMSE: 26.9129, Valid MAPE: 0.1597, Train Time: 54.6729s/epoch, Valid Time: 35.9673s, LR: 1.0000e-06
2023-12-09 08:18:17,872 - Val loss decrease from 16.9518 to 16.9504
2023-12-09 08:19:48,586 - Epoch: 085, Train Loss: 15.8558, Train RMSE: 25.2921, Train MAPE: 0.1675, Valid Loss: 16.9497, Valid RMSE: 26.9116, Valid MAPE: 0.1598, Train Time: 54.8440s/epoch, Valid Time: 35.8697s, LR: 1.0000e-06
2023-12-09 08:19:48,600 - Val loss decrease from 16.9504 to 16.9497
2023-12-09 08:21:19,132 - Epoch: 086, Train Loss: 15.8797, Train RMSE: 25.3177, Train MAPE: 0.1663, Valid Loss: 16.9497, Valid RMSE: 26.9123, Valid MAPE: 0.1601, Train Time: 54.6480s/epoch, Valid Time: 35.8831s, LR: 1.0000e-06
2023-12-09 08:22:50,006 - Epoch: 087, Train Loss: 15.8389, Train RMSE: 25.2482, Train MAPE: 0.1671, Valid Loss: 16.9483, Valid RMSE: 26.9088, Valid MAPE: 0.1602, Train Time: 54.7502s/epoch, Valid Time: 36.1236s, LR: 1.0000e-06
2023-12-09 08:22:50,020 - Val loss decrease from 16.9497 to 16.9483
2023-12-09 08:24:19,554 - Epoch: 088, Train Loss: 15.8460, Train RMSE: 25.2621, Train MAPE: 0.1674, Valid Loss: 16.9485, Valid RMSE: 26.9094, Valid MAPE: 0.1594, Train Time: 53.6746s/epoch, Valid Time: 35.8584s, LR: 1.0000e-06
2023-12-09 08:25:50,323 - Epoch: 089, Train Loss: 15.8621, Train RMSE: 25.3078, Train MAPE: 0.1667, Valid Loss: 16.9485, Valid RMSE: 26.9119, Valid MAPE: 0.1595, Train Time: 54.8918s/epoch, Valid Time: 35.8769s, LR: 1.0000e-06
2023-12-09 08:27:18,704 - Epoch: 090, Train Loss: 15.8601, Train RMSE: 25.3087, Train MAPE: 0.1675, Valid Loss: 16.9477, Valid RMSE: 26.9092, Valid MAPE: 0.1590, Train Time: 52.5598s/epoch, Valid Time: 35.8204s, LR: 1.0000e-06
2023-12-09 08:27:18,719 - Val loss decrease from 16.9483 to 16.9477
2023-12-09 08:28:49,669 - Epoch: 091, Train Loss: 15.9049, Train RMSE: 25.3570, Train MAPE: 0.1666, Valid Loss: 16.9458, Valid RMSE: 26.9063, Valid MAPE: 0.1595, Train Time: 54.9491s/epoch, Valid Time: 36.0009s, LR: 1.0000e-06
2023-12-09 08:28:49,683 - Val loss decrease from 16.9477 to 16.9458
2023-12-09 08:30:20,106 - Epoch: 092, Train Loss: 15.8548, Train RMSE: 25.2913, Train MAPE: 0.1672, Valid Loss: 16.9451, Valid RMSE: 26.9036, Valid MAPE: 0.1599, Train Time: 54.5311s/epoch, Valid Time: 35.8915s, LR: 1.0000e-06
2023-12-09 08:30:20,120 - Val loss decrease from 16.9458 to 16.9451
2023-12-09 08:31:50,613 - Epoch: 093, Train Loss: 15.8860, Train RMSE: 25.3386, Train MAPE: 0.1667, Valid Loss: 16.9462, Valid RMSE: 26.9062, Valid MAPE: 0.1589, Train Time: 54.6421s/epoch, Valid Time: 35.8500s, LR: 1.0000e-06
2023-12-09 08:33:21,528 - Epoch: 094, Train Loss: 15.8665, Train RMSE: 25.3270, Train MAPE: 0.1672, Valid Loss: 16.9428, Valid RMSE: 26.8995, Valid MAPE: 0.1600, Train Time: 54.9276s/epoch, Valid Time: 35.9869s, LR: 1.0000e-06
2023-12-09 08:33:21,543 - Val loss decrease from 16.9451 to 16.9428
2023-12-09 08:34:52,485 - Epoch: 095, Train Loss: 15.8426, Train RMSE: 25.2517, Train MAPE: 0.1666, Valid Loss: 16.9442, Valid RMSE: 26.9040, Valid MAPE: 0.1594, Train Time: 54.9664s/epoch, Valid Time: 35.9752s, LR: 1.0000e-06
2023-12-09 08:36:23,146 - Epoch: 096, Train Loss: 15.8296, Train RMSE: 25.2607, Train MAPE: 0.1672, Valid Loss: 16.9414, Valid RMSE: 26.8977, Valid MAPE: 0.1601, Train Time: 54.7746s/epoch, Valid Time: 35.8867s, LR: 1.0000e-06
2023-12-09 08:36:23,161 - Val loss decrease from 16.9428 to 16.9414
2023-12-09 08:37:53,630 - Epoch: 097, Train Loss: 15.8605, Train RMSE: 25.3065, Train MAPE: 0.1672, Valid Loss: 16.9416, Valid RMSE: 26.8966, Valid MAPE: 0.1597, Train Time: 54.6571s/epoch, Valid Time: 35.8111s, LR: 1.0000e-06
2023-12-09 08:39:23,969 - Epoch: 098, Train Loss: 15.8783, Train RMSE: 25.3498, Train MAPE: 0.1667, Valid Loss: 16.9413, Valid RMSE: 26.8981, Valid MAPE: 0.1595, Train Time: 54.6424s/epoch, Valid Time: 35.6967s, LR: 1.0000e-06
2023-12-09 08:39:23,983 - Val loss decrease from 16.9414 to 16.9413
2023-12-09 08:40:54,663 - Epoch: 099, Train Loss: 15.8445, Train RMSE: 25.2817, Train MAPE: 0.1671, Valid Loss: 16.9406, Valid RMSE: 26.8971, Valid MAPE: 0.1597, Train Time: 54.7618s/epoch, Valid Time: 35.9175s, LR: 1.0000e-06
2023-12-09 08:40:54,678 - Val loss decrease from 16.9413 to 16.9406
2023-12-09 08:42:24,994 - Epoch: 100, Train Loss: 15.8888, Train RMSE: 25.3473, Train MAPE: 0.1667, Valid Loss: 16.9420, Valid RMSE: 26.9002, Valid MAPE: 0.1590, Train Time: 54.4067s/epoch, Valid Time: 35.9090s, LR: 1.0000e-06
2023-12-09 08:43:00,466 - Horizon 1, Test MAE: 12.9635, Test RMSE: 21.8114, Test MAPE: 0.1374
2023-12-09 08:43:00,475 - Horizon 2, Test MAE: 13.8831, Test RMSE: 23.4811, Test MAPE: 0.1450
2023-12-09 08:43:00,484 - Horizon 3, Test MAE: 14.6664, Test RMSE: 24.7553, Test MAPE: 0.1509
2023-12-09 08:43:00,493 - Horizon 4, Test MAE: 15.3180, Test RMSE: 25.8463, Test MAPE: 0.1549
2023-12-09 08:43:00,502 - Horizon 5, Test MAE: 15.9210, Test RMSE: 26.7805, Test MAPE: 0.1594
2023-12-09 08:43:00,511 - Horizon 6, Test MAE: 16.5296, Test RMSE: 27.7794, Test MAPE: 0.1644
2023-12-09 08:43:00,519 - Horizon 7, Test MAE: 17.1645, Test RMSE: 28.7353, Test MAPE: 0.1704
2023-12-09 08:43:00,528 - Horizon 8, Test MAE: 17.7241, Test RMSE: 29.5593, Test MAPE: 0.1747
2023-12-09 08:43:00,537 - Horizon 9, Test MAE: 18.2387, Test RMSE: 30.3423, Test MAPE: 0.1777
2023-12-09 08:43:00,546 - Horizon 10, Test MAE: 18.7474, Test RMSE: 31.0829, Test MAPE: 0.1828
2023-12-09 08:43:00,555 - Horizon 11, Test MAE: 19.3127, Test RMSE: 31.8867, Test MAPE: 0.1906
2023-12-09 08:43:00,564 - Horizon 12, Test MAE: 19.9606, Test RMSE: 32.8409, Test MAPE: 0.1960
2023-12-09 08:43:00,564 - Average Test MAE: 16.7025, Test RMSE: 27.9085, Test MAPE: 0.1670
