2025-05-07 15:52:26,437 - Namespace(device='cuda:0', dataset='PEMS07', fewshot=100, eval_method='norm', years='2017', seed=2018, bs=32, seq_len=12, horizon=12, input_dim=3, output_dim=1, mode='train', max_epochs=100, patience=10, model_name='sttn', adj_type='doubletransition', blocks=2, mlp_expand=2, hid_dim=32, end_dim=512, lrate=0.001, wdecay=0.0001, dropout=0.1, clip_grad_value=5)
2025-05-07 15:52:26,438 - Adj path: /home/weichen/stg_project/LargeST/data/pems07/pems07_rn_adj.npy
2025-05-07 15:52:27,803 - Data shape: (28224, 883, 3)
2025-05-07 15:52:28,939 - Sample num: 16921, Batch num: 528
2025-05-07 15:52:30,067 - Sample num: 5640, Batch num: 176
2025-05-07 15:52:31,187 - Sample num: 5640, Batch num: 176
2025-05-07 15:52:31,966 - The arc of model:
STTN(
  (t_modules): ModuleList(
    (0-1): 2 x TemporalTransformer(
      (layers): ModuleList(
        (0): ModuleList(
          (0): TemporalAttention(
            (qkv): Linear(in_features=32, out_features=96, bias=False)
            (attn_drop): Dropout(p=0.1, inplace=False)
            (proj): Linear(in_features=32, out_features=32, bias=True)
            (proj_drop): Dropout(p=0.1, inplace=False)
          )
          (1): PreNorm(
            (norm): LayerNorm((32,), eps=1e-05, elementwise_affine=True)
            (fn): FeedForward(
              (net): Sequential(
                (0): Linear(in_features=32, out_features=64, bias=True)
                (1): GELU(approximate='none')
                (2): Dropout(p=0.1, inplace=False)
                (3): Linear(in_features=64, out_features=32, bias=True)
                (4): Dropout(p=0.1, inplace=False)
              )
            )
          )
        )
      )
    )
  )
  (s_modules): ModuleList(
    (0-1): 2 x SpatialTransformer(
      (layers): ModuleList(
        (0): ModuleList(
          (0): SpatialAttention(
            (qkv): Linear(in_features=32, out_features=96, bias=False)
            (attn_drop): Dropout(p=0.1, inplace=False)
            (proj): Linear(in_features=32, out_features=32, bias=True)
            (proj_drop): Dropout(p=0.1, inplace=False)
          )
          (1): PreNorm(
            (norm): LayerNorm((32,), eps=1e-05, elementwise_affine=True)
            (fn): FeedForward(
              (net): Sequential(
                (0): Linear(in_features=32, out_features=64, bias=True)
                (1): GELU(approximate='none')
                (2): Dropout(p=0.1, inplace=False)
                (3): Linear(in_features=64, out_features=32, bias=True)
                (4): Dropout(p=0.1, inplace=False)
              )
            )
          )
          (2): GCN(
            (nconv): nconv()
            (mlp): linear(
              (mlp): Conv2d(160, 32, kernel_size=(1, 1), stride=(1, 1))
            )
          )
        )
      )
    )
  )
  (bn): ModuleList(
    (0-1): 2 x BatchNorm2d(32, eps=1e-05, momentum=0.1, affine=True, track_running_stats=True)
  )
  (start_conv): Conv2d(3, 32, kernel_size=(1, 1), stride=(1, 1))
  (end_conv_1): Conv2d(32, 512, kernel_size=(1, 1), stride=(1, 1))
  (end_conv_2): Conv2d(512, 12, kernel_size=(1, 1), stride=(1, 1))
)
2025-05-07 15:52:31,966 - Number of total parameters: 124428, tunable parameters: 124428
2025-05-07 15:52:31,967 - The number of parameters: 124428
2025-05-07 15:52:31,967 - Start training!
2025-05-07 15:56:46,888 - Epoch: 001, Train Loss: 37.7991, Train RMSE: 53.3084, Train MAPE: 0.2741, Valid Loss: 27.2281, Valid RMSE: 41.5409, Valid MAPE: 0.1405, Train Time: 227.5491s/epoch, Valid Time: 27.3719s, LR: 1.0000e-03
2025-05-07 15:56:46,893 - Val loss decrease from inf to 27.2281
2025-05-07 16:01:01,400 - Epoch: 002, Train Loss: 28.9126, Train RMSE: 43.1251, Train MAPE: 0.1617, Valid Loss: 26.0389, Valid RMSE: 39.5557, Valid MAPE: 0.1269, Train Time: 227.4870s/epoch, Valid Time: 27.0195s, LR: 1.0000e-03
2025-05-07 16:01:01,405 - Val loss decrease from 27.2281 to 26.0389
2025-05-07 16:05:15,538 - Epoch: 003, Train Loss: 26.9547, Train RMSE: 40.5936, Train MAPE: 0.1444, Valid Loss: 25.1990, Valid RMSE: 38.1165, Valid MAPE: 0.1348, Train Time: 226.8983s/epoch, Valid Time: 27.2339s, LR: 1.0000e-03
2025-05-07 16:05:15,543 - Val loss decrease from 26.0389 to 25.1990
2025-05-07 16:09:29,343 - Epoch: 004, Train Loss: 25.9524, Train RMSE: 39.2556, Train MAPE: 0.1378, Valid Loss: 24.2273, Valid RMSE: 37.1633, Valid MAPE: 0.1162, Train Time: 226.8249s/epoch, Valid Time: 26.9750s, LR: 1.0000e-03
2025-05-07 16:09:29,349 - Val loss decrease from 25.1990 to 24.2273
2025-05-07 16:13:43,437 - Epoch: 005, Train Loss: 24.9967, Train RMSE: 38.0868, Train MAPE: 0.1281, Valid Loss: 23.2535, Valid RMSE: 36.1503, Valid MAPE: 0.1086, Train Time: 227.1406s/epoch, Valid Time: 26.9473s, LR: 1.0000e-03
2025-05-07 16:13:43,442 - Val loss decrease from 24.2273 to 23.2535
2025-05-07 16:17:57,600 - Epoch: 006, Train Loss: 24.2516, Train RMSE: 37.1769, Train MAPE: 0.1236, Valid Loss: 23.2822, Valid RMSE: 35.9441, Valid MAPE: 0.1182, Train Time: 227.2117s/epoch, Valid Time: 26.9460s, LR: 1.0000e-03
2025-05-07 16:22:11,628 - Epoch: 007, Train Loss: 23.8026, Train RMSE: 36.6229, Train MAPE: 0.1206, Valid Loss: 22.6015, Valid RMSE: 35.4229, Valid MAPE: 0.1092, Train Time: 227.0939s/epoch, Valid Time: 26.9338s, LR: 1.0000e-03
2025-05-07 16:22:11,633 - Val loss decrease from 23.2535 to 22.6015
2025-05-07 16:26:25,571 - Epoch: 008, Train Loss: 23.5583, Train RMSE: 36.3490, Train MAPE: 0.1193, Valid Loss: 23.7934, Valid RMSE: 36.3155, Valid MAPE: 0.1223, Train Time: 226.8898s/epoch, Valid Time: 27.0479s, LR: 1.0000e-03
2025-05-07 16:30:39,636 - Epoch: 009, Train Loss: 23.2935, Train RMSE: 36.0676, Train MAPE: 0.1178, Valid Loss: 22.5849, Valid RMSE: 35.3701, Valid MAPE: 0.1138, Train Time: 227.0722s/epoch, Valid Time: 26.9921s, LR: 1.0000e-03
2025-05-07 16:30:39,641 - Val loss decrease from 22.6015 to 22.5849
2025-05-07 16:34:55,030 - Epoch: 010, Train Loss: 23.1012, Train RMSE: 35.8300, Train MAPE: 0.1166, Valid Loss: 22.3757, Valid RMSE: 35.2069, Valid MAPE: 0.1106, Train Time: 227.9311s/epoch, Valid Time: 27.4574s, LR: 1.0000e-03
2025-05-07 16:34:55,036 - Val loss decrease from 22.5849 to 22.3757
2025-05-07 16:39:09,453 - Epoch: 011, Train Loss: 22.8531, Train RMSE: 35.5620, Train MAPE: 0.1145, Valid Loss: 22.2168, Valid RMSE: 35.0982, Valid MAPE: 0.1029, Train Time: 227.1490s/epoch, Valid Time: 27.2674s, LR: 1.0000e-03
2025-05-07 16:39:09,458 - Val loss decrease from 22.3757 to 22.2168
2025-05-07 16:43:26,215 - Epoch: 012, Train Loss: 22.7170, Train RMSE: 35.4606, Train MAPE: 0.1122, Valid Loss: 22.2760, Valid RMSE: 35.0498, Valid MAPE: 0.1129, Train Time: 229.2210s/epoch, Valid Time: 27.5352s, LR: 1.0000e-03
2025-05-07 16:47:42,753 - Epoch: 013, Train Loss: 22.5047, Train RMSE: 35.2134, Train MAPE: 0.1112, Valid Loss: 22.3319, Valid RMSE: 35.4377, Valid MAPE: 0.1007, Train Time: 229.0619s/epoch, Valid Time: 27.4760s, LR: 1.0000e-03
2025-05-07 16:51:57,458 - Epoch: 014, Train Loss: 22.4063, Train RMSE: 35.1012, Train MAPE: 0.1111, Valid Loss: 21.6305, Valid RMSE: 34.4562, Valid MAPE: 0.1047, Train Time: 227.7373s/epoch, Valid Time: 26.9672s, LR: 1.0000e-03
2025-05-07 16:51:57,463 - Val loss decrease from 22.2168 to 21.6305
2025-05-07 16:56:14,029 - Epoch: 015, Train Loss: 22.3386, Train RMSE: 35.0394, Train MAPE: 0.1101, Valid Loss: 21.6506, Valid RMSE: 34.4912, Valid MAPE: 0.0980, Train Time: 229.2007s/epoch, Valid Time: 27.3647s, LR: 1.0000e-03
2025-05-07 17:00:31,122 - Epoch: 016, Train Loss: 22.1652, Train RMSE: 34.8401, Train MAPE: 0.1094, Valid Loss: 21.4346, Valid RMSE: 34.3365, Valid MAPE: 0.0996, Train Time: 229.5347s/epoch, Valid Time: 27.5587s, LR: 1.0000e-03
2025-05-07 17:00:31,130 - Val loss decrease from 21.6305 to 21.4346
2025-05-07 17:04:48,065 - Epoch: 017, Train Loss: 22.0285, Train RMSE: 34.7224, Train MAPE: 0.1077, Valid Loss: 21.3912, Valid RMSE: 34.1878, Valid MAPE: 0.1000, Train Time: 229.4202s/epoch, Valid Time: 27.5149s, LR: 1.0000e-03
2025-05-07 17:04:48,071 - Val loss decrease from 21.4346 to 21.3912
2025-05-07 17:09:04,816 - Epoch: 018, Train Loss: 21.9503, Train RMSE: 34.6407, Train MAPE: 0.1070, Valid Loss: 21.3942, Valid RMSE: 34.1797, Valid MAPE: 0.0992, Train Time: 229.3270s/epoch, Valid Time: 27.4180s, LR: 1.0000e-03
2025-05-07 17:13:21,683 - Epoch: 019, Train Loss: 21.8626, Train RMSE: 34.5288, Train MAPE: 0.1072, Valid Loss: 21.2705, Valid RMSE: 34.0541, Valid MAPE: 0.1005, Train Time: 229.3139s/epoch, Valid Time: 27.5537s, LR: 1.0000e-03
2025-05-07 17:13:21,689 - Val loss decrease from 21.3912 to 21.2705
2025-05-07 17:17:38,394 - Epoch: 020, Train Loss: 21.7397, Train RMSE: 34.4161, Train MAPE: 0.1054, Valid Loss: 21.5590, Valid RMSE: 34.1805, Valid MAPE: 0.1211, Train Time: 229.3944s/epoch, Valid Time: 27.3102s, LR: 1.0000e-03
2025-05-07 17:21:53,515 - Epoch: 021, Train Loss: 21.7104, Train RMSE: 34.3720, Train MAPE: 0.1058, Valid Loss: 22.0191, Valid RMSE: 34.3989, Valid MAPE: 0.1200, Train Time: 227.9321s/epoch, Valid Time: 27.1884s, LR: 1.0000e-03
2025-05-07 17:26:08,669 - Epoch: 022, Train Loss: 21.5804, Train RMSE: 34.2421, Train MAPE: 0.1048, Valid Loss: 21.3496, Valid RMSE: 34.0512, Valid MAPE: 0.1004, Train Time: 227.8270s/epoch, Valid Time: 27.3265s, LR: 1.0000e-03
2025-05-07 17:30:23,557 - Epoch: 023, Train Loss: 21.5578, Train RMSE: 34.1880, Train MAPE: 0.1056, Valid Loss: 21.0800, Valid RMSE: 34.0261, Valid MAPE: 0.0986, Train Time: 227.6949s/epoch, Valid Time: 27.1935s, LR: 1.0000e-03
2025-05-07 17:30:23,563 - Val loss decrease from 21.2705 to 21.0800
2025-05-07 17:34:38,461 - Epoch: 024, Train Loss: 21.5497, Train RMSE: 34.1833, Train MAPE: 0.1053, Valid Loss: 21.1230, Valid RMSE: 34.1465, Valid MAPE: 0.0954, Train Time: 227.6213s/epoch, Valid Time: 27.2772s, LR: 1.0000e-03
2025-05-07 17:38:53,294 - Epoch: 025, Train Loss: 21.4527, Train RMSE: 34.0888, Train MAPE: 0.1043, Valid Loss: 20.8895, Valid RMSE: 33.7290, Valid MAPE: 0.0956, Train Time: 227.5453s/epoch, Valid Time: 27.2873s, LR: 1.0000e-03
2025-05-07 17:38:53,300 - Val loss decrease from 21.0800 to 20.8895
2025-05-07 17:43:08,286 - Epoch: 026, Train Loss: 21.3953, Train RMSE: 34.0395, Train MAPE: 0.1033, Valid Loss: 21.0774, Valid RMSE: 33.7857, Valid MAPE: 0.0962, Train Time: 227.6827s/epoch, Valid Time: 27.3035s, LR: 1.0000e-03
2025-05-07 17:47:23,124 - Epoch: 027, Train Loss: 21.3412, Train RMSE: 33.9896, Train MAPE: 0.1027, Valid Loss: 20.9471, Valid RMSE: 33.8409, Valid MAPE: 0.0972, Train Time: 227.5631s/epoch, Valid Time: 27.2750s, LR: 1.0000e-03
2025-05-07 17:51:38,069 - Epoch: 028, Train Loss: 21.2171, Train RMSE: 33.8516, Train MAPE: 0.1023, Valid Loss: 20.9209, Valid RMSE: 33.6620, Valid MAPE: 0.0993, Train Time: 227.5269s/epoch, Valid Time: 27.4174s, LR: 1.0000e-03
2025-05-07 17:55:52,826 - Epoch: 029, Train Loss: 21.1703, Train RMSE: 33.8116, Train MAPE: 0.1015, Valid Loss: 20.8372, Valid RMSE: 33.6868, Valid MAPE: 0.0952, Train Time: 227.5357s/epoch, Valid Time: 27.2218s, LR: 1.0000e-03
2025-05-07 17:55:52,832 - Val loss decrease from 20.8895 to 20.8372
2025-05-07 18:00:07,748 - Epoch: 030, Train Loss: 21.1630, Train RMSE: 33.7888, Train MAPE: 0.1018, Valid Loss: 20.7480, Valid RMSE: 33.5600, Valid MAPE: 0.0956, Train Time: 227.6977s/epoch, Valid Time: 27.2190s, LR: 1.0000e-03
2025-05-07 18:00:07,754 - Val loss decrease from 20.8372 to 20.7480
2025-05-07 18:04:22,516 - Epoch: 031, Train Loss: 21.1913, Train RMSE: 33.7990, Train MAPE: 0.1027, Valid Loss: 20.8508, Valid RMSE: 33.6796, Valid MAPE: 0.0993, Train Time: 227.6779s/epoch, Valid Time: 27.0841s, LR: 1.0000e-03
2025-05-07 18:08:37,790 - Epoch: 032, Train Loss: 21.1480, Train RMSE: 33.7521, Train MAPE: 0.1027, Valid Loss: 20.8181, Valid RMSE: 33.9266, Valid MAPE: 0.0946, Train Time: 227.8592s/epoch, Valid Time: 27.4146s, LR: 1.0000e-03
2025-05-07 18:12:53,006 - Epoch: 033, Train Loss: 21.0725, Train RMSE: 33.6814, Train MAPE: 0.1017, Valid Loss: 20.8018, Valid RMSE: 33.6785, Valid MAPE: 0.0943, Train Time: 227.8841s/epoch, Valid Time: 27.3314s, LR: 1.0000e-03
2025-05-07 18:17:08,521 - Epoch: 034, Train Loss: 21.0273, Train RMSE: 33.6525, Train MAPE: 0.1009, Valid Loss: 20.8744, Valid RMSE: 34.0511, Valid MAPE: 0.0935, Train Time: 228.1470s/epoch, Valid Time: 27.3678s, LR: 1.0000e-03
2025-05-07 18:21:23,940 - Epoch: 035, Train Loss: 20.9992, Train RMSE: 33.6089, Train MAPE: 0.1011, Valid Loss: 20.8123, Valid RMSE: 33.6477, Valid MAPE: 0.0959, Train Time: 228.1600s/epoch, Valid Time: 27.2591s, LR: 1.0000e-03
2025-05-07 18:25:39,315 - Epoch: 036, Train Loss: 20.9608, Train RMSE: 33.5821, Train MAPE: 0.1006, Valid Loss: 20.6763, Valid RMSE: 33.6694, Valid MAPE: 0.0949, Train Time: 228.0089s/epoch, Valid Time: 27.3649s, LR: 1.0000e-03
2025-05-07 18:25:39,320 - Val loss decrease from 20.7480 to 20.6763
2025-05-07 18:29:54,765 - Epoch: 037, Train Loss: 20.8783, Train RMSE: 33.5134, Train MAPE: 0.0991, Valid Loss: 20.7426, Valid RMSE: 33.7105, Valid MAPE: 0.0967, Train Time: 228.0655s/epoch, Valid Time: 27.3787s, LR: 1.0000e-03
2025-05-07 18:34:10,064 - Epoch: 038, Train Loss: 20.8909, Train RMSE: 33.4944, Train MAPE: 0.1003, Valid Loss: 20.6071, Valid RMSE: 33.4486, Valid MAPE: 0.0930, Train Time: 228.0496s/epoch, Valid Time: 27.2495s, LR: 1.0000e-03
2025-05-07 18:34:10,069 - Val loss decrease from 20.6763 to 20.6071
2025-05-07 18:38:25,360 - Epoch: 039, Train Loss: 20.8279, Train RMSE: 33.4323, Train MAPE: 0.0995, Valid Loss: 20.7071, Valid RMSE: 33.7265, Valid MAPE: 0.0944, Train Time: 227.9271s/epoch, Valid Time: 27.3634s, LR: 1.0000e-03
2025-05-07 18:42:40,544 - Epoch: 040, Train Loss: 20.7927, Train RMSE: 33.4280, Train MAPE: 0.0987, Valid Loss: 21.0420, Valid RMSE: 33.7518, Valid MAPE: 0.0991, Train Time: 227.7122s/epoch, Valid Time: 27.4721s, LR: 1.0000e-03
2025-05-07 18:46:55,796 - Epoch: 041, Train Loss: 20.8422, Train RMSE: 33.4451, Train MAPE: 0.0999, Valid Loss: 20.6560, Valid RMSE: 33.3867, Valid MAPE: 0.0979, Train Time: 227.9152s/epoch, Valid Time: 27.3362s, LR: 1.0000e-03
2025-05-07 18:51:10,733 - Epoch: 042, Train Loss: 20.7336, Train RMSE: 33.3628, Train MAPE: 0.0980, Valid Loss: 20.5292, Valid RMSE: 33.4275, Valid MAPE: 0.0968, Train Time: 227.6392s/epoch, Valid Time: 27.2971s, LR: 1.0000e-03
2025-05-07 18:51:10,738 - Val loss decrease from 20.6071 to 20.5292
2025-05-07 18:55:25,937 - Epoch: 043, Train Loss: 20.7496, Train RMSE: 33.3527, Train MAPE: 0.0989, Valid Loss: 20.6354, Valid RMSE: 33.5144, Valid MAPE: 0.0956, Train Time: 227.8426s/epoch, Valid Time: 27.3557s, LR: 1.0000e-03
2025-05-07 18:59:40,842 - Epoch: 044, Train Loss: 20.7411, Train RMSE: 33.3434, Train MAPE: 0.0990, Valid Loss: 20.4947, Valid RMSE: 33.4170, Valid MAPE: 0.0920, Train Time: 227.6481s/epoch, Valid Time: 27.2566s, LR: 1.0000e-03
2025-05-07 18:59:40,847 - Val loss decrease from 20.5292 to 20.4947
2025-05-07 19:03:55,967 - Epoch: 045, Train Loss: 20.7128, Train RMSE: 33.3162, Train MAPE: 0.0986, Valid Loss: 20.8539, Valid RMSE: 33.6984, Valid MAPE: 0.0984, Train Time: 227.8158s/epoch, Valid Time: 27.3035s, LR: 1.0000e-03
2025-05-07 19:08:10,984 - Epoch: 046, Train Loss: 20.6482, Train RMSE: 33.2602, Train MAPE: 0.0979, Valid Loss: 20.6112, Valid RMSE: 33.5121, Valid MAPE: 0.0976, Train Time: 227.6872s/epoch, Valid Time: 27.3291s, LR: 1.0000e-03
2025-05-07 19:12:25,997 - Epoch: 047, Train Loss: 20.5992, Train RMSE: 33.2057, Train MAPE: 0.0976, Valid Loss: 21.1508, Valid RMSE: 33.7829, Valid MAPE: 0.1035, Train Time: 227.7065s/epoch, Valid Time: 27.3068s, LR: 1.0000e-03
2025-05-07 19:16:41,030 - Epoch: 048, Train Loss: 20.6320, Train RMSE: 33.2256, Train MAPE: 0.0979, Valid Loss: 20.3883, Valid RMSE: 33.3194, Valid MAPE: 0.0914, Train Time: 227.6360s/epoch, Valid Time: 27.3972s, LR: 1.0000e-03
2025-05-07 19:16:41,036 - Val loss decrease from 20.4947 to 20.3883
2025-05-07 19:20:56,000 - Epoch: 049, Train Loss: 20.5697, Train RMSE: 33.1827, Train MAPE: 0.0972, Valid Loss: 20.5384, Valid RMSE: 33.4164, Valid MAPE: 0.0908, Train Time: 227.6850s/epoch, Valid Time: 27.2789s, LR: 1.0000e-03
2025-05-07 19:25:11,730 - Epoch: 050, Train Loss: 20.5497, Train RMSE: 33.1524, Train MAPE: 0.0971, Valid Loss: 20.4988, Valid RMSE: 33.3668, Valid MAPE: 0.0946, Train Time: 228.3562s/epoch, Valid Time: 27.3739s, LR: 1.0000e-03
2025-05-07 19:29:28,170 - Epoch: 051, Train Loss: 20.5209, Train RMSE: 33.1349, Train MAPE: 0.0966, Valid Loss: 20.5522, Valid RMSE: 33.3781, Valid MAPE: 0.0981, Train Time: 228.9769s/epoch, Valid Time: 27.4626s, LR: 1.0000e-03
2025-05-07 19:33:44,593 - Epoch: 052, Train Loss: 20.5249, Train RMSE: 33.1319, Train MAPE: 0.0968, Valid Loss: 20.4146, Valid RMSE: 33.2804, Valid MAPE: 0.0973, Train Time: 229.1488s/epoch, Valid Time: 27.2740s, LR: 1.0000e-03
2025-05-07 19:38:01,281 - Epoch: 053, Train Loss: 20.4821, Train RMSE: 33.0837, Train MAPE: 0.0965, Valid Loss: 20.5810, Valid RMSE: 33.3436, Valid MAPE: 0.0995, Train Time: 229.1836s/epoch, Valid Time: 27.5042s, LR: 1.0000e-03
2025-05-07 19:42:17,895 - Epoch: 054, Train Loss: 20.4762, Train RMSE: 33.0756, Train MAPE: 0.0966, Valid Loss: 20.4646, Valid RMSE: 33.2927, Valid MAPE: 0.0939, Train Time: 229.2533s/epoch, Valid Time: 27.3601s, LR: 1.0000e-03
2025-05-07 19:46:34,748 - Epoch: 055, Train Loss: 20.4436, Train RMSE: 33.0544, Train MAPE: 0.0962, Valid Loss: 20.4337, Valid RMSE: 33.1970, Valid MAPE: 0.0966, Train Time: 229.3069s/epoch, Valid Time: 27.5464s, LR: 1.0000e-03
2025-05-07 19:50:49,706 - Epoch: 056, Train Loss: 20.4371, Train RMSE: 33.0359, Train MAPE: 0.0962, Valid Loss: 20.4662, Valid RMSE: 33.4162, Valid MAPE: 0.0917, Train Time: 227.8760s/epoch, Valid Time: 27.0817s, LR: 1.0000e-03
2025-05-07 19:55:04,772 - Epoch: 057, Train Loss: 20.4090, Train RMSE: 33.0189, Train MAPE: 0.0956, Valid Loss: 20.4224, Valid RMSE: 33.3402, Valid MAPE: 0.0925, Train Time: 227.8691s/epoch, Valid Time: 27.1966s, LR: 1.0000e-03
2025-05-07 19:59:19,654 - Epoch: 058, Train Loss: 20.3785, Train RMSE: 32.9972, Train MAPE: 0.0953, Valid Loss: 20.4574, Valid RMSE: 33.2377, Valid MAPE: 0.0963, Train Time: 227.6455s/epoch, Valid Time: 27.2354s, LR: 1.0000e-03
2025-05-07 19:59:19,654 - Early stop at epoch 58, loss = 20.388268
2025-05-07 19:59:44,653 - --------------------------------------------------Norm Test Time Results:--------------------------------------------------
2025-05-07 19:59:44,697 - Horizon 1, Test MAE: 17.4836, Test RMSE: 27.7057, Test MAPE: 0.0753
2025-05-07 19:59:44,738 - Horizon 2, Test MAE: 18.8048, Test RMSE: 29.9794, Test MAPE: 0.0801
2025-05-07 19:59:44,779 - Horizon 3, Test MAE: 19.6767, Test RMSE: 31.4409, Test MAPE: 0.0840
2025-05-07 19:59:44,820 - Horizon 4, Test MAE: 20.3049, Test RMSE: 32.4632, Test MAPE: 0.0868
2025-05-07 19:59:44,861 - Horizon 5, Test MAE: 20.8217, Test RMSE: 33.4211, Test MAPE: 0.0893
2025-05-07 19:59:44,902 - Horizon 6, Test MAE: 21.4045, Test RMSE: 34.4053, Test MAPE: 0.0906
2025-05-07 19:59:44,943 - Horizon 7, Test MAE: 22.0785, Test RMSE: 35.4363, Test MAPE: 0.0937
2025-05-07 19:59:44,982 - Horizon 8, Test MAE: 22.5371, Test RMSE: 36.1913, Test MAPE: 0.0946
2025-05-07 19:59:45,019 - Horizon 9, Test MAE: 22.9648, Test RMSE: 36.7685, Test MAPE: 0.0970
2025-05-07 19:59:45,055 - Horizon 10, Test MAE: 23.4414, Test RMSE: 37.3999, Test MAPE: 0.0996
2025-05-07 19:59:45,091 - Horizon 11, Test MAE: 23.9344, Test RMSE: 38.0953, Test MAPE: 0.1016
2025-05-07 19:59:45,128 - Horizon 12, Test MAE: 24.4481, Test RMSE: 38.8393, Test MAPE: 0.1040
2025-05-07 19:59:45,129 - Average Test MAE: 21.4917, Test RMSE: 34.3455, Test MAPE: 0.0914
2025-05-07 19:59:45,129 - Norm Test Time: 24.8566s
