2025-05-07 18:02:24,674 - Namespace(device='cuda:2', dataset='PEMS07', fewshot=100, eval_method='norm', years='2017', seed=2019, bs=32, seq_len=12, horizon=12, input_dim=3, output_dim=1, mode='train', max_epochs=100, patience=10, model_name='sttn', adj_type='doubletransition', blocks=2, mlp_expand=2, hid_dim=32, end_dim=512, lrate=0.001, wdecay=0.0001, dropout=0.1, clip_grad_value=5)
2025-05-07 18:02:24,675 - Adj path: /home/weichen/stg_project/LargeST/data/pems07/pems07_rn_adj.npy
2025-05-07 18:02:26,026 - Data shape: (28224, 883, 3)
2025-05-07 18:02:27,147 - Sample num: 16921, Batch num: 528
2025-05-07 18:02:28,268 - Sample num: 5640, Batch num: 176
2025-05-07 18:02:29,391 - Sample num: 5640, Batch num: 176
2025-05-07 18:02:30,197 - The arc of model:
STTN(
  (t_modules): ModuleList(
    (0-1): 2 x TemporalTransformer(
      (layers): ModuleList(
        (0): ModuleList(
          (0): TemporalAttention(
            (qkv): Linear(in_features=32, out_features=96, bias=False)
            (attn_drop): Dropout(p=0.1, inplace=False)
            (proj): Linear(in_features=32, out_features=32, bias=True)
            (proj_drop): Dropout(p=0.1, inplace=False)
          )
          (1): PreNorm(
            (norm): LayerNorm((32,), eps=1e-05, elementwise_affine=True)
            (fn): FeedForward(
              (net): Sequential(
                (0): Linear(in_features=32, out_features=64, bias=True)
                (1): GELU(approximate='none')
                (2): Dropout(p=0.1, inplace=False)
                (3): Linear(in_features=64, out_features=32, bias=True)
                (4): Dropout(p=0.1, inplace=False)
              )
            )
          )
        )
      )
    )
  )
  (s_modules): ModuleList(
    (0-1): 2 x SpatialTransformer(
      (layers): ModuleList(
        (0): ModuleList(
          (0): SpatialAttention(
            (qkv): Linear(in_features=32, out_features=96, bias=False)
            (attn_drop): Dropout(p=0.1, inplace=False)
            (proj): Linear(in_features=32, out_features=32, bias=True)
            (proj_drop): Dropout(p=0.1, inplace=False)
          )
          (1): PreNorm(
            (norm): LayerNorm((32,), eps=1e-05, elementwise_affine=True)
            (fn): FeedForward(
              (net): Sequential(
                (0): Linear(in_features=32, out_features=64, bias=True)
                (1): GELU(approximate='none')
                (2): Dropout(p=0.1, inplace=False)
                (3): Linear(in_features=64, out_features=32, bias=True)
                (4): Dropout(p=0.1, inplace=False)
              )
            )
          )
          (2): GCN(
            (nconv): nconv()
            (mlp): linear(
              (mlp): Conv2d(160, 32, kernel_size=(1, 1), stride=(1, 1))
            )
          )
        )
      )
    )
  )
  (bn): ModuleList(
    (0-1): 2 x BatchNorm2d(32, eps=1e-05, momentum=0.1, affine=True, track_running_stats=True)
  )
  (start_conv): Conv2d(3, 32, kernel_size=(1, 1), stride=(1, 1))
  (end_conv_1): Conv2d(32, 512, kernel_size=(1, 1), stride=(1, 1))
  (end_conv_2): Conv2d(512, 12, kernel_size=(1, 1), stride=(1, 1))
)
2025-05-07 18:02:30,198 - Number of total parameters: 124428, tunable parameters: 124428
2025-05-07 18:02:30,198 - The number of parameters: 124428
2025-05-07 18:02:30,198 - Start training!
2025-05-07 18:06:44,838 - Epoch: 001, Train Loss: 36.9335, Train RMSE: 52.5282, Train MAPE: 0.2641, Valid Loss: 27.5749, Valid RMSE: 41.7611, Valid MAPE: 0.1451, Train Time: 227.2041s/epoch, Valid Time: 27.4354s, LR: 1.0000e-03
2025-05-07 18:06:44,847 - Val loss decrease from inf to 27.5749
2025-05-07 18:10:58,764 - Epoch: 002, Train Loss: 28.8063, Train RMSE: 42.9918, Train MAPE: 0.1600, Valid Loss: 25.5906, Valid RMSE: 39.1613, Valid MAPE: 0.1276, Train Time: 226.6025s/epoch, Valid Time: 27.3145s, LR: 1.0000e-03
2025-05-07 18:10:58,770 - Val loss decrease from 27.5749 to 25.5906
2025-05-07 18:15:12,832 - Epoch: 003, Train Loss: 26.9621, Train RMSE: 40.6491, Train MAPE: 0.1419, Valid Loss: 25.0675, Valid RMSE: 38.3390, Valid MAPE: 0.1233, Train Time: 226.7456s/epoch, Valid Time: 27.3160s, LR: 1.0000e-03
2025-05-07 18:15:12,837 - Val loss decrease from 25.5906 to 25.0675
2025-05-07 18:19:26,840 - Epoch: 004, Train Loss: 25.9688, Train RMSE: 39.2980, Train MAPE: 0.1357, Valid Loss: 24.6479, Valid RMSE: 37.6027, Valid MAPE: 0.1188, Train Time: 226.6128s/epoch, Valid Time: 27.3895s, LR: 1.0000e-03
2025-05-07 18:19:26,845 - Val loss decrease from 25.0675 to 24.6479
2025-05-07 18:23:40,999 - Epoch: 005, Train Loss: 25.0395, Train RMSE: 38.1400, Train MAPE: 0.1281, Valid Loss: 23.6202, Valid RMSE: 36.6735, Valid MAPE: 0.1128, Train Time: 226.7647s/epoch, Valid Time: 27.3883s, LR: 1.0000e-03
2025-05-07 18:23:41,004 - Val loss decrease from 24.6479 to 23.6202
2025-05-07 18:27:55,046 - Epoch: 006, Train Loss: 24.3696, Train RMSE: 37.3153, Train MAPE: 0.1236, Valid Loss: 23.4273, Valid RMSE: 36.1895, Valid MAPE: 0.1238, Train Time: 226.7276s/epoch, Valid Time: 27.3142s, LR: 1.0000e-03
2025-05-07 18:27:55,052 - Val loss decrease from 23.6202 to 23.4273
2025-05-07 18:32:09,102 - Epoch: 007, Train Loss: 23.9480, Train RMSE: 36.7763, Train MAPE: 0.1217, Valid Loss: 23.8369, Valid RMSE: 37.3080, Valid MAPE: 0.1101, Train Time: 226.6768s/epoch, Valid Time: 27.3730s, LR: 1.0000e-03
2025-05-07 18:36:22,486 - Epoch: 008, Train Loss: 23.6402, Train RMSE: 36.4162, Train MAPE: 0.1194, Valid Loss: 23.8576, Valid RMSE: 36.4012, Valid MAPE: 0.1100, Train Time: 226.0513s/epoch, Valid Time: 27.3329s, LR: 1.0000e-03
2025-05-07 18:40:44,675 - Epoch: 009, Train Loss: 23.3110, Train RMSE: 36.0756, Train MAPE: 0.1161, Valid Loss: 22.5238, Valid RMSE: 35.4170, Valid MAPE: 0.1042, Train Time: 234.8123s/epoch, Valid Time: 27.3767s, LR: 1.0000e-03
2025-05-07 18:40:44,681 - Val loss decrease from 23.4273 to 22.5238
2025-05-07 18:45:01,132 - Epoch: 010, Train Loss: 23.0906, Train RMSE: 35.8252, Train MAPE: 0.1148, Valid Loss: 22.1334, Valid RMSE: 34.9334, Valid MAPE: 0.1064, Train Time: 229.1270s/epoch, Valid Time: 27.3237s, LR: 1.0000e-03
2025-05-07 18:45:01,137 - Val loss decrease from 22.5238 to 22.1334
2025-05-07 18:49:14,829 - Epoch: 011, Train Loss: 22.7989, Train RMSE: 35.5266, Train MAPE: 0.1120, Valid Loss: 22.2830, Valid RMSE: 35.2394, Valid MAPE: 0.1020, Train Time: 226.3304s/epoch, Valid Time: 27.3613s, LR: 1.0000e-03
2025-05-07 18:53:28,333 - Epoch: 012, Train Loss: 22.7340, Train RMSE: 35.4230, Train MAPE: 0.1129, Valid Loss: 22.2283, Valid RMSE: 35.1545, Valid MAPE: 0.1027, Train Time: 226.2177s/epoch, Valid Time: 27.2866s, LR: 1.0000e-03
2025-05-07 18:57:41,605 - Epoch: 013, Train Loss: 22.5640, Train RMSE: 35.2533, Train MAPE: 0.1104, Valid Loss: 21.9619, Valid RMSE: 34.9567, Valid MAPE: 0.1016, Train Time: 225.9399s/epoch, Valid Time: 27.3313s, LR: 1.0000e-03
2025-05-07 18:57:41,610 - Val loss decrease from 22.1334 to 21.9619
2025-05-07 19:01:55,292 - Epoch: 014, Train Loss: 22.4865, Train RMSE: 35.1470, Train MAPE: 0.1114, Valid Loss: 22.2162, Valid RMSE: 35.1097, Valid MAPE: 0.1062, Train Time: 226.2446s/epoch, Valid Time: 27.4372s, LR: 1.0000e-03
2025-05-07 19:06:08,893 - Epoch: 015, Train Loss: 22.3311, Train RMSE: 35.0164, Train MAPE: 0.1092, Valid Loss: 21.8462, Valid RMSE: 34.5790, Valid MAPE: 0.1043, Train Time: 226.2627s/epoch, Valid Time: 27.3373s, LR: 1.0000e-03
2025-05-07 19:06:08,898 - Val loss decrease from 21.9619 to 21.8462
2025-05-07 19:10:22,372 - Epoch: 016, Train Loss: 22.1530, Train RMSE: 34.8270, Train MAPE: 0.1079, Valid Loss: 22.1260, Valid RMSE: 34.9306, Valid MAPE: 0.1063, Train Time: 226.1410s/epoch, Valid Time: 27.3330s, LR: 1.0000e-03
2025-05-07 19:14:35,387 - Epoch: 017, Train Loss: 22.0321, Train RMSE: 34.7183, Train MAPE: 0.1063, Valid Loss: 21.8152, Valid RMSE: 34.5583, Valid MAPE: 0.1007, Train Time: 225.7729s/epoch, Valid Time: 27.2412s, LR: 1.0000e-03
2025-05-07 19:14:35,392 - Val loss decrease from 21.8462 to 21.8152
2025-05-07 19:18:48,572 - Epoch: 018, Train Loss: 22.0253, Train RMSE: 34.6757, Train MAPE: 0.1075, Valid Loss: 21.4384, Valid RMSE: 34.4533, Valid MAPE: 0.0965, Train Time: 225.9287s/epoch, Valid Time: 27.2514s, LR: 1.0000e-03
2025-05-07 19:18:48,578 - Val loss decrease from 21.8152 to 21.4384
2025-05-07 19:23:02,217 - Epoch: 019, Train Loss: 21.9543, Train RMSE: 34.5929, Train MAPE: 0.1073, Valid Loss: 21.7533, Valid RMSE: 34.4517, Valid MAPE: 0.1048, Train Time: 226.3096s/epoch, Valid Time: 27.3292s, LR: 1.0000e-03
2025-05-07 19:27:15,726 - Epoch: 020, Train Loss: 21.8500, Train RMSE: 34.4945, Train MAPE: 0.1063, Valid Loss: 21.5413, Valid RMSE: 34.3239, Valid MAPE: 0.1019, Train Time: 226.1146s/epoch, Valid Time: 27.3942s, LR: 1.0000e-03
2025-05-07 19:31:29,228 - Epoch: 021, Train Loss: 21.7144, Train RMSE: 34.3677, Train MAPE: 0.1047, Valid Loss: 21.3263, Valid RMSE: 34.0652, Valid MAPE: 0.0953, Train Time: 226.1831s/epoch, Valid Time: 27.3190s, LR: 1.0000e-03
2025-05-07 19:31:29,234 - Val loss decrease from 21.4384 to 21.3263
2025-05-07 19:35:42,734 - Epoch: 022, Train Loss: 21.6309, Train RMSE: 34.2895, Train MAPE: 0.1039, Valid Loss: 21.4107, Valid RMSE: 34.1333, Valid MAPE: 0.1051, Train Time: 226.1692s/epoch, Valid Time: 27.3309s, LR: 1.0000e-03
2025-05-07 19:39:56,200 - Epoch: 023, Train Loss: 21.5941, Train RMSE: 34.2220, Train MAPE: 0.1044, Valid Loss: 21.3979, Valid RMSE: 34.2199, Valid MAPE: 0.1022, Train Time: 226.2091s/epoch, Valid Time: 27.2572s, LR: 1.0000e-03
2025-05-07 19:44:09,605 - Epoch: 024, Train Loss: 21.5825, Train RMSE: 34.2069, Train MAPE: 0.1046, Valid Loss: 21.5960, Valid RMSE: 34.3610, Valid MAPE: 0.1096, Train Time: 226.1828s/epoch, Valid Time: 27.2219s, LR: 1.0000e-03
2025-05-07 19:48:23,295 - Epoch: 025, Train Loss: 21.5446, Train RMSE: 34.1552, Train MAPE: 0.1048, Valid Loss: 21.2595, Valid RMSE: 34.2298, Valid MAPE: 0.0945, Train Time: 226.3593s/epoch, Valid Time: 27.3302s, LR: 1.0000e-03
2025-05-07 19:48:23,302 - Val loss decrease from 21.3263 to 21.2595
2025-05-07 19:52:36,794 - Epoch: 026, Train Loss: 21.4181, Train RMSE: 34.0677, Train MAPE: 0.1021, Valid Loss: 21.5333, Valid RMSE: 34.2792, Valid MAPE: 0.0989, Train Time: 226.2195s/epoch, Valid Time: 27.2723s, LR: 1.0000e-03
2025-05-07 19:56:49,847 - Epoch: 027, Train Loss: 21.4094, Train RMSE: 34.0149, Train MAPE: 0.1038, Valid Loss: 21.0934, Valid RMSE: 34.0201, Valid MAPE: 0.0973, Train Time: 225.9447s/epoch, Valid Time: 27.1080s, LR: 1.0000e-03
2025-05-07 19:56:49,852 - Val loss decrease from 21.2595 to 21.0934
2025-05-07 20:01:03,367 - Epoch: 028, Train Loss: 21.4175, Train RMSE: 34.0453, Train MAPE: 0.1028, Valid Loss: 21.2411, Valid RMSE: 34.0180, Valid MAPE: 0.1006, Train Time: 226.2549s/epoch, Valid Time: 27.2602s, LR: 1.0000e-03
2025-05-07 20:05:16,190 - Epoch: 029, Train Loss: 21.2996, Train RMSE: 33.9265, Train MAPE: 0.1019, Valid Loss: 21.2444, Valid RMSE: 34.0504, Valid MAPE: 0.1018, Train Time: 225.6923s/epoch, Valid Time: 27.1300s, LR: 1.0000e-03
2025-05-07 20:09:29,029 - Epoch: 030, Train Loss: 21.2486, Train RMSE: 33.8733, Train MAPE: 0.1015, Valid Loss: 21.1094, Valid RMSE: 34.0037, Valid MAPE: 0.0979, Train Time: 225.7852s/epoch, Valid Time: 27.0533s, LR: 1.0000e-03
2025-05-07 20:13:42,120 - Epoch: 031, Train Loss: 21.1819, Train RMSE: 33.8087, Train MAPE: 0.1012, Valid Loss: 20.9073, Valid RMSE: 33.8635, Valid MAPE: 0.0925, Train Time: 225.7672s/epoch, Valid Time: 27.3238s, LR: 1.0000e-03
2025-05-07 20:13:42,127 - Val loss decrease from 21.0934 to 20.9073
2025-05-07 20:17:54,826 - Epoch: 032, Train Loss: 21.1897, Train RMSE: 33.8119, Train MAPE: 0.1013, Valid Loss: 21.6180, Valid RMSE: 34.2291, Valid MAPE: 0.1008, Train Time: 225.6237s/epoch, Valid Time: 27.0759s, LR: 1.0000e-03
2025-05-07 20:22:07,854 - Epoch: 033, Train Loss: 21.0942, Train RMSE: 33.7316, Train MAPE: 0.1002, Valid Loss: 20.9949, Valid RMSE: 33.9436, Valid MAPE: 0.0958, Train Time: 225.8800s/epoch, Valid Time: 27.1480s, LR: 1.0000e-03
2025-05-07 20:26:20,865 - Epoch: 034, Train Loss: 21.0600, Train RMSE: 33.6784, Train MAPE: 0.1004, Valid Loss: 20.9692, Valid RMSE: 33.8035, Valid MAPE: 0.0986, Train Time: 225.8354s/epoch, Valid Time: 27.1751s, LR: 1.0000e-03
2025-05-07 20:30:33,977 - Epoch: 035, Train Loss: 21.0358, Train RMSE: 33.6584, Train MAPE: 0.1001, Valid Loss: 21.3500, Valid RMSE: 34.3826, Valid MAPE: 0.0974, Train Time: 226.0015s/epoch, Valid Time: 27.1103s, LR: 1.0000e-03
2025-05-07 20:34:47,019 - Epoch: 036, Train Loss: 20.9872, Train RMSE: 33.6171, Train MAPE: 0.0992, Valid Loss: 20.8581, Valid RMSE: 33.7384, Valid MAPE: 0.0949, Train Time: 225.8839s/epoch, Valid Time: 27.1574s, LR: 1.0000e-03
2025-05-07 20:34:47,024 - Val loss decrease from 20.9073 to 20.8581
2025-05-07 20:38:59,787 - Epoch: 037, Train Loss: 20.9241, Train RMSE: 33.5481, Train MAPE: 0.0991, Valid Loss: 20.6877, Valid RMSE: 33.6498, Valid MAPE: 0.0933, Train Time: 225.6401s/epoch, Valid Time: 27.1231s, LR: 1.0000e-03
2025-05-07 20:38:59,793 - Val loss decrease from 20.8581 to 20.6877
2025-05-07 20:43:12,603 - Epoch: 038, Train Loss: 20.9217, Train RMSE: 33.5463, Train MAPE: 0.0993, Valid Loss: 20.7854, Valid RMSE: 33.6041, Valid MAPE: 0.0965, Train Time: 225.8282s/epoch, Valid Time: 26.9816s, LR: 1.0000e-03
2025-05-07 20:47:25,774 - Epoch: 039, Train Loss: 20.9258, Train RMSE: 33.5315, Train MAPE: 0.0996, Valid Loss: 21.1651, Valid RMSE: 34.1085, Valid MAPE: 0.0983, Train Time: 226.0324s/epoch, Valid Time: 27.1387s, LR: 1.0000e-03
2025-05-07 20:51:47,503 - Epoch: 040, Train Loss: 20.8581, Train RMSE: 33.4733, Train MAPE: 0.0988, Valid Loss: 21.0183, Valid RMSE: 33.9168, Valid MAPE: 0.0964, Train Time: 234.7507s/epoch, Valid Time: 26.9783s, LR: 1.0000e-03
2025-05-07 20:56:00,582 - Epoch: 041, Train Loss: 20.8435, Train RMSE: 33.4599, Train MAPE: 0.0983, Valid Loss: 20.7971, Valid RMSE: 33.7188, Valid MAPE: 0.0944, Train Time: 225.9593s/epoch, Valid Time: 27.1188s, LR: 1.0000e-03
2025-05-07 21:00:13,423 - Epoch: 042, Train Loss: 20.8065, Train RMSE: 33.4314, Train MAPE: 0.0982, Valid Loss: 20.8461, Valid RMSE: 33.7288, Valid MAPE: 0.0994, Train Time: 225.8063s/epoch, Valid Time: 27.0346s, LR: 1.0000e-03
2025-05-07 21:04:26,444 - Epoch: 043, Train Loss: 20.7808, Train RMSE: 33.4013, Train MAPE: 0.0981, Valid Loss: 20.7836, Valid RMSE: 33.6883, Valid MAPE: 0.0951, Train Time: 225.9593s/epoch, Valid Time: 27.0615s, LR: 1.0000e-03
2025-05-07 21:08:39,631 - Epoch: 044, Train Loss: 20.7535, Train RMSE: 33.3848, Train MAPE: 0.0977, Valid Loss: 20.6127, Valid RMSE: 33.5685, Valid MAPE: 0.0914, Train Time: 226.1910s/epoch, Valid Time: 26.9961s, LR: 1.0000e-03
2025-05-07 21:08:39,637 - Val loss decrease from 20.6877 to 20.6127
2025-05-07 21:12:52,866 - Epoch: 045, Train Loss: 20.7400, Train RMSE: 33.3632, Train MAPE: 0.0976, Valid Loss: 20.7983, Valid RMSE: 33.7714, Valid MAPE: 0.0943, Train Time: 226.1924s/epoch, Valid Time: 27.0369s, LR: 1.0000e-03
2025-05-07 21:17:06,355 - Epoch: 046, Train Loss: 20.7077, Train RMSE: 33.3150, Train MAPE: 0.0980, Valid Loss: 20.6464, Valid RMSE: 33.4696, Valid MAPE: 0.0961, Train Time: 226.4388s/epoch, Valid Time: 27.0496s, LR: 1.0000e-03
2025-05-07 21:21:19,851 - Epoch: 047, Train Loss: 20.6960, Train RMSE: 33.2996, Train MAPE: 0.0977, Valid Loss: 20.7958, Valid RMSE: 33.8160, Valid MAPE: 0.0935, Train Time: 226.4604s/epoch, Valid Time: 27.0359s, LR: 1.0000e-03
2025-05-07 21:25:33,638 - Epoch: 048, Train Loss: 20.6787, Train RMSE: 33.2898, Train MAPE: 0.0976, Valid Loss: 20.7006, Valid RMSE: 33.4549, Valid MAPE: 0.0949, Train Time: 226.7639s/epoch, Valid Time: 27.0226s, LR: 1.0000e-03
2025-05-07 21:29:47,288 - Epoch: 049, Train Loss: 20.6631, Train RMSE: 33.2646, Train MAPE: 0.0974, Valid Loss: 20.5888, Valid RMSE: 33.7084, Valid MAPE: 0.0912, Train Time: 226.5794s/epoch, Valid Time: 27.0703s, LR: 1.0000e-03
2025-05-07 21:29:47,293 - Val loss decrease from 20.6127 to 20.5888
2025-05-07 21:34:01,093 - Epoch: 050, Train Loss: 20.7239, Train RMSE: 33.3299, Train MAPE: 0.0978, Valid Loss: 20.9357, Valid RMSE: 33.8526, Valid MAPE: 0.0949, Train Time: 226.7085s/epoch, Valid Time: 27.0916s, LR: 1.0000e-03
2025-05-07 21:38:14,548 - Epoch: 051, Train Loss: 20.6135, Train RMSE: 33.2229, Train MAPE: 0.0969, Valid Loss: 20.6781, Valid RMSE: 33.4940, Valid MAPE: 0.0943, Train Time: 226.3057s/epoch, Valid Time: 27.1484s, LR: 1.0000e-03
2025-05-07 21:42:30,849 - Epoch: 052, Train Loss: 20.5814, Train RMSE: 33.1969, Train MAPE: 0.0966, Valid Loss: 20.6082, Valid RMSE: 33.4549, Valid MAPE: 0.0951, Train Time: 229.2527s/epoch, Valid Time: 27.0479s, LR: 1.0000e-03
2025-05-07 21:46:44,499 - Epoch: 053, Train Loss: 20.5219, Train RMSE: 33.1449, Train MAPE: 0.0957, Valid Loss: 20.3758, Valid RMSE: 33.3808, Valid MAPE: 0.0920, Train Time: 226.5480s/epoch, Valid Time: 27.1017s, LR: 1.0000e-03
2025-05-07 21:46:44,504 - Val loss decrease from 20.5888 to 20.3758
2025-05-07 21:50:58,147 - Epoch: 054, Train Loss: 20.5453, Train RMSE: 33.1476, Train MAPE: 0.0963, Valid Loss: 20.6701, Valid RMSE: 33.8474, Valid MAPE: 0.0920, Train Time: 226.4298s/epoch, Valid Time: 27.2126s, LR: 1.0000e-03
2025-05-07 21:55:11,849 - Epoch: 055, Train Loss: 20.4904, Train RMSE: 33.1123, Train MAPE: 0.0954, Valid Loss: 20.5216, Valid RMSE: 33.5240, Valid MAPE: 0.0928, Train Time: 226.6242s/epoch, Valid Time: 27.0781s, LR: 1.0000e-03
2025-05-07 21:59:25,557 - Epoch: 056, Train Loss: 20.5112, Train RMSE: 33.1285, Train MAPE: 0.0959, Valid Loss: 20.6144, Valid RMSE: 33.3695, Valid MAPE: 0.0991, Train Time: 226.5989s/epoch, Valid Time: 27.1090s, LR: 1.0000e-03
2025-05-07 22:03:39,251 - Epoch: 057, Train Loss: 20.4932, Train RMSE: 33.0992, Train MAPE: 0.0960, Valid Loss: 20.5369, Valid RMSE: 33.2708, Valid MAPE: 0.0977, Train Time: 226.6546s/epoch, Valid Time: 27.0387s, LR: 1.0000e-03
2025-05-07 22:07:52,654 - Epoch: 058, Train Loss: 20.4464, Train RMSE: 33.0652, Train MAPE: 0.0955, Valid Loss: 20.5284, Valid RMSE: 33.4194, Valid MAPE: 0.0927, Train Time: 226.4106s/epoch, Valid Time: 26.9918s, LR: 1.0000e-03
2025-05-07 22:12:06,513 - Epoch: 059, Train Loss: 20.4503, Train RMSE: 33.0571, Train MAPE: 0.0953, Valid Loss: 20.6692, Valid RMSE: 33.6828, Valid MAPE: 0.0946, Train Time: 226.7293s/epoch, Valid Time: 27.1294s, LR: 1.0000e-03
2025-05-07 22:16:20,414 - Epoch: 060, Train Loss: 20.4431, Train RMSE: 33.0531, Train MAPE: 0.0956, Valid Loss: 20.2910, Valid RMSE: 33.2117, Valid MAPE: 0.0907, Train Time: 226.7591s/epoch, Valid Time: 27.1416s, LR: 1.0000e-03
2025-05-07 22:16:20,420 - Val loss decrease from 20.3758 to 20.2910
2025-05-07 22:20:33,787 - Epoch: 061, Train Loss: 20.3919, Train RMSE: 33.0040, Train MAPE: 0.0951, Valid Loss: 20.4990, Valid RMSE: 33.4676, Valid MAPE: 0.0927, Train Time: 226.3630s/epoch, Valid Time: 27.0043s, LR: 1.0000e-03
2025-05-07 22:24:47,180 - Epoch: 062, Train Loss: 20.3895, Train RMSE: 33.0031, Train MAPE: 0.0949, Valid Loss: 20.4313, Valid RMSE: 33.3856, Valid MAPE: 0.0950, Train Time: 226.2595s/epoch, Valid Time: 27.1329s, LR: 1.0000e-03
2025-05-07 22:29:00,485 - Epoch: 063, Train Loss: 20.3765, Train RMSE: 32.9798, Train MAPE: 0.0949, Valid Loss: 20.7044, Valid RMSE: 33.3496, Valid MAPE: 0.1074, Train Time: 226.2231s/epoch, Valid Time: 27.0823s, LR: 1.0000e-03
2025-05-07 22:33:13,620 - Epoch: 064, Train Loss: 20.3189, Train RMSE: 32.9287, Train MAPE: 0.0943, Valid Loss: 20.4362, Valid RMSE: 33.2526, Valid MAPE: 0.0988, Train Time: 226.0355s/epoch, Valid Time: 27.0985s, LR: 1.0000e-03
2025-05-07 22:37:26,635 - Epoch: 065, Train Loss: 20.3203, Train RMSE: 32.9365, Train MAPE: 0.0943, Valid Loss: 20.3562, Valid RMSE: 33.3122, Valid MAPE: 0.0926, Train Time: 226.0037s/epoch, Valid Time: 27.0120s, LR: 1.0000e-03
2025-05-07 22:41:39,929 - Epoch: 066, Train Loss: 20.3109, Train RMSE: 32.9136, Train MAPE: 0.0944, Valid Loss: 20.5685, Valid RMSE: 33.6641, Valid MAPE: 0.0921, Train Time: 226.2064s/epoch, Valid Time: 27.0869s, LR: 1.0000e-03
2025-05-07 22:45:53,107 - Epoch: 067, Train Loss: 20.2654, Train RMSE: 32.8786, Train MAPE: 0.0938, Valid Loss: 20.4024, Valid RMSE: 33.3671, Valid MAPE: 0.0919, Train Time: 226.0239s/epoch, Valid Time: 27.1538s, LR: 1.0000e-03
2025-05-07 22:50:06,415 - Epoch: 068, Train Loss: 20.2799, Train RMSE: 32.8903, Train MAPE: 0.0942, Valid Loss: 20.4791, Valid RMSE: 33.2740, Valid MAPE: 0.0971, Train Time: 226.2072s/epoch, Valid Time: 27.1000s, LR: 1.0000e-03
2025-05-07 22:54:19,601 - Epoch: 069, Train Loss: 20.2544, Train RMSE: 32.8622, Train MAPE: 0.0941, Valid Loss: 20.3549, Valid RMSE: 33.2401, Valid MAPE: 0.0913, Train Time: 226.1564s/epoch, Valid Time: 27.0297s, LR: 1.0000e-03
2025-05-07 22:58:32,877 - Epoch: 070, Train Loss: 20.2194, Train RMSE: 32.8315, Train MAPE: 0.0937, Valid Loss: 20.4568, Valid RMSE: 33.4169, Valid MAPE: 0.0943, Train Time: 226.2205s/epoch, Valid Time: 27.0555s, LR: 1.0000e-03
2025-05-07 22:58:32,877 - Early stop at epoch 70, loss = 20.291031
2025-05-07 22:58:57,947 - --------------------------------------------------Norm Test Time Results:--------------------------------------------------
2025-05-07 22:58:57,975 - Horizon 1, Test MAE: 17.2378, Test RMSE: 27.4576, Test MAPE: 0.0739
2025-05-07 22:58:58,003 - Horizon 2, Test MAE: 18.5649, Test RMSE: 29.7831, Test MAPE: 0.0797
2025-05-07 22:58:58,034 - Horizon 3, Test MAE: 19.2933, Test RMSE: 31.0261, Test MAPE: 0.0825
2025-05-07 22:58:58,064 - Horizon 4, Test MAE: 19.8205, Test RMSE: 31.9905, Test MAPE: 0.0847
2025-05-07 22:58:58,094 - Horizon 5, Test MAE: 20.2600, Test RMSE: 32.8491, Test MAPE: 0.0861
2025-05-07 22:58:58,125 - Horizon 6, Test MAE: 20.7081, Test RMSE: 33.6301, Test MAPE: 0.0887
2025-05-07 22:58:58,153 - Horizon 7, Test MAE: 21.1297, Test RMSE: 34.3068, Test MAPE: 0.0924
2025-05-07 22:58:58,181 - Horizon 8, Test MAE: 21.4545, Test RMSE: 34.8766, Test MAPE: 0.0943
2025-05-07 22:58:58,209 - Horizon 9, Test MAE: 21.7382, Test RMSE: 35.3823, Test MAPE: 0.0935
2025-05-07 22:58:58,236 - Horizon 10, Test MAE: 22.0605, Test RMSE: 35.9163, Test MAPE: 0.0945
2025-05-07 22:58:58,264 - Horizon 11, Test MAE: 22.3540, Test RMSE: 36.4089, Test MAPE: 0.0964
2025-05-07 22:58:58,292 - Horizon 12, Test MAE: 22.7187, Test RMSE: 36.9800, Test MAPE: 0.0982
2025-05-07 22:58:58,292 - Average Test MAE: 20.6117, Test RMSE: 33.3839, Test MAPE: 0.0887
2025-05-07 22:58:58,292 - Norm Test Time: 24.9217s
