2025-05-08 17:22:56,831 - Namespace(device='cuda:2', dataset='PEMS08', fewshot=6, eval_method='norm', years='2016', seed=2019, bs=64, seq_len=12, horizon=12, input_dim=3, output_dim=1, mode='train', max_epochs=100, patience=10, model_name='sttn', adj_type='doubletransition', blocks=2, mlp_expand=2, hid_dim=32, end_dim=512, lrate=0.001, wdecay=0.0001, dropout=0.1, clip_grad_value=5)
2025-05-08 17:22:56,831 - Adj path: /home/weichen/stg_project/LargeST/data/pems08/pems08_rn_adj.npy
2025-05-08 17:22:57,455 - Data shape: (17856, 170, 3)
2025-05-08 17:22:57,584 - Sample num: 1070, Batch num: 16
2025-05-08 17:22:57,719 - Sample num: 3567, Batch num: 55
2025-05-08 17:22:57,848 - Sample num: 3566, Batch num: 55
2025-05-08 17:22:58,854 - The arc of model:
STTN(
  (t_modules): ModuleList(
    (0-1): 2 x TemporalTransformer(
      (layers): ModuleList(
        (0): ModuleList(
          (0): TemporalAttention(
            (qkv): Linear(in_features=32, out_features=96, bias=False)
            (attn_drop): Dropout(p=0.1, inplace=False)
            (proj): Linear(in_features=32, out_features=32, bias=True)
            (proj_drop): Dropout(p=0.1, inplace=False)
          )
          (1): PreNorm(
            (norm): LayerNorm((32,), eps=1e-05, elementwise_affine=True)
            (fn): FeedForward(
              (net): Sequential(
                (0): Linear(in_features=32, out_features=64, bias=True)
                (1): GELU(approximate='none')
                (2): Dropout(p=0.1, inplace=False)
                (3): Linear(in_features=64, out_features=32, bias=True)
                (4): Dropout(p=0.1, inplace=False)
              )
            )
          )
        )
      )
    )
  )
  (s_modules): ModuleList(
    (0-1): 2 x SpatialTransformer(
      (layers): ModuleList(
        (0): ModuleList(
          (0): SpatialAttention(
            (qkv): Linear(in_features=32, out_features=96, bias=False)
            (attn_drop): Dropout(p=0.1, inplace=False)
            (proj): Linear(in_features=32, out_features=32, bias=True)
            (proj_drop): Dropout(p=0.1, inplace=False)
          )
          (1): PreNorm(
            (norm): LayerNorm((32,), eps=1e-05, elementwise_affine=True)
            (fn): FeedForward(
              (net): Sequential(
                (0): Linear(in_features=32, out_features=64, bias=True)
                (1): GELU(approximate='none')
                (2): Dropout(p=0.1, inplace=False)
                (3): Linear(in_features=64, out_features=32, bias=True)
                (4): Dropout(p=0.1, inplace=False)
              )
            )
          )
          (2): GCN(
            (nconv): nconv()
            (mlp): linear(
              (mlp): Conv2d(160, 32, kernel_size=(1, 1), stride=(1, 1))
            )
          )
        )
      )
    )
  )
  (bn): ModuleList(
    (0-1): 2 x BatchNorm2d(32, eps=1e-05, momentum=0.1, affine=True, track_running_stats=True)
  )
  (start_conv): Conv2d(3, 32, kernel_size=(1, 1), stride=(1, 1))
  (end_conv_1): Conv2d(32, 512, kernel_size=(1, 1), stride=(1, 1))
  (end_conv_2): Conv2d(512, 12, kernel_size=(1, 1), stride=(1, 1))
)
2025-05-08 17:22:58,855 - Number of total parameters: 78796, tunable parameters: 78796
2025-05-08 17:22:58,855 - The number of parameters: 78796
2025-05-08 17:22:58,855 - Start training!
2025-05-08 17:23:14,455 - Epoch: 001, Train Loss: 59.1682, Train RMSE: 75.7312, Train MAPE: 0.9068, Valid Loss: 36.8538, Valid RMSE: 49.6699, Valid MAPE: 0.4261, Train Time: 8.1090s/epoch, Valid Time: 7.4911s, LR: 1.0000e-03
2025-05-08 17:23:14,475 - Val loss decrease from inf to 36.8538
2025-05-08 17:23:28,400 - Epoch: 002, Train Loss: 31.2268, Train RMSE: 42.4956, Train MAPE: 0.3373, Valid Loss: 28.9088, Valid RMSE: 41.1901, Valid MAPE: 0.2821, Train Time: 6.4450s/epoch, Valid Time: 7.4799s, LR: 1.0000e-03
2025-05-08 17:23:28,406 - Val loss decrease from 36.8538 to 28.9088
2025-05-08 17:23:42,732 - Epoch: 003, Train Loss: 27.0514, Train RMSE: 37.8620, Train MAPE: 0.2855, Valid Loss: 29.5405, Valid RMSE: 40.8869, Valid MAPE: 0.3132, Train Time: 6.7955s/epoch, Valid Time: 7.5303s, LR: 1.0000e-03
2025-05-08 17:23:56,749 - Epoch: 004, Train Loss: 26.3069, Train RMSE: 36.8556, Train MAPE: 0.2880, Valid Loss: 26.7387, Valid RMSE: 38.9319, Valid MAPE: 0.2710, Train Time: 6.4988s/epoch, Valid Time: 7.5178s, LR: 1.0000e-03
2025-05-08 17:23:56,782 - Val loss decrease from 28.9088 to 26.7387
2025-05-08 17:24:10,730 - Epoch: 005, Train Loss: 25.2875, Train RMSE: 35.8131, Train MAPE: 0.2741, Valid Loss: 26.2460, Valid RMSE: 38.3107, Valid MAPE: 0.2566, Train Time: 6.6134s/epoch, Valid Time: 7.3342s, LR: 1.0000e-03
2025-05-08 17:24:10,743 - Val loss decrease from 26.7387 to 26.2460
2025-05-08 17:24:24,789 - Epoch: 006, Train Loss: 23.4482, Train RMSE: 33.9978, Train MAPE: 0.2369, Valid Loss: 24.6333, Valid RMSE: 36.8442, Valid MAPE: 0.2189, Train Time: 6.5777s/epoch, Valid Time: 7.4687s, LR: 1.0000e-03
2025-05-08 17:24:24,829 - Val loss decrease from 26.2460 to 24.6333
2025-05-08 17:24:38,849 - Epoch: 007, Train Loss: 24.0322, Train RMSE: 34.3702, Train MAPE: 0.2510, Valid Loss: 25.7796, Valid RMSE: 37.7112, Valid MAPE: 0.2371, Train Time: 6.5402s/epoch, Valid Time: 7.4792s, LR: 1.0000e-03
2025-05-08 17:24:52,883 - Epoch: 008, Train Loss: 23.6196, Train RMSE: 33.7882, Train MAPE: 0.2428, Valid Loss: 25.9929, Valid RMSE: 38.3290, Valid MAPE: 0.2730, Train Time: 6.6122s/epoch, Valid Time: 7.4219s, LR: 1.0000e-03
2025-05-08 17:25:06,671 - Epoch: 009, Train Loss: 23.2794, Train RMSE: 33.5201, Train MAPE: 0.2421, Valid Loss: 25.2181, Valid RMSE: 37.2109, Valid MAPE: 0.2627, Train Time: 6.4987s/epoch, Valid Time: 7.2890s, LR: 1.0000e-03
2025-05-08 17:25:20,892 - Epoch: 010, Train Loss: 23.5869, Train RMSE: 33.6191, Train MAPE: 0.2697, Valid Loss: 27.8937, Valid RMSE: 38.2969, Valid MAPE: 0.3778, Train Time: 6.5654s/epoch, Valid Time: 7.6556s, LR: 1.0000e-03
2025-05-08 17:25:34,693 - Epoch: 011, Train Loss: 24.2579, Train RMSE: 34.1279, Train MAPE: 0.2808, Valid Loss: 23.8861, Valid RMSE: 35.8528, Valid MAPE: 0.2285, Train Time: 6.5301s/epoch, Valid Time: 7.2704s, LR: 1.0000e-03
2025-05-08 17:25:34,729 - Val loss decrease from 24.6333 to 23.8861
2025-05-08 17:25:48,150 - Epoch: 012, Train Loss: 23.1979, Train RMSE: 33.3371, Train MAPE: 0.2412, Valid Loss: 23.9065, Valid RMSE: 35.9057, Valid MAPE: 0.2234, Train Time: 6.7256s/epoch, Valid Time: 6.6961s, LR: 1.0000e-03
2025-05-08 17:25:58,840 - Epoch: 013, Train Loss: 25.1157, Train RMSE: 34.7668, Train MAPE: 0.2894, Valid Loss: 24.0944, Valid RMSE: 35.4319, Valid MAPE: 0.2437, Train Time: 4.7420s/epoch, Valid Time: 5.9471s, LR: 1.0000e-03
2025-05-08 17:26:10,013 - Epoch: 014, Train Loss: 23.4108, Train RMSE: 33.0664, Train MAPE: 0.2746, Valid Loss: 24.7233, Valid RMSE: 36.5612, Valid MAPE: 0.2757, Train Time: 5.1732s/epoch, Valid Time: 5.9999s, LR: 1.0000e-03
2025-05-08 17:26:21,208 - Epoch: 015, Train Loss: 21.7571, Train RMSE: 31.8934, Train MAPE: 0.2196, Valid Loss: 23.2322, Valid RMSE: 35.1781, Valid MAPE: 0.2381, Train Time: 5.1682s/epoch, Valid Time: 6.0267s, LR: 1.0000e-03
2025-05-08 17:26:21,221 - Val loss decrease from 23.8861 to 23.2322
2025-05-08 17:26:32,340 - Epoch: 016, Train Loss: 22.5333, Train RMSE: 32.4478, Train MAPE: 0.2423, Valid Loss: 28.4014, Valid RMSE: 39.5530, Valid MAPE: 0.4294, Train Time: 5.1833s/epoch, Valid Time: 5.9353s, LR: 1.0000e-03
2025-05-08 17:26:43,538 - Epoch: 017, Train Loss: 23.4178, Train RMSE: 33.0523, Train MAPE: 0.3008, Valid Loss: 23.3023, Valid RMSE: 35.1474, Valid MAPE: 0.2203, Train Time: 5.1980s/epoch, Valid Time: 6.0007s, LR: 1.0000e-03
2025-05-08 17:26:54,583 - Epoch: 018, Train Loss: 21.2228, Train RMSE: 31.1934, Train MAPE: 0.2182, Valid Loss: 23.7139, Valid RMSE: 35.3097, Valid MAPE: 0.2623, Train Time: 5.2075s/epoch, Valid Time: 5.8369s, LR: 1.0000e-03
2025-05-08 17:27:05,802 - Epoch: 019, Train Loss: 20.1795, Train RMSE: 30.1732, Train MAPE: 0.2003, Valid Loss: 22.6779, Valid RMSE: 34.4869, Valid MAPE: 0.2218, Train Time: 5.1785s/epoch, Valid Time: 6.0407s, LR: 1.0000e-03
2025-05-08 17:27:05,832 - Val loss decrease from 23.2322 to 22.6779
2025-05-08 17:27:16,838 - Epoch: 020, Train Loss: 21.3532, Train RMSE: 30.9799, Train MAPE: 0.2395, Valid Loss: 22.9677, Valid RMSE: 34.4412, Valid MAPE: 0.2253, Train Time: 5.1608s/epoch, Valid Time: 5.8452s, LR: 1.0000e-03
2025-05-08 17:27:28,030 - Epoch: 021, Train Loss: 20.4882, Train RMSE: 30.4139, Train MAPE: 0.1976, Valid Loss: 23.1459, Valid RMSE: 34.7311, Valid MAPE: 0.2202, Train Time: 5.1901s/epoch, Valid Time: 6.0022s, LR: 1.0000e-03
2025-05-08 17:27:39,091 - Epoch: 022, Train Loss: 21.2552, Train RMSE: 30.8304, Train MAPE: 0.2255, Valid Loss: 24.2423, Valid RMSE: 35.3216, Valid MAPE: 0.2737, Train Time: 5.2742s/epoch, Valid Time: 5.7868s, LR: 1.0000e-03
2025-05-08 17:27:50,397 - Epoch: 023, Train Loss: 20.6830, Train RMSE: 30.2140, Train MAPE: 0.2222, Valid Loss: 26.1056, Valid RMSE: 36.7322, Valid MAPE: 0.3124, Train Time: 5.2433s/epoch, Valid Time: 6.0622s, LR: 1.0000e-03
2025-05-08 17:28:01,558 - Epoch: 024, Train Loss: 23.3552, Train RMSE: 32.6261, Train MAPE: 0.2881, Valid Loss: 22.9546, Valid RMSE: 34.4079, Valid MAPE: 0.2085, Train Time: 5.1464s/epoch, Valid Time: 6.0147s, LR: 1.0000e-03
2025-05-08 17:28:12,932 - Epoch: 025, Train Loss: 20.6256, Train RMSE: 30.3756, Train MAPE: 0.2006, Valid Loss: 23.2151, Valid RMSE: 34.6431, Valid MAPE: 0.2491, Train Time: 5.2893s/epoch, Valid Time: 6.0842s, LR: 1.0000e-03
2025-05-08 17:28:23,996 - Epoch: 026, Train Loss: 20.6259, Train RMSE: 30.3306, Train MAPE: 0.2099, Valid Loss: 22.8544, Valid RMSE: 34.5988, Valid MAPE: 0.1974, Train Time: 5.1159s/epoch, Valid Time: 5.9476s, LR: 1.0000e-03
2025-05-08 17:28:35,329 - Epoch: 027, Train Loss: 19.5228, Train RMSE: 29.3430, Train MAPE: 0.1849, Valid Loss: 22.8085, Valid RMSE: 34.6656, Valid MAPE: 0.2055, Train Time: 5.2470s/epoch, Valid Time: 6.0856s, LR: 1.0000e-03
2025-05-08 17:28:46,367 - Epoch: 028, Train Loss: 22.0906, Train RMSE: 31.5147, Train MAPE: 0.2503, Valid Loss: 22.5182, Valid RMSE: 34.2736, Valid MAPE: 0.2112, Train Time: 5.0647s/epoch, Valid Time: 5.9736s, LR: 1.0000e-03
2025-05-08 17:28:46,392 - Val loss decrease from 22.6779 to 22.5182
2025-05-08 17:28:57,769 - Epoch: 029, Train Loss: 20.7795, Train RMSE: 30.1632, Train MAPE: 0.2344, Valid Loss: 22.8982, Valid RMSE: 33.6439, Valid MAPE: 0.2508, Train Time: 5.2375s/epoch, Valid Time: 6.1384s, LR: 1.0000e-03
2025-05-08 17:29:08,719 - Epoch: 030, Train Loss: 22.2461, Train RMSE: 31.2919, Train MAPE: 0.2819, Valid Loss: 22.9751, Valid RMSE: 34.5876, Valid MAPE: 0.2012, Train Time: 4.9519s/epoch, Valid Time: 5.9982s, LR: 1.0000e-03
2025-05-08 17:29:19,895 - Epoch: 031, Train Loss: 23.1438, Train RMSE: 32.2495, Train MAPE: 0.3102, Valid Loss: 22.7368, Valid RMSE: 33.8424, Valid MAPE: 0.2398, Train Time: 5.2340s/epoch, Valid Time: 5.9415s, LR: 1.0000e-03
2025-05-08 17:29:30,913 - Epoch: 032, Train Loss: 19.7903, Train RMSE: 29.4952, Train MAPE: 0.2080, Valid Loss: 21.7800, Valid RMSE: 33.1767, Valid MAPE: 0.1990, Train Time: 5.1029s/epoch, Valid Time: 5.9150s, LR: 1.0000e-03
2025-05-08 17:29:30,941 - Val loss decrease from 22.5182 to 21.7800
2025-05-08 17:29:42,218 - Epoch: 033, Train Loss: 19.2046, Train RMSE: 28.9493, Train MAPE: 0.1788, Valid Loss: 21.7300, Valid RMSE: 33.3648, Valid MAPE: 0.1764, Train Time: 5.2335s/epoch, Valid Time: 6.0431s, LR: 1.0000e-03
2025-05-08 17:29:42,228 - Val loss decrease from 21.7800 to 21.7300
2025-05-08 17:29:53,399 - Epoch: 034, Train Loss: 19.5351, Train RMSE: 29.1544, Train MAPE: 0.1866, Valid Loss: 22.4671, Valid RMSE: 33.8699, Valid MAPE: 0.1996, Train Time: 5.1646s/epoch, Valid Time: 6.0062s, LR: 1.0000e-03
2025-05-08 17:30:04,517 - Epoch: 035, Train Loss: 19.9649, Train RMSE: 29.4372, Train MAPE: 0.1952, Valid Loss: 21.6310, Valid RMSE: 33.0195, Valid MAPE: 0.1964, Train Time: 5.2743s/epoch, Valid Time: 5.8433s, LR: 1.0000e-03
2025-05-08 17:30:04,529 - Val loss decrease from 21.7300 to 21.6310
2025-05-08 17:30:15,670 - Epoch: 036, Train Loss: 19.5842, Train RMSE: 29.1494, Train MAPE: 0.1946, Valid Loss: 21.5306, Valid RMSE: 32.9352, Valid MAPE: 0.1818, Train Time: 5.1916s/epoch, Valid Time: 5.9494s, LR: 1.0000e-03
2025-05-08 17:30:15,682 - Val loss decrease from 21.6310 to 21.5306
2025-05-08 17:30:26,894 - Epoch: 037, Train Loss: 18.9933, Train RMSE: 28.6385, Train MAPE: 0.1790, Valid Loss: 21.9902, Valid RMSE: 32.9298, Valid MAPE: 0.2114, Train Time: 5.2642s/epoch, Valid Time: 5.9484s, LR: 1.0000e-03
2025-05-08 17:30:38,080 - Epoch: 038, Train Loss: 20.6277, Train RMSE: 30.0444, Train MAPE: 0.2214, Valid Loss: 21.6858, Valid RMSE: 33.1835, Valid MAPE: 0.1856, Train Time: 5.1723s/epoch, Valid Time: 6.0130s, LR: 1.0000e-03
2025-05-08 17:30:49,247 - Epoch: 039, Train Loss: 19.7689, Train RMSE: 29.2747, Train MAPE: 0.1988, Valid Loss: 23.7008, Valid RMSE: 33.9245, Valid MAPE: 0.3205, Train Time: 5.2881s/epoch, Valid Time: 5.8793s, LR: 1.0000e-03
2025-05-08 17:31:00,454 - Epoch: 040, Train Loss: 20.3829, Train RMSE: 29.6785, Train MAPE: 0.2278, Valid Loss: 22.8202, Valid RMSE: 34.2932, Valid MAPE: 0.2047, Train Time: 5.1900s/epoch, Valid Time: 6.0166s, LR: 1.0000e-03
2025-05-08 17:31:11,440 - Epoch: 041, Train Loss: 19.8249, Train RMSE: 29.4506, Train MAPE: 0.1837, Valid Loss: 21.2600, Valid RMSE: 32.8286, Valid MAPE: 0.1694, Train Time: 5.2020s/epoch, Valid Time: 5.7836s, LR: 1.0000e-03
2025-05-08 17:31:11,467 - Val loss decrease from 21.5306 to 21.2600
2025-05-08 17:31:22,800 - Epoch: 042, Train Loss: 19.3867, Train RMSE: 28.8796, Train MAPE: 0.1852, Valid Loss: 22.7270, Valid RMSE: 33.3188, Valid MAPE: 0.2479, Train Time: 5.2395s/epoch, Valid Time: 6.0937s, LR: 1.0000e-03
2025-05-08 17:31:33,234 - Epoch: 043, Train Loss: 19.1697, Train RMSE: 28.6344, Train MAPE: 0.1943, Valid Loss: 22.0416, Valid RMSE: 33.2220, Valid MAPE: 0.2094, Train Time: 4.9712s/epoch, Valid Time: 5.4622s, LR: 1.0000e-03
2025-05-08 17:31:41,746 - Epoch: 044, Train Loss: 19.1396, Train RMSE: 28.7874, Train MAPE: 0.1773, Valid Loss: 21.1245, Valid RMSE: 32.5739, Valid MAPE: 0.1717, Train Time: 3.9303s/epoch, Valid Time: 4.5811s, LR: 1.0000e-03
2025-05-08 17:31:41,772 - Val loss decrease from 21.2600 to 21.1245
2025-05-08 17:31:50,020 - Epoch: 045, Train Loss: 18.9975, Train RMSE: 28.7341, Train MAPE: 0.1691, Valid Loss: 21.0186, Valid RMSE: 32.3905, Valid MAPE: 0.1712, Train Time: 3.7179s/epoch, Valid Time: 4.5303s, LR: 1.0000e-03
2025-05-08 17:31:50,048 - Val loss decrease from 21.1245 to 21.0186
2025-05-08 17:31:58,648 - Epoch: 046, Train Loss: 19.0380, Train RMSE: 28.6795, Train MAPE: 0.1730, Valid Loss: 21.2194, Valid RMSE: 32.3985, Valid MAPE: 0.1768, Train Time: 3.9521s/epoch, Valid Time: 4.6475s, LR: 1.0000e-03
2025-05-08 17:32:06,920 - Epoch: 047, Train Loss: 18.9352, Train RMSE: 28.5820, Train MAPE: 0.1694, Valid Loss: 22.5222, Valid RMSE: 33.6890, Valid MAPE: 0.2079, Train Time: 3.6527s/epoch, Valid Time: 4.6192s, LR: 1.0000e-03
2025-05-08 17:32:15,464 - Epoch: 048, Train Loss: 19.2866, Train RMSE: 28.6526, Train MAPE: 0.1889, Valid Loss: 21.4752, Valid RMSE: 32.6561, Valid MAPE: 0.1875, Train Time: 3.9789s/epoch, Valid Time: 4.5652s, LR: 1.0000e-03
2025-05-08 17:32:23,792 - Epoch: 049, Train Loss: 20.2475, Train RMSE: 29.7469, Train MAPE: 0.1855, Valid Loss: 21.5790, Valid RMSE: 32.7423, Valid MAPE: 0.1995, Train Time: 3.7586s/epoch, Valid Time: 4.5693s, LR: 1.0000e-03
2025-05-08 17:32:32,356 - Epoch: 050, Train Loss: 18.8947, Train RMSE: 28.5905, Train MAPE: 0.1661, Valid Loss: 21.3050, Valid RMSE: 32.6562, Valid MAPE: 0.1822, Train Time: 3.9356s/epoch, Valid Time: 4.6279s, LR: 1.0000e-03
2025-05-08 17:32:40,862 - Epoch: 051, Train Loss: 18.2036, Train RMSE: 27.9940, Train MAPE: 0.1556, Valid Loss: 21.4163, Valid RMSE: 32.5794, Valid MAPE: 0.1938, Train Time: 3.9619s/epoch, Valid Time: 4.5442s, LR: 1.0000e-03
2025-05-08 17:32:49,330 - Epoch: 052, Train Loss: 19.1009, Train RMSE: 28.6059, Train MAPE: 0.1733, Valid Loss: 22.3734, Valid RMSE: 34.0111, Valid MAPE: 0.1798, Train Time: 3.9876s/epoch, Valid Time: 4.4805s, LR: 1.0000e-03
2025-05-08 17:32:57,961 - Epoch: 053, Train Loss: 18.5415, Train RMSE: 28.2036, Train MAPE: 0.1672, Valid Loss: 22.2144, Valid RMSE: 33.3716, Valid MAPE: 0.1959, Train Time: 3.9342s/epoch, Valid Time: 4.6960s, LR: 1.0000e-03
2025-05-08 17:33:06,307 - Epoch: 054, Train Loss: 18.4589, Train RMSE: 27.9730, Train MAPE: 0.1706, Valid Loss: 20.7943, Valid RMSE: 32.2991, Valid MAPE: 0.1615, Train Time: 3.9926s/epoch, Valid Time: 4.3530s, LR: 1.0000e-03
2025-05-08 17:33:06,332 - Val loss decrease from 21.0186 to 20.7943
2025-05-08 17:33:14,933 - Epoch: 055, Train Loss: 17.8996, Train RMSE: 27.5323, Train MAPE: 0.1555, Valid Loss: 20.7124, Valid RMSE: 32.0766, Valid MAPE: 0.1668, Train Time: 3.9379s/epoch, Valid Time: 4.6628s, LR: 1.0000e-03
2025-05-08 17:33:14,945 - Val loss decrease from 20.7943 to 20.7124
2025-05-08 17:33:23,356 - Epoch: 056, Train Loss: 18.4203, Train RMSE: 28.0520, Train MAPE: 0.1575, Valid Loss: 21.3753, Valid RMSE: 32.7755, Valid MAPE: 0.1726, Train Time: 3.9727s/epoch, Valid Time: 4.4383s, LR: 1.0000e-03
2025-05-08 17:33:31,937 - Epoch: 057, Train Loss: 18.1676, Train RMSE: 27.7563, Train MAPE: 0.1603, Valid Loss: 21.4413, Valid RMSE: 32.5077, Valid MAPE: 0.1989, Train Time: 3.9895s/epoch, Valid Time: 4.5912s, LR: 1.0000e-03
2025-05-08 17:33:40,364 - Epoch: 058, Train Loss: 19.2963, Train RMSE: 28.5628, Train MAPE: 0.1958, Valid Loss: 23.1834, Valid RMSE: 34.0470, Valid MAPE: 0.2351, Train Time: 3.8673s/epoch, Valid Time: 4.5596s, LR: 1.0000e-03
2025-05-08 17:33:48,960 - Epoch: 059, Train Loss: 18.5460, Train RMSE: 27.9668, Train MAPE: 0.1844, Valid Loss: 21.8815, Valid RMSE: 32.4810, Valid MAPE: 0.2464, Train Time: 3.9481s/epoch, Valid Time: 4.6481s, LR: 1.0000e-03
2025-05-08 17:33:57,243 - Epoch: 060, Train Loss: 17.8983, Train RMSE: 27.4897, Train MAPE: 0.1598, Valid Loss: 20.9176, Valid RMSE: 32.2432, Valid MAPE: 0.1630, Train Time: 3.6901s/epoch, Valid Time: 4.5918s, LR: 1.0000e-03
2025-05-08 17:34:04,155 - Epoch: 061, Train Loss: 17.8767, Train RMSE: 27.3876, Train MAPE: 0.1602, Valid Loss: 20.6941, Valid RMSE: 32.0050, Valid MAPE: 0.1671, Train Time: 3.6067s/epoch, Valid Time: 3.3059s, LR: 1.0000e-03
2025-05-08 17:34:04,185 - Val loss decrease from 20.7124 to 20.6941
2025-05-08 17:34:09,715 - Epoch: 062, Train Loss: 18.2547, Train RMSE: 27.6732, Train MAPE: 0.1718, Valid Loss: 22.2925, Valid RMSE: 33.1532, Valid MAPE: 0.2197, Train Time: 2.3826s/epoch, Valid Time: 3.1468s, LR: 1.0000e-03
2025-05-08 17:34:15,702 - Epoch: 063, Train Loss: 18.9879, Train RMSE: 28.4659, Train MAPE: 0.1758, Valid Loss: 23.3066, Valid RMSE: 34.8033, Valid MAPE: 0.1719, Train Time: 2.5565s/epoch, Valid Time: 3.4301s, LR: 1.0000e-03
2025-05-08 17:34:21,309 - Epoch: 064, Train Loss: 18.0410, Train RMSE: 27.7402, Train MAPE: 0.1489, Valid Loss: 21.0323, Valid RMSE: 32.4887, Valid MAPE: 0.1632, Train Time: 2.4634s/epoch, Valid Time: 3.1432s, LR: 1.0000e-03
2025-05-08 17:34:27,033 - Epoch: 065, Train Loss: 18.1323, Train RMSE: 27.6055, Train MAPE: 0.1647, Valid Loss: 21.0362, Valid RMSE: 32.2333, Valid MAPE: 0.1843, Train Time: 2.4798s/epoch, Valid Time: 3.2449s, LR: 1.0000e-03
2025-05-08 17:34:32,443 - Epoch: 066, Train Loss: 17.7761, Train RMSE: 27.4335, Train MAPE: 0.1522, Valid Loss: 20.7737, Valid RMSE: 32.1650, Valid MAPE: 0.1622, Train Time: 2.4258s/epoch, Valid Time: 2.9834s, LR: 1.0000e-03
2025-05-08 17:34:35,939 - Epoch: 067, Train Loss: 18.3141, Train RMSE: 27.7754, Train MAPE: 0.1615, Valid Loss: 22.1994, Valid RMSE: 33.3469, Valid MAPE: 0.2065, Train Time: 1.4385s/epoch, Valid Time: 2.0579s, LR: 1.0000e-03
2025-05-08 17:34:39,390 - Epoch: 068, Train Loss: 17.5882, Train RMSE: 27.1884, Train MAPE: 0.1519, Valid Loss: 20.8220, Valid RMSE: 32.3108, Valid MAPE: 0.1582, Train Time: 1.4248s/epoch, Valid Time: 2.0251s, LR: 1.0000e-03
2025-05-08 17:34:42,974 - Epoch: 069, Train Loss: 17.5540, Train RMSE: 27.1119, Train MAPE: 0.1463, Valid Loss: 21.1217, Valid RMSE: 32.5379, Valid MAPE: 0.1649, Train Time: 1.4621s/epoch, Valid Time: 2.1221s, LR: 1.0000e-03
2025-05-08 17:34:46,498 - Epoch: 070, Train Loss: 17.8663, Train RMSE: 27.4049, Train MAPE: 0.1540, Valid Loss: 21.8091, Valid RMSE: 32.9292, Valid MAPE: 0.1741, Train Time: 1.4281s/epoch, Valid Time: 2.0955s, LR: 1.0000e-03
2025-05-08 17:34:50,089 - Epoch: 071, Train Loss: 17.5829, Train RMSE: 27.0806, Train MAPE: 0.1487, Valid Loss: 21.0772, Valid RMSE: 32.2017, Valid MAPE: 0.1914, Train Time: 1.4457s/epoch, Valid Time: 2.1457s, LR: 1.0000e-03
2025-05-08 17:34:50,090 - Early stop at epoch 71, loss = 20.694141
2025-05-08 17:34:52,006 - --------------------------------------------------Norm Test Time Results:--------------------------------------------------
2025-05-08 17:34:52,011 - Horizon 1, Test MAE: 15.0442, Test RMSE: 22.1269, Test MAPE: 0.1178
2025-05-08 17:34:52,016 - Horizon 2, Test MAE: 16.3545, Test RMSE: 24.3398, Test MAPE: 0.1262
2025-05-08 17:34:52,021 - Horizon 3, Test MAE: 17.4108, Test RMSE: 26.1436, Test MAPE: 0.1270
2025-05-08 17:34:52,026 - Horizon 4, Test MAE: 18.1667, Test RMSE: 27.5456, Test MAPE: 0.1345
2025-05-08 17:34:52,031 - Horizon 5, Test MAE: 18.9310, Test RMSE: 28.8806, Test MAPE: 0.1397
2025-05-08 17:34:52,036 - Horizon 6, Test MAE: 19.7115, Test RMSE: 30.1735, Test MAPE: 0.1427
2025-05-08 17:34:52,041 - Horizon 7, Test MAE: 20.4107, Test RMSE: 31.3364, Test MAPE: 0.1503
2025-05-08 17:34:52,045 - Horizon 8, Test MAE: 21.2635, Test RMSE: 32.6018, Test MAPE: 0.1530
2025-05-08 17:34:52,049 - Horizon 9, Test MAE: 21.9729, Test RMSE: 33.6831, Test MAPE: 0.1626
2025-05-08 17:34:52,054 - Horizon 10, Test MAE: 22.5472, Test RMSE: 34.5504, Test MAPE: 0.1683
2025-05-08 17:34:52,058 - Horizon 11, Test MAE: 23.2558, Test RMSE: 35.6339, Test MAPE: 0.1720
2025-05-08 17:34:52,062 - Horizon 12, Test MAE: 24.0917, Test RMSE: 36.7492, Test MAPE: 0.1772
2025-05-08 17:34:52,062 - Average Test MAE: 19.9300, Test RMSE: 30.3137, Test MAPE: 0.1476
2025-05-08 17:34:52,062 - Norm Test Time: 1.8790s
