2025-05-15 01:51:32,865 - Namespace(device='cuda:2', dataset='SD', years='2019', model_name='stone', seed=9, bs=1, seq_len=12, horizon=12, input_dim=3, output_dim=1, order=0, new_node_ratio=0.2, num_val=1, epsilon=0.01, c=10, basis_num=1, KK=2, num_sample=0.01, mode='test', test_ratio=0.1, ood=1, tood=1, max_epochs=100, patience=10, alpha=0.8, beta=0.1, beta0=2, TBlocks_num=5, SBlocks_num=2, Kt=3, Ks_s=1, Ks_t=3, step_size=10, gamma=0.95, adj_type='transition', adp_adj=1, lrate=0.001, wdecay=0.0001, dropout=0.3, clip_grad_value=5, group=7.0, sd_lr=0.0001)
2025-05-15 01:51:32,894 - Adj path: ./data/sd/sd_rn_adj.npy
2025-05-15 01:51:37,045 - Data shape in test set years:(35136, 716, 3)
2025-05-15 01:51:38,105 - Sample num: 7022, Batch num: 7022
2025-05-15 01:51:38,902 - The number of parameters: 746525
2025-05-15 01:55:35,642 - Horizon 1, Test MAE_ob: 18.5350, Test RMSE_ob: 24.7304, Test MAPE_ob: 0.2304
2025-05-15 01:55:35,647 - Horizon 1, Test MAE_un: 19.1643, Test RMSE_un: 25.7367, Test MAPE_un: 0.2482
2025-05-15 01:55:35,651 - Horizon 1, Test MAEall: 18.6395, Test RMSEall: 24.8975, Test MAPEall: 0.2334
2025-05-15 01:55:35,702 - Horizon 2, Test MAE_ob: 19.6338, Test RMSE_ob: 27.7184, Test MAPE_ob: 0.2270
2025-05-15 01:55:35,707 - Horizon 2, Test MAE_un: 20.7142, Test RMSE_un: 29.4662, Test MAPE_un: 0.2499
2025-05-15 01:55:35,711 - Horizon 2, Test MAEall: 19.8132, Test RMSEall: 28.0086, Test MAPEall: 0.2308
2025-05-15 01:55:35,775 - Horizon 3, Test MAE_ob: 20.8570, Test RMSE_ob: 30.3515, Test MAPE_ob: 0.2320
2025-05-15 01:55:35,780 - Horizon 3, Test MAE_un: 22.4532, Test RMSE_un: 33.0185, Test MAPE_un: 0.2603
2025-05-15 01:55:35,785 - Horizon 3, Test MAEall: 21.1221, Test RMSEall: 30.7944, Test MAPEall: 0.2367
2025-05-15 01:55:35,847 - Horizon 4, Test MAE_ob: 21.7649, Test RMSE_ob: 32.4086, Test MAPE_ob: 0.2300
2025-05-15 01:55:35,853 - Horizon 4, Test MAE_un: 23.8526, Test RMSE_un: 35.8532, Test MAPE_un: 0.2649
2025-05-15 01:55:35,857 - Horizon 4, Test MAEall: 22.1115, Test RMSEall: 32.9806, Test MAPEall: 0.2358
2025-05-15 01:55:35,920 - Horizon 5, Test MAE_ob: 23.5672, Test RMSE_ob: 35.5840, Test MAPE_ob: 0.2325
2025-05-15 01:55:35,925 - Horizon 5, Test MAE_un: 26.3349, Test RMSE_un: 40.1539, Test MAPE_un: 0.2767
2025-05-15 01:55:35,929 - Horizon 5, Test MAEall: 24.0267, Test RMSEall: 36.3428, Test MAPEall: 0.2398
2025-05-15 01:55:35,992 - Horizon 6, Test MAE_ob: 25.1683, Test RMSE_ob: 38.0671, Test MAPE_ob: 0.2360
2025-05-15 01:55:35,997 - Horizon 6, Test MAE_un: 28.4543, Test RMSE_un: 43.6020, Test MAPE_un: 0.2868
2025-05-15 01:55:36,002 - Horizon 6, Test MAEall: 25.7139, Test RMSEall: 38.9862, Test MAPEall: 0.2444
2025-05-15 01:55:36,065 - Horizon 7, Test MAE_ob: 26.6776, Test RMSE_ob: 40.1284, Test MAPE_ob: 0.2449
2025-05-15 01:55:36,070 - Horizon 7, Test MAE_un: 30.4193, Test RMSE_un: 46.5708, Test MAPE_un: 0.2989
2025-05-15 01:55:36,074 - Horizon 7, Test MAEall: 27.2989, Test RMSEall: 41.1981, Test MAPEall: 0.2538
2025-05-15 01:55:36,137 - Horizon 8, Test MAE_ob: 28.0903, Test RMSE_ob: 42.0142, Test MAPE_ob: 0.2546
2025-05-15 01:55:36,142 - Horizon 8, Test MAE_un: 32.4096, Test RMSE_un: 49.5551, Test MAPE_un: 0.3133
2025-05-15 01:55:36,146 - Horizon 8, Test MAEall: 28.8075, Test RMSEall: 43.2664, Test MAPEall: 0.2643
2025-05-15 01:55:36,212 - Horizon 9, Test MAE_ob: 30.0532, Test RMSE_ob: 44.7482, Test MAPE_ob: 0.2693
2025-05-15 01:55:36,217 - Horizon 9, Test MAE_un: 35.1071, Test RMSE_un: 53.7173, Test MAPE_un: 0.3328
2025-05-15 01:55:36,222 - Horizon 9, Test MAEall: 30.8924, Test RMSEall: 46.2375, Test MAPEall: 0.2799
2025-05-15 01:55:36,285 - Horizon 10, Test MAE_ob: 31.7210, Test RMSE_ob: 47.1121, Test MAPE_ob: 0.2809
2025-05-15 01:55:36,290 - Horizon 10, Test MAE_un: 37.3729, Test RMSE_un: 57.3073, Test MAPE_un: 0.3473
2025-05-15 01:55:36,295 - Horizon 10, Test MAEall: 32.6595, Test RMSEall: 48.8050, Test MAPEall: 0.2919
2025-05-15 01:55:36,357 - Horizon 11, Test MAE_ob: 33.1276, Test RMSE_ob: 49.1050, Test MAPE_ob: 0.2927
2025-05-15 01:55:36,362 - Horizon 11, Test MAE_un: 39.3671, Test RMSE_un: 60.4433, Test MAPE_un: 0.3615
2025-05-15 01:55:36,367 - Horizon 11, Test MAEall: 34.1636, Test RMSEall: 50.9876, Test MAPEall: 0.3041
2025-05-15 01:55:36,429 - Horizon 12, Test MAE_ob: 34.4461, Test RMSE_ob: 50.9962, Test MAPE_ob: 0.3011
2025-05-15 01:55:36,434 - Horizon 12, Test MAE_un: 41.2294, Test RMSE_un: 63.3289, Test MAPE_un: 0.3722
2025-05-15 01:55:36,439 - Horizon 12, Test MAEall: 35.5724, Test RMSEall: 53.0439, Test MAPEall: 0.3129
2025-05-15 01:55:36,439 - Average Test MAEall: 26.7351, Test RMSEall: 39.6290, Test MAPEall: 0.2607
2025-05-15 01:55:36,439 - Average Test MAE_ob1: 26.1368, Test RMSE_ob: 38.5803, Test MAPE_ob: 0.2526
2025-05-15 01:55:36,439 - Average Test MAE_un: 29.7399, Test RMSE_un: 44.8961, Test MAPE_un: 0.3011
