2025-05-15 01:39:16,463 - Namespace(device='cuda:3', dataset='SD', years='2019', model_name='stone', seed=10, bs=1, seq_len=12, horizon=12, input_dim=3, output_dim=1, order=0, new_node_ratio=0.2, num_val=1, epsilon=0.01, c=10, basis_num=1, KK=2, num_sample=0.01, mode='test', test_ratio=0.1, ood=1, tood=1, max_epochs=100, patience=10, alpha=0.8, beta=0.1, beta0=2, TBlocks_num=5, SBlocks_num=2, Kt=3, Ks_s=1, Ks_t=3, step_size=10, gamma=0.95, adj_type='transition', adp_adj=1, lrate=0.001, wdecay=0.0001, dropout=0.3, clip_grad_value=5, group=4.0, sd_lr=0.005)
2025-05-15 01:39:16,492 - Adj path: ./data/sd/sd_rn_adj.npy
2025-05-15 01:39:20,846 - Data shape in test set years:(35136, 716, 3)
2025-05-15 01:39:21,925 - Sample num: 7022, Batch num: 7022
2025-05-15 01:39:22,720 - The number of parameters: 746525
2025-05-15 01:42:29,977 - Horizon 1, Test MAE_ob: 19.2527, Test RMSE_ob: 25.9566, Test MAPE_ob: 0.2435
2025-05-15 01:42:29,983 - Horizon 1, Test MAE_un: 20.2565, Test RMSE_un: 26.8618, Test MAPE_un: 0.2500
2025-05-15 01:42:29,987 - Horizon 1, Test MAEall: 19.4193, Test RMSEall: 26.1069, Test MAPEall: 0.2446
2025-05-15 01:42:30,038 - Horizon 2, Test MAE_ob: 20.9308, Test RMSE_ob: 29.0817, Test MAPE_ob: 0.2466
2025-05-15 01:42:30,043 - Horizon 2, Test MAE_un: 21.9385, Test RMSE_un: 29.9796, Test MAPE_un: 0.2547
2025-05-15 01:42:30,047 - Horizon 2, Test MAEall: 21.0981, Test RMSEall: 29.2308, Test MAPEall: 0.2480
2025-05-15 01:42:30,109 - Horizon 3, Test MAE_ob: 21.9356, Test RMSE_ob: 31.2611, Test MAPE_ob: 0.2459
2025-05-15 01:42:30,114 - Horizon 3, Test MAE_un: 23.0699, Test RMSE_un: 32.3834, Test MAPE_un: 0.2553
2025-05-15 01:42:30,119 - Horizon 3, Test MAEall: 22.1239, Test RMSEall: 31.4475, Test MAPEall: 0.2475
2025-05-15 01:42:30,181 - Horizon 4, Test MAE_ob: 23.2700, Test RMSE_ob: 33.5964, Test MAPE_ob: 0.2502
2025-05-15 01:42:30,186 - Horizon 4, Test MAE_un: 24.7049, Test RMSE_un: 35.2076, Test MAPE_un: 0.2613
2025-05-15 01:42:30,191 - Horizon 4, Test MAEall: 23.5083, Test RMSEall: 33.8639, Test MAPEall: 0.2521
2025-05-15 01:42:30,255 - Horizon 5, Test MAE_ob: 25.2401, Test RMSE_ob: 36.8064, Test MAPE_ob: 0.2587
2025-05-15 01:42:30,260 - Horizon 5, Test MAE_un: 27.1011, Test RMSE_un: 39.1572, Test MAPE_un: 0.2728
2025-05-15 01:42:30,264 - Horizon 5, Test MAEall: 25.5491, Test RMSEall: 37.1968, Test MAPEall: 0.2610
2025-05-15 01:42:30,328 - Horizon 6, Test MAE_ob: 27.2407, Test RMSE_ob: 39.6217, Test MAPE_ob: 0.2738
2025-05-15 01:42:30,333 - Horizon 6, Test MAE_un: 29.4939, Test RMSE_un: 42.7773, Test MAPE_un: 0.2895
2025-05-15 01:42:30,337 - Horizon 6, Test MAEall: 27.6149, Test RMSEall: 40.1457, Test MAPEall: 0.2764
2025-05-15 01:42:30,402 - Horizon 7, Test MAE_ob: 28.6455, Test RMSE_ob: 41.5392, Test MAPE_ob: 0.2866
2025-05-15 01:42:30,407 - Horizon 7, Test MAE_un: 31.3224, Test RMSE_un: 45.5390, Test MAPE_un: 0.3042
2025-05-15 01:42:30,411 - Horizon 7, Test MAEall: 29.0900, Test RMSEall: 42.2034, Test MAPEall: 0.2895
2025-05-15 01:42:30,476 - Horizon 8, Test MAE_ob: 30.0746, Test RMSE_ob: 43.4122, Test MAPE_ob: 0.3003
2025-05-15 01:42:30,481 - Horizon 8, Test MAE_un: 33.2307, Test RMSE_un: 48.3247, Test MAPE_un: 0.3188
2025-05-15 01:42:30,485 - Horizon 8, Test MAEall: 30.5986, Test RMSEall: 44.2279, Test MAPEall: 0.3034
2025-05-15 01:42:30,549 - Horizon 9, Test MAE_ob: 32.0972, Test RMSE_ob: 46.1257, Test MAPE_ob: 0.3224
2025-05-15 01:42:30,555 - Horizon 9, Test MAE_un: 35.8453, Test RMSE_un: 52.0224, Test MAPE_un: 0.3423
2025-05-15 01:42:30,559 - Horizon 9, Test MAEall: 32.7195, Test RMSEall: 47.1048, Test MAPEall: 0.3257
2025-05-15 01:42:30,623 - Horizon 10, Test MAE_ob: 33.7777, Test RMSE_ob: 48.3035, Test MAPE_ob: 0.3424
2025-05-15 01:42:30,629 - Horizon 10, Test MAE_un: 38.1346, Test RMSE_un: 55.2710, Test MAPE_un: 0.3636
2025-05-15 01:42:30,633 - Horizon 10, Test MAEall: 34.5011, Test RMSEall: 49.4604, Test MAPEall: 0.3459
2025-05-15 01:42:30,698 - Horizon 11, Test MAE_ob: 34.9332, Test RMSE_ob: 49.9063, Test MAPE_ob: 0.3578
2025-05-15 01:42:30,703 - Horizon 11, Test MAE_un: 39.8597, Test RMSE_un: 57.9021, Test MAPE_un: 0.3800
2025-05-15 01:42:30,707 - Horizon 11, Test MAEall: 35.7512, Test RMSEall: 51.2340, Test MAPEall: 0.3615
2025-05-15 01:42:30,771 - Horizon 12, Test MAE_ob: 36.0353, Test RMSE_ob: 51.2973, Test MAPE_ob: 0.3787
2025-05-15 01:42:30,776 - Horizon 12, Test MAE_un: 41.5676, Test RMSE_un: 60.3444, Test MAPE_un: 0.3998
2025-05-15 01:42:30,781 - Horizon 12, Test MAEall: 36.9539, Test RMSEall: 52.7996, Test MAPEall: 0.3822
2025-05-15 01:42:30,781 - Average Test MAEall: 28.2440, Test RMSEall: 40.4185, Test MAPEall: 0.2948
2025-05-15 01:42:30,781 - Average Test MAE_ob1: 27.7861, Test RMSE_ob: 39.7424, Test MAPE_ob: 0.2922
2025-05-15 01:42:30,781 - Average Test MAE_un: 30.5438, Test RMSE_un: 43.8142, Test MAPE_un: 0.3077
