2025-05-15 14:46:54,073 - Namespace(device='cuda:0', dataset='SD', years='2019', model_name='stone', seed=8, bs=1, seq_len=12, horizon=12, input_dim=3, output_dim=1, order=0, new_node_ratio=0.2, num_val=1, epsilon=0.01, c=10, basis_num=1, KK=2, num_sample=0.01, mode='test', test_ratio=0.1, ood=1, tood=1, max_epochs=100, patience=10, alpha=0.8, beta=0.1, beta0=2, TBlocks_num=5, SBlocks_num=2, Kt=3, Ks_s=1, Ks_t=3, step_size=10, gamma=0.95, adj_type='transition', adp_adj=1, lrate=0.001, wdecay=0.0001, dropout=0.3, clip_grad_value=5, group=2.0, sd_lr=1e-05, sample_num=1, update_step=1)
2025-05-15 14:46:54,096 - Adj path: ./data/sd/sd_rn_adj.npy
2025-05-15 14:46:58,543 - Data shape in test set years:(35136, 716, 3)
2025-05-15 14:46:59,642 - Sample num: 7022, Batch num: 7022
2025-05-15 14:47:00,452 - The number of parameters: 746525
2025-05-15 14:49:32,946 - Horizon 1, Test MAE_ob: 21.1262, Test RMSE_ob: 27.1122, Test MAPE_ob: 0.3323
2025-05-15 14:49:32,951 - Horizon 1, Test MAE_un: 20.4059, Test RMSE_un: 25.6834, Test MAPE_un: 0.3079
2025-05-15 14:49:32,956 - Horizon 1, Test MAEall: 21.0066, Test RMSEall: 26.8749, Test MAPEall: 0.3283
2025-05-15 14:49:33,005 - Horizon 2, Test MAE_ob: 22.5801, Test RMSE_ob: 30.5150, Test MAPE_ob: 0.3294
2025-05-15 14:49:33,010 - Horizon 2, Test MAE_un: 21.9997, Test RMSE_un: 29.1713, Test MAPE_un: 0.3081
2025-05-15 14:49:33,015 - Horizon 2, Test MAEall: 22.4838, Test RMSEall: 30.2918, Test MAPEall: 0.3258
2025-05-15 14:49:33,076 - Horizon 3, Test MAE_ob: 23.6337, Test RMSE_ob: 33.2806, Test MAPE_ob: 0.3212
2025-05-15 14:49:33,081 - Horizon 3, Test MAE_un: 23.2940, Test RMSE_un: 32.1925, Test MAPE_un: 0.3033
2025-05-15 14:49:33,086 - Horizon 3, Test MAEall: 23.5773, Test RMSEall: 33.0999, Test MAPEall: 0.3182
2025-05-15 14:49:33,149 - Horizon 4, Test MAE_ob: 24.9539, Test RMSE_ob: 36.1746, Test MAPE_ob: 0.3169
2025-05-15 14:49:33,154 - Horizon 4, Test MAE_un: 25.1262, Test RMSE_un: 35.8722, Test MAPE_un: 0.3032
2025-05-15 14:49:33,159 - Horizon 4, Test MAEall: 24.9825, Test RMSEall: 36.1244, Test MAPEall: 0.3146
2025-05-15 14:49:33,222 - Horizon 5, Test MAE_ob: 26.4958, Test RMSE_ob: 39.1444, Test MAPE_ob: 0.3214
2025-05-15 14:49:33,227 - Horizon 5, Test MAE_un: 27.2860, Test RMSE_un: 39.8642, Test MAPE_un: 0.3118
2025-05-15 14:49:33,232 - Horizon 5, Test MAEall: 26.6270, Test RMSEall: 39.2639, Test MAPEall: 0.3198
2025-05-15 14:49:33,296 - Horizon 6, Test MAE_ob: 27.3356, Test RMSE_ob: 40.9194, Test MAPE_ob: 0.3175
2025-05-15 14:49:33,301 - Horizon 6, Test MAE_un: 28.8068, Test RMSE_un: 42.6350, Test MAPE_un: 0.3126
2025-05-15 14:49:33,305 - Horizon 6, Test MAEall: 27.5799, Test RMSEall: 41.2043, Test MAPEall: 0.3167
2025-05-15 14:49:33,369 - Horizon 7, Test MAE_ob: 28.1405, Test RMSE_ob: 42.4730, Test MAPE_ob: 0.3114
2025-05-15 14:49:33,374 - Horizon 7, Test MAE_un: 30.2016, Test RMSE_un: 45.1119, Test MAPE_un: 0.3116
2025-05-15 14:49:33,379 - Horizon 7, Test MAEall: 28.4827, Test RMSEall: 42.9112, Test MAPEall: 0.3114
2025-05-15 14:49:33,442 - Horizon 8, Test MAE_ob: 29.1599, Test RMSE_ob: 44.2827, Test MAPE_ob: 0.3055
2025-05-15 14:49:33,447 - Horizon 8, Test MAE_un: 32.0000, Test RMSE_un: 48.1812, Test MAPE_un: 0.3128
2025-05-15 14:49:33,451 - Horizon 8, Test MAEall: 29.6315, Test RMSEall: 44.9300, Test MAPEall: 0.3067
2025-05-15 14:49:33,516 - Horizon 9, Test MAE_ob: 30.6292, Test RMSE_ob: 46.6504, Test MAPE_ob: 0.3140
2025-05-15 14:49:33,521 - Horizon 9, Test MAE_un: 34.2494, Test RMSE_un: 51.9650, Test MAPE_un: 0.3262
2025-05-15 14:49:33,526 - Horizon 9, Test MAEall: 31.2303, Test RMSEall: 47.5329, Test MAPEall: 0.3160
2025-05-15 14:49:33,589 - Horizon 10, Test MAE_ob: 31.6006, Test RMSE_ob: 48.1374, Test MAPE_ob: 0.3220
2025-05-15 14:49:33,594 - Horizon 10, Test MAE_un: 36.0181, Test RMSE_un: 54.8536, Test MAPE_un: 0.3369
2025-05-15 14:49:33,599 - Horizon 10, Test MAEall: 32.3341, Test RMSEall: 49.2526, Test MAPEall: 0.3244
2025-05-15 14:49:33,663 - Horizon 11, Test MAE_ob: 32.5543, Test RMSE_ob: 49.6940, Test MAPE_ob: 0.3215
2025-05-15 14:49:33,668 - Horizon 11, Test MAE_un: 37.6412, Test RMSE_un: 57.5104, Test MAPE_un: 0.3401
2025-05-15 14:49:33,673 - Horizon 11, Test MAEall: 33.3989, Test RMSEall: 50.9919, Test MAPEall: 0.3246
2025-05-15 14:49:33,737 - Horizon 12, Test MAE_ob: 33.6639, Test RMSE_ob: 51.3987, Test MAPE_ob: 0.3193
2025-05-15 14:49:33,742 - Horizon 12, Test MAE_un: 39.4176, Test RMSE_un: 60.3508, Test MAPE_un: 0.3401
2025-05-15 14:49:33,747 - Horizon 12, Test MAEall: 34.6193, Test RMSEall: 52.8851, Test MAPEall: 0.3228
2025-05-15 14:49:33,747 - Average Test MAEall: 27.9961, Test RMSEall: 41.2803, Test MAPEall: 0.3191
2025-05-15 14:49:33,747 - Average Test MAE_ob1: 27.6561, Test RMSE_ob: 40.8152, Test MAPE_ob: 0.3194
2025-05-15 14:49:33,747 - Average Test MAE_un: 29.7039, Test RMSE_un: 43.6160, Test MAPE_un: 0.3179
