2025-05-15 14:52:49,679 - Namespace(device='cuda:0', dataset='SD', years='2019', model_name='stone', seed=8, bs=1, seq_len=12, horizon=12, input_dim=3, output_dim=1, order=0, new_node_ratio=0.2, num_val=1, epsilon=0.01, c=10, basis_num=1, KK=2, num_sample=0.01, mode='test', test_ratio=0.1, ood=1, tood=1, max_epochs=100, patience=10, alpha=0.8, beta=0.1, beta0=2, TBlocks_num=5, SBlocks_num=2, Kt=3, Ks_s=1, Ks_t=3, step_size=10, gamma=0.95, adj_type='transition', adp_adj=1, lrate=0.001, wdecay=0.0001, dropout=0.3, clip_grad_value=5, group=7.0, sd_lr=1e-05, sample_num=1, update_step=1)
2025-05-15 14:52:49,708 - Adj path: ./data/sd/sd_rn_adj.npy
2025-05-15 14:52:54,079 - Data shape in test set years:(35136, 716, 3)
2025-05-15 14:52:55,170 - Sample num: 7022, Batch num: 7022
2025-05-15 14:52:55,975 - The number of parameters: 746525
2025-05-15 14:56:48,614 - Horizon 1, Test MAE_ob: 21.1330, Test RMSE_ob: 27.1358, Test MAPE_ob: 0.3329
2025-05-15 14:56:48,619 - Horizon 1, Test MAE_un: 20.4040, Test RMSE_un: 25.6997, Test MAPE_un: 0.3085
2025-05-15 14:56:48,623 - Horizon 1, Test MAEall: 21.0119, Test RMSEall: 26.8973, Test MAPEall: 0.3288
2025-05-15 14:56:48,672 - Horizon 2, Test MAE_ob: 22.5886, Test RMSE_ob: 30.5406, Test MAPE_ob: 0.3317
2025-05-15 14:56:48,677 - Horizon 2, Test MAE_un: 22.0058, Test RMSE_un: 29.1970, Test MAPE_un: 0.3102
2025-05-15 14:56:48,681 - Horizon 2, Test MAEall: 22.4918, Test RMSEall: 30.3175, Test MAPEall: 0.3281
2025-05-15 14:56:48,743 - Horizon 3, Test MAE_ob: 23.6457, Test RMSE_ob: 33.3062, Test MAPE_ob: 0.3238
2025-05-15 14:56:48,748 - Horizon 3, Test MAE_un: 23.3058, Test RMSE_un: 32.2190, Test MAPE_un: 0.3056
2025-05-15 14:56:48,752 - Horizon 3, Test MAEall: 23.5893, Test RMSEall: 33.1257, Test MAPEall: 0.3208
2025-05-15 14:56:48,814 - Horizon 4, Test MAE_ob: 24.9698, Test RMSE_ob: 36.1971, Test MAPE_ob: 0.3187
2025-05-15 14:56:48,819 - Horizon 4, Test MAE_un: 25.1425, Test RMSE_un: 35.8984, Test MAPE_un: 0.3048
2025-05-15 14:56:48,824 - Horizon 4, Test MAEall: 24.9985, Test RMSEall: 36.1475, Test MAPEall: 0.3164
2025-05-15 14:56:48,886 - Horizon 5, Test MAE_ob: 26.5054, Test RMSE_ob: 39.1499, Test MAPE_ob: 0.3226
2025-05-15 14:56:48,891 - Horizon 5, Test MAE_un: 27.2977, Test RMSE_un: 39.8802, Test MAPE_un: 0.3130
2025-05-15 14:56:48,896 - Horizon 5, Test MAEall: 26.6369, Test RMSEall: 39.2712, Test MAPEall: 0.3210
2025-05-15 14:56:48,959 - Horizon 6, Test MAE_ob: 27.3401, Test RMSE_ob: 40.9121, Test MAPE_ob: 0.3186
2025-05-15 14:56:48,964 - Horizon 6, Test MAE_un: 28.8133, Test RMSE_un: 42.6431, Test MAPE_un: 0.3136
2025-05-15 14:56:48,969 - Horizon 6, Test MAEall: 27.5847, Test RMSEall: 41.1995, Test MAPEall: 0.3178
2025-05-15 14:56:49,032 - Horizon 7, Test MAE_ob: 28.1438, Test RMSE_ob: 42.4599, Test MAPE_ob: 0.3125
2025-05-15 14:56:49,037 - Horizon 7, Test MAE_un: 30.2056, Test RMSE_un: 45.1141, Test MAPE_un: 0.3126
2025-05-15 14:56:49,042 - Horizon 7, Test MAEall: 28.4861, Test RMSEall: 42.9006, Test MAPEall: 0.3125
2025-05-15 14:56:49,105 - Horizon 8, Test MAE_ob: 29.1645, Test RMSE_ob: 44.2553, Test MAPE_ob: 0.3066
2025-05-15 14:56:49,110 - Horizon 8, Test MAE_un: 32.0036, Test RMSE_un: 48.1634, Test MAPE_un: 0.3137
2025-05-15 14:56:49,114 - Horizon 8, Test MAEall: 29.6359, Test RMSEall: 44.9042, Test MAPEall: 0.3078
2025-05-15 14:56:49,177 - Horizon 9, Test MAE_ob: 30.6301, Test RMSE_ob: 46.5822, Test MAPE_ob: 0.3150
2025-05-15 14:56:49,182 - Horizon 9, Test MAE_un: 34.2422, Test RMSE_un: 51.8992, Test MAPE_un: 0.3268
2025-05-15 14:56:49,187 - Horizon 9, Test MAEall: 31.2298, Test RMSEall: 47.4651, Test MAPEall: 0.3169
2025-05-15 14:56:49,250 - Horizon 10, Test MAE_ob: 31.6050, Test RMSE_ob: 48.0449, Test MAPE_ob: 0.3229
2025-05-15 14:56:49,255 - Horizon 10, Test MAE_un: 36.0057, Test RMSE_un: 54.7571, Test MAPE_un: 0.3374
2025-05-15 14:56:49,260 - Horizon 10, Test MAEall: 32.3357, Test RMSEall: 49.1595, Test MAPEall: 0.3253
2025-05-15 14:56:49,323 - Horizon 11, Test MAE_ob: 32.5562, Test RMSE_ob: 49.6013, Test MAPE_ob: 0.3222
2025-05-15 14:56:49,328 - Horizon 11, Test MAE_un: 37.6240, Test RMSE_un: 57.4088, Test MAPE_un: 0.3404
2025-05-15 14:56:49,332 - Horizon 11, Test MAEall: 33.3977, Test RMSEall: 50.8977, Test MAPEall: 0.3252
2025-05-15 14:56:49,398 - Horizon 12, Test MAE_ob: 33.6700, Test RMSE_ob: 51.3508, Test MAPE_ob: 0.3195
2025-05-15 14:56:49,403 - Horizon 12, Test MAE_un: 39.4207, Test RMSE_un: 60.3114, Test MAPE_un: 0.3403
2025-05-15 14:56:49,407 - Horizon 12, Test MAEall: 34.6249, Test RMSEall: 52.8387, Test MAPEall: 0.3230
2025-05-15 14:56:49,407 - Average Test MAEall: 28.0019, Test RMSEall: 41.2604, Test MAPEall: 0.3203
2025-05-15 14:56:49,407 - Average Test MAE_ob1: 27.6627, Test RMSE_ob: 40.7947, Test MAPE_ob: 0.3206
2025-05-15 14:56:49,408 - Average Test MAE_un: 29.7059, Test RMSE_un: 43.5993, Test MAPE_un: 0.3189
