2025-05-15 14:40:34,937 - Namespace(device='cuda:2', dataset='SD', years='2019', model_name='stone', seed=9, bs=1, seq_len=12, horizon=12, input_dim=3, output_dim=1, order=0, new_node_ratio=0.2, num_val=1, epsilon=0.01, c=10, basis_num=1, KK=2, num_sample=0.01, mode='test', test_ratio=0.1, ood=1, tood=1, max_epochs=100, patience=10, alpha=0.8, beta=0.1, beta0=2, TBlocks_num=5, SBlocks_num=2, Kt=3, Ks_s=1, Ks_t=3, step_size=10, gamma=0.95, adj_type='transition', adp_adj=1, lrate=0.001, wdecay=0.0001, dropout=0.3, clip_grad_value=5, group=7.0, sd_lr=0.01, sample_num=1, update_step=1)
2025-05-15 14:40:34,963 - Adj path: ./data/sd/sd_rn_adj.npy
2025-05-15 14:40:39,313 - Data shape in test set years:(35136, 716, 3)
2025-05-15 14:40:40,403 - Sample num: 7022, Batch num: 7022
2025-05-15 14:40:41,218 - The number of parameters: 746525
2025-05-15 14:44:41,917 - Horizon 1, Test MAE_ob: 21.5223, Test RMSE_ob: 28.7163, Test MAPE_ob: 0.2931
2025-05-15 14:44:41,923 - Horizon 1, Test MAE_un: 22.8492, Test RMSE_un: 30.3081, Test MAPE_un: 0.3326
2025-05-15 14:44:41,928 - Horizon 1, Test MAEall: 21.7427, Test RMSEall: 28.9806, Test MAPEall: 0.2997
2025-05-15 14:44:41,981 - Horizon 2, Test MAE_ob: 22.7097, Test RMSE_ob: 31.4325, Test MAPE_ob: 0.2953
2025-05-15 14:44:41,987 - Horizon 2, Test MAE_un: 24.3350, Test RMSE_un: 33.4817, Test MAPE_un: 0.3403
2025-05-15 14:44:41,992 - Horizon 2, Test MAEall: 22.9796, Test RMSEall: 31.7727, Test MAPEall: 0.3027
2025-05-15 14:44:42,053 - Horizon 3, Test MAE_ob: 23.9128, Test RMSE_ob: 33.8472, Test MAPE_ob: 0.3043
2025-05-15 14:44:42,059 - Horizon 3, Test MAE_un: 26.0312, Test RMSE_un: 36.7628, Test MAPE_un: 0.3547
2025-05-15 14:44:42,064 - Horizon 3, Test MAEall: 24.2646, Test RMSEall: 34.3313, Test MAPEall: 0.3126
2025-05-15 14:44:42,125 - Horizon 4, Test MAE_ob: 24.8459, Test RMSE_ob: 35.8011, Test MAPE_ob: 0.3082
2025-05-15 14:44:42,130 - Horizon 4, Test MAE_un: 27.4485, Test RMSE_un: 39.5143, Test MAPE_un: 0.3657
2025-05-15 14:44:42,135 - Horizon 4, Test MAEall: 25.2780, Test RMSEall: 36.4176, Test MAPEall: 0.3178
2025-05-15 14:44:42,200 - Horizon 5, Test MAE_ob: 26.5837, Test RMSE_ob: 38.8008, Test MAPE_ob: 0.3155
2025-05-15 14:44:42,205 - Horizon 5, Test MAE_un: 29.9020, Test RMSE_un: 43.6656, Test MAPE_un: 0.3844
2025-05-15 14:44:42,210 - Horizon 5, Test MAEall: 27.1347, Test RMSEall: 39.6086, Test MAPEall: 0.3270
2025-05-15 14:44:42,276 - Horizon 6, Test MAE_ob: 28.2072, Test RMSE_ob: 41.2548, Test MAPE_ob: 0.3246
2025-05-15 14:44:42,281 - Horizon 6, Test MAE_un: 32.0866, Test RMSE_un: 47.0501, Test MAPE_un: 0.4033
2025-05-15 14:44:42,285 - Horizon 6, Test MAEall: 28.8514, Test RMSEall: 42.2171, Test MAPEall: 0.3377
2025-05-15 14:44:42,348 - Horizon 7, Test MAE_ob: 29.6860, Test RMSE_ob: 43.2022, Test MAPE_ob: 0.3391
2025-05-15 14:44:42,353 - Horizon 7, Test MAE_un: 34.0305, Test RMSE_un: 49.8004, Test MAPE_un: 0.4248
2025-05-15 14:44:42,358 - Horizon 7, Test MAEall: 30.4074, Test RMSEall: 44.2978, Test MAPEall: 0.3533
2025-05-15 14:44:42,422 - Horizon 8, Test MAE_ob: 30.9539, Test RMSE_ob: 44.8201, Test MAPE_ob: 0.3525
2025-05-15 14:44:42,427 - Horizon 8, Test MAE_un: 35.8524, Test RMSE_un: 52.4035, Test MAPE_un: 0.4457
2025-05-15 14:44:42,431 - Horizon 8, Test MAEall: 31.7672, Test RMSEall: 46.0792, Test MAPEall: 0.3680
2025-05-15 14:44:42,496 - Horizon 9, Test MAE_ob: 32.7486, Test RMSE_ob: 47.2632, Test MAPE_ob: 0.3682
2025-05-15 14:44:42,501 - Horizon 9, Test MAE_un: 38.4187, Test RMSE_un: 56.2044, Test MAPE_un: 0.4693
2025-05-15 14:44:42,505 - Horizon 9, Test MAEall: 33.6901, Test RMSEall: 48.7478, Test MAPEall: 0.3850
2025-05-15 14:44:42,570 - Horizon 10, Test MAE_ob: 34.2683, Test RMSE_ob: 49.3955, Test MAPE_ob: 0.3803
2025-05-15 14:44:42,575 - Horizon 10, Test MAE_un: 40.5274, Test RMSE_un: 59.5034, Test MAPE_un: 0.4835
2025-05-15 14:44:42,580 - Horizon 10, Test MAEall: 35.3076, Test RMSEall: 51.0739, Test MAPEall: 0.3975
2025-05-15 14:44:42,644 - Horizon 11, Test MAE_ob: 35.5309, Test RMSE_ob: 51.1970, Test MAPE_ob: 0.3917
2025-05-15 14:44:42,649 - Horizon 11, Test MAE_un: 42.3296, Test RMSE_un: 62.4024, Test MAPE_un: 0.4948
2025-05-15 14:44:42,653 - Horizon 11, Test MAEall: 36.6598, Test RMSEall: 53.0576, Test MAPEall: 0.4088
2025-05-15 14:44:42,717 - Horizon 12, Test MAE_ob: 36.7204, Test RMSE_ob: 52.9247, Test MAPE_ob: 0.3990
2025-05-15 14:44:42,722 - Horizon 12, Test MAE_un: 44.0434, Test RMSE_un: 65.1812, Test MAPE_un: 0.5018
2025-05-15 14:44:42,726 - Horizon 12, Test MAEall: 37.9364, Test RMSEall: 54.9598, Test MAPEall: 0.4161
2025-05-15 14:44:42,727 - Average Test MAEall: 29.6683, Test RMSEall: 42.6287, Test MAPEall: 0.3522
2025-05-15 14:44:42,727 - Average Test MAE_ob1: 28.9741, Test RMSE_ob: 41.5546, Test MAPE_ob: 0.3393
2025-05-15 14:44:42,727 - Average Test MAE_un: 33.1545, Test RMSE_un: 48.0232, Test MAPE_un: 0.4167
