2025-05-15 01:30:06,211 - Namespace(device='cuda:3', dataset='SD', years='2019', model_name='stone', seed=10, bs=1, seq_len=12, horizon=12, input_dim=3, output_dim=1, order=0, new_node_ratio=0.2, num_val=1, epsilon=0.01, c=10, basis_num=1, KK=2, num_sample=0.01, mode='test', test_ratio=0.1, ood=1, tood=1, max_epochs=100, patience=10, alpha=0.8, beta=0.1, beta0=2, TBlocks_num=5, SBlocks_num=2, Kt=3, Ks_s=1, Ks_t=3, step_size=10, gamma=0.95, adj_type='transition', adp_adj=1, lrate=0.001, wdecay=0.0001, dropout=0.3, clip_grad_value=5, group=7.0, sd_lr=0.001)
2025-05-15 01:30:06,241 - Adj path: ./data/sd/sd_rn_adj.npy
2025-05-15 01:30:10,631 - Data shape in test set years:(35136, 716, 3)
2025-05-15 01:30:11,713 - Sample num: 7022, Batch num: 7022
2025-05-15 01:30:12,521 - The number of parameters: 746525
2025-05-15 01:34:06,994 - Horizon 1, Test MAE_ob: 17.9508, Test RMSE_ob: 24.6818, Test MAPE_ob: 0.2092
2025-05-15 01:34:06,999 - Horizon 1, Test MAE_un: 18.6835, Test RMSE_un: 25.3215, Test MAPE_un: 0.2094
2025-05-15 01:34:07,003 - Horizon 1, Test MAEall: 18.0725, Test RMSEall: 24.7880, Test MAPEall: 0.2092
2025-05-15 01:34:07,049 - Horizon 2, Test MAE_ob: 19.6367, Test RMSE_ob: 27.9101, Test MAPE_ob: 0.2099
2025-05-15 01:34:07,054 - Horizon 2, Test MAE_un: 20.4292, Test RMSE_un: 28.6685, Test MAPE_un: 0.2131
2025-05-15 01:34:07,058 - Horizon 2, Test MAEall: 19.7683, Test RMSEall: 28.0360, Test MAPEall: 0.2105
2025-05-15 01:34:07,117 - Horizon 3, Test MAE_ob: 20.6129, Test RMSE_ob: 30.0983, Test MAPE_ob: 0.2060
2025-05-15 01:34:07,122 - Horizon 3, Test MAE_un: 21.5498, Test RMSE_un: 31.1370, Test MAPE_un: 0.2121
2025-05-15 01:34:07,127 - Horizon 3, Test MAEall: 20.7685, Test RMSEall: 30.2707, Test MAPEall: 0.2070
2025-05-15 01:34:07,187 - Horizon 4, Test MAE_ob: 21.8757, Test RMSE_ob: 32.3961, Test MAPE_ob: 0.2061
2025-05-15 01:34:07,192 - Horizon 4, Test MAE_un: 23.1501, Test RMSE_un: 33.9943, Test MAPE_un: 0.2150
2025-05-15 01:34:07,196 - Horizon 4, Test MAEall: 22.0873, Test RMSEall: 32.6615, Test MAPEall: 0.2076
2025-05-15 01:34:07,260 - Horizon 5, Test MAE_ob: 23.8024, Test RMSE_ob: 35.5759, Test MAPE_ob: 0.2133
2025-05-15 01:34:07,265 - Horizon 5, Test MAE_un: 25.5550, Test RMSE_un: 37.9836, Test MAPE_un: 0.2259
2025-05-15 01:34:07,270 - Horizon 5, Test MAEall: 24.0934, Test RMSEall: 35.9757, Test MAPEall: 0.2154
2025-05-15 01:34:07,333 - Horizon 6, Test MAE_ob: 25.8311, Test RMSE_ob: 38.4199, Test MAPE_ob: 0.2251
2025-05-15 01:34:07,338 - Horizon 6, Test MAE_un: 28.0317, Test RMSE_un: 41.6940, Test MAPE_un: 0.2408
2025-05-15 01:34:07,342 - Horizon 6, Test MAEall: 26.1965, Test RMSEall: 38.9635, Test MAPEall: 0.2277
2025-05-15 01:34:07,405 - Horizon 7, Test MAE_ob: 27.1790, Test RMSE_ob: 40.2881, Test MAPE_ob: 0.2361
2025-05-15 01:34:07,410 - Horizon 7, Test MAE_un: 29.8105, Test RMSE_un: 44.4054, Test MAPE_un: 0.2536
2025-05-15 01:34:07,415 - Horizon 7, Test MAEall: 27.6160, Test RMSEall: 40.9718, Test MAPEall: 0.2390
2025-05-15 01:34:07,475 - Horizon 8, Test MAE_ob: 28.6232, Test RMSE_ob: 42.1841, Test MAPE_ob: 0.2493
2025-05-15 01:34:07,480 - Horizon 8, Test MAE_un: 31.7509, Test RMSE_un: 47.2265, Test MAPE_un: 0.2675
2025-05-15 01:34:07,485 - Horizon 8, Test MAEall: 29.1425, Test RMSEall: 43.0214, Test MAPEall: 0.2523
2025-05-15 01:34:07,546 - Horizon 9, Test MAE_ob: 30.6740, Test RMSE_ob: 44.9448, Test MAPE_ob: 0.2708
2025-05-15 01:34:07,551 - Horizon 9, Test MAE_un: 34.4239, Test RMSE_un: 50.9809, Test MAPE_un: 0.2918
2025-05-15 01:34:07,555 - Horizon 9, Test MAEall: 31.2967, Test RMSEall: 45.9471, Test MAPEall: 0.2743
2025-05-15 01:34:07,616 - Horizon 10, Test MAE_ob: 32.4505, Test RMSE_ob: 47.2392, Test MAPE_ob: 0.2910
2025-05-15 01:34:07,621 - Horizon 10, Test MAE_un: 36.8319, Test RMSE_un: 54.3679, Test MAPE_un: 0.3134
2025-05-15 01:34:07,626 - Horizon 10, Test MAEall: 33.1780, Test RMSEall: 48.4229, Test MAPEall: 0.2947
2025-05-15 01:34:07,684 - Horizon 11, Test MAE_ob: 33.5546, Test RMSE_ob: 48.7749, Test MAPE_ob: 0.3066
2025-05-15 01:34:07,689 - Horizon 11, Test MAE_un: 38.4932, Test RMSE_un: 56.9254, Test MAPE_un: 0.3282
2025-05-15 01:34:07,694 - Horizon 11, Test MAEall: 34.3746, Test RMSEall: 50.1282, Test MAPEall: 0.3102
2025-05-15 01:34:07,753 - Horizon 12, Test MAE_ob: 34.8338, Test RMSE_ob: 50.3484, Test MAPE_ob: 0.3301
2025-05-15 01:34:07,758 - Horizon 12, Test MAE_un: 40.4469, Test RMSE_un: 59.6212, Test MAPE_un: 0.3524
2025-05-15 01:34:07,763 - Horizon 12, Test MAEall: 35.7658, Test RMSEall: 51.8881, Test MAPEall: 0.3338
2025-05-15 01:34:07,763 - Average Test MAEall: 26.8633, Test RMSEall: 39.2562, Test MAPEall: 0.2485
2025-05-15 01:34:07,763 - Average Test MAE_ob1: 26.4187, Test RMSE_ob: 38.5718, Test MAPE_ob: 0.2461
2025-05-15 01:34:07,763 - Average Test MAE_un: 29.0964, Test RMSE_un: 42.6938, Test MAPE_un: 0.2603
