2025-05-15 01:21:34,169 - Namespace(device='cuda:1', dataset='SD', years='2019', model_name='stone', seed=8, bs=1, seq_len=12, horizon=12, input_dim=3, output_dim=1, order=0, new_node_ratio=0.2, num_val=1, epsilon=0.01, c=10, basis_num=1, KK=2, num_sample=0.01, mode='test', test_ratio=0.1, ood=1, tood=1, max_epochs=100, patience=10, alpha=0.8, beta=0.1, beta0=2, TBlocks_num=5, SBlocks_num=2, Kt=3, Ks_s=1, Ks_t=3, step_size=10, gamma=0.95, adj_type='transition', adp_adj=1, lrate=0.001, wdecay=0.0001, dropout=0.3, clip_grad_value=5, group=1.0, sd_lr=0.001)
2025-05-15 01:21:34,207 - Adj path: ./data/sd/sd_rn_adj.npy
2025-05-15 01:21:38,361 - Data shape in test set years:(35136, 716, 3)
2025-05-15 01:21:39,360 - Sample num: 7022, Batch num: 7022
2025-05-15 01:21:40,084 - The number of parameters: 746525
2025-05-15 01:23:55,531 - Horizon 1, Test MAE_ob: 18.7766, Test RMSE_ob: 25.6493, Test MAPE_ob: 0.1944
2025-05-15 01:23:55,536 - Horizon 1, Test MAE_un: 18.0743, Test RMSE_un: 24.1011, Test MAPE_un: 0.1797
2025-05-15 01:23:55,541 - Horizon 1, Test MAEall: 18.6600, Test RMSEall: 25.3922, Test MAPEall: 0.1920
2025-05-15 01:23:55,563 - Horizon 2, Test MAE_ob: 20.2128, Test RMSE_ob: 29.0035, Test MAPE_ob: 0.1983
2025-05-15 01:23:55,568 - Horizon 2, Test MAE_un: 19.5291, Test RMSE_un: 27.2633, Test MAPE_un: 0.1867
2025-05-15 01:23:55,573 - Horizon 2, Test MAEall: 20.0993, Test RMSEall: 28.7145, Test MAPEall: 0.1964
2025-05-15 01:23:55,595 - Horizon 3, Test MAE_ob: 21.5271, Test RMSE_ob: 32.0805, Test MAPE_ob: 0.2007
2025-05-15 01:23:55,600 - Horizon 3, Test MAE_un: 20.9719, Test RMSE_un: 30.3306, Test MAPE_un: 0.1917
2025-05-15 01:23:55,605 - Horizon 3, Test MAEall: 21.4349, Test RMSEall: 31.7899, Test MAPEall: 0.1992
2025-05-15 01:23:55,627 - Horizon 4, Test MAE_ob: 22.7348, Test RMSE_ob: 34.6880, Test MAPE_ob: 0.2068
2025-05-15 01:23:55,632 - Horizon 4, Test MAE_un: 22.7206, Test RMSE_un: 33.6197, Test MAPE_un: 0.2017
2025-05-15 01:23:55,637 - Horizon 4, Test MAEall: 22.7324, Test RMSEall: 34.5106, Test MAPEall: 0.2059
2025-05-15 01:23:55,658 - Horizon 5, Test MAE_ob: 24.2895, Test RMSE_ob: 37.5120, Test MAPE_ob: 0.2171
2025-05-15 01:23:55,663 - Horizon 5, Test MAE_un: 24.9069, Test RMSE_un: 37.4073, Test MAPE_un: 0.2159
2025-05-15 01:23:55,668 - Horizon 5, Test MAEall: 24.3920, Test RMSEall: 37.4946, Test MAPEall: 0.2169
2025-05-15 01:23:55,690 - Horizon 6, Test MAE_ob: 25.3115, Test RMSE_ob: 39.3108, Test MAPE_ob: 0.2246
2025-05-15 01:23:55,695 - Horizon 6, Test MAE_un: 26.6091, Test RMSE_un: 40.2159, Test MAPE_un: 0.2264
2025-05-15 01:23:55,700 - Horizon 6, Test MAEall: 25.5270, Test RMSEall: 39.4611, Test MAPEall: 0.2249
2025-05-15 01:23:55,721 - Horizon 7, Test MAE_ob: 26.5620, Test RMSE_ob: 41.2044, Test MAPE_ob: 0.2385
2025-05-15 01:23:55,726 - Horizon 7, Test MAE_un: 28.3863, Test RMSE_un: 42.9449, Test MAPE_un: 0.2421
2025-05-15 01:23:55,731 - Horizon 7, Test MAEall: 26.8649, Test RMSEall: 41.4934, Test MAPEall: 0.2391
2025-05-15 01:23:55,753 - Horizon 8, Test MAE_ob: 27.8115, Test RMSE_ob: 42.9780, Test MAPE_ob: 0.2546
2025-05-15 01:23:55,758 - Horizon 8, Test MAE_un: 30.4069, Test RMSE_un: 45.9688, Test MAPE_un: 0.2632
2025-05-15 01:23:55,763 - Horizon 8, Test MAEall: 28.2425, Test RMSEall: 43.4746, Test MAPEall: 0.2560
2025-05-15 01:23:55,785 - Horizon 9, Test MAE_ob: 29.3673, Test RMSE_ob: 45.3222, Test MAPE_ob: 0.2702
2025-05-15 01:23:55,790 - Horizon 9, Test MAE_un: 32.7401, Test RMSE_un: 49.7754, Test MAPE_un: 0.2828
2025-05-15 01:23:55,794 - Horizon 9, Test MAEall: 29.9274, Test RMSEall: 46.0617, Test MAPEall: 0.2723
2025-05-15 01:23:55,816 - Horizon 10, Test MAE_ob: 30.4707, Test RMSE_ob: 46.9435, Test MAPE_ob: 0.2824
2025-05-15 01:23:55,821 - Horizon 10, Test MAE_un: 34.6411, Test RMSE_un: 52.8620, Test MAPE_un: 0.2976
2025-05-15 01:23:55,825 - Horizon 10, Test MAEall: 31.1632, Test RMSEall: 47.9262, Test MAPEall: 0.2849
2025-05-15 01:23:55,847 - Horizon 11, Test MAE_ob: 31.7000, Test RMSE_ob: 48.6717, Test MAPE_ob: 0.2971
2025-05-15 01:23:55,853 - Horizon 11, Test MAE_un: 36.5199, Test RMSE_un: 55.7425, Test MAPE_un: 0.3141
2025-05-15 01:23:55,857 - Horizon 11, Test MAEall: 32.5003, Test RMSEall: 49.8458, Test MAPEall: 0.2999
2025-05-15 01:23:55,879 - Horizon 12, Test MAE_ob: 32.9881, Test RMSE_ob: 50.4210, Test MAPE_ob: 0.3134
2025-05-15 01:23:55,884 - Horizon 12, Test MAE_un: 38.5991, Test RMSE_un: 58.7345, Test MAPE_un: 0.3333
2025-05-15 01:23:55,889 - Horizon 12, Test MAEall: 33.9198, Test RMSEall: 51.8014, Test MAPEall: 0.3167
2025-05-15 01:23:55,889 - Average Test MAEall: 26.2886, Test RMSEall: 39.8305, Test MAPEall: 0.2420
2025-05-15 01:23:55,889 - Average Test MAE_ob1: 25.9793, Test RMSE_ob: 39.4821, Test MAPE_ob: 0.2415
2025-05-15 01:23:55,889 - Average Test MAE_un: 27.8421, Test RMSE_un: 41.5805, Test MAPE_un: 0.2446
