2025-05-10 23:40:37,916 - Namespace(device='cuda:2', dataset='SD', years='2019', model_name='stone', seed=8, bs=1, seq_len=12, horizon=12, input_dim=3, output_dim=1, order=0, new_node_ratio=0.2, num_val=1, epsilon=0.01, c=10, basis_num=1, KK=2, num_sample=0.01, mode='test', test_ratio=0.1, ood=1, tood=1, max_epochs=100, patience=10, alpha=0.8, beta=0.1, beta0=2, TBlocks_num=5, SBlocks_num=2, Kt=3, Ks_s=1, Ks_t=3, step_size=10, gamma=0.95, adj_type='transition', adp_adj=1, lrate=0.001, wdecay=0.0001, dropout=0.3, clip_grad_value=5)
2025-05-10 23:40:37,938 - Adj path: ./data/sd/sd_rn_adj.npy
2025-05-10 23:41:01,818 - Data shape in test set years:(35136, 716, 3)
2025-05-10 23:41:02,895 - Sample num: 7022, Batch num: 7022
2025-05-10 23:41:03,684 - The number of parameters: 746525
2025-05-10 23:59:58,838 - Horizon 1, Test MAE_ob: 18.8556, Test RMSE_ob: 25.5457, Test MAPE_ob: 0.2164
2025-05-10 23:59:58,844 - Horizon 1, Test MAE_un: 18.1235, Test RMSE_un: 23.8838, Test MAPE_un: 0.2009
2025-05-10 23:59:58,849 - Horizon 1, Test MAEall: 18.7340, Test RMSEall: 25.2698, Test MAPEall: 0.2138
2025-05-10 23:59:58,900 - Horizon 2, Test MAE_ob: 20.3870, Test RMSE_ob: 29.0951, Test MAPE_ob: 0.2191
2025-05-10 23:59:58,905 - Horizon 2, Test MAE_un: 19.7064, Test RMSE_un: 27.3095, Test MAPE_un: 0.2061
2025-05-10 23:59:58,910 - Horizon 2, Test MAEall: 20.2740, Test RMSEall: 28.7986, Test MAPEall: 0.2169
2025-05-10 23:59:58,971 - Horizon 3, Test MAE_ob: 21.6618, Test RMSE_ob: 32.1518, Test MAPE_ob: 0.2178
2025-05-10 23:59:58,977 - Horizon 3, Test MAE_un: 21.1917, Test RMSE_un: 30.5010, Test MAPE_un: 0.2081
2025-05-10 23:59:58,982 - Horizon 3, Test MAEall: 21.5837, Test RMSEall: 31.8777, Test MAPEall: 0.2162
2025-05-10 23:59:59,043 - Horizon 4, Test MAE_ob: 22.9272, Test RMSE_ob: 34.8915, Test MAPE_ob: 0.2202
2025-05-10 23:59:59,048 - Horizon 4, Test MAE_un: 23.0230, Test RMSE_un: 34.0212, Test MAPE_un: 0.2153
2025-05-10 23:59:59,053 - Horizon 4, Test MAEall: 22.9431, Test RMSEall: 34.7470, Test MAPEall: 0.2194
2025-05-10 23:59:59,116 - Horizon 5, Test MAE_ob: 24.4637, Test RMSE_ob: 37.7402, Test MAPE_ob: 0.2281
2025-05-10 23:59:59,121 - Horizon 5, Test MAE_un: 25.2030, Test RMSE_un: 37.9249, Test MAPE_un: 0.2276
2025-05-10 23:59:59,126 - Horizon 5, Test MAEall: 24.5864, Test RMSEall: 37.7709, Test MAPEall: 0.2280
2025-05-10 23:59:59,189 - Horizon 6, Test MAE_ob: 25.4095, Test RMSE_ob: 39.4794, Test MAPE_ob: 0.2311
2025-05-10 23:59:59,194 - Horizon 6, Test MAE_un: 26.8184, Test RMSE_un: 40.6734, Test MAPE_un: 0.2344
2025-05-10 23:59:59,199 - Horizon 6, Test MAEall: 25.6435, Test RMSEall: 39.6777, Test MAPEall: 0.2317
2025-05-10 23:59:59,261 - Horizon 7, Test MAE_ob: 26.5305, Test RMSE_ob: 41.2347, Test MAPE_ob: 0.2379
2025-05-10 23:59:59,267 - Horizon 7, Test MAE_un: 28.4475, Test RMSE_un: 43.2584, Test MAPE_un: 0.2437
2025-05-10 23:59:59,271 - Horizon 7, Test MAEall: 26.8488, Test RMSEall: 41.5708, Test MAPEall: 0.2389
2025-05-10 23:59:59,334 - Horizon 8, Test MAE_ob: 27.6936, Test RMSE_ob: 42.9355, Test MAPE_ob: 0.2459
2025-05-10 23:59:59,339 - Horizon 8, Test MAE_un: 30.3602, Test RMSE_un: 46.1913, Test MAPE_un: 0.2567
2025-05-10 23:59:59,344 - Horizon 8, Test MAEall: 28.1364, Test RMSEall: 43.4761, Test MAPEall: 0.2477
2025-05-10 23:59:59,407 - Horizon 9, Test MAE_ob: 29.2000, Test RMSE_ob: 45.1612, Test MAPE_ob: 0.2581
2025-05-10 23:59:59,412 - Horizon 9, Test MAE_un: 32.6087, Test RMSE_un: 49.8108, Test MAPE_un: 0.2717
2025-05-10 23:59:59,417 - Horizon 9, Test MAEall: 29.7660, Test RMSEall: 45.9333, Test MAPEall: 0.2603
2025-05-10 23:59:59,479 - Horizon 10, Test MAE_ob: 30.3094, Test RMSE_ob: 46.7096, Test MAPE_ob: 0.2679
2025-05-10 23:59:59,484 - Horizon 10, Test MAE_un: 34.4541, Test RMSE_un: 52.7258, Test MAPE_un: 0.2829
2025-05-10 23:59:59,489 - Horizon 10, Test MAEall: 30.9976, Test RMSEall: 47.7086, Test MAPEall: 0.2704
2025-05-10 23:59:59,552 - Horizon 11, Test MAE_ob: 31.4750, Test RMSE_ob: 48.3652, Test MAPE_ob: 0.2777
2025-05-10 23:59:59,557 - Horizon 11, Test MAE_un: 36.2354, Test RMSE_un: 55.4161, Test MAPE_un: 0.2944
2025-05-10 23:59:59,562 - Horizon 11, Test MAEall: 32.2654, Test RMSEall: 49.5359, Test MAPEall: 0.2805
2025-05-10 23:59:59,625 - Horizon 12, Test MAE_ob: 32.6891, Test RMSE_ob: 50.0959, Test MAPE_ob: 0.2864
2025-05-10 23:59:59,630 - Horizon 12, Test MAE_un: 38.1085, Test RMSE_un: 58.2126, Test MAPE_un: 0.3048
2025-05-10 23:59:59,635 - Horizon 12, Test MAEall: 33.5889, Test RMSEall: 51.4437, Test MAPEall: 0.2895
2025-05-10 23:59:59,635 - Average Test MAEall: 26.2807, Test RMSEall: 39.8175, Test MAPEall: 0.2428
2025-05-10 23:59:59,635 - Average Test MAE_ob1: 25.9669, Test RMSE_ob: 39.4505, Test MAPE_ob: 0.2422
2025-05-10 23:59:59,635 - Average Test MAE_un: 27.8567, Test RMSE_un: 41.6607, Test MAPE_un: 0.2455
