2023-11-30 04:19:49,999 - Namespace(device='cuda:2', dataset='PEMS08', fewshot=100, prompt=False, years='2016', seed=2021, bs=64, seq_len=12, horizon=12, input_dim=3, output_dim=1, mode='train', max_epochs=100, patience=10, model_name='stnorm', tnorm_bool=True, snorm_bool=True, channels=32, kernel_size=2, blocks=4, layers=2, lrate=0.001, wdecay=0.0001, dropout=0.1, clip_grad_value=5)
2023-11-30 04:19:50,103 - Data shape: (17856, 170, 3)
2023-11-30 04:19:50,205 - Sample num: 10700, Batch num: 167
2023-11-30 04:19:50,398 - Sample num: 3567, Batch num: 55
2023-11-30 04:19:50,573 - Sample num: 3566, Batch num: 55
2023-11-30 04:19:52,236 - The arc of model:
STNORM(
  (filter_convs): ModuleList(
    (0): Conv2d(96, 32, kernel_size=(1, 2), stride=(1, 1))
    (1): Conv2d(96, 32, kernel_size=(1, 2), stride=(1, 1), dilation=(2, 2))
    (2): Conv2d(96, 32, kernel_size=(1, 2), stride=(1, 1))
    (3): Conv2d(96, 32, kernel_size=(1, 2), stride=(1, 1), dilation=(2, 2))
    (4): Conv2d(96, 32, kernel_size=(1, 2), stride=(1, 1))
    (5): Conv2d(96, 32, kernel_size=(1, 2), stride=(1, 1), dilation=(2, 2))
    (6): Conv2d(96, 32, kernel_size=(1, 2), stride=(1, 1))
    (7): Conv2d(96, 32, kernel_size=(1, 2), stride=(1, 1), dilation=(2, 2))
  )
  (gate_convs): ModuleList(
    (0): Conv2d(96, 32, kernel_size=(1, 2), stride=(1, 1))
    (1): Conv2d(96, 32, kernel_size=(1, 2), stride=(1, 1), dilation=(2, 2))
    (2): Conv2d(96, 32, kernel_size=(1, 2), stride=(1, 1))
    (3): Conv2d(96, 32, kernel_size=(1, 2), stride=(1, 1), dilation=(2, 2))
    (4): Conv2d(96, 32, kernel_size=(1, 2), stride=(1, 1))
    (5): Conv2d(96, 32, kernel_size=(1, 2), stride=(1, 1), dilation=(2, 2))
    (6): Conv2d(96, 32, kernel_size=(1, 2), stride=(1, 1))
    (7): Conv2d(96, 32, kernel_size=(1, 2), stride=(1, 1), dilation=(2, 2))
  )
  (residual_convs): ModuleList(
    (0-7): 8 x Conv2d(32, 32, kernel_size=(1, 1), stride=(1, 1))
  )
  (skip_convs): ModuleList(
    (0-7): 8 x Conv2d(32, 32, kernel_size=(1, 1), stride=(1, 1))
  )
  (sn): ModuleList(
    (0-7): 8 x SNorm()
  )
  (tn): ModuleList(
    (0-7): 8 x TNorm()
  )
  (start_conv): Conv2d(3, 32, kernel_size=(1, 1), stride=(1, 1))
  (end_conv_1): Conv2d(32, 32, kernel_size=(1, 1), stride=(1, 1))
  (end_conv_2): Conv2d(32, 12, kernel_size=(1, 1), stride=(1, 1))
)
2023-11-30 04:19:52,237 - The number of parameters: 204844
2023-11-30 04:19:52,237 - Start training!
2023-11-30 04:20:14,915 - Epoch: 001, Train Loss: 32.5583, Train RMSE: 47.6511, Train MAPE: 0.3867, Valid Loss: 21.3811, Valid RMSE: 33.1061, Valid MAPE: 0.1534, Train Time: 21.0096s/epoch, Valid Time: 1.6688s, LR: 1.0000e-03
2023-11-30 04:20:14,929 - Val loss decrease from inf to 21.3811
2023-11-30 04:20:36,483 - Epoch: 002, Train Loss: 19.7391, Train RMSE: 30.7255, Train MAPE: 0.1428, Valid Loss: 19.3352, Valid RMSE: 30.6323, Valid MAPE: 0.1334, Train Time: 19.8788s/epoch, Valid Time: 1.6751s, LR: 1.0000e-03
2023-11-30 04:20:36,494 - Val loss decrease from 21.3811 to 19.3352
2023-11-30 04:20:57,412 - Epoch: 003, Train Loss: 18.3048, Train RMSE: 28.9510, Train MAPE: 0.1267, Valid Loss: 17.9796, Valid RMSE: 28.2252, Valid MAPE: 0.1326, Train Time: 19.3188s/epoch, Valid Time: 1.5992s, LR: 1.0000e-03
2023-11-30 04:20:57,428 - Val loss decrease from 19.3352 to 17.9796
2023-11-30 04:21:19,363 - Epoch: 004, Train Loss: 17.6666, Train RMSE: 27.9459, Train MAPE: 0.1251, Valid Loss: 17.8577, Valid RMSE: 27.9949, Valid MAPE: 0.1321, Train Time: 20.3314s/epoch, Valid Time: 1.6034s, LR: 1.0000e-03
2023-11-30 04:21:19,371 - Val loss decrease from 17.9796 to 17.8577
2023-11-30 04:21:41,396 - Epoch: 005, Train Loss: 17.2237, Train RMSE: 27.3747, Train MAPE: 0.1183, Valid Loss: 17.0476, Valid RMSE: 27.0615, Valid MAPE: 0.1294, Train Time: 20.3834s/epoch, Valid Time: 1.6416s, LR: 1.0000e-03
2023-11-30 04:21:41,424 - Val loss decrease from 17.8577 to 17.0476
2023-11-30 04:22:02,248 - Epoch: 006, Train Loss: 16.7505, Train RMSE: 26.7730, Train MAPE: 0.1133, Valid Loss: 17.0585, Valid RMSE: 26.9495, Valid MAPE: 0.1303, Train Time: 19.2865s/epoch, Valid Time: 1.5375s, LR: 1.0000e-03
2023-11-30 04:22:22,054 - Epoch: 007, Train Loss: 16.4874, Train RMSE: 26.3780, Train MAPE: 0.1125, Valid Loss: 16.8962, Valid RMSE: 26.5139, Valid MAPE: 0.1236, Train Time: 18.1597s/epoch, Valid Time: 1.6460s, LR: 1.0000e-03
2023-11-30 04:22:22,062 - Val loss decrease from 17.0476 to 16.8962
2023-11-30 04:22:42,998 - Epoch: 008, Train Loss: 16.3972, Train RMSE: 26.2118, Train MAPE: 0.1121, Valid Loss: 16.7411, Valid RMSE: 26.4111, Valid MAPE: 0.1238, Train Time: 19.3156s/epoch, Valid Time: 1.6201s, LR: 1.0000e-03
2023-11-30 04:22:43,005 - Val loss decrease from 16.8962 to 16.7411
2023-11-30 04:23:05,000 - Epoch: 009, Train Loss: 16.1874, Train RMSE: 25.9356, Train MAPE: 0.1111, Valid Loss: 16.8902, Valid RMSE: 26.3885, Valid MAPE: 0.1324, Train Time: 20.3310s/epoch, Valid Time: 1.6636s, LR: 1.0000e-03
2023-11-30 04:23:26,901 - Epoch: 010, Train Loss: 15.9974, Train RMSE: 25.7093, Train MAPE: 0.1083, Valid Loss: 16.5273, Valid RMSE: 26.1427, Valid MAPE: 0.1188, Train Time: 20.3187s/epoch, Valid Time: 1.5819s, LR: 1.0000e-03
2023-11-30 04:23:26,909 - Val loss decrease from 16.7411 to 16.5273
2023-11-30 04:23:48,550 - Epoch: 011, Train Loss: 15.7459, Train RMSE: 25.3952, Train MAPE: 0.1061, Valid Loss: 16.4686, Valid RMSE: 26.2817, Valid MAPE: 0.1221, Train Time: 19.9896s/epoch, Valid Time: 1.6509s, LR: 1.0000e-03
2023-11-30 04:23:48,557 - Val loss decrease from 16.5273 to 16.4686
2023-11-30 04:24:10,040 - Epoch: 012, Train Loss: 15.6165, Train RMSE: 25.2193, Train MAPE: 0.1057, Valid Loss: 16.2774, Valid RMSE: 25.9411, Valid MAPE: 0.1252, Train Time: 19.8518s/epoch, Valid Time: 1.6308s, LR: 1.0000e-03
2023-11-30 04:24:10,047 - Val loss decrease from 16.4686 to 16.2774
2023-11-30 04:24:30,145 - Epoch: 013, Train Loss: 15.5514, Train RMSE: 25.1097, Train MAPE: 0.1058, Valid Loss: 16.3584, Valid RMSE: 26.0709, Valid MAPE: 0.1339, Train Time: 18.5069s/epoch, Valid Time: 1.5902s, LR: 1.0000e-03
2023-11-30 04:24:52,070 - Epoch: 014, Train Loss: 15.4157, Train RMSE: 24.9325, Train MAPE: 0.1046, Valid Loss: 16.1660, Valid RMSE: 25.8528, Valid MAPE: 0.1385, Train Time: 20.2508s/epoch, Valid Time: 1.6742s, LR: 1.0000e-03
2023-11-30 04:24:52,078 - Val loss decrease from 16.2774 to 16.1660
2023-11-30 04:25:13,429 - Epoch: 015, Train Loss: 15.3018, Train RMSE: 24.7789, Train MAPE: 0.1041, Valid Loss: 16.2781, Valid RMSE: 25.9893, Valid MAPE: 0.1492, Train Time: 19.7100s/epoch, Valid Time: 1.6409s, LR: 1.0000e-03
2023-11-30 04:25:33,258 - Epoch: 016, Train Loss: 15.2134, Train RMSE: 24.6659, Train MAPE: 0.1040, Valid Loss: 16.1959, Valid RMSE: 25.9840, Valid MAPE: 0.1251, Train Time: 18.2493s/epoch, Valid Time: 1.5795s, LR: 1.0000e-03
2023-11-30 04:25:54,797 - Epoch: 017, Train Loss: 15.1454, Train RMSE: 24.5730, Train MAPE: 0.1034, Valid Loss: 16.1942, Valid RMSE: 26.1085, Valid MAPE: 0.1263, Train Time: 19.9055s/epoch, Valid Time: 1.6328s, LR: 1.0000e-03
2023-11-30 04:26:15,999 - Epoch: 018, Train Loss: 15.0104, Train RMSE: 24.4150, Train MAPE: 0.1017, Valid Loss: 16.0819, Valid RMSE: 25.8148, Valid MAPE: 0.1240, Train Time: 19.5273s/epoch, Valid Time: 1.6747s, LR: 1.0000e-03
2023-11-30 04:26:16,007 - Val loss decrease from 16.1660 to 16.0819
2023-11-30 04:26:37,987 - Epoch: 019, Train Loss: 14.9932, Train RMSE: 24.3726, Train MAPE: 0.1017, Valid Loss: 15.7419, Valid RMSE: 25.7378, Valid MAPE: 0.1220, Train Time: 20.3164s/epoch, Valid Time: 1.6636s, LR: 1.0000e-03
2023-11-30 04:26:37,995 - Val loss decrease from 16.0819 to 15.7419
2023-11-30 04:26:59,896 - Epoch: 020, Train Loss: 14.9001, Train RMSE: 24.2513, Train MAPE: 0.1005, Valid Loss: 15.9678, Valid RMSE: 26.1472, Valid MAPE: 0.1232, Train Time: 20.2578s/epoch, Valid Time: 1.6431s, LR: 1.0000e-03
2023-11-30 04:27:21,409 - Epoch: 021, Train Loss: 14.8047, Train RMSE: 24.1305, Train MAPE: 0.1008, Valid Loss: 15.9416, Valid RMSE: 25.9640, Valid MAPE: 0.1224, Train Time: 19.8649s/epoch, Valid Time: 1.6475s, LR: 1.0000e-03
2023-11-30 04:27:42,811 - Epoch: 022, Train Loss: 14.7181, Train RMSE: 24.0302, Train MAPE: 0.0990, Valid Loss: 15.9661, Valid RMSE: 26.1622, Valid MAPE: 0.1240, Train Time: 19.8097s/epoch, Valid Time: 1.5920s, LR: 1.0000e-03
2023-11-30 04:28:04,154 - Epoch: 023, Train Loss: 14.6762, Train RMSE: 23.9746, Train MAPE: 0.0982, Valid Loss: 15.8450, Valid RMSE: 25.8715, Valid MAPE: 0.1232, Train Time: 19.6334s/epoch, Valid Time: 1.7093s, LR: 1.0000e-03
2023-11-30 04:28:25,552 - Epoch: 024, Train Loss: 14.6557, Train RMSE: 23.9310, Train MAPE: 0.0989, Valid Loss: 15.7044, Valid RMSE: 25.9392, Valid MAPE: 0.1227, Train Time: 19.7381s/epoch, Valid Time: 1.6594s, LR: 1.0000e-03
2023-11-30 04:28:25,560 - Val loss decrease from 15.7419 to 15.7044
2023-11-30 04:28:44,796 - Epoch: 025, Train Loss: 14.5618, Train RMSE: 23.8087, Train MAPE: 0.0984, Valid Loss: 15.9272, Valid RMSE: 25.9515, Valid MAPE: 0.1267, Train Time: 17.7296s/epoch, Valid Time: 1.5062s, LR: 1.0000e-03
2023-11-30 04:29:06,172 - Epoch: 026, Train Loss: 14.5128, Train RMSE: 23.7392, Train MAPE: 0.0984, Valid Loss: 15.8150, Valid RMSE: 26.1321, Valid MAPE: 0.1268, Train Time: 19.7756s/epoch, Valid Time: 1.6005s, LR: 1.0000e-03
2023-11-30 04:29:26,961 - Epoch: 027, Train Loss: 14.5228, Train RMSE: 23.7227, Train MAPE: 0.0985, Valid Loss: 16.0673, Valid RMSE: 25.9192, Valid MAPE: 0.1321, Train Time: 19.2982s/epoch, Valid Time: 1.4901s, LR: 1.0000e-03
2023-11-30 04:29:48,949 - Epoch: 028, Train Loss: 14.4376, Train RMSE: 23.6202, Train MAPE: 0.0978, Valid Loss: 15.7430, Valid RMSE: 26.0601, Valid MAPE: 0.1294, Train Time: 20.3436s/epoch, Valid Time: 1.6441s, LR: 1.0000e-03
2023-11-30 04:30:10,969 - Epoch: 029, Train Loss: 14.3591, Train RMSE: 23.5344, Train MAPE: 0.0967, Valid Loss: 15.7028, Valid RMSE: 25.8716, Valid MAPE: 0.1299, Train Time: 20.3754s/epoch, Valid Time: 1.6446s, LR: 1.0000e-03
2023-11-30 04:30:10,977 - Val loss decrease from 15.7044 to 15.7028
2023-11-30 04:30:36,909 - Epoch: 030, Train Loss: 14.3435, Train RMSE: 23.5062, Train MAPE: 0.0970, Valid Loss: 15.8682, Valid RMSE: 26.2941, Valid MAPE: 0.1316, Train Time: 24.1406s/epoch, Valid Time: 1.7909s, LR: 1.0000e-03
2023-11-30 04:31:03,725 - Epoch: 031, Train Loss: 14.2803, Train RMSE: 23.4123, Train MAPE: 0.0973, Valid Loss: 15.8837, Valid RMSE: 26.1350, Valid MAPE: 0.1410, Train Time: 24.9600s/epoch, Valid Time: 1.8561s, LR: 1.0000e-03
2023-11-30 04:31:30,080 - Epoch: 032, Train Loss: 14.2759, Train RMSE: 23.4073, Train MAPE: 0.0960, Valid Loss: 15.6747, Valid RMSE: 25.9289, Valid MAPE: 0.1275, Train Time: 24.5445s/epoch, Valid Time: 1.8101s, LR: 1.0000e-03
2023-11-30 04:31:30,087 - Val loss decrease from 15.7028 to 15.6747
2023-11-30 04:31:56,999 - Epoch: 033, Train Loss: 14.2482, Train RMSE: 23.3490, Train MAPE: 0.0961, Valid Loss: 15.5912, Valid RMSE: 25.8608, Valid MAPE: 0.1275, Train Time: 25.1538s/epoch, Valid Time: 1.7579s, LR: 1.0000e-03
2023-11-30 04:31:57,007 - Val loss decrease from 15.6747 to 15.5912
2023-11-30 04:32:22,746 - Epoch: 034, Train Loss: 14.2137, Train RMSE: 23.3059, Train MAPE: 0.0964, Valid Loss: 15.6945, Valid RMSE: 25.9232, Valid MAPE: 0.1277, Train Time: 23.9932s/epoch, Valid Time: 1.7455s, LR: 1.0000e-03
2023-11-30 04:32:49,636 - Epoch: 035, Train Loss: 14.1509, Train RMSE: 23.2495, Train MAPE: 0.0944, Valid Loss: 15.7758, Valid RMSE: 26.0649, Valid MAPE: 0.1296, Train Time: 25.0770s/epoch, Valid Time: 1.8122s, LR: 1.0000e-03
2023-11-30 04:33:16,637 - Epoch: 036, Train Loss: 14.1050, Train RMSE: 23.1806, Train MAPE: 0.0943, Valid Loss: 15.5018, Valid RMSE: 25.7193, Valid MAPE: 0.1240, Train Time: 25.1672s/epoch, Valid Time: 1.8340s, LR: 1.0000e-03
2023-11-30 04:33:16,645 - Val loss decrease from 15.5912 to 15.5018
2023-11-30 04:33:42,168 - Epoch: 037, Train Loss: 14.0417, Train RMSE: 23.1016, Train MAPE: 0.0938, Valid Loss: 15.8667, Valid RMSE: 26.2050, Valid MAPE: 0.1376, Train Time: 23.7045s/epoch, Valid Time: 1.8180s, LR: 1.0000e-03
2023-11-30 04:34:06,281 - Epoch: 038, Train Loss: 14.0511, Train RMSE: 23.0964, Train MAPE: 0.0944, Valid Loss: 15.6952, Valid RMSE: 26.1836, Valid MAPE: 0.1389, Train Time: 22.3515s/epoch, Valid Time: 1.7614s, LR: 1.0000e-03
2023-11-30 04:34:31,163 - Epoch: 039, Train Loss: 14.0105, Train RMSE: 23.0317, Train MAPE: 0.0947, Valid Loss: 15.7123, Valid RMSE: 26.0882, Valid MAPE: 0.1352, Train Time: 23.1246s/epoch, Valid Time: 1.7571s, LR: 1.0000e-03
2023-11-30 04:34:55,895 - Epoch: 040, Train Loss: 13.9764, Train RMSE: 22.9950, Train MAPE: 0.0937, Valid Loss: 15.6703, Valid RMSE: 26.1253, Valid MAPE: 0.1310, Train Time: 22.9735s/epoch, Valid Time: 1.7581s, LR: 1.0000e-03
2023-11-30 04:35:20,346 - Epoch: 041, Train Loss: 13.9920, Train RMSE: 22.9914, Train MAPE: 0.0940, Valid Loss: 15.4975, Valid RMSE: 25.5344, Valid MAPE: 0.1268, Train Time: 22.6775s/epoch, Valid Time: 1.7726s, LR: 1.0000e-03
2023-11-30 04:35:20,353 - Val loss decrease from 15.5018 to 15.4975
2023-11-30 04:35:44,131 - Epoch: 042, Train Loss: 13.9065, Train RMSE: 22.8964, Train MAPE: 0.0936, Valid Loss: 15.4693, Valid RMSE: 25.7247, Valid MAPE: 0.1360, Train Time: 21.9629s/epoch, Valid Time: 1.8147s, LR: 1.0000e-03
2023-11-30 04:35:44,139 - Val loss decrease from 15.4975 to 15.4693
2023-11-30 04:36:09,720 - Epoch: 043, Train Loss: 13.8999, Train RMSE: 22.8725, Train MAPE: 0.0936, Valid Loss: 15.5559, Valid RMSE: 25.9871, Valid MAPE: 0.1241, Train Time: 23.8123s/epoch, Valid Time: 1.7690s, LR: 1.0000e-03
2023-11-30 04:36:36,021 - Epoch: 044, Train Loss: 13.8538, Train RMSE: 22.8210, Train MAPE: 0.0932, Valid Loss: 15.8071, Valid RMSE: 26.0131, Valid MAPE: 0.1243, Train Time: 24.4658s/epoch, Valid Time: 1.8345s, LR: 1.0000e-03
2023-11-30 04:37:03,089 - Epoch: 045, Train Loss: 13.8500, Train RMSE: 22.8186, Train MAPE: 0.0924, Valid Loss: 15.3640, Valid RMSE: 25.7036, Valid MAPE: 0.1225, Train Time: 25.3127s/epoch, Valid Time: 1.7555s, LR: 1.0000e-03
2023-11-30 04:37:03,097 - Val loss decrease from 15.4693 to 15.3640
2023-11-30 04:37:29,954 - Epoch: 046, Train Loss: 13.8117, Train RMSE: 22.7632, Train MAPE: 0.0924, Valid Loss: 15.7571, Valid RMSE: 26.0237, Valid MAPE: 0.1251, Train Time: 25.0806s/epoch, Valid Time: 1.7768s, LR: 1.0000e-03
2023-11-30 04:37:56,449 - Epoch: 047, Train Loss: 13.7899, Train RMSE: 22.7288, Train MAPE: 0.0922, Valid Loss: 15.4456, Valid RMSE: 25.7814, Valid MAPE: 0.1246, Train Time: 24.7012s/epoch, Valid Time: 1.7933s, LR: 1.0000e-03
2023-11-30 04:38:23,909 - Epoch: 048, Train Loss: 13.7864, Train RMSE: 22.7344, Train MAPE: 0.0918, Valid Loss: 15.3087, Valid RMSE: 25.4986, Valid MAPE: 0.1203, Train Time: 25.6605s/epoch, Valid Time: 1.7992s, LR: 1.0000e-03
2023-11-30 04:38:23,918 - Val loss decrease from 15.3640 to 15.3087
2023-11-30 04:38:51,230 - Epoch: 049, Train Loss: 13.7555, Train RMSE: 22.6697, Train MAPE: 0.0921, Valid Loss: 15.5231, Valid RMSE: 25.9758, Valid MAPE: 0.1360, Train Time: 25.5018s/epoch, Valid Time: 1.8101s, LR: 1.0000e-03
2023-11-30 04:39:16,838 - Epoch: 050, Train Loss: 13.7184, Train RMSE: 22.6143, Train MAPE: 0.0925, Valid Loss: 15.4030, Valid RMSE: 25.9219, Valid MAPE: 0.1271, Train Time: 23.8016s/epoch, Valid Time: 1.8067s, LR: 1.0000e-03
2023-11-30 04:39:40,573 - Epoch: 051, Train Loss: 13.6991, Train RMSE: 22.5905, Train MAPE: 0.0914, Valid Loss: 15.6308, Valid RMSE: 26.0138, Valid MAPE: 0.1257, Train Time: 21.9635s/epoch, Valid Time: 1.7706s, LR: 1.0000e-03
2023-11-30 04:40:03,616 - Epoch: 052, Train Loss: 13.6931, Train RMSE: 22.5771, Train MAPE: 0.0919, Valid Loss: 15.5107, Valid RMSE: 25.8618, Valid MAPE: 0.1224, Train Time: 21.3233s/epoch, Valid Time: 1.7198s, LR: 1.0000e-03
2023-11-30 04:40:27,090 - Epoch: 053, Train Loss: 13.6653, Train RMSE: 22.5445, Train MAPE: 0.0915, Valid Loss: 15.6678, Valid RMSE: 26.1919, Valid MAPE: 0.1266, Train Time: 21.6861s/epoch, Valid Time: 1.7875s, LR: 1.0000e-03
2023-11-30 04:40:52,051 - Epoch: 054, Train Loss: 13.6506, Train RMSE: 22.5175, Train MAPE: 0.0915, Valid Loss: 15.5291, Valid RMSE: 25.9217, Valid MAPE: 0.1235, Train Time: 23.1731s/epoch, Valid Time: 1.7879s, LR: 1.0000e-03
2023-11-30 04:41:17,646 - Epoch: 055, Train Loss: 13.6351, Train RMSE: 22.5145, Train MAPE: 0.0904, Valid Loss: 15.6378, Valid RMSE: 26.0771, Valid MAPE: 0.1233, Train Time: 23.7276s/epoch, Valid Time: 1.8667s, LR: 1.0000e-03
2023-11-30 04:41:44,474 - Epoch: 056, Train Loss: 13.6243, Train RMSE: 22.4859, Train MAPE: 0.0908, Valid Loss: 15.5019, Valid RMSE: 25.9492, Valid MAPE: 0.1247, Train Time: 24.9916s/epoch, Valid Time: 1.8359s, LR: 1.0000e-03
2023-11-30 04:42:10,852 - Epoch: 057, Train Loss: 13.6143, Train RMSE: 22.4758, Train MAPE: 0.0911, Valid Loss: 15.4578, Valid RMSE: 25.9003, Valid MAPE: 0.1245, Train Time: 24.5420s/epoch, Valid Time: 1.8355s, LR: 1.0000e-03
2023-11-30 04:42:38,063 - Epoch: 058, Train Loss: 13.6074, Train RMSE: 22.4496, Train MAPE: 0.0905, Valid Loss: 15.4963, Valid RMSE: 25.8523, Valid MAPE: 0.1248, Train Time: 25.3856s/epoch, Valid Time: 1.8252s, LR: 1.0000e-03
2023-11-30 04:42:38,063 - Early stop at epoch 58, loss = 15.308694
2023-11-30 04:42:40,758 - Horizon 1, Test MAE: 13.1364, Test RMSE: 20.3320, Test MAPE: 0.0844
2023-11-30 04:42:40,762 - Horizon 2, Test MAE: 13.8456, Test RMSE: 21.6802, Test MAPE: 0.0880
2023-11-30 04:42:40,765 - Horizon 3, Test MAE: 14.4795, Test RMSE: 22.8083, Test MAPE: 0.0950
2023-11-30 04:42:40,768 - Horizon 4, Test MAE: 14.7914, Test RMSE: 23.6985, Test MAPE: 0.0941
2023-11-30 04:42:40,771 - Horizon 5, Test MAE: 15.1811, Test RMSE: 24.4168, Test MAPE: 0.0969
2023-11-30 04:42:40,774 - Horizon 6, Test MAE: 15.3315, Test RMSE: 24.8784, Test MAPE: 0.0979
2023-11-30 04:42:40,777 - Horizon 7, Test MAE: 15.5777, Test RMSE: 25.3791, Test MAPE: 0.0992
2023-11-30 04:42:40,780 - Horizon 8, Test MAE: 15.7897, Test RMSE: 25.8226, Test MAPE: 0.1004
2023-11-30 04:42:40,784 - Horizon 9, Test MAE: 15.9157, Test RMSE: 26.1266, Test MAPE: 0.1014
2023-11-30 04:42:40,787 - Horizon 10, Test MAE: 16.1058, Test RMSE: 26.5052, Test MAPE: 0.1031
2023-11-30 04:42:40,790 - Horizon 11, Test MAE: 16.2449, Test RMSE: 26.7714, Test MAPE: 0.1052
2023-11-30 04:42:40,793 - Horizon 12, Test MAE: 16.5656, Test RMSE: 27.1562, Test MAPE: 0.1088
2023-11-30 04:42:40,793 - Average Test MAE: 15.2471, Test RMSE: 24.6313, Test MAPE: 0.0979
