2025-05-08 01:09:30,094 - Namespace(device='cuda:2', dataset='URBANEV', fewshot=100, eval_method='norm', years='2022', seed=2017, bs=64, seq_len=12, horizon=12, input_dim=3, output_dim=1, mode='train', max_epochs=100, patience=10, model_name='sttn', adj_type='doubletransition', blocks=2, mlp_expand=2, hid_dim=32, end_dim=512, lrate=0.001, wdecay=0.0001, dropout=0.1, clip_grad_value=5)
2025-05-08 01:09:30,095 - Adj path: /home/weichen/stg_project/LargeST/data/urbanev/urbanev_rn_adj.npy
2025-05-08 01:09:30,370 - Data shape: (4344, 275, 3)
2025-05-08 01:09:30,416 - Sample num: 2593, Batch num: 40
2025-05-08 01:09:30,462 - Sample num: 864, Batch num: 13
2025-05-08 01:09:30,508 - Sample num: 864, Batch num: 13
2025-05-08 01:09:31,545 - The arc of model:
STTN(
  (t_modules): ModuleList(
    (0-1): 2 x TemporalTransformer(
      (layers): ModuleList(
        (0): ModuleList(
          (0): TemporalAttention(
            (qkv): Linear(in_features=32, out_features=96, bias=False)
            (attn_drop): Dropout(p=0.1, inplace=False)
            (proj): Linear(in_features=32, out_features=32, bias=True)
            (proj_drop): Dropout(p=0.1, inplace=False)
          )
          (1): PreNorm(
            (norm): LayerNorm((32,), eps=1e-05, elementwise_affine=True)
            (fn): FeedForward(
              (net): Sequential(
                (0): Linear(in_features=32, out_features=64, bias=True)
                (1): GELU(approximate='none')
                (2): Dropout(p=0.1, inplace=False)
                (3): Linear(in_features=64, out_features=32, bias=True)
                (4): Dropout(p=0.1, inplace=False)
              )
            )
          )
        )
      )
    )
  )
  (s_modules): ModuleList(
    (0-1): 2 x SpatialTransformer(
      (layers): ModuleList(
        (0): ModuleList(
          (0): SpatialAttention(
            (qkv): Linear(in_features=32, out_features=96, bias=False)
            (attn_drop): Dropout(p=0.1, inplace=False)
            (proj): Linear(in_features=32, out_features=32, bias=True)
            (proj_drop): Dropout(p=0.1, inplace=False)
          )
          (1): PreNorm(
            (norm): LayerNorm((32,), eps=1e-05, elementwise_affine=True)
            (fn): FeedForward(
              (net): Sequential(
                (0): Linear(in_features=32, out_features=64, bias=True)
                (1): GELU(approximate='none')
                (2): Dropout(p=0.1, inplace=False)
                (3): Linear(in_features=64, out_features=32, bias=True)
                (4): Dropout(p=0.1, inplace=False)
              )
            )
          )
          (2): GCN(
            (nconv): nconv()
            (mlp): linear(
              (mlp): Conv2d(160, 32, kernel_size=(1, 1), stride=(1, 1))
            )
          )
        )
      )
    )
  )
  (bn): ModuleList(
    (0-1): 2 x BatchNorm2d(32, eps=1e-05, momentum=0.1, affine=True, track_running_stats=True)
  )
  (start_conv): Conv2d(3, 32, kernel_size=(1, 1), stride=(1, 1))
  (end_conv_1): Conv2d(32, 512, kernel_size=(1, 1), stride=(1, 1))
  (end_conv_2): Conv2d(512, 12, kernel_size=(1, 1), stride=(1, 1))
)
2025-05-08 01:09:31,545 - Number of total parameters: 85516, tunable parameters: 85516
2025-05-08 01:09:31,546 - The number of parameters: 85516
2025-05-08 01:09:31,546 - Start training!
2025-05-08 01:09:55,546 - Epoch: 001, Train Loss: 7.2972, Train RMSE: 12.0432, Train MAPE: 0.8229, Valid Loss: 4.2302, Valid RMSE: 7.5211, Valid MAPE: 0.4246, Train Time: 21.1121s/epoch, Valid Time: 2.8884s, LR: 1.0000e-03
2025-05-08 01:09:55,552 - Val loss decrease from inf to 4.2302
2025-05-08 01:10:27,956 - Epoch: 002, Train Loss: 4.5924, Train RMSE: 8.3259, Train MAPE: 0.4315, Valid Loss: 3.7006, Valid RMSE: 6.5221, Valid MAPE: 0.3414, Train Time: 29.5669s/epoch, Valid Time: 2.8375s, LR: 1.0000e-03
2025-05-08 01:10:27,962 - Val loss decrease from 4.2302 to 3.7006
2025-05-08 01:11:00,518 - Epoch: 003, Train Loss: 4.1240, Train RMSE: 7.4871, Train MAPE: 0.3831, Valid Loss: 3.6496, Valid RMSE: 6.3975, Valid MAPE: 0.3393, Train Time: 29.6604s/epoch, Valid Time: 2.8956s, LR: 1.0000e-03
2025-05-08 01:11:00,523 - Val loss decrease from 3.7006 to 3.6496
2025-05-08 01:11:33,109 - Epoch: 004, Train Loss: 3.8861, Train RMSE: 7.0098, Train MAPE: 0.3676, Valid Loss: 3.4743, Valid RMSE: 6.0268, Valid MAPE: 0.3556, Train Time: 29.6617s/epoch, Valid Time: 2.9240s, LR: 1.0000e-03
2025-05-08 01:11:33,114 - Val loss decrease from 3.6496 to 3.4743
2025-05-08 01:12:05,773 - Epoch: 005, Train Loss: 3.7490, Train RMSE: 6.7738, Train MAPE: 0.3550, Valid Loss: 3.2854, Valid RMSE: 5.7628, Valid MAPE: 0.3155, Train Time: 29.7676s/epoch, Valid Time: 2.8908s, LR: 1.0000e-03
2025-05-08 01:12:05,778 - Val loss decrease from 3.4743 to 3.2854
2025-05-08 01:12:38,336 - Epoch: 006, Train Loss: 3.6143, Train RMSE: 6.5609, Train MAPE: 0.3399, Valid Loss: 3.2169, Valid RMSE: 5.6351, Valid MAPE: 0.2977, Train Time: 29.6527s/epoch, Valid Time: 2.9054s, LR: 1.0000e-03
2025-05-08 01:12:38,342 - Val loss decrease from 3.2854 to 3.2169
2025-05-08 01:13:10,823 - Epoch: 007, Train Loss: 3.5186, Train RMSE: 6.3860, Train MAPE: 0.3335, Valid Loss: 3.1692, Valid RMSE: 5.5763, Valid MAPE: 0.3122, Train Time: 29.6108s/epoch, Valid Time: 2.8706s, LR: 1.0000e-03
2025-05-08 01:13:10,831 - Val loss decrease from 3.2169 to 3.1692
2025-05-08 01:13:43,363 - Epoch: 008, Train Loss: 3.4549, Train RMSE: 6.2925, Train MAPE: 0.3259, Valid Loss: 3.4522, Valid RMSE: 6.2174, Valid MAPE: 0.3311, Train Time: 29.6589s/epoch, Valid Time: 2.8728s, LR: 1.0000e-03
2025-05-08 01:14:15,961 - Epoch: 009, Train Loss: 3.4197, Train RMSE: 6.2188, Train MAPE: 0.3261, Valid Loss: 2.9850, Valid RMSE: 5.2892, Valid MAPE: 0.2870, Train Time: 29.6843s/epoch, Valid Time: 2.9135s, LR: 1.0000e-03
2025-05-08 01:14:15,967 - Val loss decrease from 3.1692 to 2.9850
2025-05-08 01:14:48,563 - Epoch: 010, Train Loss: 3.3447, Train RMSE: 6.1089, Train MAPE: 0.3164, Valid Loss: 2.9616, Valid RMSE: 5.2574, Valid MAPE: 0.2824, Train Time: 29.7436s/epoch, Valid Time: 2.8524s, LR: 1.0000e-03
2025-05-08 01:14:48,569 - Val loss decrease from 2.9850 to 2.9616
2025-05-08 01:15:21,202 - Epoch: 011, Train Loss: 3.2940, Train RMSE: 6.0230, Train MAPE: 0.3109, Valid Loss: 3.0227, Valid RMSE: 5.3392, Valid MAPE: 0.3123, Train Time: 29.7683s/epoch, Valid Time: 2.8647s, LR: 1.0000e-03
2025-05-08 01:15:53,894 - Epoch: 012, Train Loss: 3.2715, Train RMSE: 5.9671, Train MAPE: 0.3134, Valid Loss: 2.9568, Valid RMSE: 5.1379, Valid MAPE: 0.3405, Train Time: 29.8191s/epoch, Valid Time: 2.8731s, LR: 1.0000e-03
2025-05-08 01:15:53,900 - Val loss decrease from 2.9616 to 2.9568
2025-05-08 01:16:26,452 - Epoch: 013, Train Loss: 3.2323, Train RMSE: 5.9246, Train MAPE: 0.3076, Valid Loss: 3.0669, Valid RMSE: 5.5068, Valid MAPE: 0.3015, Train Time: 29.6911s/epoch, Valid Time: 2.8611s, LR: 1.0000e-03
2025-05-08 01:16:59,146 - Epoch: 014, Train Loss: 3.2152, Train RMSE: 5.8866, Train MAPE: 0.3066, Valid Loss: 3.0460, Valid RMSE: 5.4745, Valid MAPE: 0.2958, Train Time: 29.7829s/epoch, Valid Time: 2.9106s, LR: 1.0000e-03
2025-05-08 01:17:31,714 - Epoch: 015, Train Loss: 3.1719, Train RMSE: 5.8409, Train MAPE: 0.3006, Valid Loss: 2.8820, Valid RMSE: 5.1628, Valid MAPE: 0.2794, Train Time: 29.6990s/epoch, Valid Time: 2.8692s, LR: 1.0000e-03
2025-05-08 01:17:31,719 - Val loss decrease from 2.9568 to 2.8820
2025-05-08 01:18:04,349 - Epoch: 016, Train Loss: 3.1573, Train RMSE: 5.8015, Train MAPE: 0.3015, Valid Loss: 2.8939, Valid RMSE: 5.2040, Valid MAPE: 0.2679, Train Time: 29.7187s/epoch, Valid Time: 2.9107s, LR: 1.0000e-03
2025-05-08 01:18:36,954 - Epoch: 017, Train Loss: 3.1630, Train RMSE: 5.8399, Train MAPE: 0.2988, Valid Loss: 2.7594, Valid RMSE: 4.9044, Valid MAPE: 0.2624, Train Time: 29.7165s/epoch, Valid Time: 2.8880s, LR: 1.0000e-03
2025-05-08 01:18:36,959 - Val loss decrease from 2.8820 to 2.7594
2025-05-08 01:19:09,575 - Epoch: 018, Train Loss: 3.1239, Train RMSE: 5.7301, Train MAPE: 0.3023, Valid Loss: 2.8066, Valid RMSE: 5.0561, Valid MAPE: 0.2744, Train Time: 29.7345s/epoch, Valid Time: 2.8814s, LR: 1.0000e-03
2025-05-08 01:19:42,228 - Epoch: 019, Train Loss: 3.0745, Train RMSE: 5.6978, Train MAPE: 0.2894, Valid Loss: 2.9452, Valid RMSE: 5.3340, Valid MAPE: 0.2858, Train Time: 29.7777s/epoch, Valid Time: 2.8756s, LR: 1.0000e-03
2025-05-08 01:20:14,860 - Epoch: 020, Train Loss: 3.0939, Train RMSE: 5.6991, Train MAPE: 0.2967, Valid Loss: 2.7649, Valid RMSE: 4.9240, Valid MAPE: 0.2923, Train Time: 29.7371s/epoch, Valid Time: 2.8939s, LR: 1.0000e-03
2025-05-08 01:20:47,377 - Epoch: 021, Train Loss: 3.0374, Train RMSE: 5.6216, Train MAPE: 0.2898, Valid Loss: 2.9122, Valid RMSE: 5.3308, Valid MAPE: 0.2636, Train Time: 29.6670s/epoch, Valid Time: 2.8499s, LR: 1.0000e-03
2025-05-08 01:21:20,075 - Epoch: 022, Train Loss: 3.0283, Train RMSE: 5.5788, Train MAPE: 0.2909, Valid Loss: 2.7638, Valid RMSE: 5.0155, Valid MAPE: 0.2608, Train Time: 29.8204s/epoch, Valid Time: 2.8781s, LR: 1.0000e-03
2025-05-08 01:21:49,679 - Epoch: 023, Train Loss: 3.0028, Train RMSE: 5.6022, Train MAPE: 0.2819, Valid Loss: 2.7150, Valid RMSE: 4.8704, Valid MAPE: 0.2803, Train Time: 27.2468s/epoch, Valid Time: 2.3567s, LR: 1.0000e-03
2025-05-08 01:21:49,684 - Val loss decrease from 2.7594 to 2.7150
2025-05-08 01:22:15,975 - Epoch: 024, Train Loss: 3.0120, Train RMSE: 5.5667, Train MAPE: 0.2875, Valid Loss: 2.8341, Valid RMSE: 5.0171, Valid MAPE: 0.3093, Train Time: 23.9211s/epoch, Valid Time: 2.3688s, LR: 1.0000e-03
2025-05-08 01:22:42,163 - Epoch: 025, Train Loss: 2.9731, Train RMSE: 5.5218, Train MAPE: 0.2841, Valid Loss: 2.9050, Valid RMSE: 5.1902, Valid MAPE: 0.2931, Train Time: 23.8603s/epoch, Valid Time: 2.3282s, LR: 1.0000e-03
2025-05-08 01:23:08,343 - Epoch: 026, Train Loss: 2.9789, Train RMSE: 5.5200, Train MAPE: 0.2849, Valid Loss: 2.8552, Valid RMSE: 5.1070, Valid MAPE: 0.2987, Train Time: 23.8627s/epoch, Valid Time: 2.3163s, LR: 1.0000e-03
2025-05-08 01:23:34,529 - Epoch: 027, Train Loss: 2.9416, Train RMSE: 5.4809, Train MAPE: 0.2782, Valid Loss: 2.7266, Valid RMSE: 4.8916, Valid MAPE: 0.2840, Train Time: 23.8013s/epoch, Valid Time: 2.3846s, LR: 1.0000e-03
2025-05-08 01:24:00,757 - Epoch: 028, Train Loss: 2.9450, Train RMSE: 5.4768, Train MAPE: 0.2803, Valid Loss: 2.8121, Valid RMSE: 5.0904, Valid MAPE: 0.2725, Train Time: 23.9005s/epoch, Valid Time: 2.3280s, LR: 1.0000e-03
2025-05-08 01:24:26,889 - Epoch: 029, Train Loss: 2.9257, Train RMSE: 5.4569, Train MAPE: 0.2767, Valid Loss: 2.9204, Valid RMSE: 5.3843, Valid MAPE: 0.2771, Train Time: 23.7987s/epoch, Valid Time: 2.3332s, LR: 1.0000e-03
2025-05-08 01:24:53,121 - Epoch: 030, Train Loss: 2.9171, Train RMSE: 5.4610, Train MAPE: 0.2754, Valid Loss: 2.7938, Valid RMSE: 5.1016, Valid MAPE: 0.2666, Train Time: 23.9068s/epoch, Valid Time: 2.3250s, LR: 1.0000e-03
2025-05-08 01:25:19,387 - Epoch: 031, Train Loss: 2.8854, Train RMSE: 5.4082, Train MAPE: 0.2705, Valid Loss: 2.7669, Valid RMSE: 5.0383, Valid MAPE: 0.2729, Train Time: 23.8868s/epoch, Valid Time: 2.3790s, LR: 1.0000e-03
2025-05-08 01:25:45,538 - Epoch: 032, Train Loss: 2.8912, Train RMSE: 5.4209, Train MAPE: 0.2719, Valid Loss: 2.7121, Valid RMSE: 4.8133, Valid MAPE: 0.2986, Train Time: 23.8253s/epoch, Valid Time: 2.3251s, LR: 1.0000e-03
2025-05-08 01:25:45,543 - Val loss decrease from 2.7150 to 2.7121
2025-05-08 01:26:11,699 - Epoch: 033, Train Loss: 2.8868, Train RMSE: 5.3728, Train MAPE: 0.2763, Valid Loss: 2.7702, Valid RMSE: 4.9501, Valid MAPE: 0.2949, Train Time: 23.8169s/epoch, Valid Time: 2.3384s, LR: 1.0000e-03
2025-05-08 01:26:38,000 - Epoch: 034, Train Loss: 2.8594, Train RMSE: 5.3567, Train MAPE: 0.2705, Valid Loss: 2.7139, Valid RMSE: 4.9434, Valid MAPE: 0.2537, Train Time: 23.9203s/epoch, Valid Time: 2.3806s, LR: 1.0000e-03
2025-05-08 01:27:04,230 - Epoch: 035, Train Loss: 2.8780, Train RMSE: 5.3923, Train MAPE: 0.2708, Valid Loss: 2.7505, Valid RMSE: 4.9488, Valid MAPE: 0.2522, Train Time: 23.8798s/epoch, Valid Time: 2.3503s, LR: 1.0000e-03
2025-05-08 01:27:30,293 - Epoch: 036, Train Loss: 2.8628, Train RMSE: 5.3634, Train MAPE: 0.2710, Valid Loss: 2.7350, Valid RMSE: 4.9797, Valid MAPE: 0.2499, Train Time: 23.8971s/epoch, Valid Time: 2.1654s, LR: 1.0000e-03
2025-05-08 01:27:50,317 - Epoch: 037, Train Loss: 2.8243, Train RMSE: 5.3020, Train MAPE: 0.2667, Valid Loss: 2.6422, Valid RMSE: 4.8604, Valid MAPE: 0.2548, Train Time: 18.2041s/epoch, Valid Time: 1.8194s, LR: 1.0000e-03
2025-05-08 01:27:50,322 - Val loss decrease from 2.7121 to 2.6422
2025-05-08 01:28:10,187 - Epoch: 038, Train Loss: 2.8474, Train RMSE: 5.3442, Train MAPE: 0.2703, Valid Loss: 2.6743, Valid RMSE: 4.9064, Valid MAPE: 0.2468, Train Time: 18.0544s/epoch, Valid Time: 1.8100s, LR: 1.0000e-03
2025-05-08 01:28:30,085 - Epoch: 039, Train Loss: 2.8372, Train RMSE: 5.3269, Train MAPE: 0.2681, Valid Loss: 2.7056, Valid RMSE: 4.8322, Valid MAPE: 0.2788, Train Time: 18.0669s/epoch, Valid Time: 1.8309s, LR: 1.0000e-03
2025-05-08 01:28:49,949 - Epoch: 040, Train Loss: 2.8250, Train RMSE: 5.3117, Train MAPE: 0.2654, Valid Loss: 2.6529, Valid RMSE: 4.9033, Valid MAPE: 0.2476, Train Time: 18.0331s/epoch, Valid Time: 1.8308s, LR: 1.0000e-03
2025-05-08 01:29:09,840 - Epoch: 041, Train Loss: 2.8187, Train RMSE: 5.2963, Train MAPE: 0.2661, Valid Loss: 2.7322, Valid RMSE: 4.9518, Valid MAPE: 0.2706, Train Time: 18.0735s/epoch, Valid Time: 1.8177s, LR: 1.0000e-03
2025-05-08 01:29:29,756 - Epoch: 042, Train Loss: 2.7948, Train RMSE: 5.2540, Train MAPE: 0.2632, Valid Loss: 2.7521, Valid RMSE: 4.9210, Valid MAPE: 0.3034, Train Time: 18.1078s/epoch, Valid Time: 1.8075s, LR: 1.0000e-03
2025-05-08 01:29:49,686 - Epoch: 043, Train Loss: 2.7882, Train RMSE: 5.2478, Train MAPE: 0.2642, Valid Loss: 2.6689, Valid RMSE: 4.8658, Valid MAPE: 0.2551, Train Time: 18.1028s/epoch, Valid Time: 1.8274s, LR: 1.0000e-03
2025-05-08 01:30:09,593 - Epoch: 044, Train Loss: 2.8016, Train RMSE: 5.2544, Train MAPE: 0.2657, Valid Loss: 2.6391, Valid RMSE: 4.8409, Valid MAPE: 0.2472, Train Time: 18.0834s/epoch, Valid Time: 1.8231s, LR: 1.0000e-03
2025-05-08 01:30:09,599 - Val loss decrease from 2.6422 to 2.6391
2025-05-08 01:30:29,463 - Epoch: 045, Train Loss: 2.7848, Train RMSE: 5.2317, Train MAPE: 0.2623, Valid Loss: 2.6367, Valid RMSE: 4.8320, Valid MAPE: 0.2537, Train Time: 18.0365s/epoch, Valid Time: 1.8277s, LR: 1.0000e-03
2025-05-08 01:30:29,468 - Val loss decrease from 2.6391 to 2.6367
2025-05-08 01:30:49,342 - Epoch: 046, Train Loss: 2.7712, Train RMSE: 5.2193, Train MAPE: 0.2610, Valid Loss: 2.6772, Valid RMSE: 4.9018, Valid MAPE: 0.2627, Train Time: 18.0557s/epoch, Valid Time: 1.8182s, LR: 1.0000e-03
2025-05-08 01:31:09,253 - Epoch: 047, Train Loss: 2.7645, Train RMSE: 5.2086, Train MAPE: 0.2611, Valid Loss: 2.7519, Valid RMSE: 4.9593, Valid MAPE: 0.2843, Train Time: 18.0812s/epoch, Valid Time: 1.8293s, LR: 1.0000e-03
2025-05-08 01:31:29,145 - Epoch: 048, Train Loss: 2.7701, Train RMSE: 5.2272, Train MAPE: 0.2603, Valid Loss: 2.6693, Valid RMSE: 4.8208, Valid MAPE: 0.2908, Train Time: 18.0553s/epoch, Valid Time: 1.8369s, LR: 1.0000e-03
2025-05-08 01:31:49,001 - Epoch: 049, Train Loss: 2.7718, Train RMSE: 5.2305, Train MAPE: 0.2608, Valid Loss: 2.6448, Valid RMSE: 4.8197, Valid MAPE: 0.2695, Train Time: 18.0384s/epoch, Valid Time: 1.8169s, LR: 1.0000e-03
2025-05-08 01:32:08,937 - Epoch: 050, Train Loss: 2.7601, Train RMSE: 5.2100, Train MAPE: 0.2593, Valid Loss: 2.6858, Valid RMSE: 4.9357, Valid MAPE: 0.2502, Train Time: 18.1003s/epoch, Valid Time: 1.8351s, LR: 1.0000e-03
2025-05-08 01:32:28,833 - Epoch: 051, Train Loss: 2.8189, Train RMSE: 5.2526, Train MAPE: 0.2718, Valid Loss: 2.6109, Valid RMSE: 4.7659, Valid MAPE: 0.2431, Train Time: 18.0814s/epoch, Valid Time: 1.8149s, LR: 1.0000e-03
2025-05-08 01:32:28,838 - Val loss decrease from 2.6367 to 2.6109
2025-05-08 01:32:48,768 - Epoch: 052, Train Loss: 2.7728, Train RMSE: 5.2371, Train MAPE: 0.2614, Valid Loss: 2.6606, Valid RMSE: 4.7573, Valid MAPE: 0.2992, Train Time: 18.0937s/epoch, Valid Time: 1.8357s, LR: 1.0000e-03
2025-05-08 01:33:08,633 - Epoch: 053, Train Loss: 2.7231, Train RMSE: 5.1625, Train MAPE: 0.2577, Valid Loss: 2.6185, Valid RMSE: 4.8071, Valid MAPE: 0.2712, Train Time: 18.0556s/epoch, Valid Time: 1.8090s, LR: 1.0000e-03
2025-05-08 01:33:28,513 - Epoch: 054, Train Loss: 2.7370, Train RMSE: 5.1716, Train MAPE: 0.2588, Valid Loss: 2.6064, Valid RMSE: 4.7715, Valid MAPE: 0.2397, Train Time: 18.0570s/epoch, Valid Time: 1.8230s, LR: 1.0000e-03
2025-05-08 01:33:28,518 - Val loss decrease from 2.6109 to 2.6064
2025-05-08 01:33:48,386 - Epoch: 055, Train Loss: 2.7309, Train RMSE: 5.1465, Train MAPE: 0.2607, Valid Loss: 2.6289, Valid RMSE: 4.8322, Valid MAPE: 0.2452, Train Time: 18.0542s/epoch, Valid Time: 1.8135s, LR: 1.0000e-03
2025-05-08 01:34:08,264 - Epoch: 056, Train Loss: 2.7362, Train RMSE: 5.1795, Train MAPE: 0.2569, Valid Loss: 2.6223, Valid RMSE: 4.8190, Valid MAPE: 0.2511, Train Time: 18.0509s/epoch, Valid Time: 1.8269s, LR: 1.0000e-03
2025-05-08 01:34:28,101 - Epoch: 057, Train Loss: 2.7289, Train RMSE: 5.1448, Train MAPE: 0.2575, Valid Loss: 2.6487, Valid RMSE: 4.8368, Valid MAPE: 0.2407, Train Time: 18.0247s/epoch, Valid Time: 1.8127s, LR: 1.0000e-03
2025-05-08 01:34:47,949 - Epoch: 058, Train Loss: 2.7234, Train RMSE: 5.1434, Train MAPE: 0.2579, Valid Loss: 2.5988, Valid RMSE: 4.7883, Valid MAPE: 0.2489, Train Time: 18.0351s/epoch, Valid Time: 1.8121s, LR: 1.0000e-03
2025-05-08 01:34:47,954 - Val loss decrease from 2.6064 to 2.5988
2025-05-08 01:35:07,811 - Epoch: 059, Train Loss: 2.6997, Train RMSE: 5.1164, Train MAPE: 0.2535, Valid Loss: 2.6679, Valid RMSE: 4.9229, Valid MAPE: 0.2593, Train Time: 18.0372s/epoch, Valid Time: 1.8192s, LR: 1.0000e-03
2025-05-08 01:35:27,702 - Epoch: 060, Train Loss: 2.7187, Train RMSE: 5.1483, Train MAPE: 0.2563, Valid Loss: 2.5972, Valid RMSE: 4.7650, Valid MAPE: 0.2412, Train Time: 18.0703s/epoch, Valid Time: 1.8207s, LR: 1.0000e-03
2025-05-08 01:35:27,707 - Val loss decrease from 2.5988 to 2.5972
2025-05-08 01:35:47,582 - Epoch: 061, Train Loss: 2.7158, Train RMSE: 5.1565, Train MAPE: 0.2537, Valid Loss: 2.6751, Valid RMSE: 4.9460, Valid MAPE: 0.2487, Train Time: 18.0496s/epoch, Valid Time: 1.8249s, LR: 1.0000e-03
2025-05-08 01:36:07,451 - Epoch: 062, Train Loss: 2.7173, Train RMSE: 5.1410, Train MAPE: 0.2549, Valid Loss: 2.6423, Valid RMSE: 4.8070, Valid MAPE: 0.2742, Train Time: 18.0342s/epoch, Valid Time: 1.8342s, LR: 1.0000e-03
2025-05-08 01:36:27,397 - Epoch: 063, Train Loss: 2.6995, Train RMSE: 5.1390, Train MAPE: 0.2517, Valid Loss: 2.6978, Valid RMSE: 4.9726, Valid MAPE: 0.2592, Train Time: 18.1120s/epoch, Valid Time: 1.8342s, LR: 1.0000e-03
2025-05-08 01:36:47,275 - Epoch: 064, Train Loss: 2.7133, Train RMSE: 5.1572, Train MAPE: 0.2522, Valid Loss: 2.7407, Valid RMSE: 4.9513, Valid MAPE: 0.2988, Train Time: 18.0622s/epoch, Valid Time: 1.8161s, LR: 1.0000e-03
2025-05-08 01:37:07,199 - Epoch: 065, Train Loss: 2.6755, Train RMSE: 5.0975, Train MAPE: 0.2515, Valid Loss: 2.6137, Valid RMSE: 4.8038, Valid MAPE: 0.2670, Train Time: 18.0915s/epoch, Valid Time: 1.8323s, LR: 1.0000e-03
2025-05-08 01:37:27,096 - Epoch: 066, Train Loss: 2.6848, Train RMSE: 5.0966, Train MAPE: 0.2522, Valid Loss: 2.5652, Valid RMSE: 4.6866, Valid MAPE: 0.2426, Train Time: 18.0738s/epoch, Valid Time: 1.8226s, LR: 1.0000e-03
2025-05-08 01:37:27,102 - Val loss decrease from 2.5972 to 2.5652
2025-05-08 01:37:46,975 - Epoch: 067, Train Loss: 2.6811, Train RMSE: 5.0917, Train MAPE: 0.2515, Valid Loss: 2.6629, Valid RMSE: 4.9148, Valid MAPE: 0.2545, Train Time: 18.0535s/epoch, Valid Time: 1.8197s, LR: 1.0000e-03
2025-05-08 01:38:06,833 - Epoch: 068, Train Loss: 2.6805, Train RMSE: 5.0959, Train MAPE: 0.2512, Valid Loss: 2.6892, Valid RMSE: 4.9360, Valid MAPE: 0.2621, Train Time: 18.0378s/epoch, Valid Time: 1.8202s, LR: 1.0000e-03
2025-05-08 01:38:26,772 - Epoch: 069, Train Loss: 2.6818, Train RMSE: 5.0857, Train MAPE: 0.2524, Valid Loss: 2.5914, Valid RMSE: 4.7353, Valid MAPE: 0.2699, Train Time: 18.1115s/epoch, Valid Time: 1.8271s, LR: 1.0000e-03
2025-05-08 01:38:44,865 - Epoch: 070, Train Loss: 2.6500, Train RMSE: 5.0445, Train MAPE: 0.2489, Valid Loss: 2.6387, Valid RMSE: 4.8972, Valid MAPE: 0.2477, Train Time: 16.7707s/epoch, Valid Time: 1.3226s, LR: 1.0000e-03
2025-05-08 01:38:58,139 - Epoch: 071, Train Loss: 2.6663, Train RMSE: 5.0741, Train MAPE: 0.2491, Valid Loss: 2.5908, Valid RMSE: 4.7724, Valid MAPE: 0.2377, Train Time: 11.9523s/epoch, Valid Time: 1.3211s, LR: 1.0000e-03
2025-05-08 01:39:11,397 - Epoch: 072, Train Loss: 2.6693, Train RMSE: 5.0743, Train MAPE: 0.2502, Valid Loss: 2.6527, Valid RMSE: 4.8050, Valid MAPE: 0.2881, Train Time: 11.9267s/epoch, Valid Time: 1.3308s, LR: 1.0000e-03
2025-05-08 01:39:24,573 - Epoch: 073, Train Loss: 2.6566, Train RMSE: 5.0408, Train MAPE: 0.2520, Valid Loss: 2.6401, Valid RMSE: 4.8818, Valid MAPE: 0.2568, Train Time: 11.9130s/epoch, Valid Time: 1.2634s, LR: 1.0000e-03
2025-05-08 01:39:37,753 - Epoch: 074, Train Loss: 2.6536, Train RMSE: 5.0644, Train MAPE: 0.2474, Valid Loss: 2.6101, Valid RMSE: 4.8440, Valid MAPE: 0.2477, Train Time: 11.9225s/epoch, Valid Time: 1.2565s, LR: 1.0000e-03
2025-05-08 01:39:51,056 - Epoch: 075, Train Loss: 2.6540, Train RMSE: 5.0525, Train MAPE: 0.2494, Valid Loss: 2.6604, Valid RMSE: 4.8594, Valid MAPE: 0.2779, Train Time: 11.9749s/epoch, Valid Time: 1.3280s, LR: 1.0000e-03
2025-05-08 01:40:04,290 - Epoch: 076, Train Loss: 2.6436, Train RMSE: 5.0378, Train MAPE: 0.2484, Valid Loss: 2.5633, Valid RMSE: 4.7183, Valid MAPE: 0.2424, Train Time: 11.9115s/epoch, Valid Time: 1.3219s, LR: 1.0000e-03
2025-05-08 01:40:04,295 - Val loss decrease from 2.5652 to 2.5633
2025-05-08 01:40:17,715 - Epoch: 077, Train Loss: 2.6282, Train RMSE: 5.0183, Train MAPE: 0.2461, Valid Loss: 2.6321, Valid RMSE: 4.8976, Valid MAPE: 0.2416, Train Time: 12.1095s/epoch, Valid Time: 1.3102s, LR: 1.0000e-03
2025-05-08 01:40:31,285 - Epoch: 078, Train Loss: 2.6345, Train RMSE: 5.0323, Train MAPE: 0.2470, Valid Loss: 2.6053, Valid RMSE: 4.8635, Valid MAPE: 0.2362, Train Time: 12.2700s/epoch, Valid Time: 1.3002s, LR: 1.0000e-03
2025-05-08 01:40:44,874 - Epoch: 079, Train Loss: 2.6251, Train RMSE: 5.0254, Train MAPE: 0.2455, Valid Loss: 2.6836, Valid RMSE: 4.9282, Valid MAPE: 0.2616, Train Time: 12.2719s/epoch, Valid Time: 1.3173s, LR: 1.0000e-03
2025-05-08 01:40:58,443 - Epoch: 080, Train Loss: 2.6402, Train RMSE: 5.0452, Train MAPE: 0.2464, Valid Loss: 2.6064, Valid RMSE: 4.8321, Valid MAPE: 0.2383, Train Time: 12.2536s/epoch, Valid Time: 1.3147s, LR: 1.0000e-03
2025-05-08 01:41:12,009 - Epoch: 081, Train Loss: 2.6160, Train RMSE: 4.9932, Train MAPE: 0.2467, Valid Loss: 2.6063, Valid RMSE: 4.8372, Valid MAPE: 0.2640, Train Time: 12.2515s/epoch, Valid Time: 1.3137s, LR: 1.0000e-03
2025-05-08 01:41:25,205 - Epoch: 082, Train Loss: 2.6266, Train RMSE: 5.0218, Train MAPE: 0.2457, Valid Loss: 2.6282, Valid RMSE: 4.8262, Valid MAPE: 0.2611, Train Time: 12.1854s/epoch, Valid Time: 1.0109s, LR: 1.0000e-03
2025-05-08 01:41:31,756 - Epoch: 083, Train Loss: 2.6118, Train RMSE: 4.9766, Train MAPE: 0.2463, Valid Loss: 2.6180, Valid RMSE: 4.8339, Valid MAPE: 0.2446, Train Time: 5.8464s/epoch, Valid Time: 0.7048s, LR: 1.0000e-03
2025-05-08 01:41:38,263 - Epoch: 084, Train Loss: 2.6226, Train RMSE: 4.9882, Train MAPE: 0.2501, Valid Loss: 2.5964, Valid RMSE: 4.7782, Valid MAPE: 0.2521, Train Time: 5.8170s/epoch, Valid Time: 0.6897s, LR: 1.0000e-03
2025-05-08 01:41:44,777 - Epoch: 085, Train Loss: 2.6044, Train RMSE: 4.9751, Train MAPE: 0.2453, Valid Loss: 2.6123, Valid RMSE: 4.8497, Valid MAPE: 0.2419, Train Time: 5.8233s/epoch, Valid Time: 0.6899s, LR: 1.0000e-03
2025-05-08 01:41:51,257 - Epoch: 086, Train Loss: 2.6246, Train RMSE: 4.9902, Train MAPE: 0.2488, Valid Loss: 2.6441, Valid RMSE: 4.8975, Valid MAPE: 0.2473, Train Time: 5.8053s/epoch, Valid Time: 0.6748s, LR: 1.0000e-03
2025-05-08 01:41:51,257 - Early stop at epoch 86, loss = 2.563261
2025-05-08 01:41:51,909 - --------------------------------------------------Norm Test Time Results:--------------------------------------------------
2025-05-08 01:41:51,911 - Horizon 1, Test MAE: 1.3218, Test RMSE: 2.7361, Test MAPE: 0.1252
2025-05-08 01:41:51,913 - Horizon 2, Test MAE: 1.7590, Test RMSE: 3.3854, Test MAPE: 0.1685
2025-05-08 01:41:51,915 - Horizon 3, Test MAE: 2.0656, Test RMSE: 3.8540, Test MAPE: 0.1954
2025-05-08 01:41:51,917 - Horizon 4, Test MAE: 2.2951, Test RMSE: 4.2126, Test MAPE: 0.2175
2025-05-08 01:41:51,919 - Horizon 5, Test MAE: 2.4691, Test RMSE: 4.4560, Test MAPE: 0.2367
2025-05-08 01:41:51,921 - Horizon 6, Test MAE: 2.6076, Test RMSE: 4.6282, Test MAPE: 0.2562
2025-05-08 01:41:51,924 - Horizon 7, Test MAE: 2.7260, Test RMSE: 4.7815, Test MAPE: 0.2693
2025-05-08 01:41:51,926 - Horizon 8, Test MAE: 2.8248, Test RMSE: 4.9170, Test MAPE: 0.2782
2025-05-08 01:41:51,928 - Horizon 9, Test MAE: 2.9137, Test RMSE: 5.0482, Test MAPE: 0.2855
2025-05-08 01:41:51,930 - Horizon 10, Test MAE: 2.9714, Test RMSE: 5.1183, Test MAPE: 0.2920
2025-05-08 01:41:51,932 - Horizon 11, Test MAE: 2.9881, Test RMSE: 5.1188, Test MAPE: 0.2893
2025-05-08 01:41:51,934 - Horizon 12, Test MAE: 2.9583, Test RMSE: 5.0179, Test MAPE: 0.2884
2025-05-08 01:41:51,934 - Average Test MAE: 2.4917, Test RMSE: 4.4395, Test MAPE: 0.2419
2025-05-08 01:41:51,934 - Norm Test Time: 0.6365s
