2025-05-15 03:15:47,431 - Namespace(device='cuda:3', dataset='SD', years='2019', model_name='stone', seed=10, bs=1, seq_len=12, horizon=12, input_dim=3, output_dim=1, order=0, new_node_ratio=0.2, num_val=1, epsilon=0.01, c=10, basis_num=1, KK=2, num_sample=0.01, mode='test', test_ratio=0.1, ood=1, tood=1, max_epochs=100, patience=10, alpha=0.8, beta=0.1, beta0=2, TBlocks_num=5, SBlocks_num=2, Kt=3, Ks_s=1, Ks_t=3, step_size=10, gamma=0.95, adj_type='transition', adp_adj=1, lrate=0.001, wdecay=0.0001, dropout=0.3, clip_grad_value=5, group=4, sd_lr=0.0001, sample_num=1, update_step=2)
2025-05-15 03:15:47,460 - Adj path: ./data/sd/sd_rn_adj.npy
2025-05-15 03:15:51,892 - Data shape in test set years:(35136, 716, 3)
2025-05-15 03:15:52,973 - Sample num: 7022, Batch num: 7022
2025-05-15 03:15:53,767 - The number of parameters: 746525
2025-05-15 03:21:45,091 - Horizon 1, Test MAE_ob: 17.7669, Test RMSE_ob: 24.4746, Test MAPE_ob: 0.2118
2025-05-15 03:21:45,097 - Horizon 1, Test MAE_un: 18.2923, Test RMSE_un: 24.9133, Test MAPE_un: 0.2075
2025-05-15 03:21:45,103 - Horizon 1, Test MAEall: 17.8541, Test RMSEall: 24.5475, Test MAPEall: 0.2111
2025-05-15 03:21:45,131 - Horizon 2, Test MAE_ob: 19.5100, Test RMSE_ob: 27.8359, Test MAPE_ob: 0.2111
2025-05-15 03:21:45,138 - Horizon 2, Test MAE_un: 20.1270, Test RMSE_un: 28.4748, Test MAPE_un: 0.2095
2025-05-15 03:21:45,147 - Horizon 2, Test MAEall: 19.6125, Test RMSEall: 27.9420, Test MAPEall: 0.2108
2025-05-15 03:21:45,176 - Horizon 3, Test MAE_ob: 20.5492, Test RMSE_ob: 30.1245, Test MAPE_ob: 0.2075
2025-05-15 03:21:45,182 - Horizon 3, Test MAE_un: 21.3709, Test RMSE_un: 31.1597, Test MAPE_un: 0.2086
2025-05-15 03:21:45,190 - Horizon 3, Test MAEall: 20.6856, Test RMSEall: 30.2964, Test MAPEall: 0.2077
2025-05-15 03:21:45,221 - Horizon 4, Test MAE_ob: 21.8299, Test RMSE_ob: 32.4607, Test MAPE_ob: 0.2062
2025-05-15 03:21:45,228 - Horizon 4, Test MAE_un: 23.0400, Test RMSE_un: 34.1343, Test MAPE_un: 0.2108
2025-05-15 03:21:45,237 - Horizon 4, Test MAEall: 22.0308, Test RMSEall: 32.7386, Test MAPEall: 0.2070
2025-05-15 03:21:45,267 - Horizon 5, Test MAE_ob: 23.7568, Test RMSE_ob: 35.6699, Test MAPE_ob: 0.2102
2025-05-15 03:21:45,273 - Horizon 5, Test MAE_un: 25.4711, Test RMSE_un: 38.1922, Test MAPE_un: 0.2191
2025-05-15 03:21:45,283 - Horizon 5, Test MAEall: 24.0415, Test RMSEall: 36.0887, Test MAPEall: 0.2117
2025-05-15 03:21:45,313 - Horizon 6, Test MAE_ob: 25.7238, Test RMSE_ob: 38.4729, Test MAPE_ob: 0.2208
2025-05-15 03:21:45,320 - Horizon 6, Test MAE_un: 27.8980, Test RMSE_un: 41.8727, Test MAPE_un: 0.2323
2025-05-15 03:21:45,329 - Horizon 6, Test MAEall: 26.0849, Test RMSEall: 39.0374, Test MAPEall: 0.2227
2025-05-15 03:21:45,364 - Horizon 7, Test MAE_ob: 27.1091, Test RMSE_ob: 40.4095, Test MAPE_ob: 0.2301
2025-05-15 03:21:45,370 - Horizon 7, Test MAE_un: 29.7646, Test RMSE_un: 44.6870, Test MAPE_un: 0.2443
2025-05-15 03:21:45,381 - Horizon 7, Test MAEall: 27.5501, Test RMSEall: 41.1197, Test MAPEall: 0.2324
2025-05-15 03:21:45,411 - Horizon 8, Test MAE_ob: 28.5784, Test RMSE_ob: 42.3612, Test MAPE_ob: 0.2410
2025-05-15 03:21:45,418 - Horizon 8, Test MAE_un: 31.7557, Test RMSE_un: 47.5590, Test MAPE_un: 0.2569
2025-05-15 03:21:45,427 - Horizon 8, Test MAEall: 29.1060, Test RMSEall: 43.2242, Test MAPEall: 0.2437
2025-05-15 03:21:45,462 - Horizon 9, Test MAE_ob: 30.6545, Test RMSE_ob: 45.1763, Test MAPE_ob: 0.2595
2025-05-15 03:21:45,468 - Horizon 9, Test MAE_un: 34.4728, Test RMSE_un: 51.3685, Test MAPE_un: 0.2789
2025-05-15 03:21:45,479 - Horizon 9, Test MAEall: 31.2885, Test RMSEall: 46.2045, Test MAPEall: 0.2627
2025-05-15 03:21:45,514 - Horizon 10, Test MAE_ob: 32.4536, Test RMSE_ob: 47.5014, Test MAPE_ob: 0.2788
2025-05-15 03:21:45,520 - Horizon 10, Test MAE_un: 36.9313, Test RMSE_un: 54.8201, Test MAPE_un: 0.3006
2025-05-15 03:21:45,526 - Horizon 10, Test MAEall: 33.1971, Test RMSEall: 48.7166, Test MAPEall: 0.2824
2025-05-15 03:21:45,562 - Horizon 11, Test MAE_ob: 33.7110, Test RMSE_ob: 49.2053, Test MAPE_ob: 0.2939
2025-05-15 03:21:45,572 - Horizon 11, Test MAE_un: 38.8015, Test RMSE_un: 57.6150, Test MAPE_un: 0.3172
2025-05-15 03:21:45,578 - Horizon 11, Test MAEall: 34.5562, Test RMSEall: 50.6017, Test MAPEall: 0.2978
2025-05-15 03:21:45,604 - Horizon 12, Test MAE_ob: 34.9938, Test RMSE_ob: 50.7466, Test MAPE_ob: 0.3159
2025-05-15 03:21:45,611 - Horizon 12, Test MAE_un: 40.7622, Test RMSE_un: 60.2985, Test MAPE_un: 0.3402
2025-05-15 03:21:45,617 - Horizon 12, Test MAEall: 35.9516, Test RMSEall: 52.3327, Test MAPEall: 0.3199
2025-05-15 03:21:45,617 - Average Test MAEall: 26.8299, Test RMSEall: 39.4042, Test MAPEall: 0.2425
2025-05-15 03:21:45,617 - Average Test MAE_ob1: 26.3864, Test RMSE_ob: 38.7032, Test MAPE_ob: 0.2406
2025-05-15 03:21:45,617 - Average Test MAE_un: 29.0573, Test RMSE_un: 42.9246, Test MAPE_un: 0.2522
