2025-05-15 03:31:50,362 - Namespace(device='cuda:2', dataset='SD', years='2019', model_name='stone', seed=9, bs=1, seq_len=12, horizon=12, input_dim=3, output_dim=1, order=0, new_node_ratio=0.2, num_val=1, epsilon=0.01, c=10, basis_num=1, KK=2, num_sample=0.01, mode='test', test_ratio=0.1, ood=1, tood=1, max_epochs=100, patience=10, alpha=0.8, beta=0.1, beta0=2, TBlocks_num=5, SBlocks_num=2, Kt=3, Ks_s=1, Ks_t=3, step_size=10, gamma=0.95, adj_type='transition', adp_adj=1, lrate=0.001, wdecay=0.0001, dropout=0.3, clip_grad_value=5, group=4, sd_lr=0.0001, sample_num=1, update_step=8)
2025-05-15 03:31:50,391 - Adj path: ./data/sd/sd_rn_adj.npy
2025-05-15 03:31:54,630 - Data shape in test set years:(35136, 716, 3)
2025-05-15 03:31:55,706 - Sample num: 7022, Batch num: 7022
2025-05-15 03:31:56,507 - The number of parameters: 746525
2025-05-15 03:50:41,915 - Horizon 1, Test MAE_ob: 18.3445, Test RMSE_ob: 24.8697, Test MAPE_ob: 0.2207
2025-05-15 03:50:41,921 - Horizon 1, Test MAE_un: 19.1267, Test RMSE_un: 25.8981, Test MAPE_un: 0.2357
2025-05-15 03:50:41,927 - Horizon 1, Test MAEall: 18.4744, Test RMSEall: 25.0405, Test MAPEall: 0.2232
2025-05-15 03:50:41,967 - Horizon 2, Test MAE_ob: 19.4110, Test RMSE_ob: 27.7357, Test MAPE_ob: 0.2189
2025-05-15 03:50:41,974 - Horizon 2, Test MAE_un: 20.4144, Test RMSE_un: 29.1036, Test MAPE_un: 0.2386
2025-05-15 03:50:41,986 - Horizon 2, Test MAEall: 19.5776, Test RMSEall: 27.9628, Test MAPEall: 0.2222
2025-05-15 03:50:42,027 - Horizon 3, Test MAE_ob: 20.6198, Test RMSE_ob: 30.2929, Test MAPE_ob: 0.2241
2025-05-15 03:50:42,034 - Horizon 3, Test MAE_un: 22.0135, Test RMSE_un: 32.3669, Test MAPE_un: 0.2485
2025-05-15 03:50:42,042 - Horizon 3, Test MAEall: 20.8512, Test RMSEall: 30.6373, Test MAPEall: 0.2282
2025-05-15 03:50:42,071 - Horizon 4, Test MAE_ob: 21.5916, Test RMSE_ob: 32.3410, Test MAPE_ob: 0.2257
2025-05-15 03:50:42,080 - Horizon 4, Test MAE_un: 23.4181, Test RMSE_un: 35.1351, Test MAPE_un: 0.2574
2025-05-15 03:50:42,085 - Horizon 4, Test MAEall: 21.8949, Test RMSEall: 32.8049, Test MAPEall: 0.2310
2025-05-15 03:50:42,123 - Horizon 5, Test MAE_ob: 23.4382, Test RMSE_ob: 35.5215, Test MAPE_ob: 0.2310
2025-05-15 03:50:42,130 - Horizon 5, Test MAE_un: 25.9525, Test RMSE_un: 39.4511, Test MAPE_un: 0.2738
2025-05-15 03:50:42,139 - Horizon 5, Test MAEall: 23.8557, Test RMSEall: 36.1740, Test MAPEall: 0.2381
2025-05-15 03:50:42,171 - Horizon 6, Test MAE_ob: 25.0863, Test RMSE_ob: 37.9764, Test MAPE_ob: 0.2385
2025-05-15 03:50:42,178 - Horizon 6, Test MAE_un: 28.0984, Test RMSE_un: 42.8214, Test MAPE_un: 0.2901
2025-05-15 03:50:42,186 - Horizon 6, Test MAEall: 25.5864, Test RMSEall: 38.7809, Test MAPEall: 0.2471
2025-05-15 03:50:42,211 - Horizon 7, Test MAE_ob: 26.6014, Test RMSE_ob: 39.9641, Test MAPE_ob: 0.2500
2025-05-15 03:50:42,222 - Horizon 7, Test MAE_un: 30.0445, Test RMSE_un: 45.6451, Test MAPE_un: 0.3064
2025-05-15 03:50:42,228 - Horizon 7, Test MAEall: 27.1731, Test RMSEall: 40.9074, Test MAPEall: 0.2593
2025-05-15 03:50:42,257 - Horizon 8, Test MAE_ob: 28.0088, Test RMSE_ob: 41.7349, Test MAPE_ob: 0.2638
2025-05-15 03:50:42,264 - Horizon 8, Test MAE_un: 31.9986, Test RMSE_un: 48.4165, Test MAPE_un: 0.3262
2025-05-15 03:50:42,273 - Horizon 8, Test MAEall: 28.6713, Test RMSEall: 42.8443, Test MAPEall: 0.2742
2025-05-15 03:50:42,305 - Horizon 9, Test MAE_ob: 30.0064, Test RMSE_ob: 44.3936, Test MAPE_ob: 0.2834
2025-05-15 03:50:42,312 - Horizon 9, Test MAE_un: 34.7311, Test RMSE_un: 52.4831, Test MAPE_un: 0.3521
2025-05-15 03:50:42,318 - Horizon 9, Test MAEall: 30.7909, Test RMSEall: 45.7369, Test MAPEall: 0.2948
2025-05-15 03:50:42,344 - Horizon 10, Test MAE_ob: 31.6613, Test RMSE_ob: 46.6789, Test MAPE_ob: 0.2960
2025-05-15 03:50:42,350 - Horizon 10, Test MAE_un: 36.9691, Test RMSE_un: 55.9882, Test MAPE_un: 0.3665
2025-05-15 03:50:42,363 - Horizon 10, Test MAEall: 32.5427, Test RMSEall: 48.2247, Test MAPEall: 0.3077
2025-05-15 03:50:42,398 - Horizon 11, Test MAE_ob: 33.0515, Test RMSE_ob: 48.6234, Test MAPE_ob: 0.3071
2025-05-15 03:50:42,405 - Horizon 11, Test MAE_un: 38.9223, Test RMSE_un: 59.0428, Test MAPE_un: 0.3779
2025-05-15 03:50:42,410 - Horizon 11, Test MAEall: 34.0263, Test RMSEall: 50.3535, Test MAPEall: 0.3189
2025-05-15 03:50:42,437 - Horizon 12, Test MAE_ob: 34.2983, Test RMSE_ob: 50.4319, Test MAPE_ob: 0.3155
2025-05-15 03:50:42,444 - Horizon 12, Test MAE_un: 40.7091, Test RMSE_un: 61.8673, Test MAPE_un: 0.3868
2025-05-15 03:50:42,449 - Horizon 12, Test MAEall: 35.3628, Test RMSEall: 52.3307, Test MAPEall: 0.3273
2025-05-15 03:50:42,450 - Average Test MAEall: 26.5673, Test RMSEall: 39.3165, Test MAPEall: 0.2643
2025-05-15 03:50:42,450 - Average Test MAE_ob1: 26.0099, Test RMSE_ob: 38.3803, Test MAPE_ob: 0.2562
2025-05-15 03:50:42,450 - Average Test MAE_un: 29.3665, Test RMSE_un: 44.0183, Test MAPE_un: 0.3050
