2025-05-15 04:45:13,478 - Namespace(device='cuda:3', dataset='SD', years='2019', model_name='stone', seed=10, bs=1, seq_len=12, horizon=12, input_dim=3, output_dim=1, order=0, new_node_ratio=0.2, num_val=1, epsilon=0.01, c=10, basis_num=1, KK=2, num_sample=0.01, mode='test', test_ratio=0.1, ood=1, tood=1, max_epochs=100, patience=10, alpha=0.8, beta=0.1, beta0=2, TBlocks_num=5, SBlocks_num=2, Kt=3, Ks_s=1, Ks_t=3, step_size=10, gamma=0.95, adj_type='transition', adp_adj=1, lrate=0.001, wdecay=0.0001, dropout=0.3, clip_grad_value=5, group=4, sd_lr=0.0001, sample_num=4, update_step=4)
2025-05-15 04:45:13,507 - Adj path: ./data/sd/sd_rn_adj.npy
2025-05-15 04:45:17,908 - Data shape in test set years:(35136, 716, 3)
2025-05-15 04:45:18,978 - Sample num: 7022, Batch num: 7022
2025-05-15 04:45:19,787 - The number of parameters: 746525
2025-05-15 04:57:37,980 - Horizon 1, Test MAE_ob: 17.8243, Test RMSE_ob: 24.5550, Test MAPE_ob: 0.2081
2025-05-15 04:57:37,986 - Horizon 1, Test MAE_un: 18.4775, Test RMSE_un: 25.1221, Test MAPE_un: 0.2071
2025-05-15 04:57:37,993 - Horizon 1, Test MAEall: 17.9327, Test RMSEall: 24.6492, Test MAPEall: 0.2079
2025-05-15 04:57:38,030 - Horizon 2, Test MAE_ob: 19.5081, Test RMSE_ob: 27.8127, Test MAPE_ob: 0.2078
2025-05-15 04:57:38,036 - Horizon 2, Test MAE_un: 20.2070, Test RMSE_un: 28.4968, Test MAPE_un: 0.2092
2025-05-15 04:57:38,048 - Horizon 2, Test MAEall: 19.6242, Test RMSEall: 27.9263, Test MAPEall: 0.2080
2025-05-15 04:57:38,086 - Horizon 3, Test MAE_ob: 20.4990, Test RMSE_ob: 30.0318, Test MAPE_ob: 0.2041
2025-05-15 04:57:38,092 - Horizon 3, Test MAE_un: 21.3681, Test RMSE_un: 31.0462, Test MAPE_un: 0.2080
2025-05-15 04:57:38,103 - Horizon 3, Test MAEall: 20.6433, Test RMSEall: 30.2003, Test MAPEall: 0.2048
2025-05-15 04:57:38,143 - Horizon 4, Test MAE_ob: 21.7724, Test RMSE_ob: 32.3406, Test MAPE_ob: 0.2038
2025-05-15 04:57:38,150 - Horizon 4, Test MAE_un: 23.0044, Test RMSE_un: 33.9536, Test MAPE_un: 0.2109
2025-05-15 04:57:38,161 - Horizon 4, Test MAEall: 21.9769, Test RMSEall: 32.6084, Test MAPEall: 0.2050
2025-05-15 04:57:38,198 - Horizon 5, Test MAE_ob: 23.7096, Test RMSE_ob: 35.5468, Test MAPE_ob: 0.2090
2025-05-15 04:57:38,205 - Horizon 5, Test MAE_un: 25.4330, Test RMSE_un: 37.9902, Test MAPE_un: 0.2200
2025-05-15 04:57:38,217 - Horizon 5, Test MAEall: 23.9957, Test RMSEall: 35.9525, Test MAPEall: 0.2108
2025-05-15 04:57:38,254 - Horizon 6, Test MAE_ob: 25.6962, Test RMSE_ob: 38.3545, Test MAPE_ob: 0.2211
2025-05-15 04:57:38,261 - Horizon 6, Test MAE_un: 27.8675, Test RMSE_un: 41.6666, Test MAPE_un: 0.2347
2025-05-15 04:57:38,271 - Horizon 6, Test MAEall: 26.0568, Test RMSEall: 38.9044, Test MAPEall: 0.2233
2025-05-15 04:57:38,300 - Horizon 7, Test MAE_ob: 27.0769, Test RMSE_ob: 40.2657, Test MAPE_ob: 0.2315
2025-05-15 04:57:38,306 - Horizon 7, Test MAE_un: 29.7182, Test RMSE_un: 44.4541, Test MAPE_un: 0.2476
2025-05-15 04:57:38,317 - Horizon 7, Test MAEall: 27.5155, Test RMSEall: 40.9611, Test MAPEall: 0.2342
2025-05-15 04:57:38,349 - Horizon 8, Test MAE_ob: 28.5371, Test RMSE_ob: 42.1912, Test MAPE_ob: 0.2435
2025-05-15 04:57:38,356 - Horizon 8, Test MAE_un: 31.6810, Test RMSE_un: 47.2952, Test MAPE_un: 0.2608
2025-05-15 04:57:38,366 - Horizon 8, Test MAEall: 29.0591, Test RMSEall: 43.0387, Test MAPEall: 0.2463
2025-05-15 04:57:38,400 - Horizon 9, Test MAE_ob: 30.6094, Test RMSE_ob: 44.9890, Test MAPE_ob: 0.2636
2025-05-15 04:57:38,407 - Horizon 9, Test MAE_un: 34.3763, Test RMSE_un: 51.0788, Test MAPE_un: 0.2835
2025-05-15 04:57:38,419 - Horizon 9, Test MAEall: 31.2349, Test RMSEall: 46.0002, Test MAPEall: 0.2669
2025-05-15 04:57:38,453 - Horizon 10, Test MAE_ob: 32.3749, Test RMSE_ob: 47.2722, Test MAPE_ob: 0.2835
2025-05-15 04:57:38,459 - Horizon 10, Test MAE_un: 36.7763, Test RMSE_un: 54.4611, Test MAPE_un: 0.3051
2025-05-15 04:57:38,471 - Horizon 10, Test MAEall: 33.1057, Test RMSEall: 48.4658, Test MAPEall: 0.2871
2025-05-15 04:57:38,504 - Horizon 11, Test MAE_ob: 33.5751, Test RMSE_ob: 48.9158, Test MAPE_ob: 0.2993
2025-05-15 04:57:38,511 - Horizon 11, Test MAE_un: 38.5794, Test RMSE_un: 57.1793, Test MAPE_un: 0.3216
2025-05-15 04:57:38,516 - Horizon 11, Test MAEall: 34.4060, Test RMSEall: 50.2879, Test MAPEall: 0.3030
2025-05-15 04:57:38,540 - Horizon 12, Test MAE_ob: 34.7687, Test RMSE_ob: 50.3544, Test MAPE_ob: 0.3221
2025-05-15 04:57:38,551 - Horizon 12, Test MAE_un: 40.4237, Test RMSE_un: 59.7201, Test MAPE_un: 0.3442
2025-05-15 04:57:38,557 - Horizon 12, Test MAEall: 35.7077, Test RMSEall: 51.9095, Test MAPEall: 0.3258
2025-05-15 04:57:38,558 - Average Test MAEall: 26.7716, Test RMSEall: 39.2420, Test MAPEall: 0.2436
2025-05-15 04:57:38,558 - Average Test MAE_ob1: 26.3293, Test RMSE_ob: 38.5525, Test MAPE_ob: 0.2414
2025-05-15 04:57:38,558 - Average Test MAE_un: 28.9927, Test RMSE_un: 42.7054, Test MAPE_un: 0.2544
