2025-05-15 04:33:13,462 - Namespace(device='cuda:1', dataset='SD', years='2019', model_name='stone', seed=8, bs=1, seq_len=12, horizon=12, input_dim=3, output_dim=1, order=0, new_node_ratio=0.2, num_val=1, epsilon=0.01, c=10, basis_num=1, KK=2, num_sample=0.01, mode='test', test_ratio=0.1, ood=1, tood=1, max_epochs=100, patience=10, alpha=0.8, beta=0.1, beta0=2, TBlocks_num=5, SBlocks_num=2, Kt=3, Ks_s=1, Ks_t=3, step_size=10, gamma=0.95, adj_type='transition', adp_adj=1, lrate=0.001, wdecay=0.0001, dropout=0.3, clip_grad_value=5, group=4, sd_lr=0.0001, sample_num=4, update_step=1)
2025-05-15 04:33:13,491 - Adj path: ./data/sd/sd_rn_adj.npy
2025-05-15 04:33:17,958 - Data shape in test set years:(35136, 716, 3)
2025-05-15 04:33:19,016 - Sample num: 7022, Batch num: 7022
2025-05-15 04:33:19,816 - The number of parameters: 746525
2025-05-15 04:37:32,683 - Horizon 1, Test MAE_ob: 18.8449, Test RMSE_ob: 25.5577, Test MAPE_ob: 0.2155
2025-05-15 04:37:32,690 - Horizon 1, Test MAE_un: 18.1332, Test RMSE_un: 23.9228, Test MAPE_un: 0.1997
2025-05-15 04:37:32,695 - Horizon 1, Test MAEall: 18.7267, Test RMSEall: 25.2863, Test MAPEall: 0.2129
2025-05-15 04:37:32,727 - Horizon 2, Test MAE_ob: 20.3811, Test RMSE_ob: 29.1018, Test MAPE_ob: 0.2187
2025-05-15 04:37:32,734 - Horizon 2, Test MAE_un: 19.7100, Test RMSE_un: 27.3343, Test MAPE_un: 0.2054
2025-05-15 04:37:32,745 - Horizon 2, Test MAEall: 20.2696, Test RMSEall: 28.8083, Test MAPEall: 0.2165
2025-05-15 04:37:32,781 - Horizon 3, Test MAE_ob: 21.6560, Test RMSE_ob: 32.1586, Test MAPE_ob: 0.2174
2025-05-15 04:37:32,787 - Horizon 3, Test MAE_un: 21.1923, Test RMSE_un: 30.5188, Test MAPE_un: 0.2074
2025-05-15 04:37:32,798 - Horizon 3, Test MAEall: 21.5790, Test RMSEall: 31.8863, Test MAPEall: 0.2157
2025-05-15 04:37:32,835 - Horizon 4, Test MAE_ob: 22.9172, Test RMSE_ob: 34.8888, Test MAPE_ob: 0.2199
2025-05-15 04:37:32,843 - Horizon 4, Test MAE_un: 23.0174, Test RMSE_un: 34.0281, Test MAPE_un: 0.2149
2025-05-15 04:37:32,855 - Horizon 4, Test MAEall: 22.9338, Test RMSEall: 34.7459, Test MAPEall: 0.2191
2025-05-15 04:37:32,888 - Horizon 5, Test MAE_ob: 24.4490, Test RMSE_ob: 37.7292, Test MAPE_ob: 0.2279
2025-05-15 04:37:32,899 - Horizon 5, Test MAE_un: 25.1923, Test RMSE_un: 37.9228, Test MAPE_un: 0.2274
2025-05-15 04:37:32,905 - Horizon 5, Test MAEall: 24.5725, Test RMSEall: 37.7613, Test MAPEall: 0.2278
2025-05-15 04:37:32,940 - Horizon 6, Test MAE_ob: 25.3915, Test RMSE_ob: 39.4608, Test MAPE_ob: 0.2311
2025-05-15 04:37:32,948 - Horizon 6, Test MAE_un: 26.8048, Test RMSE_un: 40.6661, Test MAPE_un: 0.2345
2025-05-15 04:37:32,959 - Horizon 6, Test MAEall: 25.6262, Test RMSEall: 39.6609, Test MAPEall: 0.2317
2025-05-15 04:37:32,988 - Horizon 7, Test MAE_ob: 26.5156, Test RMSE_ob: 41.2158, Test MAPE_ob: 0.2379
2025-05-15 04:37:32,995 - Horizon 7, Test MAE_un: 28.4340, Test RMSE_un: 43.2457, Test MAPE_un: 0.2439
2025-05-15 04:37:33,001 - Horizon 7, Test MAEall: 26.8341, Test RMSEall: 41.5529, Test MAPEall: 0.2389
2025-05-15 04:37:33,032 - Horizon 8, Test MAE_ob: 27.6784, Test RMSE_ob: 42.9090, Test MAPE_ob: 0.2459
2025-05-15 04:37:33,039 - Horizon 8, Test MAE_un: 30.3450, Test RMSE_un: 46.1682, Test MAPE_un: 0.2568
2025-05-15 04:37:33,050 - Horizon 8, Test MAEall: 28.1211, Test RMSEall: 43.4501, Test MAPEall: 0.2477
2025-05-15 04:37:33,086 - Horizon 9, Test MAE_ob: 29.1830, Test RMSE_ob: 45.1243, Test MAPE_ob: 0.2580
2025-05-15 04:37:33,092 - Horizon 9, Test MAE_un: 32.5873, Test RMSE_un: 49.7719, Test MAPE_un: 0.2717
2025-05-15 04:37:33,103 - Horizon 9, Test MAEall: 29.7483, Test RMSEall: 45.8960, Test MAPEall: 0.2603
2025-05-15 04:37:33,138 - Horizon 10, Test MAE_ob: 30.2879, Test RMSE_ob: 46.6637, Test MAPE_ob: 0.2678
2025-05-15 04:37:33,144 - Horizon 10, Test MAE_un: 34.4208, Test RMSE_un: 52.6640, Test MAPE_un: 0.2828
2025-05-15 04:37:33,155 - Horizon 10, Test MAEall: 30.9742, Test RMSEall: 47.6600, Test MAPEall: 0.2703
2025-05-15 04:37:33,190 - Horizon 11, Test MAE_ob: 31.4360, Test RMSE_ob: 48.3086, Test MAPE_ob: 0.2773
2025-05-15 04:37:33,197 - Horizon 11, Test MAE_un: 36.1753, Test RMSE_un: 55.3172, Test MAPE_un: 0.2942
2025-05-15 04:37:33,208 - Horizon 11, Test MAEall: 32.2229, Test RMSEall: 49.4724, Test MAPEall: 0.2801
2025-05-15 04:37:33,245 - Horizon 12, Test MAE_ob: 32.6259, Test RMSE_ob: 50.0242, Test MAPE_ob: 0.2856
2025-05-15 04:37:33,252 - Horizon 12, Test MAE_un: 38.0113, Test RMSE_un: 58.0527, Test MAPE_un: 0.3043
2025-05-15 04:37:33,264 - Horizon 12, Test MAEall: 33.5201, Test RMSEall: 51.3573, Test MAPEall: 0.2887
2025-05-15 04:37:33,264 - Average Test MAEall: 26.2607, Test RMSEall: 39.7948, Test MAPEall: 0.2425
2025-05-15 04:37:33,264 - Average Test MAE_ob1: 25.9472, Test RMSE_ob: 39.4285, Test MAPE_ob: 0.2419
2025-05-15 04:37:33,264 - Average Test MAE_un: 27.8353, Test RMSE_un: 41.6344, Test MAPE_un: 0.2453
