2025-05-15 04:57:16,496 - Namespace(device='cuda:2', dataset='SD', years='2019', model_name='stone', seed=9, bs=1, seq_len=12, horizon=12, input_dim=3, output_dim=1, order=0, new_node_ratio=0.2, num_val=1, epsilon=0.01, c=10, basis_num=1, KK=2, num_sample=0.01, mode='test', test_ratio=0.1, ood=1, tood=1, max_epochs=100, patience=10, alpha=0.8, beta=0.1, beta0=2, TBlocks_num=5, SBlocks_num=2, Kt=3, Ks_s=1, Ks_t=3, step_size=10, gamma=0.95, adj_type='transition', adp_adj=1, lrate=0.001, wdecay=0.0001, dropout=0.3, clip_grad_value=5, group=4, sd_lr=0.0001, sample_num=4, update_step=8)
2025-05-15 04:57:16,525 - Adj path: ./data/sd/sd_rn_adj.npy
2025-05-15 04:57:20,900 - Data shape in test set years:(35136, 716, 3)
2025-05-15 04:57:21,983 - Sample num: 7022, Batch num: 7022
2025-05-15 04:57:22,772 - The number of parameters: 746525
2025-05-15 05:20:14,687 - Horizon 1, Test MAE_ob: 18.3901, Test RMSE_ob: 24.9264, Test MAPE_ob: 0.2225
2025-05-15 05:20:14,694 - Horizon 1, Test MAE_un: 19.1924, Test RMSE_un: 25.9821, Test MAPE_un: 0.2370
2025-05-15 05:20:14,700 - Horizon 1, Test MAEall: 18.5233, Test RMSEall: 25.1017, Test MAPEall: 0.2249
2025-05-15 05:20:14,723 - Horizon 2, Test MAE_ob: 19.4439, Test RMSE_ob: 27.7700, Test MAPE_ob: 0.2200
2025-05-15 05:20:14,731 - Horizon 2, Test MAE_un: 20.4605, Test RMSE_un: 29.1592, Test MAPE_un: 0.2393
2025-05-15 05:20:14,737 - Horizon 2, Test MAEall: 19.6127, Test RMSEall: 28.0006, Test MAPEall: 0.2232
2025-05-15 05:20:14,760 - Horizon 3, Test MAE_ob: 20.6308, Test RMSE_ob: 30.2998, Test MAPE_ob: 0.2246
2025-05-15 05:20:14,767 - Horizon 3, Test MAE_un: 22.0370, Test RMSE_un: 32.3907, Test MAPE_un: 0.2489
2025-05-15 05:20:14,773 - Horizon 3, Test MAEall: 20.8643, Test RMSEall: 30.6470, Test MAPEall: 0.2286
2025-05-15 05:20:14,798 - Horizon 4, Test MAE_ob: 21.5977, Test RMSE_ob: 32.3405, Test MAPE_ob: 0.2261
2025-05-15 05:20:14,804 - Horizon 4, Test MAE_un: 23.4360, Test RMSE_un: 35.1525, Test MAPE_un: 0.2577
2025-05-15 05:20:14,810 - Horizon 4, Test MAEall: 21.9029, Test RMSEall: 32.8074, Test MAPEall: 0.2313
2025-05-15 05:20:14,834 - Horizon 5, Test MAE_ob: 23.4432, Test RMSE_ob: 35.5192, Test MAPE_ob: 0.2315
2025-05-15 05:20:14,841 - Horizon 5, Test MAE_un: 25.9705, Test RMSE_un: 39.4658, Test MAPE_un: 0.2743
2025-05-15 05:20:14,847 - Horizon 5, Test MAEall: 23.8628, Test RMSEall: 36.1745, Test MAPEall: 0.2386
2025-05-15 05:20:14,870 - Horizon 6, Test MAE_ob: 25.0947, Test RMSE_ob: 37.9777, Test MAPE_ob: 0.2393
2025-05-15 05:20:14,877 - Horizon 6, Test MAE_un: 28.1181, Test RMSE_un: 42.8358, Test MAPE_un: 0.2910
2025-05-15 05:20:14,883 - Horizon 6, Test MAEall: 25.5967, Test RMSEall: 38.7844, Test MAPEall: 0.2478
2025-05-15 05:20:14,906 - Horizon 7, Test MAE_ob: 26.6114, Test RMSE_ob: 39.9654, Test MAPE_ob: 0.2508
2025-05-15 05:20:14,913 - Horizon 7, Test MAE_un: 30.0639, Test RMSE_un: 45.6564, Test MAPE_un: 0.3076
2025-05-15 05:20:14,919 - Horizon 7, Test MAEall: 27.1847, Test RMSEall: 40.9103, Test MAPEall: 0.2603
2025-05-15 05:20:14,943 - Horizon 8, Test MAE_ob: 28.0176, Test RMSE_ob: 41.7337, Test MAPE_ob: 0.2648
2025-05-15 05:20:14,950 - Horizon 8, Test MAE_un: 32.0147, Test RMSE_un: 48.4242, Test MAPE_un: 0.3274
2025-05-15 05:20:14,957 - Horizon 8, Test MAEall: 28.6813, Test RMSEall: 42.8446, Test MAPEall: 0.2752
2025-05-15 05:20:14,982 - Horizon 9, Test MAE_ob: 30.0127, Test RMSE_ob: 44.3890, Test MAPE_ob: 0.2843
2025-05-15 05:20:14,988 - Horizon 9, Test MAE_un: 34.7406, Test RMSE_un: 52.4860, Test MAPE_un: 0.3532
2025-05-15 05:20:14,995 - Horizon 9, Test MAEall: 30.7978, Test RMSEall: 45.7334, Test MAPEall: 0.2957
2025-05-15 05:20:15,018 - Horizon 10, Test MAE_ob: 31.6608, Test RMSE_ob: 46.6628, Test MAPE_ob: 0.2966
2025-05-15 05:20:15,025 - Horizon 10, Test MAE_un: 36.9677, Test RMSE_un: 55.9779, Test MAPE_un: 0.3671
2025-05-15 05:20:15,032 - Horizon 10, Test MAEall: 32.5420, Test RMSEall: 48.2096, Test MAPEall: 0.3084
2025-05-15 05:20:15,056 - Horizon 11, Test MAE_ob: 33.0441, Test RMSE_ob: 48.5950, Test MAPE_ob: 0.3073
2025-05-15 05:20:15,063 - Horizon 11, Test MAE_un: 38.9068, Test RMSE_un: 59.0117, Test MAPE_un: 0.3778
2025-05-15 05:20:15,069 - Horizon 11, Test MAEall: 34.0176, Test RMSEall: 50.3247, Test MAPEall: 0.3190
2025-05-15 05:20:15,093 - Horizon 12, Test MAE_ob: 34.2721, Test RMSE_ob: 50.3630, Test MAPE_ob: 0.3153
2025-05-15 05:20:15,100 - Horizon 12, Test MAE_un: 40.6710, Test RMSE_un: 61.7965, Test MAPE_un: 0.3861
2025-05-15 05:20:15,106 - Horizon 12, Test MAEall: 35.3346, Test RMSEall: 52.2614, Test MAPEall: 0.3270
2025-05-15 05:20:15,106 - Average Test MAEall: 26.5767, Test RMSEall: 39.3166, Test MAPEall: 0.2650
2025-05-15 05:20:15,106 - Average Test MAE_ob1: 26.0183, Test RMSE_ob: 38.3785, Test MAPE_ob: 0.2569
2025-05-15 05:20:15,107 - Average Test MAE_un: 29.3816, Test RMSE_un: 44.0282, Test MAPE_un: 0.3056
