2025-05-15 03:15:36,798 - Namespace(device='cuda:1', dataset='SD', years='2019', model_name='stone', seed=8, bs=1, seq_len=12, horizon=12, input_dim=3, output_dim=1, order=0, new_node_ratio=0.2, num_val=1, epsilon=0.01, c=10, basis_num=1, KK=2, num_sample=0.01, mode='test', test_ratio=0.1, ood=1, tood=1, max_epochs=100, patience=10, alpha=0.8, beta=0.1, beta0=2, TBlocks_num=5, SBlocks_num=2, Kt=3, Ks_s=1, Ks_t=3, step_size=10, gamma=0.95, adj_type='transition', adp_adj=1, lrate=0.001, wdecay=0.0001, dropout=0.3, clip_grad_value=5, group=4, sd_lr=0.0001, sample_num=1, update_step=2)
2025-05-15 03:15:36,827 - Adj path: ./data/sd/sd_rn_adj.npy
2025-05-15 03:15:40,925 - Data shape in test set years:(35136, 716, 3)
2025-05-15 03:15:41,912 - Sample num: 7022, Batch num: 7022
2025-05-15 03:15:42,656 - The number of parameters: 746525
2025-05-15 03:21:26,105 - Horizon 1, Test MAE_ob: 18.6687, Test RMSE_ob: 25.4988, Test MAPE_ob: 0.2058
2025-05-15 03:21:26,113 - Horizon 1, Test MAE_un: 18.0206, Test RMSE_un: 23.9267, Test MAPE_un: 0.1917
2025-05-15 03:21:26,119 - Horizon 1, Test MAEall: 18.5611, Test RMSEall: 25.2378, Test MAPEall: 0.2035
2025-05-15 03:21:26,159 - Horizon 2, Test MAE_ob: 20.1963, Test RMSE_ob: 29.0121, Test MAPE_ob: 0.2095
2025-05-15 03:21:26,166 - Horizon 2, Test MAE_un: 19.5527, Test RMSE_un: 27.2304, Test MAPE_un: 0.1975
2025-05-15 03:21:26,172 - Horizon 2, Test MAEall: 20.0895, Test RMSEall: 28.7163, Test MAPEall: 0.2075
2025-05-15 03:21:26,219 - Horizon 3, Test MAE_ob: 21.5068, Test RMSE_ob: 32.0869, Test MAPE_ob: 0.2098
2025-05-15 03:21:26,226 - Horizon 3, Test MAE_un: 21.0537, Test RMSE_un: 30.3958, Test MAPE_un: 0.2010
2025-05-15 03:21:26,232 - Horizon 3, Test MAEall: 21.4316, Test RMSEall: 31.8061, Test MAPEall: 0.2084
2025-05-15 03:21:26,280 - Horizon 4, Test MAE_ob: 22.7494, Test RMSE_ob: 34.7595, Test MAPE_ob: 0.2137
2025-05-15 03:21:26,287 - Horizon 4, Test MAE_un: 22.8463, Test RMSE_un: 33.8085, Test MAPE_un: 0.2097
2025-05-15 03:21:26,293 - Horizon 4, Test MAEall: 22.7655, Test RMSEall: 34.6016, Test MAPEall: 0.2130
2025-05-15 03:21:26,344 - Horizon 5, Test MAE_ob: 24.2641, Test RMSE_ob: 37.5512, Test MAPE_ob: 0.2221
2025-05-15 03:21:26,350 - Horizon 5, Test MAE_un: 24.9925, Test RMSE_un: 37.6278, Test MAPE_un: 0.2225
2025-05-15 03:21:26,356 - Horizon 5, Test MAEall: 24.3850, Test RMSEall: 37.5640, Test MAPEall: 0.2221
2025-05-15 03:21:26,409 - Horizon 6, Test MAE_ob: 25.2061, Test RMSE_ob: 39.2486, Test MAPE_ob: 0.2260
2025-05-15 03:21:26,416 - Horizon 6, Test MAE_un: 26.5884, Test RMSE_un: 40.3187, Test MAPE_un: 0.2302
2025-05-15 03:21:26,422 - Horizon 6, Test MAEall: 25.4356, Test RMSEall: 39.4263, Test MAPEall: 0.2267
2025-05-15 03:21:26,460 - Horizon 7, Test MAE_ob: 26.3639, Test RMSE_ob: 41.0113, Test MAPE_ob: 0.2345
2025-05-15 03:21:26,467 - Horizon 7, Test MAE_un: 28.2247, Test RMSE_un: 42.8754, Test MAPE_un: 0.2409
2025-05-15 03:21:26,474 - Horizon 7, Test MAEall: 26.6729, Test RMSEall: 41.3208, Test MAPEall: 0.2356
2025-05-15 03:21:26,508 - Horizon 8, Test MAE_ob: 27.5253, Test RMSE_ob: 42.6547, Test MAPE_ob: 0.2443
2025-05-15 03:21:26,515 - Horizon 8, Test MAE_un: 30.1113, Test RMSE_un: 45.7191, Test MAPE_un: 0.2551
2025-05-15 03:21:26,527 - Horizon 8, Test MAEall: 27.9547, Test RMSEall: 43.1635, Test MAPEall: 0.2461
2025-05-15 03:21:26,562 - Horizon 9, Test MAE_ob: 29.0181, Test RMSE_ob: 44.8270, Test MAPE_ob: 0.2567
2025-05-15 03:21:26,570 - Horizon 9, Test MAE_un: 32.3284, Test RMSE_un: 49.2534, Test MAPE_un: 0.2701
2025-05-15 03:21:26,576 - Horizon 9, Test MAEall: 29.5678, Test RMSEall: 45.5620, Test MAPEall: 0.2590
2025-05-15 03:21:26,617 - Horizon 10, Test MAE_ob: 30.1384, Test RMSE_ob: 46.3757, Test MAPE_ob: 0.2668
2025-05-15 03:21:26,623 - Horizon 10, Test MAE_un: 34.1681, Test RMSE_un: 52.1472, Test MAPE_un: 0.2812
2025-05-15 03:21:26,632 - Horizon 10, Test MAEall: 30.8075, Test RMSEall: 47.3340, Test MAPEall: 0.2692
2025-05-15 03:21:26,656 - Horizon 11, Test MAE_ob: 31.3191, Test RMSE_ob: 48.0320, Test MAPE_ob: 0.2778
2025-05-15 03:21:26,666 - Horizon 11, Test MAE_un: 35.9429, Test RMSE_un: 54.8016, Test MAPE_un: 0.2936
2025-05-15 03:21:26,673 - Horizon 11, Test MAEall: 32.0868, Test RMSEall: 49.1561, Test MAPEall: 0.2804
2025-05-15 03:21:26,711 - Horizon 12, Test MAE_ob: 32.5241, Test RMSE_ob: 49.7475, Test MAPE_ob: 0.2876
2025-05-15 03:21:26,718 - Horizon 12, Test MAE_un: 37.7918, Test RMSE_un: 57.5293, Test MAPE_un: 0.3052
2025-05-15 03:21:26,724 - Horizon 12, Test MAEall: 33.3987, Test RMSEall: 51.0396, Test MAPEall: 0.2905
2025-05-15 03:21:26,724 - Average Test MAEall: 26.0964, Test RMSEall: 39.5773, Test MAPEall: 0.2385
2025-05-15 03:21:26,724 - Average Test MAE_ob1: 25.7900, Test RMSE_ob: 39.2338, Test MAPE_ob: 0.2379
2025-05-15 03:21:26,724 - Average Test MAE_un: 27.6351, Test RMSE_un: 41.3028, Test MAPE_un: 0.2416
