2025-05-15 05:20:19,454 - Namespace(device='cuda:1', dataset='SD', years='2019', model_name='stone', seed=8, bs=1, seq_len=12, horizon=12, input_dim=3, output_dim=1, order=0, new_node_ratio=0.2, num_val=1, epsilon=0.01, c=10, basis_num=1, KK=2, num_sample=0.01, mode='test', test_ratio=0.1, ood=1, tood=1, max_epochs=100, patience=10, alpha=0.8, beta=0.1, beta0=2, TBlocks_num=5, SBlocks_num=2, Kt=3, Ks_s=1, Ks_t=3, step_size=10, gamma=0.95, adj_type='transition', adp_adj=1, lrate=0.001, wdecay=0.0001, dropout=0.3, clip_grad_value=5, group=4, sd_lr=0.0001, sample_num=8, update_step=1)
2025-05-15 05:20:19,483 - Adj path: ./data/sd/sd_rn_adj.npy
2025-05-15 05:20:23,644 - Data shape in test set years:(35136, 716, 3)
2025-05-15 05:20:24,690 - Sample num: 7022, Batch num: 7022
2025-05-15 05:20:25,489 - The number of parameters: 746525
2025-05-15 05:25:11,768 - Horizon 1, Test MAE_ob: 18.8345, Test RMSE_ob: 25.5663, Test MAPE_ob: 0.2147
2025-05-15 05:25:11,776 - Horizon 1, Test MAE_un: 18.1328, Test RMSE_un: 23.9463, Test MAPE_un: 0.1987
2025-05-15 05:25:11,783 - Horizon 1, Test MAEall: 18.7180, Test RMSEall: 25.2973, Test MAPEall: 0.2121
2025-05-15 05:25:11,808 - Horizon 2, Test MAE_ob: 20.3738, Test RMSE_ob: 29.1102, Test MAPE_ob: 0.2182
2025-05-15 05:25:11,815 - Horizon 2, Test MAE_un: 19.7084, Test RMSE_un: 27.3548, Test MAPE_un: 0.2044
2025-05-15 05:25:11,821 - Horizon 2, Test MAEall: 20.2633, Test RMSEall: 28.8187, Test MAPEall: 0.2159
2025-05-15 05:25:11,844 - Horizon 3, Test MAE_ob: 21.6516, Test RMSE_ob: 32.1682, Test MAPE_ob: 0.2170
2025-05-15 05:25:11,851 - Horizon 3, Test MAE_un: 21.1943, Test RMSE_un: 30.5421, Test MAPE_un: 0.2067
2025-05-15 05:25:11,858 - Horizon 3, Test MAEall: 21.5756, Test RMSEall: 31.8982, Test MAPEall: 0.2153
2025-05-15 05:25:11,884 - Horizon 4, Test MAE_ob: 22.9075, Test RMSE_ob: 34.8884, Test MAPE_ob: 0.2196
2025-05-15 05:25:11,891 - Horizon 4, Test MAE_un: 23.0129, Test RMSE_un: 34.0407, Test MAPE_un: 0.2144
2025-05-15 05:25:11,902 - Horizon 4, Test MAEall: 22.9250, Test RMSEall: 34.7477, Test MAPEall: 0.2188
2025-05-15 05:25:11,930 - Horizon 5, Test MAE_ob: 24.4334, Test RMSE_ob: 37.7192, Test MAPE_ob: 0.2277
2025-05-15 05:25:11,938 - Horizon 5, Test MAE_un: 25.1812, Test RMSE_un: 37.9240, Test MAPE_un: 0.2272
2025-05-15 05:25:11,944 - Horizon 5, Test MAEall: 24.5576, Test RMSEall: 37.7532, Test MAPEall: 0.2276
2025-05-15 05:25:11,979 - Horizon 6, Test MAE_ob: 25.3710, Test RMSE_ob: 39.4401, Test MAPE_ob: 0.2310
2025-05-15 05:25:11,986 - Horizon 6, Test MAE_un: 26.7881, Test RMSE_un: 40.6562, Test MAPE_un: 0.2345
2025-05-15 05:25:11,999 - Horizon 6, Test MAEall: 25.6063, Test RMSEall: 39.6420, Test MAPEall: 0.2315
2025-05-15 05:25:12,038 - Horizon 7, Test MAE_ob: 26.4977, Test RMSE_ob: 41.1916, Test MAPE_ob: 0.2379
2025-05-15 05:25:12,045 - Horizon 7, Test MAE_un: 28.4177, Test RMSE_un: 43.2292, Test MAPE_un: 0.2441
2025-05-15 05:25:12,059 - Horizon 7, Test MAEall: 26.8165, Test RMSEall: 41.5299, Test MAPEall: 0.2389
2025-05-15 05:25:12,092 - Horizon 8, Test MAE_ob: 27.6587, Test RMSE_ob: 42.8746, Test MAPE_ob: 0.2459
2025-05-15 05:25:12,099 - Horizon 8, Test MAE_un: 30.3254, Test RMSE_un: 46.1392, Test MAPE_un: 0.2570
2025-05-15 05:25:12,105 - Horizon 8, Test MAEall: 28.1014, Test RMSEall: 43.4167, Test MAPEall: 0.2478
2025-05-15 05:25:12,129 - Horizon 9, Test MAE_ob: 29.1575, Test RMSE_ob: 45.0773, Test MAPE_ob: 0.2579
2025-05-15 05:25:12,136 - Horizon 9, Test MAE_un: 32.5572, Test RMSE_un: 49.7209, Test MAPE_un: 0.2717
2025-05-15 05:25:12,142 - Horizon 9, Test MAEall: 29.7220, Test RMSEall: 45.8483, Test MAPEall: 0.2602
2025-05-15 05:25:12,168 - Horizon 10, Test MAE_ob: 30.2567, Test RMSE_ob: 46.6075, Test MAPE_ob: 0.2675
2025-05-15 05:25:12,176 - Horizon 10, Test MAE_un: 34.3788, Test RMSE_un: 52.5903, Test MAPE_un: 0.2826
2025-05-15 05:25:12,187 - Horizon 10, Test MAEall: 30.9412, Test RMSEall: 47.6009, Test MAPEall: 0.2700
2025-05-15 05:25:12,219 - Horizon 11, Test MAE_ob: 31.4002, Test RMSE_ob: 48.2464, Test MAPE_ob: 0.2770
2025-05-15 05:25:12,226 - Horizon 11, Test MAE_un: 36.1205, Test RMSE_un: 55.2178, Test MAPE_un: 0.2941
2025-05-15 05:25:12,233 - Horizon 11, Test MAEall: 32.1840, Test RMSEall: 49.4039, Test MAPEall: 0.2798
2025-05-15 05:25:12,257 - Horizon 12, Test MAE_ob: 32.5926, Test RMSE_ob: 49.9691, Test MAPE_ob: 0.2854
2025-05-15 05:25:12,264 - Horizon 12, Test MAE_un: 37.9558, Test RMSE_un: 57.9481, Test MAPE_un: 0.3043
2025-05-15 05:25:12,270 - Horizon 12, Test MAEall: 33.4831, Test RMSEall: 51.2940, Test MAPEall: 0.2885
2025-05-15 05:25:12,270 - Average Test MAEall: 26.2412, Test RMSEall: 39.7709, Test MAPEall: 0.2422
2025-05-15 05:25:12,270 - Average Test MAE_ob1: 25.9279, Test RMSE_ob: 39.4049, Test MAPE_ob: 0.2417
2025-05-15 05:25:12,270 - Average Test MAE_un: 27.8144, Test RMSE_un: 41.6091, Test MAPE_un: 0.2450
