2025-05-15 05:20:34,619 - Namespace(device='cuda:3', dataset='SD', years='2019', model_name='stone', seed=10, bs=1, seq_len=12, horizon=12, input_dim=3, output_dim=1, order=0, new_node_ratio=0.2, num_val=1, epsilon=0.01, c=10, basis_num=1, KK=2, num_sample=0.01, mode='test', test_ratio=0.1, ood=1, tood=1, max_epochs=100, patience=10, alpha=0.8, beta=0.1, beta0=2, TBlocks_num=5, SBlocks_num=2, Kt=3, Ks_s=1, Ks_t=3, step_size=10, gamma=0.95, adj_type='transition', adp_adj=1, lrate=0.001, wdecay=0.0001, dropout=0.3, clip_grad_value=5, group=4, sd_lr=0.0001, sample_num=8, update_step=1)
2025-05-15 05:20:34,648 - Adj path: ./data/sd/sd_rn_adj.npy
2025-05-15 05:20:39,153 - Data shape in test set years:(35136, 716, 3)
2025-05-15 05:20:40,237 - Sample num: 7022, Batch num: 7022
2025-05-15 05:20:41,039 - The number of parameters: 746525
2025-05-15 05:25:31,489 - Horizon 1, Test MAE_ob: 17.8945, Test RMSE_ob: 24.6139, Test MAPE_ob: 0.2177
2025-05-15 05:25:31,496 - Horizon 1, Test MAE_un: 18.3674, Test RMSE_un: 25.0450, Test MAPE_un: 0.2115
2025-05-15 05:25:31,503 - Horizon 1, Test MAEall: 17.9730, Test RMSEall: 24.6855, Test MAPEall: 0.2167
2025-05-15 05:25:31,529 - Horizon 2, Test MAE_ob: 19.6612, Test RMSE_ob: 28.0320, Test MAPE_ob: 0.2171
2025-05-15 05:25:31,536 - Horizon 2, Test MAE_un: 20.2601, Test RMSE_un: 28.7310, Test MAPE_un: 0.2133
2025-05-15 05:25:31,543 - Horizon 2, Test MAEall: 19.7607, Test RMSEall: 28.1481, Test MAPEall: 0.2165
2025-05-15 05:25:31,568 - Horizon 3, Test MAE_ob: 20.7044, Test RMSE_ob: 30.3549, Test MAPE_ob: 0.2131
2025-05-15 05:25:31,574 - Horizon 3, Test MAE_un: 21.5177, Test RMSE_un: 31.4871, Test MAPE_un: 0.2115
2025-05-15 05:25:31,580 - Horizon 3, Test MAEall: 20.8394, Test RMSEall: 30.5429, Test MAPEall: 0.2128
2025-05-15 05:25:31,609 - Horizon 4, Test MAE_ob: 21.9757, Test RMSE_ob: 32.7086, Test MAPE_ob: 0.2106
2025-05-15 05:25:31,616 - Horizon 4, Test MAE_un: 23.1904, Test RMSE_un: 34.5115, Test MAPE_un: 0.2123
2025-05-15 05:25:31,628 - Horizon 4, Test MAEall: 22.1774, Test RMSEall: 33.0080, Test MAPEall: 0.2109
2025-05-15 05:25:31,659 - Horizon 5, Test MAE_ob: 23.8804, Test RMSE_ob: 35.9045, Test MAPE_ob: 0.2136
2025-05-15 05:25:31,667 - Horizon 5, Test MAE_un: 25.6107, Test RMSE_un: 38.5711, Test MAPE_un: 0.2196
2025-05-15 05:25:31,673 - Horizon 5, Test MAEall: 24.1677, Test RMSEall: 36.3473, Test MAPEall: 0.2146
2025-05-15 05:25:31,697 - Horizon 6, Test MAE_ob: 25.8218, Test RMSE_ob: 38.6901, Test MAPE_ob: 0.2229
2025-05-15 05:25:31,704 - Horizon 6, Test MAE_un: 28.0258, Test RMSE_un: 42.2393, Test MAPE_un: 0.2318
2025-05-15 05:25:31,710 - Horizon 6, Test MAEall: 26.1878, Test RMSEall: 39.2794, Test MAPEall: 0.2243
2025-05-15 05:25:31,734 - Horizon 7, Test MAE_ob: 27.2109, Test RMSE_ob: 40.6485, Test MAPE_ob: 0.2311
2025-05-15 05:25:31,742 - Horizon 7, Test MAE_un: 29.9116, Test RMSE_un: 45.0782, Test MAPE_un: 0.2428
2025-05-15 05:25:31,748 - Horizon 7, Test MAEall: 27.6594, Test RMSEall: 41.3840, Test MAPEall: 0.2331
2025-05-15 05:25:31,772 - Horizon 8, Test MAE_ob: 28.6795, Test RMSE_ob: 42.6104, Test MAPE_ob: 0.2411
2025-05-15 05:25:31,779 - Horizon 8, Test MAE_un: 31.9144, Test RMSE_un: 47.9649, Test MAPE_un: 0.2548
2025-05-15 05:25:31,785 - Horizon 8, Test MAEall: 29.2166, Test RMSEall: 43.4995, Test MAPEall: 0.2434
2025-05-15 05:25:31,810 - Horizon 9, Test MAE_ob: 30.7430, Test RMSE_ob: 45.4188, Test MAPE_ob: 0.2578
2025-05-15 05:25:31,818 - Horizon 9, Test MAE_un: 34.6243, Test RMSE_un: 51.7658, Test MAPE_un: 0.2753
2025-05-15 05:25:31,824 - Horizon 9, Test MAEall: 31.3875, Test RMSEall: 46.4727, Test MAPEall: 0.2607
2025-05-15 05:25:31,847 - Horizon 10, Test MAE_ob: 32.5321, Test RMSE_ob: 47.7297, Test MAPE_ob: 0.2761
2025-05-15 05:25:31,855 - Horizon 10, Test MAE_un: 37.0810, Test RMSE_un: 55.2045, Test MAPE_un: 0.2963
2025-05-15 05:25:31,862 - Horizon 10, Test MAEall: 33.2874, Test RMSEall: 48.9708, Test MAPEall: 0.2795
2025-05-15 05:25:31,889 - Horizon 11, Test MAE_ob: 33.7824, Test RMSE_ob: 49.4269, Test MAPE_ob: 0.2906
2025-05-15 05:25:31,896 - Horizon 11, Test MAE_un: 38.9464, Test RMSE_un: 57.9901, Test MAPE_un: 0.3124
2025-05-15 05:25:31,903 - Horizon 11, Test MAEall: 34.6399, Test RMSEall: 50.8488, Test MAPEall: 0.2942
2025-05-15 05:25:31,926 - Horizon 12, Test MAE_ob: 35.0326, Test RMSE_ob: 50.9265, Test MAPE_ob: 0.3113
2025-05-15 05:25:31,934 - Horizon 12, Test MAE_un: 40.8729, Test RMSE_un: 60.6298, Test MAPE_un: 0.3342
2025-05-15 05:25:31,940 - Horizon 12, Test MAEall: 36.0024, Test RMSEall: 52.5377, Test MAPEall: 0.3151
2025-05-15 05:25:31,940 - Average Test MAEall: 26.9416, Test RMSEall: 39.6437, Test MAPEall: 0.2435
2025-05-15 05:25:31,940 - Average Test MAE_ob1: 26.4932, Test RMSE_ob: 38.9221, Test MAPE_ob: 0.2419
2025-05-15 05:25:31,940 - Average Test MAE_un: 29.1936, Test RMSE_un: 43.2682, Test MAPE_un: 0.2513
