2023-11-29 14:13:18,774 - Namespace(device='cuda:2', dataset='PEMS04', fewshot=100, prompt=False, years='2018', seed=2018, bs=64, seq_len=12, horizon=12, input_dim=3, output_dim=1, mode='train', max_epochs=100, patience=10, model_name='stnorm', tnorm_bool=True, snorm_bool=True, channels=32, kernel_size=2, blocks=4, layers=2, lrate=0.001, wdecay=0.0001, dropout=0.1, clip_grad_value=5)
2023-11-29 14:13:18,953 - Data shape: (16992, 307, 3)
2023-11-29 14:13:19,127 - Sample num: 10181, Batch num: 159
2023-11-29 14:13:19,301 - Sample num: 3394, Batch num: 53
2023-11-29 14:13:19,474 - Sample num: 3394, Batch num: 53
2023-11-29 14:13:21,577 - The arc of model:
STNORM(
  (filter_convs): ModuleList(
    (0): Conv2d(96, 32, kernel_size=(1, 2), stride=(1, 1))
    (1): Conv2d(96, 32, kernel_size=(1, 2), stride=(1, 1), dilation=(2, 2))
    (2): Conv2d(96, 32, kernel_size=(1, 2), stride=(1, 1))
    (3): Conv2d(96, 32, kernel_size=(1, 2), stride=(1, 1), dilation=(2, 2))
    (4): Conv2d(96, 32, kernel_size=(1, 2), stride=(1, 1))
    (5): Conv2d(96, 32, kernel_size=(1, 2), stride=(1, 1), dilation=(2, 2))
    (6): Conv2d(96, 32, kernel_size=(1, 2), stride=(1, 1))
    (7): Conv2d(96, 32, kernel_size=(1, 2), stride=(1, 1), dilation=(2, 2))
  )
  (gate_convs): ModuleList(
    (0): Conv2d(96, 32, kernel_size=(1, 2), stride=(1, 1))
    (1): Conv2d(96, 32, kernel_size=(1, 2), stride=(1, 1), dilation=(2, 2))
    (2): Conv2d(96, 32, kernel_size=(1, 2), stride=(1, 1))
    (3): Conv2d(96, 32, kernel_size=(1, 2), stride=(1, 1), dilation=(2, 2))
    (4): Conv2d(96, 32, kernel_size=(1, 2), stride=(1, 1))
    (5): Conv2d(96, 32, kernel_size=(1, 2), stride=(1, 1), dilation=(2, 2))
    (6): Conv2d(96, 32, kernel_size=(1, 2), stride=(1, 1))
    (7): Conv2d(96, 32, kernel_size=(1, 2), stride=(1, 1), dilation=(2, 2))
  )
  (residual_convs): ModuleList(
    (0-7): 8 x Conv2d(32, 32, kernel_size=(1, 1), stride=(1, 1))
  )
  (skip_convs): ModuleList(
    (0-7): 8 x Conv2d(32, 32, kernel_size=(1, 1), stride=(1, 1))
  )
  (sn): ModuleList(
    (0-7): 8 x SNorm()
  )
  (tn): ModuleList(
    (0-7): 8 x TNorm()
  )
  (start_conv): Conv2d(3, 32, kernel_size=(1, 1), stride=(1, 1))
  (end_conv_1): Conv2d(32, 32, kernel_size=(1, 1), stride=(1, 1))
  (end_conv_2): Conv2d(32, 12, kernel_size=(1, 1), stride=(1, 1))
)
2023-11-29 14:13:21,577 - The number of parameters: 274988
2023-11-29 14:13:21,577 - Start training!
2023-11-29 14:13:59,696 - Epoch: 001, Train Loss: 37.4571, Train RMSE: 54.8224, Train MAPE: 0.4584, Valid Loss: 25.4963, Valid RMSE: 38.8356, Valid MAPE: 0.2133, Train Time: 34.9860s/epoch, Valid Time: 3.1321s, LR: 1.0000e-03
2023-11-29 14:13:59,714 - Val loss decrease from inf to 25.4963
2023-11-29 14:14:35,706 - Epoch: 002, Train Loss: 23.6918, Train RMSE: 36.4121, Train MAPE: 0.1954, Valid Loss: 23.1135, Valid RMSE: 36.2697, Valid MAPE: 0.1679, Train Time: 32.8303s/epoch, Valid Time: 3.1617s, LR: 1.0000e-03
2023-11-29 14:14:35,719 - Val loss decrease from 25.4963 to 23.1135
2023-11-29 14:15:11,139 - Epoch: 003, Train Loss: 22.6234, Train RMSE: 34.8345, Train MAPE: 0.1851, Valid Loss: 23.0516, Valid RMSE: 35.9139, Valid MAPE: 0.1530, Train Time: 32.3583s/epoch, Valid Time: 3.0614s, LR: 1.0000e-03
2023-11-29 14:15:11,148 - Val loss decrease from 23.1135 to 23.0516
2023-11-29 14:15:48,692 - Epoch: 004, Train Loss: 21.6640, Train RMSE: 33.6852, Train MAPE: 0.1726, Valid Loss: 22.2355, Valid RMSE: 34.4092, Valid MAPE: 0.1535, Train Time: 34.1338s/epoch, Valid Time: 3.4096s, LR: 1.0000e-03
2023-11-29 14:15:48,701 - Val loss decrease from 23.0516 to 22.2355
2023-11-29 14:16:28,922 - Epoch: 005, Train Loss: 21.0750, Train RMSE: 32.9029, Train MAPE: 0.1656, Valid Loss: 21.3156, Valid RMSE: 33.5179, Valid MAPE: 0.1544, Train Time: 36.7488s/epoch, Valid Time: 3.4724s, LR: 1.0000e-03
2023-11-29 14:16:28,931 - Val loss decrease from 22.2355 to 21.3156
2023-11-29 14:17:07,234 - Epoch: 006, Train Loss: 20.4104, Train RMSE: 32.0448, Train MAPE: 0.1588, Valid Loss: 21.0044, Valid RMSE: 33.0056, Valid MAPE: 0.1454, Train Time: 35.2313s/epoch, Valid Time: 3.0706s, LR: 1.0000e-03
2023-11-29 14:17:07,243 - Val loss decrease from 21.3156 to 21.0044
2023-11-29 14:17:41,153 - Epoch: 007, Train Loss: 20.3594, Train RMSE: 31.8909, Train MAPE: 0.1586, Valid Loss: 21.7046, Valid RMSE: 34.2022, Valid MAPE: 0.1411, Train Time: 30.7575s/epoch, Valid Time: 3.1524s, LR: 1.0000e-03
2023-11-29 14:18:17,147 - Epoch: 008, Train Loss: 19.9445, Train RMSE: 31.4462, Train MAPE: 0.1529, Valid Loss: 21.2282, Valid RMSE: 33.1541, Valid MAPE: 0.1706, Train Time: 32.7849s/epoch, Valid Time: 3.2086s, LR: 1.0000e-03
2023-11-29 14:18:55,315 - Epoch: 009, Train Loss: 19.7588, Train RMSE: 31.1273, Train MAPE: 0.1533, Valid Loss: 20.3659, Valid RMSE: 32.0932, Valid MAPE: 0.1518, Train Time: 34.8985s/epoch, Valid Time: 3.2690s, LR: 1.0000e-03
2023-11-29 14:18:55,324 - Val loss decrease from 21.0044 to 20.3659
2023-11-29 14:19:34,387 - Epoch: 010, Train Loss: 19.6126, Train RMSE: 30.9732, Train MAPE: 0.1505, Valid Loss: 20.3443, Valid RMSE: 32.2553, Valid MAPE: 0.1378, Train Time: 35.5946s/epoch, Valid Time: 3.4688s, LR: 1.0000e-03
2023-11-29 14:19:34,398 - Val loss decrease from 20.3659 to 20.3443
2023-11-29 14:20:13,454 - Epoch: 011, Train Loss: 19.4349, Train RMSE: 30.7470, Train MAPE: 0.1493, Valid Loss: 20.1836, Valid RMSE: 31.9478, Valid MAPE: 0.1630, Train Time: 35.8066s/epoch, Valid Time: 3.2495s, LR: 1.0000e-03
2023-11-29 14:20:13,466 - Val loss decrease from 20.3443 to 20.1836
2023-11-29 14:20:48,056 - Epoch: 012, Train Loss: 19.3078, Train RMSE: 30.5950, Train MAPE: 0.1477, Valid Loss: 20.1375, Valid RMSE: 31.8641, Valid MAPE: 0.1468, Train Time: 31.5831s/epoch, Valid Time: 3.0071s, LR: 1.0000e-03
2023-11-29 14:20:48,065 - Val loss decrease from 20.1836 to 20.1375
2023-11-29 14:21:22,747 - Epoch: 013, Train Loss: 19.1474, Train RMSE: 30.3563, Train MAPE: 0.1469, Valid Loss: 20.2641, Valid RMSE: 31.9304, Valid MAPE: 0.1391, Train Time: 31.5516s/epoch, Valid Time: 3.1297s, LR: 1.0000e-03
2023-11-29 14:22:02,351 - Epoch: 014, Train Loss: 19.0310, Train RMSE: 30.2552, Train MAPE: 0.1439, Valid Loss: 19.8583, Valid RMSE: 31.7290, Valid MAPE: 0.1308, Train Time: 36.2814s/epoch, Valid Time: 3.3226s, LR: 1.0000e-03
2023-11-29 14:22:02,361 - Val loss decrease from 20.1375 to 19.8583
2023-11-29 14:22:40,861 - Epoch: 015, Train Loss: 18.9380, Train RMSE: 30.1612, Train MAPE: 0.1427, Valid Loss: 19.8056, Valid RMSE: 31.6926, Valid MAPE: 0.1420, Train Time: 35.1368s/epoch, Valid Time: 3.3631s, LR: 1.0000e-03
2023-11-29 14:22:40,870 - Val loss decrease from 19.8583 to 19.8056
2023-11-29 14:23:18,549 - Epoch: 016, Train Loss: 18.8208, Train RMSE: 29.9740, Train MAPE: 0.1428, Valid Loss: 19.5952, Valid RMSE: 31.5019, Valid MAPE: 0.1318, Train Time: 34.4392s/epoch, Valid Time: 3.2392s, LR: 1.0000e-03
2023-11-29 14:23:18,557 - Val loss decrease from 19.8056 to 19.5952
2023-11-29 14:23:54,311 - Epoch: 017, Train Loss: 18.7578, Train RMSE: 29.8915, Train MAPE: 0.1426, Valid Loss: 19.7532, Valid RMSE: 31.8194, Valid MAPE: 0.1309, Train Time: 32.5767s/epoch, Valid Time: 3.1770s, LR: 1.0000e-03
2023-11-29 14:24:28,457 - Epoch: 018, Train Loss: 18.6854, Train RMSE: 29.8410, Train MAPE: 0.1412, Valid Loss: 20.0845, Valid RMSE: 31.9428, Valid MAPE: 0.1502, Train Time: 31.1275s/epoch, Valid Time: 3.0183s, LR: 1.0000e-03
2023-11-29 14:25:07,006 - Epoch: 019, Train Loss: 18.5738, Train RMSE: 29.7078, Train MAPE: 0.1397, Valid Loss: 19.8018, Valid RMSE: 31.8742, Valid MAPE: 0.1332, Train Time: 35.1998s/epoch, Valid Time: 3.3488s, LR: 1.0000e-03
2023-11-29 14:25:47,470 - Epoch: 020, Train Loss: 18.4852, Train RMSE: 29.5914, Train MAPE: 0.1392, Valid Loss: 19.5310, Valid RMSE: 31.6563, Valid MAPE: 0.1312, Train Time: 36.9601s/epoch, Valid Time: 3.5030s, LR: 1.0000e-03
2023-11-29 14:25:47,479 - Val loss decrease from 19.5952 to 19.5310
2023-11-29 14:26:23,783 - Epoch: 021, Train Loss: 18.4258, Train RMSE: 29.4974, Train MAPE: 0.1388, Valid Loss: 19.4171, Valid RMSE: 31.5062, Valid MAPE: 0.1296, Train Time: 33.2899s/epoch, Valid Time: 3.0142s, LR: 1.0000e-03
2023-11-29 14:26:23,792 - Val loss decrease from 19.5310 to 19.4171
2023-11-29 14:26:59,213 - Epoch: 022, Train Loss: 18.4115, Train RMSE: 29.4453, Train MAPE: 0.1401, Valid Loss: 19.3230, Valid RMSE: 31.4160, Valid MAPE: 0.1325, Train Time: 32.3053s/epoch, Valid Time: 3.1150s, LR: 1.0000e-03
2023-11-29 14:26:59,222 - Val loss decrease from 19.4171 to 19.3230
2023-11-29 14:27:35,194 - Epoch: 023, Train Loss: 18.2897, Train RMSE: 29.3598, Train MAPE: 0.1367, Valid Loss: 19.5103, Valid RMSE: 31.6340, Valid MAPE: 0.1310, Train Time: 32.8635s/epoch, Valid Time: 3.1081s, LR: 1.0000e-03
2023-11-29 14:28:11,970 - Epoch: 024, Train Loss: 18.2941, Train RMSE: 29.3507, Train MAPE: 0.1375, Valid Loss: 19.4552, Valid RMSE: 31.5613, Valid MAPE: 0.1426, Train Time: 33.5544s/epoch, Valid Time: 3.2213s, LR: 1.0000e-03
2023-11-29 14:28:52,201 - Epoch: 025, Train Loss: 18.1878, Train RMSE: 29.1928, Train MAPE: 0.1377, Valid Loss: 19.4273, Valid RMSE: 31.4139, Valid MAPE: 0.1387, Train Time: 36.7659s/epoch, Valid Time: 3.4652s, LR: 1.0000e-03
2023-11-29 14:29:30,109 - Epoch: 026, Train Loss: 18.1645, Train RMSE: 29.2069, Train MAPE: 0.1358, Valid Loss: 19.5467, Valid RMSE: 31.6801, Valid MAPE: 0.1271, Train Time: 34.9029s/epoch, Valid Time: 3.0043s, LR: 1.0000e-03
2023-11-29 14:30:03,887 - Epoch: 027, Train Loss: 18.0784, Train RMSE: 29.0884, Train MAPE: 0.1354, Valid Loss: 19.2771, Valid RMSE: 31.4543, Valid MAPE: 0.1322, Train Time: 30.7429s/epoch, Valid Time: 3.0349s, LR: 1.0000e-03
2023-11-29 14:30:03,896 - Val loss decrease from 19.3230 to 19.2771
2023-11-29 14:30:39,837 - Epoch: 028, Train Loss: 18.0313, Train RMSE: 29.0327, Train MAPE: 0.1354, Valid Loss: 19.5388, Valid RMSE: 31.6392, Valid MAPE: 0.1292, Train Time: 32.7677s/epoch, Valid Time: 3.1733s, LR: 1.0000e-03
2023-11-29 14:31:18,645 - Epoch: 029, Train Loss: 18.0480, Train RMSE: 29.0315, Train MAPE: 0.1364, Valid Loss: 19.5229, Valid RMSE: 31.6541, Valid MAPE: 0.1295, Train Time: 35.5778s/epoch, Valid Time: 3.2302s, LR: 1.0000e-03
2023-11-29 14:31:57,086 - Epoch: 030, Train Loss: 17.9431, Train RMSE: 28.9288, Train MAPE: 0.1345, Valid Loss: 19.3621, Valid RMSE: 31.4688, Valid MAPE: 0.1313, Train Time: 34.9028s/epoch, Valid Time: 3.5378s, LR: 1.0000e-03
2023-11-29 14:32:35,682 - Epoch: 031, Train Loss: 17.9315, Train RMSE: 28.9213, Train MAPE: 0.1343, Valid Loss: 19.4758, Valid RMSE: 31.5814, Valid MAPE: 0.1271, Train Time: 35.4171s/epoch, Valid Time: 3.1787s, LR: 1.0000e-03
2023-11-29 14:33:11,258 - Epoch: 032, Train Loss: 17.8967, Train RMSE: 28.8474, Train MAPE: 0.1349, Valid Loss: 19.3603, Valid RMSE: 31.5889, Valid MAPE: 0.1277, Train Time: 32.5213s/epoch, Valid Time: 3.0547s, LR: 1.0000e-03
2023-11-29 14:33:45,359 - Epoch: 033, Train Loss: 17.8326, Train RMSE: 28.7790, Train MAPE: 0.1336, Valid Loss: 19.3562, Valid RMSE: 31.3737, Valid MAPE: 0.1260, Train Time: 30.9654s/epoch, Valid Time: 3.1348s, LR: 1.0000e-03
2023-11-29 14:34:24,399 - Epoch: 034, Train Loss: 17.8386, Train RMSE: 28.7726, Train MAPE: 0.1349, Valid Loss: 19.2017, Valid RMSE: 31.5668, Valid MAPE: 0.1342, Train Time: 35.9232s/epoch, Valid Time: 3.1165s, LR: 1.0000e-03
2023-11-29 14:34:24,408 - Val loss decrease from 19.2771 to 19.2017
2023-11-29 14:35:04,412 - Epoch: 035, Train Loss: 17.7713, Train RMSE: 28.7050, Train MAPE: 0.1332, Valid Loss: 19.2643, Valid RMSE: 31.4847, Valid MAPE: 0.1270, Train Time: 36.6742s/epoch, Valid Time: 3.3302s, LR: 1.0000e-03
2023-11-29 14:35:40,591 - Epoch: 036, Train Loss: 17.7930, Train RMSE: 28.7021, Train MAPE: 0.1343, Valid Loss: 19.1065, Valid RMSE: 31.3727, Valid MAPE: 0.1347, Train Time: 33.0150s/epoch, Valid Time: 3.1629s, LR: 1.0000e-03
2023-11-29 14:35:40,599 - Val loss decrease from 19.2017 to 19.1065
2023-11-29 14:36:16,423 - Epoch: 037, Train Loss: 17.7325, Train RMSE: 28.6476, Train MAPE: 0.1333, Valid Loss: 19.1408, Valid RMSE: 31.2651, Valid MAPE: 0.1319, Train Time: 32.6464s/epoch, Valid Time: 3.1775s, LR: 1.0000e-03
2023-11-29 14:36:51,827 - Epoch: 038, Train Loss: 17.6972, Train RMSE: 28.6274, Train MAPE: 0.1321, Valid Loss: 19.4283, Valid RMSE: 31.7582, Valid MAPE: 0.1267, Train Time: 32.3671s/epoch, Valid Time: 3.0364s, LR: 1.0000e-03
2023-11-29 14:37:29,335 - Epoch: 039, Train Loss: 17.6482, Train RMSE: 28.5580, Train MAPE: 0.1318, Valid Loss: 19.0389, Valid RMSE: 31.2914, Valid MAPE: 0.1348, Train Time: 34.1459s/epoch, Valid Time: 3.3616s, LR: 1.0000e-03
2023-11-29 14:37:29,344 - Val loss decrease from 19.1065 to 19.0389
2023-11-29 14:38:09,762 - Epoch: 040, Train Loss: 17.6104, Train RMSE: 28.5016, Train MAPE: 0.1322, Valid Loss: 19.1213, Valid RMSE: 31.3014, Valid MAPE: 0.1255, Train Time: 36.9417s/epoch, Valid Time: 3.4759s, LR: 1.0000e-03
2023-11-29 14:38:47,333 - Epoch: 041, Train Loss: 17.5676, Train RMSE: 28.4252, Train MAPE: 0.1327, Valid Loss: 19.3268, Valid RMSE: 31.5146, Valid MAPE: 0.1345, Train Time: 34.5742s/epoch, Valid Time: 2.9964s, LR: 1.0000e-03
2023-11-29 14:39:21,482 - Epoch: 042, Train Loss: 17.5805, Train RMSE: 28.4638, Train MAPE: 0.1323, Valid Loss: 19.1596, Valid RMSE: 31.2881, Valid MAPE: 0.1358, Train Time: 31.1183s/epoch, Valid Time: 3.0304s, LR: 1.0000e-03
2023-11-29 14:39:58,009 - Epoch: 043, Train Loss: 17.5930, Train RMSE: 28.4696, Train MAPE: 0.1323, Valid Loss: 19.0587, Valid RMSE: 31.3246, Valid MAPE: 0.1271, Train Time: 33.2339s/epoch, Valid Time: 3.2926s, LR: 1.0000e-03
2023-11-29 14:40:35,784 - Epoch: 044, Train Loss: 17.5154, Train RMSE: 28.3991, Train MAPE: 0.1310, Valid Loss: 19.0365, Valid RMSE: 31.3068, Valid MAPE: 0.1253, Train Time: 34.5986s/epoch, Valid Time: 3.1760s, LR: 1.0000e-03
2023-11-29 14:40:35,792 - Val loss decrease from 19.0389 to 19.0365
2023-11-29 14:41:14,874 - Epoch: 045, Train Loss: 17.4820, Train RMSE: 28.3423, Train MAPE: 0.1313, Valid Loss: 19.0795, Valid RMSE: 31.4712, Valid MAPE: 0.1251, Train Time: 35.6007s/epoch, Valid Time: 3.4809s, LR: 1.0000e-03
2023-11-29 14:41:53,240 - Epoch: 046, Train Loss: 17.4429, Train RMSE: 28.2953, Train MAPE: 0.1309, Valid Loss: 19.2360, Valid RMSE: 31.5195, Valid MAPE: 0.1286, Train Time: 35.2653s/epoch, Valid Time: 3.1007s, LR: 1.0000e-03
2023-11-29 14:42:27,600 - Epoch: 047, Train Loss: 17.4329, Train RMSE: 28.2720, Train MAPE: 0.1309, Valid Loss: 18.9357, Valid RMSE: 31.2638, Valid MAPE: 0.1254, Train Time: 31.4383s/epoch, Valid Time: 2.9209s, LR: 1.0000e-03
2023-11-29 14:42:27,609 - Val loss decrease from 19.0365 to 18.9357
2023-11-29 14:43:02,674 - Epoch: 048, Train Loss: 17.4242, Train RMSE: 28.2822, Train MAPE: 0.1302, Valid Loss: 19.2942, Valid RMSE: 31.5893, Valid MAPE: 0.1247, Train Time: 31.8475s/epoch, Valid Time: 3.2172s, LR: 1.0000e-03
2023-11-29 14:43:41,837 - Epoch: 049, Train Loss: 17.4030, Train RMSE: 28.2303, Train MAPE: 0.1310, Valid Loss: 18.9986, Valid RMSE: 31.3204, Valid MAPE: 0.1267, Train Time: 35.8450s/epoch, Valid Time: 3.3184s, LR: 1.0000e-03
2023-11-29 14:44:20,154 - Epoch: 050, Train Loss: 17.3534, Train RMSE: 28.1765, Train MAPE: 0.1306, Valid Loss: 19.1114, Valid RMSE: 31.5108, Valid MAPE: 0.1255, Train Time: 35.0170s/epoch, Valid Time: 3.2991s, LR: 1.0000e-03
2023-11-29 14:44:58,281 - Epoch: 051, Train Loss: 17.3535, Train RMSE: 28.1910, Train MAPE: 0.1296, Valid Loss: 19.0396, Valid RMSE: 31.3758, Valid MAPE: 0.1262, Train Time: 35.0039s/epoch, Valid Time: 3.1227s, LR: 1.0000e-03
2023-11-29 14:45:34,226 - Epoch: 052, Train Loss: 17.3322, Train RMSE: 28.1686, Train MAPE: 0.1295, Valid Loss: 19.3318, Valid RMSE: 31.5585, Valid MAPE: 0.1263, Train Time: 32.8095s/epoch, Valid Time: 3.1358s, LR: 1.0000e-03
2023-11-29 14:46:08,056 - Epoch: 053, Train Loss: 17.3057, Train RMSE: 28.1073, Train MAPE: 0.1302, Valid Loss: 19.0004, Valid RMSE: 31.4716, Valid MAPE: 0.1291, Train Time: 30.7892s/epoch, Valid Time: 3.0400s, LR: 1.0000e-03
2023-11-29 14:46:46,785 - Epoch: 054, Train Loss: 17.2552, Train RMSE: 28.0753, Train MAPE: 0.1289, Valid Loss: 19.2516, Valid RMSE: 31.6524, Valid MAPE: 0.1262, Train Time: 35.4304s/epoch, Valid Time: 3.2983s, LR: 1.0000e-03
2023-11-29 14:47:26,578 - Epoch: 055, Train Loss: 17.2575, Train RMSE: 28.0500, Train MAPE: 0.1297, Valid Loss: 19.0801, Valid RMSE: 31.3221, Valid MAPE: 0.1387, Train Time: 36.4163s/epoch, Valid Time: 3.3762s, LR: 1.0000e-03
2023-11-29 14:48:03,169 - Epoch: 056, Train Loss: 17.2311, Train RMSE: 28.0416, Train MAPE: 0.1290, Valid Loss: 19.0182, Valid RMSE: 31.3809, Valid MAPE: 0.1327, Train Time: 33.6852s/epoch, Valid Time: 2.9058s, LR: 1.0000e-03
2023-11-29 14:48:38,789 - Epoch: 057, Train Loss: 17.2105, Train RMSE: 27.9698, Train MAPE: 0.1295, Valid Loss: 19.2703, Valid RMSE: 31.7099, Valid MAPE: 0.1344, Train Time: 32.4758s/epoch, Valid Time: 3.1438s, LR: 1.0000e-03
2023-11-29 14:48:38,789 - Early stop at epoch 57, loss = 18.935738
2023-11-29 14:48:42,441 - Horizon 1, Test MAE: 17.2218, Test RMSE: 27.6199, Test MAPE: 0.1159
2023-11-29 14:48:42,449 - Horizon 2, Test MAE: 17.8083, Test RMSE: 28.7055, Test MAPE: 0.1196
2023-11-29 14:48:42,456 - Horizon 3, Test MAE: 18.3241, Test RMSE: 29.6644, Test MAPE: 0.1231
2023-11-29 14:48:42,461 - Horizon 4, Test MAE: 18.6834, Test RMSE: 30.4138, Test MAPE: 0.1251
2023-11-29 14:48:42,466 - Horizon 5, Test MAE: 18.9130, Test RMSE: 30.9690, Test MAPE: 0.1276
2023-11-29 14:48:42,471 - Horizon 6, Test MAE: 19.1324, Test RMSE: 31.5388, Test MAPE: 0.1288
2023-11-29 14:48:42,476 - Horizon 7, Test MAE: 19.3824, Test RMSE: 32.0536, Test MAPE: 0.1300
2023-11-29 14:48:42,481 - Horizon 8, Test MAE: 19.5528, Test RMSE: 32.3797, Test MAPE: 0.1307
2023-11-29 14:48:42,486 - Horizon 9, Test MAE: 19.6925, Test RMSE: 32.6710, Test MAPE: 0.1345
2023-11-29 14:48:42,491 - Horizon 10, Test MAE: 19.8132, Test RMSE: 32.8345, Test MAPE: 0.1342
2023-11-29 14:48:42,496 - Horizon 11, Test MAE: 20.0142, Test RMSE: 33.1092, Test MAPE: 0.1352
2023-11-29 14:48:42,501 - Horizon 12, Test MAE: 20.3425, Test RMSE: 33.5312, Test MAPE: 0.1389
2023-11-29 14:48:42,501 - Average Test MAE: 19.0734, Test RMSE: 31.2909, Test MAPE: 0.1286
