2023-11-29 15:42:28,650 - Namespace(device='cuda:2', dataset='PEMS04', fewshot=100, prompt=False, years='2018', seed=2021, bs=64, seq_len=12, horizon=12, input_dim=3, output_dim=1, mode='train', max_epochs=100, patience=10, model_name='stnorm', tnorm_bool=True, snorm_bool=True, channels=32, kernel_size=2, blocks=4, layers=2, lrate=0.001, wdecay=0.0001, dropout=0.1, clip_grad_value=5)
2023-11-29 15:42:28,828 - Data shape: (16992, 307, 3)
2023-11-29 15:42:29,001 - Sample num: 10181, Batch num: 159
2023-11-29 15:42:29,174 - Sample num: 3394, Batch num: 53
2023-11-29 15:42:29,347 - Sample num: 3394, Batch num: 53
2023-11-29 15:42:30,819 - The arc of model:
STNORM(
  (filter_convs): ModuleList(
    (0): Conv2d(96, 32, kernel_size=(1, 2), stride=(1, 1))
    (1): Conv2d(96, 32, kernel_size=(1, 2), stride=(1, 1), dilation=(2, 2))
    (2): Conv2d(96, 32, kernel_size=(1, 2), stride=(1, 1))
    (3): Conv2d(96, 32, kernel_size=(1, 2), stride=(1, 1), dilation=(2, 2))
    (4): Conv2d(96, 32, kernel_size=(1, 2), stride=(1, 1))
    (5): Conv2d(96, 32, kernel_size=(1, 2), stride=(1, 1), dilation=(2, 2))
    (6): Conv2d(96, 32, kernel_size=(1, 2), stride=(1, 1))
    (7): Conv2d(96, 32, kernel_size=(1, 2), stride=(1, 1), dilation=(2, 2))
  )
  (gate_convs): ModuleList(
    (0): Conv2d(96, 32, kernel_size=(1, 2), stride=(1, 1))
    (1): Conv2d(96, 32, kernel_size=(1, 2), stride=(1, 1), dilation=(2, 2))
    (2): Conv2d(96, 32, kernel_size=(1, 2), stride=(1, 1))
    (3): Conv2d(96, 32, kernel_size=(1, 2), stride=(1, 1), dilation=(2, 2))
    (4): Conv2d(96, 32, kernel_size=(1, 2), stride=(1, 1))
    (5): Conv2d(96, 32, kernel_size=(1, 2), stride=(1, 1), dilation=(2, 2))
    (6): Conv2d(96, 32, kernel_size=(1, 2), stride=(1, 1))
    (7): Conv2d(96, 32, kernel_size=(1, 2), stride=(1, 1), dilation=(2, 2))
  )
  (residual_convs): ModuleList(
    (0-7): 8 x Conv2d(32, 32, kernel_size=(1, 1), stride=(1, 1))
  )
  (skip_convs): ModuleList(
    (0-7): 8 x Conv2d(32, 32, kernel_size=(1, 1), stride=(1, 1))
  )
  (sn): ModuleList(
    (0-7): 8 x SNorm()
  )
  (tn): ModuleList(
    (0-7): 8 x TNorm()
  )
  (start_conv): Conv2d(3, 32, kernel_size=(1, 1), stride=(1, 1))
  (end_conv_1): Conv2d(32, 32, kernel_size=(1, 1), stride=(1, 1))
  (end_conv_2): Conv2d(32, 12, kernel_size=(1, 1), stride=(1, 1))
)
2023-11-29 15:42:30,819 - The number of parameters: 274988
2023-11-29 15:42:30,819 - Start training!
2023-11-29 15:42:56,250 - Epoch: 001, Train Loss: 38.2731, Train RMSE: 56.0891, Train MAPE: 0.4365, Valid Loss: 25.2189, Valid RMSE: 38.5677, Valid MAPE: 0.1990, Train Time: 23.0061s/epoch, Valid Time: 2.4243s, LR: 1.0000e-03
2023-11-29 15:42:56,260 - Val loss decrease from inf to 25.2189
2023-11-29 15:43:19,059 - Epoch: 002, Train Loss: 23.7143, Train RMSE: 36.3972, Train MAPE: 0.1972, Valid Loss: 23.5462, Valid RMSE: 36.1181, Valid MAPE: 0.1703, Train Time: 20.5418s/epoch, Valid Time: 2.2571s, LR: 1.0000e-03
2023-11-29 15:43:19,071 - Val loss decrease from 25.2189 to 23.5462
2023-11-29 15:43:41,709 - Epoch: 003, Train Loss: 22.2393, Train RMSE: 34.4458, Train MAPE: 0.1801, Valid Loss: 22.5003, Valid RMSE: 34.9594, Valid MAPE: 0.1909, Train Time: 20.2144s/epoch, Valid Time: 2.4236s, LR: 1.0000e-03
2023-11-29 15:43:41,718 - Val loss decrease from 23.5462 to 22.5003
2023-11-29 15:44:06,416 - Epoch: 004, Train Loss: 21.2326, Train RMSE: 33.1739, Train MAPE: 0.1678, Valid Loss: 21.6933, Valid RMSE: 33.8139, Valid MAPE: 0.1561, Train Time: 22.3123s/epoch, Valid Time: 2.3850s, LR: 1.0000e-03
2023-11-29 15:44:06,427 - Val loss decrease from 22.5003 to 21.6933
2023-11-29 15:44:30,042 - Epoch: 005, Train Loss: 20.8333, Train RMSE: 32.6377, Train MAPE: 0.1615, Valid Loss: 21.4296, Valid RMSE: 33.3273, Valid MAPE: 0.1654, Train Time: 21.3980s/epoch, Valid Time: 2.2168s, LR: 1.0000e-03
2023-11-29 15:44:30,051 - Val loss decrease from 21.6933 to 21.4296
2023-11-29 15:44:53,358 - Epoch: 006, Train Loss: 20.3836, Train RMSE: 31.9905, Train MAPE: 0.1586, Valid Loss: 21.1654, Valid RMSE: 33.1236, Valid MAPE: 0.1658, Train Time: 20.9493s/epoch, Valid Time: 2.3581s, LR: 1.0000e-03
2023-11-29 15:44:53,367 - Val loss decrease from 21.4296 to 21.1654
2023-11-29 15:45:18,145 - Epoch: 007, Train Loss: 20.0337, Train RMSE: 31.5661, Train MAPE: 0.1539, Valid Loss: 20.3523, Valid RMSE: 32.2152, Valid MAPE: 0.1373, Train Time: 22.4387s/epoch, Valid Time: 2.3393s, LR: 1.0000e-03
2023-11-29 15:45:18,154 - Val loss decrease from 21.1654 to 20.3523
2023-11-29 15:45:41,095 - Epoch: 008, Train Loss: 19.9158, Train RMSE: 31.3940, Train MAPE: 0.1525, Valid Loss: 20.4491, Valid RMSE: 32.5804, Valid MAPE: 0.1462, Train Time: 20.8056s/epoch, Valid Time: 2.1347s, LR: 1.0000e-03
2023-11-29 15:46:04,693 - Epoch: 009, Train Loss: 19.5973, Train RMSE: 30.9806, Train MAPE: 0.1499, Valid Loss: 20.4112, Valid RMSE: 32.3523, Valid MAPE: 0.1422, Train Time: 21.2340s/epoch, Valid Time: 2.3644s, LR: 1.0000e-03
2023-11-29 15:46:28,978 - Epoch: 010, Train Loss: 19.5031, Train RMSE: 30.8531, Train MAPE: 0.1486, Valid Loss: 20.1019, Valid RMSE: 31.9688, Valid MAPE: 0.1347, Train Time: 21.8016s/epoch, Valid Time: 2.4823s, LR: 1.0000e-03
2023-11-29 15:46:28,986 - Val loss decrease from 20.3523 to 20.1019
2023-11-29 15:46:50,157 - Epoch: 011, Train Loss: 19.3470, Train RMSE: 30.6183, Train MAPE: 0.1492, Valid Loss: 20.0721, Valid RMSE: 31.9148, Valid MAPE: 0.1374, Train Time: 18.9167s/epoch, Valid Time: 2.2532s, LR: 1.0000e-03
2023-11-29 15:46:50,166 - Val loss decrease from 20.1019 to 20.0721
2023-11-29 15:47:14,365 - Epoch: 012, Train Loss: 19.1881, Train RMSE: 30.4579, Train MAPE: 0.1460, Valid Loss: 20.4308, Valid RMSE: 32.2646, Valid MAPE: 0.1338, Train Time: 21.7483s/epoch, Valid Time: 2.4505s, LR: 1.0000e-03
2023-11-29 15:47:38,715 - Epoch: 013, Train Loss: 19.1093, Train RMSE: 30.3742, Train MAPE: 0.1445, Valid Loss: 19.8274, Valid RMSE: 31.7370, Valid MAPE: 0.1310, Train Time: 22.0393s/epoch, Valid Time: 2.3107s, LR: 1.0000e-03
2023-11-29 15:47:38,724 - Val loss decrease from 20.0721 to 19.8274
2023-11-29 15:48:00,816 - Epoch: 014, Train Loss: 18.9443, Train RMSE: 30.1531, Train MAPE: 0.1439, Valid Loss: 19.8771, Valid RMSE: 31.7009, Valid MAPE: 0.1339, Train Time: 19.8332s/epoch, Valid Time: 2.2587s, LR: 1.0000e-03
2023-11-29 15:48:25,367 - Epoch: 015, Train Loss: 18.9341, Train RMSE: 30.1153, Train MAPE: 0.1445, Valid Loss: 19.7445, Valid RMSE: 31.6331, Valid MAPE: 0.1308, Train Time: 22.1784s/epoch, Valid Time: 2.3722s, LR: 1.0000e-03
2023-11-29 15:48:25,376 - Val loss decrease from 19.8274 to 19.7445
2023-11-29 15:48:49,264 - Epoch: 016, Train Loss: 18.8303, Train RMSE: 30.0072, Train MAPE: 0.1426, Valid Loss: 19.8856, Valid RMSE: 31.8168, Valid MAPE: 0.1322, Train Time: 21.7480s/epoch, Valid Time: 2.1392s, LR: 1.0000e-03
2023-11-29 15:49:11,792 - Epoch: 017, Train Loss: 18.7055, Train RMSE: 29.8587, Train MAPE: 0.1415, Valid Loss: 19.8702, Valid RMSE: 31.6370, Valid MAPE: 0.1309, Train Time: 20.1947s/epoch, Valid Time: 2.3337s, LR: 1.0000e-03
2023-11-29 15:49:36,527 - Epoch: 018, Train Loss: 18.6130, Train RMSE: 29.7366, Train MAPE: 0.1409, Valid Loss: 19.7913, Valid RMSE: 31.7954, Valid MAPE: 0.1402, Train Time: 22.2385s/epoch, Valid Time: 2.4954s, LR: 1.0000e-03
2023-11-29 15:50:00,067 - Epoch: 019, Train Loss: 18.5295, Train RMSE: 29.6401, Train MAPE: 0.1398, Valid Loss: 20.1481, Valid RMSE: 32.1647, Valid MAPE: 0.1299, Train Time: 21.4108s/epoch, Valid Time: 2.1291s, LR: 1.0000e-03
2023-11-29 15:50:24,472 - Epoch: 020, Train Loss: 18.4433, Train RMSE: 29.5474, Train MAPE: 0.1385, Valid Loss: 19.7558, Valid RMSE: 31.8256, Valid MAPE: 0.1330, Train Time: 21.6602s/epoch, Valid Time: 2.7440s, LR: 1.0000e-03
2023-11-29 15:50:55,152 - Epoch: 021, Train Loss: 18.3458, Train RMSE: 29.4253, Train MAPE: 0.1382, Valid Loss: 19.5406, Valid RMSE: 31.3768, Valid MAPE: 0.1309, Train Time: 27.8175s/epoch, Valid Time: 2.8618s, LR: 1.0000e-03
2023-11-29 15:50:55,161 - Val loss decrease from 19.7445 to 19.5406
2023-11-29 15:51:24,831 - Epoch: 022, Train Loss: 18.3075, Train RMSE: 29.3737, Train MAPE: 0.1378, Valid Loss: 19.4573, Valid RMSE: 31.4678, Valid MAPE: 0.1355, Train Time: 27.0179s/epoch, Valid Time: 2.6522s, LR: 1.0000e-03
2023-11-29 15:51:24,840 - Val loss decrease from 19.5406 to 19.4573
2023-11-29 15:51:50,442 - Epoch: 023, Train Loss: 18.2229, Train RMSE: 29.2758, Train MAPE: 0.1371, Valid Loss: 19.3471, Valid RMSE: 31.2490, Valid MAPE: 0.1284, Train Time: 22.9808s/epoch, Valid Time: 2.6202s, LR: 1.0000e-03
2023-11-29 15:51:50,451 - Val loss decrease from 19.4573 to 19.3471
2023-11-29 15:52:17,182 - Epoch: 024, Train Loss: 18.2077, Train RMSE: 29.2532, Train MAPE: 0.1367, Valid Loss: 19.2739, Valid RMSE: 31.1895, Valid MAPE: 0.1269, Train Time: 24.1254s/epoch, Valid Time: 2.6054s, LR: 1.0000e-03
2023-11-29 15:52:17,191 - Val loss decrease from 19.3471 to 19.2739
2023-11-29 15:52:43,698 - Epoch: 025, Train Loss: 18.1386, Train RMSE: 29.1728, Train MAPE: 0.1365, Valid Loss: 19.4766, Valid RMSE: 31.4679, Valid MAPE: 0.1297, Train Time: 23.8302s/epoch, Valid Time: 2.6768s, LR: 1.0000e-03
2023-11-29 15:53:14,037 - Epoch: 026, Train Loss: 18.0898, Train RMSE: 29.1119, Train MAPE: 0.1361, Valid Loss: 19.1886, Valid RMSE: 31.1393, Valid MAPE: 0.1264, Train Time: 27.5380s/epoch, Valid Time: 2.8005s, LR: 1.0000e-03
2023-11-29 15:53:14,049 - Val loss decrease from 19.2739 to 19.1886
2023-11-29 15:53:45,042 - Epoch: 027, Train Loss: 18.0420, Train RMSE: 29.0498, Train MAPE: 0.1353, Valid Loss: 19.6633, Valid RMSE: 31.6552, Valid MAPE: 0.1301, Train Time: 28.3901s/epoch, Valid Time: 2.6031s, LR: 1.0000e-03
2023-11-29 15:54:09,842 - Epoch: 028, Train Loss: 18.0035, Train RMSE: 28.9963, Train MAPE: 0.1356, Valid Loss: 19.1713, Valid RMSE: 31.1836, Valid MAPE: 0.1262, Train Time: 22.3985s/epoch, Valid Time: 2.4009s, LR: 1.0000e-03
2023-11-29 15:54:09,851 - Val loss decrease from 19.1886 to 19.1713
2023-11-29 15:54:36,062 - Epoch: 029, Train Loss: 17.9997, Train RMSE: 28.9970, Train MAPE: 0.1348, Valid Loss: 19.3225, Valid RMSE: 31.5403, Valid MAPE: 0.1295, Train Time: 23.7340s/epoch, Valid Time: 2.4769s, LR: 1.0000e-03
2023-11-29 15:55:03,892 - Epoch: 030, Train Loss: 17.9210, Train RMSE: 28.8837, Train MAPE: 0.1355, Valid Loss: 19.2829, Valid RMSE: 31.2716, Valid MAPE: 0.1269, Train Time: 24.9921s/epoch, Valid Time: 2.8373s, LR: 1.0000e-03
2023-11-29 15:55:32,904 - Epoch: 031, Train Loss: 17.8797, Train RMSE: 28.8424, Train MAPE: 0.1350, Valid Loss: 19.2777, Valid RMSE: 31.3496, Valid MAPE: 0.1267, Train Time: 26.1710s/epoch, Valid Time: 2.8404s, LR: 1.0000e-03
2023-11-29 15:56:03,038 - Epoch: 032, Train Loss: 17.8478, Train RMSE: 28.8163, Train MAPE: 0.1339, Valid Loss: 19.1377, Valid RMSE: 31.2257, Valid MAPE: 0.1351, Train Time: 27.4989s/epoch, Valid Time: 2.6355s, LR: 1.0000e-03
2023-11-29 15:56:03,047 - Val loss decrease from 19.1713 to 19.1377
2023-11-29 15:56:29,514 - Epoch: 033, Train Loss: 17.7793, Train RMSE: 28.7227, Train MAPE: 0.1335, Valid Loss: 19.4362, Valid RMSE: 31.2715, Valid MAPE: 0.1316, Train Time: 24.0304s/epoch, Valid Time: 2.4361s, LR: 1.0000e-03
2023-11-29 15:56:53,821 - Epoch: 034, Train Loss: 17.7645, Train RMSE: 28.7220, Train MAPE: 0.1328, Valid Loss: 19.1444, Valid RMSE: 31.1572, Valid MAPE: 0.1373, Train Time: 21.8525s/epoch, Valid Time: 2.4527s, LR: 1.0000e-03
2023-11-29 15:57:23,060 - Epoch: 035, Train Loss: 17.7535, Train RMSE: 28.7057, Train MAPE: 0.1327, Valid Loss: 19.1576, Valid RMSE: 31.2711, Valid MAPE: 0.1263, Train Time: 26.4749s/epoch, Valid Time: 2.7639s, LR: 1.0000e-03
2023-11-29 15:57:53,919 - Epoch: 036, Train Loss: 17.6619, Train RMSE: 28.5740, Train MAPE: 0.1330, Valid Loss: 19.0390, Valid RMSE: 31.0754, Valid MAPE: 0.1321, Train Time: 28.0689s/epoch, Valid Time: 2.7896s, LR: 1.0000e-03
2023-11-29 15:57:53,928 - Val loss decrease from 19.1377 to 19.0390
2023-11-29 15:58:21,883 - Epoch: 037, Train Loss: 17.5905, Train RMSE: 28.4934, Train MAPE: 0.1323, Valid Loss: 19.0093, Valid RMSE: 31.2331, Valid MAPE: 0.1255, Train Time: 25.3948s/epoch, Valid Time: 2.5597s, LR: 1.0000e-03
2023-11-29 15:58:21,892 - Val loss decrease from 19.0390 to 19.0093
2023-11-29 15:58:48,646 - Epoch: 038, Train Loss: 17.6238, Train RMSE: 28.5454, Train MAPE: 0.1319, Valid Loss: 19.0865, Valid RMSE: 31.1700, Valid MAPE: 0.1247, Train Time: 24.2106s/epoch, Valid Time: 2.5423s, LR: 1.0000e-03
2023-11-29 15:59:14,163 - Epoch: 039, Train Loss: 17.6038, Train RMSE: 28.4821, Train MAPE: 0.1329, Valid Loss: 19.0300, Valid RMSE: 31.1426, Valid MAPE: 0.1278, Train Time: 23.5906s/epoch, Valid Time: 1.9269s, LR: 1.0000e-03
2023-11-29 15:59:42,402 - Epoch: 040, Train Loss: 17.5611, Train RMSE: 28.4504, Train MAPE: 0.1318, Valid Loss: 19.0497, Valid RMSE: 31.1034, Valid MAPE: 0.1313, Train Time: 25.3455s/epoch, Valid Time: 2.8923s, LR: 1.0000e-03
2023-11-29 16:00:13,363 - Epoch: 041, Train Loss: 17.5680, Train RMSE: 28.4618, Train MAPE: 0.1319, Valid Loss: 19.0812, Valid RMSE: 31.1541, Valid MAPE: 0.1257, Train Time: 28.2092s/epoch, Valid Time: 2.7513s, LR: 1.0000e-03
2023-11-29 16:00:40,839 - Epoch: 042, Train Loss: 17.5225, Train RMSE: 28.3608, Train MAPE: 0.1332, Valid Loss: 19.1634, Valid RMSE: 31.2160, Valid MAPE: 0.1263, Train Time: 24.9728s/epoch, Valid Time: 2.5035s, LR: 1.0000e-03
2023-11-29 16:01:06,262 - Epoch: 043, Train Loss: 17.4973, Train RMSE: 28.3629, Train MAPE: 0.1314, Valid Loss: 19.1914, Valid RMSE: 31.2729, Valid MAPE: 0.1409, Train Time: 22.7660s/epoch, Valid Time: 2.6559s, LR: 1.0000e-03
2023-11-29 16:01:32,969 - Epoch: 044, Train Loss: 17.4832, Train RMSE: 28.3578, Train MAPE: 0.1312, Valid Loss: 19.0022, Valid RMSE: 31.2694, Valid MAPE: 0.1260, Train Time: 24.1401s/epoch, Valid Time: 2.5664s, LR: 1.0000e-03
2023-11-29 16:01:32,981 - Val loss decrease from 19.0093 to 19.0022
2023-11-29 16:02:02,171 - Epoch: 045, Train Loss: 17.4367, Train RMSE: 28.2955, Train MAPE: 0.1305, Valid Loss: 19.0498, Valid RMSE: 31.1750, Valid MAPE: 0.1323, Train Time: 26.3029s/epoch, Valid Time: 2.8868s, LR: 1.0000e-03
2023-11-29 16:02:32,491 - Epoch: 046, Train Loss: 17.3811, Train RMSE: 28.2454, Train MAPE: 0.1301, Valid Loss: 19.0355, Valid RMSE: 31.0588, Valid MAPE: 0.1283, Train Time: 27.4390s/epoch, Valid Time: 2.8798s, LR: 1.0000e-03
2023-11-29 16:03:00,829 - Epoch: 047, Train Loss: 17.3799, Train RMSE: 28.2082, Train MAPE: 0.1312, Valid Loss: 19.0437, Valid RMSE: 31.0517, Valid MAPE: 0.1435, Train Time: 25.8237s/epoch, Valid Time: 2.5143s, LR: 1.0000e-03
2023-11-29 16:03:25,632 - Epoch: 048, Train Loss: 17.3150, Train RMSE: 28.1418, Train MAPE: 0.1306, Valid Loss: 18.9949, Valid RMSE: 31.2780, Valid MAPE: 0.1285, Train Time: 22.4515s/epoch, Valid Time: 2.3509s, LR: 1.0000e-03
2023-11-29 16:03:25,644 - Val loss decrease from 19.0022 to 18.9949
2023-11-29 16:03:51,102 - Epoch: 049, Train Loss: 17.3032, Train RMSE: 28.1222, Train MAPE: 0.1299, Valid Loss: 18.8616, Valid RMSE: 31.0857, Valid MAPE: 0.1253, Train Time: 22.6165s/epoch, Valid Time: 2.8419s, LR: 1.0000e-03
2023-11-29 16:03:51,114 - Val loss decrease from 18.9949 to 18.8616
2023-11-29 16:04:22,523 - Epoch: 050, Train Loss: 17.3066, Train RMSE: 28.1200, Train MAPE: 0.1304, Valid Loss: 18.9620, Valid RMSE: 31.4518, Valid MAPE: 0.1244, Train Time: 28.5580s/epoch, Valid Time: 2.8511s, LR: 1.0000e-03
2023-11-29 16:04:51,612 - Epoch: 051, Train Loss: 17.2770, Train RMSE: 28.1010, Train MAPE: 0.1294, Valid Loss: 18.9712, Valid RMSE: 31.2659, Valid MAPE: 0.1259, Train Time: 26.3661s/epoch, Valid Time: 2.7222s, LR: 1.0000e-03
2023-11-29 16:05:19,279 - Epoch: 052, Train Loss: 17.2609, Train RMSE: 28.0691, Train MAPE: 0.1295, Valid Loss: 18.9180, Valid RMSE: 31.1318, Valid MAPE: 0.1269, Train Time: 25.0935s/epoch, Valid Time: 2.5728s, LR: 1.0000e-03
2023-11-29 16:05:45,906 - Epoch: 053, Train Loss: 17.2739, Train RMSE: 28.0675, Train MAPE: 0.1301, Valid Loss: 19.1259, Valid RMSE: 31.2238, Valid MAPE: 0.1332, Train Time: 24.1990s/epoch, Valid Time: 2.4280s, LR: 1.0000e-03
2023-11-29 16:06:11,258 - Epoch: 054, Train Loss: 17.2298, Train RMSE: 28.0243, Train MAPE: 0.1296, Valid Loss: 19.0175, Valid RMSE: 31.2626, Valid MAPE: 0.1282, Train Time: 22.3201s/epoch, Valid Time: 3.0317s, LR: 1.0000e-03
2023-11-29 16:06:42,626 - Epoch: 055, Train Loss: 17.2191, Train RMSE: 28.0294, Train MAPE: 0.1287, Valid Loss: 18.9394, Valid RMSE: 31.1296, Valid MAPE: 0.1413, Train Time: 28.4110s/epoch, Valid Time: 2.9571s, LR: 1.0000e-03
2023-11-29 16:07:13,317 - Epoch: 056, Train Loss: 17.1525, Train RMSE: 27.9243, Train MAPE: 0.1289, Valid Loss: 19.1802, Valid RMSE: 31.3711, Valid MAPE: 0.1249, Train Time: 27.9842s/epoch, Valid Time: 2.7062s, LR: 1.0000e-03
2023-11-29 16:07:38,349 - Epoch: 057, Train Loss: 17.1521, Train RMSE: 27.9225, Train MAPE: 0.1290, Valid Loss: 18.9957, Valid RMSE: 31.0855, Valid MAPE: 0.1315, Train Time: 22.4512s/epoch, Valid Time: 2.5802s, LR: 1.0000e-03
2023-11-29 16:08:04,406 - Epoch: 058, Train Loss: 17.1651, Train RMSE: 27.9345, Train MAPE: 0.1288, Valid Loss: 18.8202, Valid RMSE: 31.0259, Valid MAPE: 0.1253, Train Time: 24.0696s/epoch, Valid Time: 1.9869s, LR: 1.0000e-03
2023-11-29 16:08:04,415 - Val loss decrease from 18.8616 to 18.8202
2023-11-29 16:08:31,952 - Epoch: 059, Train Loss: 17.1239, Train RMSE: 27.8853, Train MAPE: 0.1289, Valid Loss: 18.8175, Valid RMSE: 31.0667, Valid MAPE: 0.1276, Train Time: 24.9020s/epoch, Valid Time: 2.6346s, LR: 1.0000e-03
2023-11-29 16:08:31,961 - Val loss decrease from 18.8202 to 18.8175
2023-11-29 16:09:01,704 - Epoch: 060, Train Loss: 17.1313, Train RMSE: 27.8867, Train MAPE: 0.1290, Valid Loss: 18.9751, Valid RMSE: 31.2008, Valid MAPE: 0.1310, Train Time: 26.9410s/epoch, Valid Time: 2.8013s, LR: 1.0000e-03
2023-11-29 16:09:32,814 - Epoch: 061, Train Loss: 17.0907, Train RMSE: 27.8453, Train MAPE: 0.1284, Valid Loss: 18.8714, Valid RMSE: 31.1300, Valid MAPE: 0.1281, Train Time: 28.5211s/epoch, Valid Time: 2.5890s, LR: 1.0000e-03
2023-11-29 16:09:58,362 - Epoch: 062, Train Loss: 17.0889, Train RMSE: 27.8596, Train MAPE: 0.1278, Valid Loss: 19.1713, Valid RMSE: 31.7009, Valid MAPE: 0.1267, Train Time: 23.1789s/epoch, Valid Time: 2.3687s, LR: 1.0000e-03
2023-11-29 16:10:24,041 - Epoch: 063, Train Loss: 17.0929, Train RMSE: 27.8559, Train MAPE: 0.1279, Valid Loss: 18.8273, Valid RMSE: 31.0029, Valid MAPE: 0.1279, Train Time: 23.1695s/epoch, Valid Time: 2.5086s, LR: 1.0000e-03
2023-11-29 16:10:53,457 - Epoch: 064, Train Loss: 17.0540, Train RMSE: 27.8204, Train MAPE: 0.1271, Valid Loss: 18.8046, Valid RMSE: 31.1767, Valid MAPE: 0.1234, Train Time: 26.4617s/epoch, Valid Time: 2.9542s, LR: 1.0000e-03
2023-11-29 16:10:53,469 - Val loss decrease from 18.8175 to 18.8046
2023-11-29 16:11:22,923 - Epoch: 065, Train Loss: 17.0301, Train RMSE: 27.7728, Train MAPE: 0.1280, Valid Loss: 18.9763, Valid RMSE: 31.3270, Valid MAPE: 0.1251, Train Time: 26.8010s/epoch, Valid Time: 2.6520s, LR: 1.0000e-03
2023-11-29 16:11:51,880 - Epoch: 066, Train Loss: 17.0227, Train RMSE: 27.7565, Train MAPE: 0.1280, Valid Loss: 18.8103, Valid RMSE: 31.1932, Valid MAPE: 0.1248, Train Time: 26.3783s/epoch, Valid Time: 2.5785s, LR: 1.0000e-03
2023-11-29 16:12:18,518 - Epoch: 067, Train Loss: 17.0119, Train RMSE: 27.7459, Train MAPE: 0.1276, Valid Loss: 18.7912, Valid RMSE: 31.1660, Valid MAPE: 0.1249, Train Time: 24.0851s/epoch, Valid Time: 2.5528s, LR: 1.0000e-03
2023-11-29 16:12:18,527 - Val loss decrease from 18.8046 to 18.7912
2023-11-29 16:12:42,270 - Epoch: 068, Train Loss: 16.9849, Train RMSE: 27.7216, Train MAPE: 0.1273, Valid Loss: 18.9037, Valid RMSE: 31.2202, Valid MAPE: 0.1302, Train Time: 21.3570s/epoch, Valid Time: 2.3856s, LR: 1.0000e-03
2023-11-29 16:13:11,625 - Epoch: 069, Train Loss: 16.9583, Train RMSE: 27.6844, Train MAPE: 0.1272, Valid Loss: 18.8747, Valid RMSE: 31.0711, Valid MAPE: 0.1254, Train Time: 26.5123s/epoch, Valid Time: 2.8420s, LR: 1.0000e-03
2023-11-29 16:13:42,979 - Epoch: 070, Train Loss: 16.9753, Train RMSE: 27.6808, Train MAPE: 0.1277, Valid Loss: 18.9030, Valid RMSE: 31.1316, Valid MAPE: 0.1303, Train Time: 28.4802s/epoch, Valid Time: 2.8733s, LR: 1.0000e-03
2023-11-29 16:14:09,993 - Epoch: 071, Train Loss: 16.9711, Train RMSE: 27.6996, Train MAPE: 0.1268, Valid Loss: 18.9304, Valid RMSE: 31.0964, Valid MAPE: 0.1248, Train Time: 24.6778s/epoch, Valid Time: 2.3361s, LR: 1.0000e-03
2023-11-29 16:14:36,672 - Epoch: 072, Train Loss: 16.9644, Train RMSE: 27.6831, Train MAPE: 0.1272, Valid Loss: 18.7754, Valid RMSE: 31.2364, Valid MAPE: 0.1243, Train Time: 24.1788s/epoch, Valid Time: 2.4999s, LR: 1.0000e-03
2023-11-29 16:14:36,682 - Val loss decrease from 18.7912 to 18.7754
2023-11-29 16:15:03,287 - Epoch: 073, Train Loss: 16.9525, Train RMSE: 27.6627, Train MAPE: 0.1273, Valid Loss: 18.7867, Valid RMSE: 31.2550, Valid MAPE: 0.1276, Train Time: 24.3033s/epoch, Valid Time: 2.3017s, LR: 1.0000e-03
2023-11-29 16:15:31,579 - Epoch: 074, Train Loss: 16.8901, Train RMSE: 27.5977, Train MAPE: 0.1262, Valid Loss: 18.7582, Valid RMSE: 31.1441, Valid MAPE: 0.1251, Train Time: 25.5129s/epoch, Valid Time: 2.7787s, LR: 1.0000e-03
2023-11-29 16:15:31,588 - Val loss decrease from 18.7754 to 18.7582
2023-11-29 16:16:02,652 - Epoch: 075, Train Loss: 16.8996, Train RMSE: 27.5864, Train MAPE: 0.1269, Valid Loss: 18.8533, Valid RMSE: 31.2865, Valid MAPE: 0.1280, Train Time: 28.1554s/epoch, Valid Time: 2.9086s, LR: 1.0000e-03
2023-11-29 16:16:30,665 - Epoch: 076, Train Loss: 16.9110, Train RMSE: 27.6181, Train MAPE: 0.1266, Valid Loss: 18.9194, Valid RMSE: 31.1735, Valid MAPE: 0.1365, Train Time: 25.5358s/epoch, Valid Time: 2.4768s, LR: 1.0000e-03
2023-11-29 16:16:54,342 - Epoch: 077, Train Loss: 16.8570, Train RMSE: 27.5312, Train MAPE: 0.1271, Valid Loss: 18.7906, Valid RMSE: 31.2263, Valid MAPE: 0.1229, Train Time: 21.1621s/epoch, Valid Time: 2.5142s, LR: 1.0000e-03
2023-11-29 16:17:21,000 - Epoch: 078, Train Loss: 16.8734, Train RMSE: 27.5692, Train MAPE: 0.1263, Valid Loss: 18.9994, Valid RMSE: 31.2329, Valid MAPE: 0.1260, Train Time: 24.1326s/epoch, Valid Time: 2.5253s, LR: 1.0000e-03
2023-11-29 16:17:51,207 - Epoch: 079, Train Loss: 16.8573, Train RMSE: 27.5450, Train MAPE: 0.1261, Valid Loss: 18.8254, Valid RMSE: 31.0969, Valid MAPE: 0.1244, Train Time: 27.5899s/epoch, Valid Time: 2.6168s, LR: 1.0000e-03
2023-11-29 16:18:20,900 - Epoch: 080, Train Loss: 16.8359, Train RMSE: 27.5325, Train MAPE: 0.1260, Valid Loss: 18.7533, Valid RMSE: 31.0415, Valid MAPE: 0.1272, Train Time: 26.9204s/epoch, Valid Time: 2.7718s, LR: 1.0000e-03
2023-11-29 16:18:20,912 - Val loss decrease from 18.7582 to 18.7533
2023-11-29 16:18:49,054 - Epoch: 081, Train Loss: 16.8116, Train RMSE: 27.4873, Train MAPE: 0.1258, Valid Loss: 18.8788, Valid RMSE: 31.2022, Valid MAPE: 0.1240, Train Time: 25.6768s/epoch, Valid Time: 2.4657s, LR: 1.0000e-03
2023-11-29 16:19:14,586 - Epoch: 082, Train Loss: 16.8433, Train RMSE: 27.5157, Train MAPE: 0.1261, Valid Loss: 18.8124, Valid RMSE: 31.1573, Valid MAPE: 0.1236, Train Time: 23.1667s/epoch, Valid Time: 2.3650s, LR: 1.0000e-03
2023-11-29 16:19:40,499 - Epoch: 083, Train Loss: 16.7832, Train RMSE: 27.4466, Train MAPE: 0.1257, Valid Loss: 18.6924, Valid RMSE: 31.0407, Valid MAPE: 0.1266, Train Time: 23.1203s/epoch, Valid Time: 2.7918s, LR: 1.0000e-03
2023-11-29 16:19:40,508 - Val loss decrease from 18.7533 to 18.6924
2023-11-29 16:20:11,951 - Epoch: 084, Train Loss: 16.8177, Train RMSE: 27.4762, Train MAPE: 0.1260, Valid Loss: 18.9569, Valid RMSE: 31.1753, Valid MAPE: 0.1269, Train Time: 28.4877s/epoch, Valid Time: 2.9549s, LR: 1.0000e-03
2023-11-29 16:20:41,623 - Epoch: 085, Train Loss: 16.7766, Train RMSE: 27.4210, Train MAPE: 0.1260, Valid Loss: 18.7297, Valid RMSE: 31.0207, Valid MAPE: 0.1279, Train Time: 27.0349s/epoch, Valid Time: 2.6366s, LR: 1.0000e-03
2023-11-29 16:21:08,143 - Epoch: 086, Train Loss: 16.7712, Train RMSE: 27.4354, Train MAPE: 0.1256, Valid Loss: 18.7627, Valid RMSE: 31.0665, Valid MAPE: 0.1244, Train Time: 23.9322s/epoch, Valid Time: 2.5875s, LR: 1.0000e-03
2023-11-29 16:21:33,967 - Epoch: 087, Train Loss: 16.7528, Train RMSE: 27.4133, Train MAPE: 0.1255, Valid Loss: 18.7927, Valid RMSE: 31.1279, Valid MAPE: 0.1274, Train Time: 23.1980s/epoch, Valid Time: 2.6260s, LR: 1.0000e-03
2023-11-29 16:21:59,627 - Epoch: 088, Train Loss: 16.7393, Train RMSE: 27.3858, Train MAPE: 0.1255, Valid Loss: 18.7468, Valid RMSE: 31.1117, Valid MAPE: 0.1272, Train Time: 23.0371s/epoch, Valid Time: 2.6225s, LR: 1.0000e-03
2023-11-29 16:22:30,260 - Epoch: 089, Train Loss: 16.7350, Train RMSE: 27.3807, Train MAPE: 0.1253, Valid Loss: 18.8499, Valid RMSE: 31.0561, Valid MAPE: 0.1232, Train Time: 27.8161s/epoch, Valid Time: 2.8165s, LR: 1.0000e-03
2023-11-29 16:23:01,670 - Epoch: 090, Train Loss: 16.7512, Train RMSE: 27.3954, Train MAPE: 0.1256, Valid Loss: 18.8148, Valid RMSE: 31.2667, Valid MAPE: 0.1248, Train Time: 28.4770s/epoch, Valid Time: 2.9328s, LR: 1.0000e-03
2023-11-29 16:23:26,169 - Epoch: 091, Train Loss: 16.7258, Train RMSE: 27.3459, Train MAPE: 0.1260, Valid Loss: 18.9509, Valid RMSE: 31.2731, Valid MAPE: 0.1238, Train Time: 22.1230s/epoch, Valid Time: 2.3751s, LR: 1.0000e-03
2023-11-29 16:23:52,718 - Epoch: 092, Train Loss: 16.7033, Train RMSE: 27.3528, Train MAPE: 0.1249, Valid Loss: 18.9411, Valid RMSE: 31.3120, Valid MAPE: 0.1243, Train Time: 24.0460s/epoch, Valid Time: 2.5027s, LR: 1.0000e-03
2023-11-29 16:24:21,131 - Epoch: 093, Train Loss: 16.7214, Train RMSE: 27.3476, Train MAPE: 0.1257, Valid Loss: 18.7290, Valid RMSE: 31.0610, Valid MAPE: 0.1240, Train Time: 25.8147s/epoch, Valid Time: 2.5982s, LR: 1.0000e-03
2023-11-29 16:24:21,131 - Early stop at epoch 93, loss = 18.692352
2023-11-29 16:24:24,093 - Horizon 1, Test MAE: 17.1089, Test RMSE: 27.5599, Test MAPE: 0.1231
2023-11-29 16:24:24,102 - Horizon 2, Test MAE: 17.7150, Test RMSE: 28.8557, Test MAPE: 0.1244
2023-11-29 16:24:24,107 - Horizon 3, Test MAE: 18.2065, Test RMSE: 29.8841, Test MAPE: 0.1264
2023-11-29 16:24:24,113 - Horizon 4, Test MAE: 18.5045, Test RMSE: 30.4934, Test MAPE: 0.1276
2023-11-29 16:24:24,118 - Horizon 5, Test MAE: 18.7585, Test RMSE: 30.9535, Test MAPE: 0.1300
2023-11-29 16:24:24,124 - Horizon 6, Test MAE: 18.9211, Test RMSE: 31.2966, Test MAPE: 0.1297
2023-11-29 16:24:24,130 - Horizon 7, Test MAE: 19.1413, Test RMSE: 31.6550, Test MAPE: 0.1314
2023-11-29 16:24:24,135 - Horizon 8, Test MAE: 19.3508, Test RMSE: 31.9792, Test MAPE: 0.1307
2023-11-29 16:24:24,141 - Horizon 9, Test MAE: 19.5209, Test RMSE: 32.2544, Test MAPE: 0.1316
2023-11-29 16:24:24,147 - Horizon 10, Test MAE: 19.6516, Test RMSE: 32.4440, Test MAPE: 0.1316
2023-11-29 16:24:24,152 - Horizon 11, Test MAE: 19.8262, Test RMSE: 32.6957, Test MAPE: 0.1329
2023-11-29 16:24:24,158 - Horizon 12, Test MAE: 20.1245, Test RMSE: 33.0702, Test MAPE: 0.1338
2023-11-29 16:24:24,158 - Average Test MAE: 18.9025, Test RMSE: 31.0952, Test MAPE: 0.1294
