2025-05-08 01:45:09,642 - Namespace(device='cuda:0', dataset='URBANEV', fewshot=6, eval_method='norm', years='2022', seed=2019, bs=64, seq_len=12, horizon=12, input_dim=3, output_dim=1, mode='train', max_epochs=100, patience=10, model_name='staeformer', input_embedding_dim=24, tod_embedding_dim=24, dow_embedding_dim=24, spatial_embedding_dim=0, adaptive_embedding_dim=80, feed_forward_dim=256, num_heads=4, num_layers=3, lrate=0.001, dropout=0.1, use_mixed_proj=True, clip_grad_value=5)
2025-05-08 01:45:09,730 - Data shape: (4344, 275, 3)
2025-05-08 01:45:09,824 - Sample num: 259, Batch num: 4
2025-05-08 01:45:09,871 - Sample num: 864, Batch num: 13
2025-05-08 01:45:09,918 - Sample num: 864, Batch num: 13
2025-05-08 01:45:11,190 - The arc of model:
STAEformer(
  (input_proj): Linear(in_features=3, out_features=24, bias=True)
  (tod_embedding): Embedding(24, 24)
  (dow_embedding): Embedding(7, 24)
  (output_proj): Linear(in_features=1824, out_features=12, bias=True)
  (attn_layers_t): ModuleList(
    (0-2): 3 x SelfAttentionLayer(
      (attn): AttentionLayer(
        (FC_Q): Linear(in_features=152, out_features=152, bias=True)
        (FC_K): Linear(in_features=152, out_features=152, bias=True)
        (FC_V): Linear(in_features=152, out_features=152, bias=True)
        (out_proj): Linear(in_features=152, out_features=152, bias=True)
      )
      (feed_forward): Sequential(
        (0): Linear(in_features=152, out_features=256, bias=True)
        (1): ReLU(inplace=True)
        (2): Linear(in_features=256, out_features=152, bias=True)
      )
      (ln1): LayerNorm((152,), eps=1e-05, elementwise_affine=True)
      (ln2): LayerNorm((152,), eps=1e-05, elementwise_affine=True)
      (dropout1): Dropout(p=0.1, inplace=False)
      (dropout2): Dropout(p=0.1, inplace=False)
    )
  )
  (attn_layers_s): ModuleList(
    (0-2): 3 x SelfAttentionLayer(
      (attn): AttentionLayer(
        (FC_Q): Linear(in_features=152, out_features=152, bias=True)
        (FC_K): Linear(in_features=152, out_features=152, bias=True)
        (FC_V): Linear(in_features=152, out_features=152, bias=True)
        (out_proj): Linear(in_features=152, out_features=152, bias=True)
      )
      (feed_forward): Sequential(
        (0): Linear(in_features=152, out_features=256, bias=True)
        (1): ReLU(inplace=True)
        (2): Linear(in_features=256, out_features=152, bias=True)
      )
      (ln1): LayerNorm((152,), eps=1e-05, elementwise_affine=True)
      (ln2): LayerNorm((152,), eps=1e-05, elementwise_affine=True)
      (dropout1): Dropout(p=0.1, inplace=False)
      (dropout2): Dropout(p=0.1, inplace=False)
    )
  )
)
2025-05-08 01:45:11,191 - Number of total parameters: 1317924, tunable parameters: 1317924
2025-05-08 01:45:11,191 - The number of parameters: 1317924
2025-05-08 01:45:11,191 - Start training!
2025-05-08 01:45:23,278 - Epoch: 001, Train Loss: 22.2871, Train RMSE: 28.3028, Train MAPE: 3.6829, Valid Loss: 21.5107, Valid RMSE: 26.6338, Valid MAPE: 2.7223, Train Time: 6.0094s/epoch, Valid Time: 6.0771s, LR: 1.0000e-03
2025-05-08 01:45:23,292 - Val loss decrease from inf to 21.5107
2025-05-08 01:45:34,787 - Epoch: 002, Train Loss: 15.7170, Train RMSE: 20.9754, Train MAPE: 2.2443, Valid Loss: 11.7998, Valid RMSE: 15.6186, Valid MAPE: 1.8915, Train Time: 5.4414s/epoch, Valid Time: 6.0541s, LR: 1.0000e-03
2025-05-08 01:45:34,804 - Val loss decrease from 21.5107 to 11.7998
2025-05-08 01:45:46,252 - Epoch: 003, Train Loss: 10.0653, Train RMSE: 14.7072, Train MAPE: 1.3342, Valid Loss: 9.0249, Valid RMSE: 12.9743, Valid MAPE: 1.1707, Train Time: 5.4294s/epoch, Valid Time: 6.0177s, LR: 1.0000e-03
2025-05-08 01:45:46,269 - Val loss decrease from 11.7998 to 9.0249
2025-05-08 01:45:56,722 - Epoch: 004, Train Loss: 8.1210, Train RMSE: 12.8179, Train MAPE: 1.0389, Valid Loss: 7.7004, Valid RMSE: 12.0645, Valid MAPE: 1.0160, Train Time: 4.9632s/epoch, Valid Time: 5.4900s, LR: 1.0000e-03
2025-05-08 01:45:56,739 - Val loss decrease from 9.0249 to 7.7004
2025-05-08 01:46:07,044 - Epoch: 005, Train Loss: 7.4125, Train RMSE: 12.2192, Train MAPE: 0.9046, Valid Loss: 6.2399, Valid RMSE: 10.3078, Valid MAPE: 0.7811, Train Time: 4.8146s/epoch, Valid Time: 5.4901s, LR: 1.0000e-03
2025-05-08 01:46:07,061 - Val loss decrease from 7.7004 to 6.2399
2025-05-08 01:46:17,433 - Epoch: 006, Train Loss: 6.5723, Train RMSE: 11.1945, Train MAPE: 0.7748, Valid Loss: 6.9142, Valid RMSE: 10.4073, Valid MAPE: 0.7716, Train Time: 4.8830s/epoch, Valid Time: 5.4893s, LR: 1.0000e-03
2025-05-08 01:46:27,824 - Epoch: 007, Train Loss: 6.8068, Train RMSE: 10.9590, Train MAPE: 0.8354, Valid Loss: 7.7199, Valid RMSE: 10.5955, Valid MAPE: 0.9215, Train Time: 4.8752s/epoch, Valid Time: 5.5159s, LR: 1.0000e-03
2025-05-08 01:46:38,211 - Epoch: 008, Train Loss: 7.5551, Train RMSE: 11.0963, Train MAPE: 1.0022, Valid Loss: 5.2247, Valid RMSE: 8.3996, Valid MAPE: 0.7205, Train Time: 4.8931s/epoch, Valid Time: 5.4933s, LR: 1.0000e-03
2025-05-08 01:46:38,228 - Val loss decrease from 6.2399 to 5.2247
2025-05-08 01:46:48,590 - Epoch: 009, Train Loss: 6.9577, Train RMSE: 10.5026, Train MAPE: 0.8261, Valid Loss: 7.2437, Valid RMSE: 9.7537, Valid MAPE: 1.2942, Train Time: 4.8699s/epoch, Valid Time: 5.4918s, LR: 1.0000e-03
2025-05-08 01:46:58,952 - Epoch: 010, Train Loss: 7.0363, Train RMSE: 10.3875, Train MAPE: 0.9949, Valid Loss: 6.2601, Valid RMSE: 9.1779, Valid MAPE: 0.6723, Train Time: 4.8690s/epoch, Valid Time: 5.4929s, LR: 1.0000e-03
2025-05-08 01:47:09,326 - Epoch: 011, Train Loss: 6.4536, Train RMSE: 9.8772, Train MAPE: 0.8338, Valid Loss: 5.2350, Valid RMSE: 8.4061, Valid MAPE: 0.5485, Train Time: 4.8840s/epoch, Valid Time: 5.4894s, LR: 1.0000e-03
2025-05-08 01:47:19,722 - Epoch: 012, Train Loss: 5.9751, Train RMSE: 9.6688, Train MAPE: 0.6780, Valid Loss: 4.9186, Valid RMSE: 7.9707, Valid MAPE: 0.6345, Train Time: 4.9058s/epoch, Valid Time: 5.4904s, LR: 1.0000e-03
2025-05-08 01:47:19,738 - Val loss decrease from 5.2247 to 4.9186
2025-05-08 01:47:30,137 - Epoch: 013, Train Loss: 5.6214, Train RMSE: 9.2959, Train MAPE: 0.6178, Valid Loss: 4.7428, Valid RMSE: 7.7428, Valid MAPE: 0.6402, Train Time: 4.8940s/epoch, Valid Time: 5.5047s, LR: 1.0000e-03
2025-05-08 01:47:30,153 - Val loss decrease from 4.9186 to 4.7428
2025-05-08 01:47:40,542 - Epoch: 014, Train Loss: 5.3331, Train RMSE: 9.0061, Train MAPE: 0.5979, Valid Loss: 4.3332, Valid RMSE: 7.5270, Valid MAPE: 0.4568, Train Time: 4.8877s/epoch, Valid Time: 5.5010s, LR: 1.0000e-03
2025-05-08 01:47:40,559 - Val loss decrease from 4.7428 to 4.3332
2025-05-08 01:47:50,951 - Epoch: 015, Train Loss: 5.2733, Train RMSE: 8.9315, Train MAPE: 0.5679, Valid Loss: 4.5905, Valid RMSE: 7.5607, Valid MAPE: 0.5494, Train Time: 4.8938s/epoch, Valid Time: 5.4986s, LR: 1.0000e-03
2025-05-08 01:48:01,348 - Epoch: 016, Train Loss: 5.3107, Train RMSE: 8.8976, Train MAPE: 0.5738, Valid Loss: 4.5740, Valid RMSE: 7.5231, Valid MAPE: 0.5563, Train Time: 4.8959s/epoch, Valid Time: 5.5004s, LR: 1.0000e-03
2025-05-08 01:48:11,744 - Epoch: 017, Train Loss: 5.2157, Train RMSE: 8.7433, Train MAPE: 0.5607, Valid Loss: 4.4848, Valid RMSE: 7.4578, Valid MAPE: 0.5262, Train Time: 4.9013s/epoch, Valid Time: 5.4949s, LR: 1.0000e-03
2025-05-08 01:48:22,138 - Epoch: 018, Train Loss: 5.1377, Train RMSE: 8.6554, Train MAPE: 0.5575, Valid Loss: 4.3771, Valid RMSE: 7.3481, Valid MAPE: 0.4953, Train Time: 4.9004s/epoch, Valid Time: 5.4930s, LR: 1.0000e-03
2025-05-08 01:48:32,538 - Epoch: 019, Train Loss: 5.0936, Train RMSE: 8.5933, Train MAPE: 0.5505, Valid Loss: 4.2733, Valid RMSE: 7.2218, Valid MAPE: 0.4834, Train Time: 4.9035s/epoch, Valid Time: 5.4966s, LR: 1.0000e-03
2025-05-08 01:48:32,554 - Val loss decrease from 4.3332 to 4.2733
2025-05-08 01:48:42,954 - Epoch: 020, Train Loss: 5.0596, Train RMSE: 8.4719, Train MAPE: 0.5565, Valid Loss: 4.2474, Valid RMSE: 7.0200, Valid MAPE: 0.5437, Train Time: 4.8925s/epoch, Valid Time: 5.5076s, LR: 1.0000e-03
2025-05-08 01:48:42,970 - Val loss decrease from 4.2733 to 4.2474
2025-05-08 01:48:53,355 - Epoch: 021, Train Loss: 4.9857, Train RMSE: 8.3092, Train MAPE: 0.5678, Valid Loss: 4.3916, Valid RMSE: 7.1625, Valid MAPE: 0.6252, Train Time: 4.8787s/epoch, Valid Time: 5.5056s, LR: 1.0000e-03
2025-05-08 01:49:03,752 - Epoch: 022, Train Loss: 4.8893, Train RMSE: 8.2626, Train MAPE: 0.5468, Valid Loss: 4.0789, Valid RMSE: 6.8457, Valid MAPE: 0.5396, Train Time: 4.9026s/epoch, Valid Time: 5.4942s, LR: 1.0000e-03
2025-05-08 01:49:03,769 - Val loss decrease from 4.2474 to 4.0789
2025-05-08 01:49:14,181 - Epoch: 023, Train Loss: 4.7289, Train RMSE: 8.0850, Train MAPE: 0.5190, Valid Loss: 4.0113, Valid RMSE: 6.7414, Valid MAPE: 0.4977, Train Time: 4.9059s/epoch, Valid Time: 5.5064s, LR: 1.0000e-03
2025-05-08 01:49:14,198 - Val loss decrease from 4.0789 to 4.0113
2025-05-08 01:49:24,586 - Epoch: 024, Train Loss: 4.6766, Train RMSE: 7.9811, Train MAPE: 0.5101, Valid Loss: 3.9190, Valid RMSE: 6.6019, Valid MAPE: 0.5014, Train Time: 4.8913s/epoch, Valid Time: 5.4970s, LR: 1.0000e-03
2025-05-08 01:49:24,603 - Val loss decrease from 4.0113 to 3.9190
2025-05-08 01:49:35,003 - Epoch: 025, Train Loss: 4.6187, Train RMSE: 7.9050, Train MAPE: 0.4953, Valid Loss: 3.8823, Valid RMSE: 6.5750, Valid MAPE: 0.4625, Train Time: 4.9008s/epoch, Valid Time: 5.4991s, LR: 1.0000e-03
2025-05-08 01:49:35,019 - Val loss decrease from 3.9190 to 3.8823
2025-05-08 01:49:45,452 - Epoch: 026, Train Loss: 4.3955, Train RMSE: 7.6776, Train MAPE: 0.4828, Valid Loss: 3.6474, Valid RMSE: 6.4705, Valid MAPE: 0.3311, Train Time: 4.9116s/epoch, Valid Time: 5.5216s, LR: 1.0000e-04
2025-05-08 01:49:45,468 - Val loss decrease from 3.8823 to 3.6474
2025-05-08 01:49:55,906 - Epoch: 027, Train Loss: 4.3445, Train RMSE: 7.7176, Train MAPE: 0.4202, Valid Loss: 3.5779, Valid RMSE: 6.3912, Valid MAPE: 0.3544, Train Time: 4.9205s/epoch, Valid Time: 5.5171s, LR: 1.0000e-04
2025-05-08 01:49:55,923 - Val loss decrease from 3.6474 to 3.5779
2025-05-08 01:50:06,372 - Epoch: 028, Train Loss: 4.3032, Train RMSE: 7.6303, Train MAPE: 0.4482, Valid Loss: 3.5968, Valid RMSE: 6.3944, Valid MAPE: 0.3384, Train Time: 4.9468s/epoch, Valid Time: 5.5023s, LR: 1.0000e-04
2025-05-08 01:50:16,767 - Epoch: 029, Train Loss: 4.2632, Train RMSE: 7.5939, Train MAPE: 0.4212, Valid Loss: 3.5402, Valid RMSE: 6.3424, Valid MAPE: 0.3645, Train Time: 4.9013s/epoch, Valid Time: 5.4935s, LR: 1.0000e-04
2025-05-08 01:50:16,782 - Val loss decrease from 3.5779 to 3.5402
2025-05-08 01:50:27,148 - Epoch: 030, Train Loss: 4.2385, Train RMSE: 7.5497, Train MAPE: 0.4353, Valid Loss: 3.5806, Valid RMSE: 6.3519, Valid MAPE: 0.3282, Train Time: 4.8771s/epoch, Valid Time: 5.4886s, LR: 1.0000e-04
2025-05-08 01:50:37,418 - Epoch: 031, Train Loss: 4.2126, Train RMSE: 7.4994, Train MAPE: 0.4258, Valid Loss: 3.4738, Valid RMSE: 6.2463, Valid MAPE: 0.3396, Train Time: 4.8341s/epoch, Valid Time: 5.4355s, LR: 1.0000e-04
2025-05-08 01:50:37,434 - Val loss decrease from 3.5402 to 3.4738
2025-05-08 01:50:47,747 - Epoch: 032, Train Loss: 4.1833, Train RMSE: 7.4635, Train MAPE: 0.4148, Valid Loss: 3.4792, Valid RMSE: 6.2095, Valid MAPE: 0.3450, Train Time: 4.8129s/epoch, Valid Time: 5.5003s, LR: 1.0000e-04
2025-05-08 01:50:58,132 - Epoch: 033, Train Loss: 4.1549, Train RMSE: 7.3953, Train MAPE: 0.4253, Valid Loss: 3.4738, Valid RMSE: 6.1924, Valid MAPE: 0.3166, Train Time: 4.8864s/epoch, Valid Time: 5.4984s, LR: 1.0000e-04
2025-05-08 01:50:58,149 - Val loss decrease from 3.4738 to 3.4738
2025-05-08 01:51:08,542 - Epoch: 034, Train Loss: 4.1156, Train RMSE: 7.3478, Train MAPE: 0.4111, Valid Loss: 3.4572, Valid RMSE: 6.1538, Valid MAPE: 0.3434, Train Time: 4.8919s/epoch, Valid Time: 5.5009s, LR: 1.0000e-04
2025-05-08 01:51:08,558 - Val loss decrease from 3.4738 to 3.4572
2025-05-08 01:51:18,954 - Epoch: 035, Train Loss: 4.1150, Train RMSE: 7.3180, Train MAPE: 0.4114, Valid Loss: 3.3820, Valid RMSE: 6.0942, Valid MAPE: 0.3248, Train Time: 4.8870s/epoch, Valid Time: 5.5090s, LR: 1.0000e-04
2025-05-08 01:51:18,970 - Val loss decrease from 3.4572 to 3.3820
2025-05-08 01:51:29,364 - Epoch: 036, Train Loss: 4.0870, Train RMSE: 7.2747, Train MAPE: 0.4186, Valid Loss: 3.4068, Valid RMSE: 6.0752, Valid MAPE: 0.3167, Train Time: 4.8944s/epoch, Valid Time: 5.4995s, LR: 1.0000e-04
2025-05-08 01:51:39,758 - Epoch: 037, Train Loss: 4.0453, Train RMSE: 7.2219, Train MAPE: 0.4060, Valid Loss: 3.3594, Valid RMSE: 5.9982, Valid MAPE: 0.3460, Train Time: 4.9011s/epoch, Valid Time: 5.4922s, LR: 1.0000e-04
2025-05-08 01:51:39,774 - Val loss decrease from 3.3820 to 3.3594
2025-05-08 01:51:50,159 - Epoch: 038, Train Loss: 4.0264, Train RMSE: 7.1744, Train MAPE: 0.4044, Valid Loss: 3.3458, Valid RMSE: 5.9931, Valid MAPE: 0.3156, Train Time: 4.8965s/epoch, Valid Time: 5.4889s, LR: 1.0000e-04
2025-05-08 01:51:50,176 - Val loss decrease from 3.3594 to 3.3458
2025-05-08 01:52:00,589 - Epoch: 039, Train Loss: 4.0039, Train RMSE: 7.1406, Train MAPE: 0.4065, Valid Loss: 3.3564, Valid RMSE: 5.9935, Valid MAPE: 0.3122, Train Time: 4.8989s/epoch, Valid Time: 5.5136s, LR: 1.0000e-04
2025-05-08 01:52:10,970 - Epoch: 040, Train Loss: 3.9834, Train RMSE: 7.1034, Train MAPE: 0.3999, Valid Loss: 3.2843, Valid RMSE: 5.9138, Valid MAPE: 0.3210, Train Time: 4.8936s/epoch, Valid Time: 5.4875s, LR: 1.0000e-04
2025-05-08 01:52:10,986 - Val loss decrease from 3.3458 to 3.2843
2025-05-08 01:52:21,359 - Epoch: 041, Train Loss: 3.9480, Train RMSE: 7.0406, Train MAPE: 0.3954, Valid Loss: 3.2811, Valid RMSE: 5.8665, Valid MAPE: 0.3240, Train Time: 4.8860s/epoch, Valid Time: 5.4868s, LR: 1.0000e-04
2025-05-08 01:52:21,375 - Val loss decrease from 3.2843 to 3.2811
2025-05-08 01:52:31,797 - Epoch: 042, Train Loss: 3.9238, Train RMSE: 7.0179, Train MAPE: 0.3952, Valid Loss: 3.2454, Valid RMSE: 5.8269, Valid MAPE: 0.3111, Train Time: 4.9153s/epoch, Valid Time: 5.5068s, LR: 1.0000e-04
2025-05-08 01:52:31,812 - Val loss decrease from 3.2811 to 3.2454
2025-05-08 01:52:42,228 - Epoch: 043, Train Loss: 3.8964, Train RMSE: 6.9605, Train MAPE: 0.3918, Valid Loss: 3.2188, Valid RMSE: 5.7914, Valid MAPE: 0.3086, Train Time: 4.9099s/epoch, Valid Time: 5.5056s, LR: 1.0000e-04
2025-05-08 01:52:42,245 - Val loss decrease from 3.2454 to 3.2188
2025-05-08 01:52:52,667 - Epoch: 044, Train Loss: 3.8561, Train RMSE: 6.8708, Train MAPE: 0.3957, Valid Loss: 3.2626, Valid RMSE: 5.8071, Valid MAPE: 0.2975, Train Time: 4.9138s/epoch, Valid Time: 5.5081s, LR: 1.0000e-04
2025-05-08 01:53:03,082 - Epoch: 045, Train Loss: 3.8898, Train RMSE: 6.9411, Train MAPE: 0.3833, Valid Loss: 3.2388, Valid RMSE: 5.7354, Valid MAPE: 0.3491, Train Time: 4.9150s/epoch, Valid Time: 5.5001s, LR: 1.0000e-04
2025-05-08 01:53:13,507 - Epoch: 046, Train Loss: 3.8709, Train RMSE: 6.8561, Train MAPE: 0.4168, Valid Loss: 3.1946, Valid RMSE: 5.7289, Valid MAPE: 0.3209, Train Time: 4.9109s/epoch, Valid Time: 5.5133s, LR: 1.0000e-05
2025-05-08 01:53:13,523 - Val loss decrease from 3.2188 to 3.1946
2025-05-08 01:53:23,930 - Epoch: 047, Train Loss: 3.8392, Train RMSE: 6.8649, Train MAPE: 0.3887, Valid Loss: 3.2013, Valid RMSE: 5.7460, Valid MAPE: 0.2979, Train Time: 4.9132s/epoch, Valid Time: 5.4933s, LR: 1.0000e-05
2025-05-08 01:53:34,316 - Epoch: 048, Train Loss: 3.8360, Train RMSE: 6.8697, Train MAPE: 0.3762, Valid Loss: 3.1844, Valid RMSE: 5.7331, Valid MAPE: 0.2997, Train Time: 4.8954s/epoch, Valid Time: 5.4905s, LR: 1.0000e-05
2025-05-08 01:53:34,331 - Val loss decrease from 3.1946 to 3.1844
2025-05-08 01:53:44,734 - Epoch: 049, Train Loss: 3.8251, Train RMSE: 6.8530, Train MAPE: 0.3847, Valid Loss: 3.1744, Valid RMSE: 5.7165, Valid MAPE: 0.3119, Train Time: 4.9098s/epoch, Valid Time: 5.4923s, LR: 1.0000e-05
2025-05-08 01:53:44,750 - Val loss decrease from 3.1844 to 3.1744
2025-05-08 01:53:55,128 - Epoch: 050, Train Loss: 3.8167, Train RMSE: 6.8322, Train MAPE: 0.3883, Valid Loss: 3.1752, Valid RMSE: 5.7214, Valid MAPE: 0.3016, Train Time: 4.9010s/epoch, Valid Time: 5.4771s, LR: 1.0000e-05
2025-05-08 01:54:05,499 - Epoch: 051, Train Loss: 3.8140, Train RMSE: 6.8339, Train MAPE: 0.3788, Valid Loss: 3.1765, Valid RMSE: 5.7212, Valid MAPE: 0.2984, Train Time: 4.8879s/epoch, Valid Time: 5.4824s, LR: 1.0000e-05
2025-05-08 01:54:15,881 - Epoch: 052, Train Loss: 3.8181, Train RMSE: 6.8362, Train MAPE: 0.3820, Valid Loss: 3.1667, Valid RMSE: 5.7066, Valid MAPE: 0.3061, Train Time: 4.8829s/epoch, Valid Time: 5.4988s, LR: 1.0000e-05
2025-05-08 01:54:15,897 - Val loss decrease from 3.1744 to 3.1667
2025-05-08 01:54:26,293 - Epoch: 053, Train Loss: 3.8093, Train RMSE: 6.8184, Train MAPE: 0.3843, Valid Loss: 3.1655, Valid RMSE: 5.7067, Valid MAPE: 0.3006, Train Time: 4.9069s/epoch, Valid Time: 5.4892s, LR: 1.0000e-05
2025-05-08 01:54:26,310 - Val loss decrease from 3.1667 to 3.1655
2025-05-08 01:54:36,719 - Epoch: 054, Train Loss: 3.8090, Train RMSE: 6.8321, Train MAPE: 0.3811, Valid Loss: 3.1618, Valid RMSE: 5.6998, Valid MAPE: 0.3029, Train Time: 4.9283s/epoch, Valid Time: 5.4810s, LR: 1.0000e-05
2025-05-08 01:54:36,735 - Val loss decrease from 3.1655 to 3.1618
2025-05-08 01:54:47,141 - Epoch: 055, Train Loss: 3.8063, Train RMSE: 6.8143, Train MAPE: 0.3845, Valid Loss: 3.1655, Valid RMSE: 5.7005, Valid MAPE: 0.3035, Train Time: 4.9104s/epoch, Valid Time: 5.4962s, LR: 1.0000e-05
2025-05-08 01:54:57,499 - Epoch: 056, Train Loss: 3.7958, Train RMSE: 6.8003, Train MAPE: 0.3821, Valid Loss: 3.1560, Valid RMSE: 5.6926, Valid MAPE: 0.2982, Train Time: 4.8819s/epoch, Valid Time: 5.4755s, LR: 1.0000e-05
2025-05-08 01:54:57,516 - Val loss decrease from 3.1618 to 3.1560
2025-05-08 01:55:07,894 - Epoch: 057, Train Loss: 3.7979, Train RMSE: 6.8122, Train MAPE: 0.3781, Valid Loss: 3.1497, Valid RMSE: 5.6871, Valid MAPE: 0.2993, Train Time: 4.8853s/epoch, Valid Time: 5.4931s, LR: 1.0000e-05
2025-05-08 01:55:07,910 - Val loss decrease from 3.1560 to 3.1497
2025-05-08 01:55:18,313 - Epoch: 058, Train Loss: 3.7938, Train RMSE: 6.8062, Train MAPE: 0.3809, Valid Loss: 3.1524, Valid RMSE: 5.6794, Valid MAPE: 0.3036, Train Time: 4.9088s/epoch, Valid Time: 5.4940s, LR: 1.0000e-05
2025-05-08 01:55:28,696 - Epoch: 059, Train Loss: 3.7855, Train RMSE: 6.7720, Train MAPE: 0.3828, Valid Loss: 3.1605, Valid RMSE: 5.6852, Valid MAPE: 0.3007, Train Time: 4.8982s/epoch, Valid Time: 5.4838s, LR: 1.0000e-05
2025-05-08 01:55:39,080 - Epoch: 060, Train Loss: 3.7808, Train RMSE: 6.7736, Train MAPE: 0.3774, Valid Loss: 3.1467, Valid RMSE: 5.6719, Valid MAPE: 0.2981, Train Time: 4.8939s/epoch, Valid Time: 5.4900s, LR: 1.0000e-05
2025-05-08 01:55:39,096 - Val loss decrease from 3.1497 to 3.1467
2025-05-08 01:55:49,462 - Epoch: 061, Train Loss: 3.7716, Train RMSE: 6.7516, Train MAPE: 0.3806, Valid Loss: 3.1391, Valid RMSE: 5.6605, Valid MAPE: 0.3041, Train Time: 4.8775s/epoch, Valid Time: 5.4883s, LR: 1.0000e-05
2025-05-08 01:55:49,478 - Val loss decrease from 3.1467 to 3.1391
2025-05-08 01:55:59,855 - Epoch: 062, Train Loss: 3.7846, Train RMSE: 6.7875, Train MAPE: 0.3804, Valid Loss: 3.1434, Valid RMSE: 5.6649, Valid MAPE: 0.2968, Train Time: 4.8878s/epoch, Valid Time: 5.4889s, LR: 1.0000e-05
2025-05-08 01:56:10,217 - Epoch: 063, Train Loss: 3.7666, Train RMSE: 6.7512, Train MAPE: 0.3746, Valid Loss: 3.1436, Valid RMSE: 5.6633, Valid MAPE: 0.2980, Train Time: 4.8725s/epoch, Valid Time: 5.4891s, LR: 1.0000e-05
2025-05-08 01:56:20,365 - Epoch: 064, Train Loss: 3.7712, Train RMSE: 6.7624, Train MAPE: 0.3774, Valid Loss: 3.1313, Valid RMSE: 5.6478, Valid MAPE: 0.3014, Train Time: 4.7703s/epoch, Valid Time: 5.3771s, LR: 1.0000e-05
2025-05-08 01:56:20,381 - Val loss decrease from 3.1391 to 3.1313
2025-05-08 01:56:30,710 - Epoch: 065, Train Loss: 3.7595, Train RMSE: 6.7328, Train MAPE: 0.3788, Valid Loss: 3.1316, Valid RMSE: 5.6453, Valid MAPE: 0.2997, Train Time: 4.8519s/epoch, Valid Time: 5.4768s, LR: 1.0000e-05
2025-05-08 01:56:40,998 - Epoch: 066, Train Loss: 3.7573, Train RMSE: 6.7427, Train MAPE: 0.3769, Valid Loss: 3.1319, Valid RMSE: 5.6456, Valid MAPE: 0.2993, Train Time: 4.7955s/epoch, Valid Time: 5.4928s, LR: 1.0000e-06
2025-05-08 01:56:51,341 - Epoch: 067, Train Loss: 3.7645, Train RMSE: 6.7517, Train MAPE: 0.3772, Valid Loss: 3.1317, Valid RMSE: 5.6457, Valid MAPE: 0.2989, Train Time: 4.8558s/epoch, Valid Time: 5.4865s, LR: 1.0000e-06
2025-05-08 01:57:01,676 - Epoch: 068, Train Loss: 3.7509, Train RMSE: 6.7229, Train MAPE: 0.3773, Valid Loss: 3.1314, Valid RMSE: 5.6455, Valid MAPE: 0.2988, Train Time: 4.8433s/epoch, Valid Time: 5.4920s, LR: 1.0000e-06
2025-05-08 01:57:12,087 - Epoch: 069, Train Loss: 3.7631, Train RMSE: 6.7464, Train MAPE: 0.3779, Valid Loss: 3.1317, Valid RMSE: 5.6457, Valid MAPE: 0.2987, Train Time: 4.8831s/epoch, Valid Time: 5.5276s, LR: 1.0000e-06
2025-05-08 01:57:22,328 - Epoch: 070, Train Loss: 3.7642, Train RMSE: 6.7424, Train MAPE: 0.3769, Valid Loss: 3.1317, Valid RMSE: 5.6455, Valid MAPE: 0.2986, Train Time: 4.8310s/epoch, Valid Time: 5.4100s, LR: 1.0000e-06
2025-05-08 01:57:32,619 - Epoch: 071, Train Loss: 3.7584, Train RMSE: 6.7288, Train MAPE: 0.3769, Valid Loss: 3.1316, Valid RMSE: 5.6454, Valid MAPE: 0.2984, Train Time: 4.8128s/epoch, Valid Time: 5.4779s, LR: 1.0000e-06
2025-05-08 01:57:42,968 - Epoch: 072, Train Loss: 3.7535, Train RMSE: 6.7386, Train MAPE: 0.3757, Valid Loss: 3.1316, Valid RMSE: 5.6454, Valid MAPE: 0.2978, Train Time: 4.8527s/epoch, Valid Time: 5.4956s, LR: 1.0000e-06
2025-05-08 01:57:53,282 - Epoch: 073, Train Loss: 3.7509, Train RMSE: 6.7318, Train MAPE: 0.3756, Valid Loss: 3.1314, Valid RMSE: 5.6445, Valid MAPE: 0.2986, Train Time: 4.8265s/epoch, Valid Time: 5.4878s, LR: 1.0000e-06
2025-05-08 01:58:03,538 - Epoch: 074, Train Loss: 3.7603, Train RMSE: 6.7431, Train MAPE: 0.3766, Valid Loss: 3.1308, Valid RMSE: 5.6437, Valid MAPE: 0.2988, Train Time: 4.8038s/epoch, Valid Time: 5.4514s, LR: 1.0000e-06
2025-05-08 01:58:03,554 - Val loss decrease from 3.1313 to 3.1308
2025-05-08 01:58:13,825 - Epoch: 075, Train Loss: 3.7539, Train RMSE: 6.7277, Train MAPE: 0.3771, Valid Loss: 3.1302, Valid RMSE: 5.6427, Valid MAPE: 0.2993, Train Time: 4.8138s/epoch, Valid Time: 5.4562s, LR: 1.0000e-06
2025-05-08 01:58:13,841 - Val loss decrease from 3.1308 to 3.1302
2025-05-08 01:58:24,115 - Epoch: 076, Train Loss: 3.7618, Train RMSE: 6.7386, Train MAPE: 0.3776, Valid Loss: 3.1294, Valid RMSE: 5.6420, Valid MAPE: 0.2989, Train Time: 4.8651s/epoch, Valid Time: 5.4089s, LR: 1.0000e-06
2025-05-08 01:58:24,131 - Val loss decrease from 3.1302 to 3.1294
2025-05-08 01:58:34,346 - Epoch: 077, Train Loss: 3.7460, Train RMSE: 6.7180, Train MAPE: 0.3756, Valid Loss: 3.1287, Valid RMSE: 5.6417, Valid MAPE: 0.2982, Train Time: 4.8004s/epoch, Valid Time: 5.4146s, LR: 1.0000e-06
2025-05-08 01:58:34,362 - Val loss decrease from 3.1294 to 3.1287
2025-05-08 01:58:44,573 - Epoch: 078, Train Loss: 3.7504, Train RMSE: 6.7210, Train MAPE: 0.3762, Valid Loss: 3.1283, Valid RMSE: 5.6416, Valid MAPE: 0.2976, Train Time: 4.7765s/epoch, Valid Time: 5.4340s, LR: 1.0000e-06
2025-05-08 01:58:44,590 - Val loss decrease from 3.1287 to 3.1283
2025-05-08 01:58:54,209 - Epoch: 079, Train Loss: 3.7470, Train RMSE: 6.7285, Train MAPE: 0.3746, Valid Loss: 3.1281, Valid RMSE: 5.6413, Valid MAPE: 0.2974, Train Time: 4.6266s/epoch, Valid Time: 4.9928s, LR: 1.0000e-06
2025-05-08 01:58:54,225 - Val loss decrease from 3.1283 to 3.1281
2025-05-08 01:59:01,086 - Epoch: 080, Train Loss: 3.7456, Train RMSE: 6.7174, Train MAPE: 0.3746, Valid Loss: 3.1279, Valid RMSE: 5.6408, Valid MAPE: 0.2976, Train Time: 3.1854s/epoch, Valid Time: 3.6756s, LR: 1.0000e-06
2025-05-08 01:59:01,101 - Val loss decrease from 3.1281 to 3.1279
2025-05-08 01:59:07,962 - Epoch: 081, Train Loss: 3.7533, Train RMSE: 6.7337, Train MAPE: 0.3760, Valid Loss: 3.1279, Valid RMSE: 5.6401, Valid MAPE: 0.2983, Train Time: 3.1865s/epoch, Valid Time: 3.6741s, LR: 1.0000e-06
2025-05-08 01:59:14,812 - Epoch: 082, Train Loss: 3.7537, Train RMSE: 6.7299, Train MAPE: 0.3759, Valid Loss: 3.1276, Valid RMSE: 5.6396, Valid MAPE: 0.2984, Train Time: 3.1878s/epoch, Valid Time: 3.6615s, LR: 1.0000e-06
2025-05-08 01:59:14,828 - Val loss decrease from 3.1279 to 3.1276
2025-05-08 01:59:21,698 - Epoch: 083, Train Loss: 3.7536, Train RMSE: 6.7294, Train MAPE: 0.3769, Valid Loss: 3.1277, Valid RMSE: 5.6394, Valid MAPE: 0.2984, Train Time: 3.1954s/epoch, Valid Time: 3.6745s, LR: 1.0000e-06
2025-05-08 01:59:28,562 - Epoch: 084, Train Loss: 3.7615, Train RMSE: 6.7386, Train MAPE: 0.3776, Valid Loss: 3.1281, Valid RMSE: 5.6394, Valid MAPE: 0.2985, Train Time: 3.2159s/epoch, Valid Time: 3.6479s, LR: 1.0000e-06
2025-05-08 01:59:35,445 - Epoch: 085, Train Loss: 3.7551, Train RMSE: 6.7288, Train MAPE: 0.3763, Valid Loss: 3.1281, Valid RMSE: 5.6390, Valid MAPE: 0.2989, Train Time: 3.2191s/epoch, Valid Time: 3.6637s, LR: 1.0000e-06
2025-05-08 01:59:42,311 - Epoch: 086, Train Loss: 3.7419, Train RMSE: 6.7149, Train MAPE: 0.3763, Valid Loss: 3.1281, Valid RMSE: 5.6388, Valid MAPE: 0.2991, Train Time: 3.2010s/epoch, Valid Time: 3.6646s, LR: 1.0000e-06
2025-05-08 01:59:49,153 - Epoch: 087, Train Loss: 3.7445, Train RMSE: 6.7221, Train MAPE: 0.3758, Valid Loss: 3.1284, Valid RMSE: 5.6390, Valid MAPE: 0.2988, Train Time: 3.1901s/epoch, Valid Time: 3.6516s, LR: 1.0000e-06
2025-05-08 01:59:56,006 - Epoch: 088, Train Loss: 3.7422, Train RMSE: 6.7044, Train MAPE: 0.3763, Valid Loss: 3.1283, Valid RMSE: 5.6392, Valid MAPE: 0.2980, Train Time: 3.1954s/epoch, Valid Time: 3.6576s, LR: 1.0000e-06
2025-05-08 02:00:02,828 - Epoch: 089, Train Loss: 3.7456, Train RMSE: 6.7089, Train MAPE: 0.3755, Valid Loss: 3.1277, Valid RMSE: 5.6389, Valid MAPE: 0.2972, Train Time: 3.1750s/epoch, Valid Time: 3.6464s, LR: 1.0000e-06
2025-05-08 02:00:09,714 - Epoch: 090, Train Loss: 3.7630, Train RMSE: 6.7461, Train MAPE: 0.3757, Valid Loss: 3.1268, Valid RMSE: 5.6379, Valid MAPE: 0.2974, Train Time: 3.2129s/epoch, Valid Time: 3.6732s, LR: 1.0000e-06
2025-05-08 02:00:09,730 - Val loss decrease from 3.1276 to 3.1268
2025-05-08 02:00:16,581 - Epoch: 091, Train Loss: 3.7458, Train RMSE: 6.7250, Train MAPE: 0.3747, Valid Loss: 3.1259, Valid RMSE: 5.6371, Valid MAPE: 0.2972, Train Time: 3.2091s/epoch, Valid Time: 3.6415s, LR: 1.0000e-06
2025-05-08 02:00:16,597 - Val loss decrease from 3.1268 to 3.1259
2025-05-08 02:00:23,451 - Epoch: 092, Train Loss: 3.7558, Train RMSE: 6.7348, Train MAPE: 0.3752, Valid Loss: 3.1254, Valid RMSE: 5.6364, Valid MAPE: 0.2973, Train Time: 3.1959s/epoch, Valid Time: 3.6582s, LR: 1.0000e-06
2025-05-08 02:00:23,468 - Val loss decrease from 3.1259 to 3.1254
2025-05-08 02:00:30,323 - Epoch: 093, Train Loss: 3.7511, Train RMSE: 6.7255, Train MAPE: 0.3760, Valid Loss: 3.1243, Valid RMSE: 5.6350, Valid MAPE: 0.2978, Train Time: 3.1968s/epoch, Valid Time: 3.6573s, LR: 1.0000e-06
2025-05-08 02:00:30,339 - Val loss decrease from 3.1254 to 3.1243
2025-05-08 02:00:37,181 - Epoch: 094, Train Loss: 3.7413, Train RMSE: 6.7139, Train MAPE: 0.3757, Valid Loss: 3.1240, Valid RMSE: 5.6342, Valid MAPE: 0.2982, Train Time: 3.1959s/epoch, Valid Time: 3.6463s, LR: 1.0000e-06
2025-05-08 02:00:37,197 - Val loss decrease from 3.1243 to 3.1240
2025-05-08 02:00:44,036 - Epoch: 095, Train Loss: 3.7450, Train RMSE: 6.7209, Train MAPE: 0.3758, Valid Loss: 3.1239, Valid RMSE: 5.6342, Valid MAPE: 0.2977, Train Time: 3.1828s/epoch, Valid Time: 3.6563s, LR: 1.0000e-06
2025-05-08 02:00:44,053 - Val loss decrease from 3.1240 to 3.1239
2025-05-08 02:00:50,931 - Epoch: 096, Train Loss: 3.7544, Train RMSE: 6.7313, Train MAPE: 0.3758, Valid Loss: 3.1241, Valid RMSE: 5.6343, Valid MAPE: 0.2974, Train Time: 3.1777s/epoch, Valid Time: 3.6998s, LR: 1.0000e-06
2025-05-08 02:00:57,827 - Epoch: 097, Train Loss: 3.7412, Train RMSE: 6.7136, Train MAPE: 0.3747, Valid Loss: 3.1244, Valid RMSE: 5.6343, Valid MAPE: 0.2974, Train Time: 3.2307s/epoch, Valid Time: 3.6649s, LR: 1.0000e-06
2025-05-08 02:01:04,678 - Epoch: 098, Train Loss: 3.7458, Train RMSE: 6.7146, Train MAPE: 0.3761, Valid Loss: 3.1252, Valid RMSE: 5.6344, Valid MAPE: 0.2979, Train Time: 3.1880s/epoch, Valid Time: 3.6630s, LR: 1.0000e-06
2025-05-08 02:01:11,526 - Epoch: 099, Train Loss: 3.7530, Train RMSE: 6.7299, Train MAPE: 0.3759, Valid Loss: 3.1258, Valid RMSE: 5.6346, Valid MAPE: 0.2980, Train Time: 3.1734s/epoch, Valid Time: 3.6749s, LR: 1.0000e-06
2025-05-08 02:01:18,358 - Epoch: 100, Train Loss: 3.7465, Train RMSE: 6.7160, Train MAPE: 0.3755, Valid Loss: 3.1259, Valid RMSE: 5.6344, Valid MAPE: 0.2981, Train Time: 3.1755s/epoch, Valid Time: 3.6557s, LR: 1.0000e-06
2025-05-08 02:01:21,949 - --------------------------------------------------Norm Test Time Results:--------------------------------------------------
2025-05-08 02:01:21,951 - Horizon 1, Test MAE: 1.8389, Test RMSE: 3.7935, Test MAPE: 0.1775
2025-05-08 02:01:21,954 - Horizon 2, Test MAE: 2.2834, Test RMSE: 4.6169, Test MAPE: 0.2137
2025-05-08 02:01:21,956 - Horizon 3, Test MAE: 2.7072, Test RMSE: 5.3336, Test MAPE: 0.2476
2025-05-08 02:01:21,959 - Horizon 4, Test MAE: 2.9421, Test RMSE: 5.7065, Test MAPE: 0.2681
2025-05-08 02:01:21,961 - Horizon 5, Test MAE: 3.1689, Test RMSE: 6.0164, Test MAPE: 0.2891
2025-05-08 02:01:21,964 - Horizon 6, Test MAE: 3.2828, Test RMSE: 6.1143, Test MAPE: 0.2989
2025-05-08 02:01:21,966 - Horizon 7, Test MAE: 3.4735, Test RMSE: 6.3378, Test MAPE: 0.3209
2025-05-08 02:01:21,968 - Horizon 8, Test MAE: 3.5010, Test RMSE: 6.3410, Test MAPE: 0.3281
2025-05-08 02:01:21,971 - Horizon 9, Test MAE: 3.5386, Test RMSE: 6.3813, Test MAPE: 0.3313
2025-05-08 02:01:21,973 - Horizon 10, Test MAE: 3.4675, Test RMSE: 6.2857, Test MAPE: 0.3235
2025-05-08 02:01:21,976 - Horizon 11, Test MAE: 3.4033, Test RMSE: 6.1362, Test MAPE: 0.3221
2025-05-08 02:01:21,978 - Horizon 12, Test MAE: 3.2059, Test RMSE: 5.7975, Test MAPE: 0.3060
2025-05-08 02:01:21,978 - Average Test MAE: 3.0678, Test RMSE: 5.7384, Test MAPE: 0.2856
2025-05-08 02:01:21,978 - Norm Test Time: 3.5234s
