2025-05-09 23:24:43,213 - Namespace(device='cuda:2', dataset='SD', years='2019', model_name='stone', seed=6, bs=64, seq_len=12, horizon=12, input_dim=3, output_dim=1, order=0, new_node_ratio=0.15, num_val=1, epsilon=0.01, c=10, basis_num=1, KK=2, num_sample=0.01, mode='train', test_ratio=0.1, ood=1, tood=1, max_epochs=100, patience=10, alpha=0.8, beta=0.1, beta0=2, TBlocks_num=5, SBlocks_num=2, Kt=3, Ks_s=1, Ks_t=3, step_size=10, gamma=0.95, adj_type='transition', adp_adj=1, lrate=0.001, wdecay=0.0001, dropout=0.3, clip_grad_value=5)
2025-05-09 23:24:43,242 - Adj path: ./data/sd/sd_rn_adj.npy
2025-05-09 23:25:29,205 - Data shape in train set years:(35040, 716, 3)
2025-05-09 23:25:30,323 - Sample num: 21010, Batch num: 328
2025-05-09 23:25:31,447 - Data shape in val set years:(35040, 716, 3)
2025-05-09 23:25:32,567 - Sample num: 7003, Batch num: 109
2025-05-09 23:25:33,655 - Data shape in test set years:(35136, 716, 3)
2025-05-09 23:25:34,741 - Sample num: 7022, Batch num: 109
2025-05-09 23:25:35,556 - The number of parameters: 746525
2025-05-09 23:25:35,557 - Start training!
2025-05-09 23:31:36,596 - Epoch: 001, Train Loss1: 59.9547, Train RMSE_ob1: 74.4076, Train MAPE_ob1: 0.8473, Train Time: 334.9442s/epoch, LR: 1.0000e-03
2025-05-09 23:31:36,596 - Epoch: 001, Train Loss3: 60.0968, Train RMSE_un: 74.3252, Train MAPE_un: 0.7890
2025-05-09 23:31:36,596 - Epoch: 001, Valid Loss1: 52.0473, Valid RMSE_ob1: 64.0379, Valid MAPE_ob1: 0.7858, Valid Time: 26.0950s
2025-05-09 23:31:36,596 - Epoch: 001, Valid Loss3: 52.9837, Valid RMSE_un: 64.1860, Valid MAPE_un: 1.0662
2025-05-09 23:31:36,609 - Val loss decrease from inf to 52.1681
2025-05-09 23:36:25,985 - Epoch: 002, Train Loss1: 48.0996, Train RMSE_ob1: 60.4938, Train MAPE_ob1: 0.6639, Train Time: 265.9972s/epoch, LR: 1.0000e-03
2025-05-09 23:36:25,985 - Epoch: 002, Train Loss3: 47.5901, Train RMSE_un: 59.1426, Train MAPE_un: 0.6178
2025-05-09 23:36:25,985 - Epoch: 002, Valid Loss1: 45.9537, Valid RMSE_ob1: 57.3718, Valid MAPE_ob1: 0.6944, Valid Time: 23.3790s
2025-05-09 23:36:25,985 - Epoch: 002, Valid Loss3: 45.5058, Valid RMSE_un: 56.3085, Valid MAPE_un: 0.9432
2025-05-09 23:36:25,999 - Val loss decrease from 52.1681 to 45.8960
2025-05-09 23:41:05,857 - Epoch: 003, Train Loss1: 44.4423, Train RMSE_ob1: 56.1879, Train MAPE_ob1: 0.6069, Train Time: 257.6770s/epoch, LR: 1.0000e-03
2025-05-09 23:41:05,857 - Epoch: 003, Train Loss3: 43.6073, Train RMSE_un: 54.4855, Train MAPE_un: 0.5589
2025-05-09 23:41:05,857 - Epoch: 003, Valid Loss1: 38.6621, Valid RMSE_ob1: 50.1395, Valid MAPE_ob1: 0.5786, Valid Time: 22.1808s
2025-05-09 23:41:05,857 - Epoch: 003, Valid Loss3: 39.3819, Valid RMSE_un: 51.2066, Valid MAPE_un: 0.7847
2025-05-09 23:41:05,870 - Val loss decrease from 45.8960 to 38.7549
2025-05-09 23:45:56,531 - Epoch: 004, Train Loss1: 41.4672, Train RMSE_ob1: 52.6632, Train MAPE_ob1: 0.5620, Train Time: 266.6809s/epoch, LR: 1.0000e-03
2025-05-09 23:45:56,531 - Epoch: 004, Train Loss3: 40.4379, Train RMSE_un: 50.7681, Train MAPE_un: 0.5148
2025-05-09 23:45:56,531 - Epoch: 004, Valid Loss1: 40.3510, Valid RMSE_ob1: 50.6268, Valid MAPE_ob1: 0.5685, Valid Time: 23.9795s
2025-05-09 23:45:56,531 - Epoch: 004, Valid Loss3: 42.6323, Valid RMSE_un: 53.9266, Valid MAPE_un: 0.7726
2025-05-09 23:51:39,013 - Epoch: 005, Train Loss1: 39.6115, Train RMSE_ob1: 50.3628, Train MAPE_ob1: 0.5354, Train Time: 320.4156s/epoch, LR: 1.0000e-03
2025-05-09 23:51:39,014 - Epoch: 005, Train Loss3: 38.5060, Train RMSE_un: 48.4397, Train MAPE_un: 0.4888
2025-05-09 23:51:39,014 - Epoch: 005, Valid Loss1: 37.4756, Valid RMSE_ob1: 47.1431, Valid MAPE_ob1: 0.5491, Valid Time: 22.0662s
2025-05-09 23:51:39,014 - Epoch: 005, Valid Loss3: 39.4750, Valid RMSE_un: 50.6935, Valid MAPE_un: 0.7606
2025-05-09 23:51:39,027 - Val loss decrease from 38.7549 to 37.7335
2025-05-09 23:56:41,356 - Epoch: 006, Train Loss1: 38.2982, Train RMSE_ob1: 48.7236, Train MAPE_ob1: 0.5171, Train Time: 280.0512s/epoch, LR: 1.0000e-03
2025-05-09 23:56:41,356 - Epoch: 006, Train Loss3: 37.2112, Train RMSE_un: 46.8506, Train MAPE_un: 0.4716
2025-05-09 23:56:41,356 - Epoch: 006, Valid Loss1: 40.4414, Valid RMSE_ob1: 50.7484, Valid MAPE_ob1: 0.6029, Valid Time: 22.2775s
2025-05-09 23:56:41,356 - Epoch: 006, Valid Loss3: 43.2090, Valid RMSE_un: 55.4167, Valid MAPE_un: 0.8281
2025-05-10 00:01:28,322 - Epoch: 007, Train Loss1: 37.4004, Train RMSE_ob1: 47.6894, Train MAPE_ob1: 0.5007, Train Time: 264.6320s/epoch, LR: 1.0000e-03
2025-05-10 00:01:28,323 - Epoch: 007, Train Loss3: 36.3530, Train RMSE_un: 45.9337, Train MAPE_un: 0.4567
2025-05-10 00:01:28,323 - Epoch: 007, Valid Loss1: 39.4444, Valid RMSE_ob1: 48.8670, Valid MAPE_ob1: 0.5374, Valid Time: 22.3343s
2025-05-10 00:01:28,323 - Epoch: 007, Valid Loss3: 42.2634, Valid RMSE_un: 54.3712, Valid MAPE_un: 0.7147
2025-05-10 00:06:46,696 - Epoch: 008, Train Loss1: 36.0096, Train RMSE_ob1: 45.9601, Train MAPE_ob1: 0.4815, Train Time: 296.1113s/epoch, LR: 1.0000e-03
2025-05-10 00:06:46,696 - Epoch: 008, Train Loss3: 34.9182, Train RMSE_un: 44.1781, Train MAPE_un: 0.4392
2025-05-10 00:06:46,696 - Epoch: 008, Valid Loss1: 35.3456, Valid RMSE_ob1: 45.3162, Valid MAPE_ob1: 0.4727, Valid Time: 22.2616s
2025-05-10 00:06:46,696 - Epoch: 008, Valid Loss3: 39.7189, Valid RMSE_un: 53.2361, Valid MAPE_un: 0.6518
2025-05-10 00:06:46,709 - Val loss decrease from 37.7335 to 35.9097
2025-05-10 00:11:24,646 - Epoch: 009, Train Loss1: 35.2522, Train RMSE_ob1: 45.0297, Train MAPE_ob1: 0.4699, Train Time: 255.7420s/epoch, LR: 1.0000e-03
2025-05-10 00:11:24,646 - Epoch: 009, Train Loss3: 34.2136, Train RMSE_un: 43.3454, Train MAPE_un: 0.4296
2025-05-10 00:11:24,646 - Epoch: 009, Valid Loss1: 34.3286, Valid RMSE_ob1: 43.9669, Valid MAPE_ob1: 0.5321, Valid Time: 22.1945s
2025-05-10 00:11:24,646 - Epoch: 009, Valid Loss3: 38.6574, Valid RMSE_un: 51.9691, Valid MAPE_un: 0.7438
2025-05-10 00:11:24,659 - Val loss decrease from 35.9097 to 34.8869
2025-05-10 00:16:02,915 - Epoch: 010, Train Loss1: 34.6457, Train RMSE_ob1: 44.2811, Train MAPE_ob1: 0.4619, Train Time: 255.7320s/epoch, LR: 1.0000e-03
2025-05-10 00:16:02,915 - Epoch: 010, Train Loss3: 33.6100, Train RMSE_un: 42.6131, Train MAPE_un: 0.4224
2025-05-10 00:16:02,915 - Epoch: 010, Valid Loss1: 34.9657, Valid RMSE_ob1: 44.3784, Valid MAPE_ob1: 0.4810, Valid Time: 22.5236s
2025-05-10 00:16:02,915 - Epoch: 010, Valid Loss3: 40.2006, Valid RMSE_un: 53.2698, Valid MAPE_un: 0.6718
2025-05-10 00:21:03,878 - Epoch: 011, Train Loss1: 33.9866, Train RMSE_ob1: 43.4947, Train MAPE_ob1: 0.4513, Train Time: 279.9336s/epoch, LR: 9.5000e-04
2025-05-10 00:21:03,878 - Epoch: 011, Train Loss3: 33.0099, Train RMSE_un: 41.9256, Train MAPE_un: 0.4134
2025-05-10 00:21:03,878 - Epoch: 011, Valid Loss1: 33.9008, Valid RMSE_ob1: 43.0634, Valid MAPE_ob1: 0.5237, Valid Time: 21.0285s
2025-05-10 00:21:03,878 - Epoch: 011, Valid Loss3: 39.1483, Valid RMSE_un: 52.1339, Valid MAPE_un: 0.7278
2025-05-10 00:21:03,892 - Val loss decrease from 34.8869 to 34.5776
2025-05-10 00:26:23,899 - Epoch: 012, Train Loss1: 33.6022, Train RMSE_ob1: 42.9791, Train MAPE_ob1: 0.4480, Train Time: 298.6161s/epoch, LR: 9.5000e-04
2025-05-10 00:26:23,899 - Epoch: 012, Train Loss3: 32.6500, Train RMSE_un: 41.4583, Train MAPE_un: 0.4106
2025-05-10 00:26:23,900 - Epoch: 012, Valid Loss1: 33.8781, Valid RMSE_ob1: 43.0124, Valid MAPE_ob1: 0.4615, Valid Time: 21.3913s
2025-05-10 00:26:23,900 - Epoch: 012, Valid Loss3: 38.9524, Valid RMSE_un: 52.0923, Valid MAPE_un: 0.6420
2025-05-10 00:26:23,913 - Val loss decrease from 34.5776 to 34.5326
2025-05-10 00:31:11,039 - Epoch: 013, Train Loss1: 33.1590, Train RMSE_ob1: 42.4637, Train MAPE_ob1: 0.4401, Train Time: 266.3966s/epoch, LR: 9.5000e-04
2025-05-10 00:31:11,039 - Epoch: 013, Train Loss3: 32.2271, Train RMSE_un: 40.9801, Train MAPE_un: 0.4038
2025-05-10 00:31:11,039 - Epoch: 013, Valid Loss1: 34.3682, Valid RMSE_ob1: 43.6101, Valid MAPE_ob1: 0.5293, Valid Time: 20.7288s
2025-05-10 00:31:11,039 - Epoch: 013, Valid Loss3: 40.1805, Valid RMSE_un: 53.3112, Valid MAPE_un: 0.7667
2025-05-10 00:36:07,882 - Epoch: 014, Train Loss1: 32.7636, Train RMSE_ob1: 41.9868, Train MAPE_ob1: 0.4343, Train Time: 273.3274s/epoch, LR: 9.5000e-04
2025-05-10 00:36:07,882 - Epoch: 014, Train Loss3: 31.8244, Train RMSE_un: 40.5105, Train MAPE_un: 0.3984
2025-05-10 00:36:07,882 - Epoch: 014, Valid Loss1: 30.2495, Valid RMSE_ob1: 39.6805, Valid MAPE_ob1: 0.4067, Valid Time: 23.5150s
2025-05-10 00:36:07,882 - Epoch: 014, Valid Loss3: 36.1884, Valid RMSE_un: 50.9154, Valid MAPE_un: 0.5964
2025-05-10 00:36:07,895 - Val loss decrease from 34.5326 to 31.0155
2025-05-10 00:41:20,583 - Epoch: 015, Train Loss1: 32.5498, Train RMSE_ob1: 41.6880, Train MAPE_ob1: 0.4316, Train Time: 291.9228s/epoch, LR: 9.5000e-04
2025-05-10 00:41:20,583 - Epoch: 015, Train Loss3: 31.6615, Train RMSE_un: 40.2614, Train MAPE_un: 0.3964
2025-05-10 00:41:20,583 - Epoch: 015, Valid Loss1: 32.8284, Valid RMSE_ob1: 41.9545, Valid MAPE_ob1: 0.4400, Valid Time: 20.7647s
2025-05-10 00:41:20,583 - Epoch: 015, Valid Loss3: 38.5501, Valid RMSE_un: 52.2469, Valid MAPE_un: 0.6337
2025-05-10 00:47:10,152 - Epoch: 016, Train Loss1: 32.3205, Train RMSE_ob1: 41.4069, Train MAPE_ob1: 0.4287, Train Time: 325.6954s/epoch, LR: 9.5000e-04
2025-05-10 00:47:10,152 - Epoch: 016, Train Loss3: 31.4143, Train RMSE_un: 39.9835, Train MAPE_un: 0.3936
2025-05-10 00:47:10,152 - Epoch: 016, Valid Loss1: 31.7612, Valid RMSE_ob1: 41.6896, Valid MAPE_ob1: 0.4516, Valid Time: 23.8733s
2025-05-10 00:47:10,152 - Epoch: 016, Valid Loss3: 38.3635, Valid RMSE_un: 53.6279, Valid MAPE_un: 0.6524
2025-05-10 00:51:53,031 - Epoch: 017, Train Loss1: 31.9392, Train RMSE_ob1: 40.9609, Train MAPE_ob1: 0.4222, Train Time: 258.1832s/epoch, LR: 9.5000e-04
2025-05-10 00:51:53,031 - Epoch: 017, Train Loss3: 31.0166, Train RMSE_un: 39.5305, Train MAPE_un: 0.3874
2025-05-10 00:51:53,031 - Epoch: 017, Valid Loss1: 32.3973, Valid RMSE_ob1: 41.1347, Valid MAPE_ob1: 0.4259, Valid Time: 24.6950s
2025-05-10 00:51:53,031 - Epoch: 017, Valid Loss3: 38.1942, Valid RMSE_un: 51.4007, Valid MAPE_un: 0.6125
2025-05-10 00:57:00,589 - Epoch: 018, Train Loss1: 31.6271, Train RMSE_ob1: 40.5833, Train MAPE_ob1: 0.4172, Train Time: 283.7745s/epoch, LR: 9.5000e-04
2025-05-10 00:57:00,589 - Epoch: 018, Train Loss3: 30.7189, Train RMSE_un: 39.1660, Train MAPE_un: 0.3830
2025-05-10 00:57:00,589 - Epoch: 018, Valid Loss1: 32.1884, Valid RMSE_ob1: 42.1976, Valid MAPE_ob1: 0.4375, Valid Time: 23.7838s
2025-05-10 00:57:00,590 - Epoch: 018, Valid Loss3: 38.2332, Valid RMSE_un: 53.2794, Valid MAPE_un: 0.6220
2025-05-10 01:01:39,349 - Epoch: 019, Train Loss1: 31.4209, Train RMSE_ob1: 40.3247, Train MAPE_ob1: 0.4151, Train Time: 254.6690s/epoch, LR: 9.5000e-04
2025-05-10 01:01:39,349 - Epoch: 019, Train Loss3: 30.4964, Train RMSE_un: 38.8979, Train MAPE_un: 0.3810
2025-05-10 01:01:39,349 - Epoch: 019, Valid Loss1: 32.4660, Valid RMSE_ob1: 41.2091, Valid MAPE_ob1: 0.4238, Valid Time: 24.0903s
2025-05-10 01:01:39,349 - Epoch: 019, Valid Loss3: 38.3142, Valid RMSE_un: 52.1252, Valid MAPE_un: 0.5919
2025-05-10 01:06:50,592 - Epoch: 020, Train Loss1: 31.1642, Train RMSE_ob1: 40.0349, Train MAPE_ob1: 0.4112, Train Time: 290.0518s/epoch, LR: 9.5000e-04
2025-05-10 01:06:50,592 - Epoch: 020, Train Loss3: 30.2494, Train RMSE_un: 38.6211, Train MAPE_un: 0.3773
2025-05-10 01:06:50,592 - Epoch: 020, Valid Loss1: 33.4499, Valid RMSE_ob1: 42.2635, Valid MAPE_ob1: 0.4975, Valid Time: 21.1903s
2025-05-10 01:06:50,592 - Epoch: 020, Valid Loss3: 38.5668, Valid RMSE_un: 51.3682, Valid MAPE_un: 0.7051
2025-05-10 01:11:26,331 - Epoch: 021, Train Loss1: 30.9629, Train RMSE_ob1: 39.7861, Train MAPE_ob1: 0.4074, Train Time: 254.6707s/epoch, LR: 9.0250e-04
2025-05-10 01:11:26,332 - Epoch: 021, Train Loss3: 30.0621, Train RMSE_un: 38.4079, Train MAPE_un: 0.3745
2025-05-10 01:11:26,332 - Epoch: 021, Valid Loss1: 30.6351, Valid RMSE_ob1: 39.8882, Valid MAPE_ob1: 0.3948, Valid Time: 21.0688s
2025-05-10 01:11:26,332 - Epoch: 021, Valid Loss3: 37.3698, Valid RMSE_un: 52.5023, Valid MAPE_un: 0.5604
2025-05-10 01:16:01,338 - Epoch: 022, Train Loss1: 30.8638, Train RMSE_ob1: 39.6500, Train MAPE_ob1: 0.4065, Train Time: 253.8998s/epoch, LR: 9.0250e-04
2025-05-10 01:16:01,338 - Epoch: 022, Train Loss3: 29.9461, Train RMSE_un: 38.2486, Train MAPE_un: 0.3736
2025-05-10 01:16:01,339 - Epoch: 022, Valid Loss1: 29.4695, Valid RMSE_ob1: 38.8152, Valid MAPE_ob1: 0.3933, Valid Time: 21.1066s
2025-05-10 01:16:01,339 - Epoch: 022, Valid Loss3: 35.9068, Valid RMSE_un: 50.1894, Valid MAPE_un: 0.5613
2025-05-10 01:16:01,352 - Val loss decrease from 31.0155 to 30.2998
2025-05-10 01:21:26,011 - Epoch: 023, Train Loss1: 30.7132, Train RMSE_ob1: 39.4560, Train MAPE_ob1: 0.4049, Train Time: 301.1632s/epoch, LR: 9.0250e-04
2025-05-10 01:21:26,012 - Epoch: 023, Train Loss3: 29.8125, Train RMSE_un: 38.0797, Train MAPE_un: 0.3720
2025-05-10 01:21:26,012 - Epoch: 023, Valid Loss1: 29.9776, Valid RMSE_ob1: 38.5746, Valid MAPE_ob1: 0.4292, Valid Time: 23.4959s
2025-05-10 01:21:26,012 - Epoch: 023, Valid Loss3: 35.9173, Valid RMSE_un: 48.8788, Valid MAPE_un: 0.6114
2025-05-10 01:26:07,515 - Epoch: 024, Train Loss1: 30.5436, Train RMSE_ob1: 39.2663, Train MAPE_ob1: 0.4018, Train Time: 256.7856s/epoch, LR: 9.0250e-04
2025-05-10 01:26:07,515 - Epoch: 024, Train Loss3: 29.6669, Train RMSE_un: 37.9198, Train MAPE_un: 0.3693
2025-05-10 01:26:07,515 - Epoch: 024, Valid Loss1: 32.2699, Valid RMSE_ob1: 40.9840, Valid MAPE_ob1: 0.4839, Valid Time: 24.7175s
2025-05-10 01:26:07,515 - Epoch: 024, Valid Loss3: 38.1697, Valid RMSE_un: 50.6207, Valid MAPE_un: 0.6937
2025-05-10 01:31:21,017 - Epoch: 025, Train Loss1: 30.3434, Train RMSE_ob1: 39.0293, Train MAPE_ob1: 0.3995, Train Time: 290.1326s/epoch, LR: 9.0250e-04
2025-05-10 01:31:21,017 - Epoch: 025, Train Loss3: 29.4441, Train RMSE_un: 37.6644, Train MAPE_un: 0.3667
2025-05-10 01:31:21,017 - Epoch: 025, Valid Loss1: 32.0623, Valid RMSE_ob1: 41.1087, Valid MAPE_ob1: 0.4369, Valid Time: 23.3688s
2025-05-10 01:31:21,017 - Epoch: 025, Valid Loss3: 38.4588, Valid RMSE_un: 52.1509, Valid MAPE_un: 0.6213
2025-05-10 01:36:03,579 - Epoch: 026, Train Loss1: 30.1366, Train RMSE_ob1: 38.7538, Train MAPE_ob1: 0.3964, Train Time: 261.7509s/epoch, LR: 9.0250e-04
2025-05-10 01:36:03,580 - Epoch: 026, Train Loss3: 29.2109, Train RMSE_un: 37.3685, Train MAPE_un: 0.3638
2025-05-10 01:36:03,580 - Epoch: 026, Valid Loss1: 29.8558, Valid RMSE_ob1: 40.8680, Valid MAPE_ob1: 0.3776, Valid Time: 20.8113s
2025-05-10 01:36:03,580 - Epoch: 026, Valid Loss3: 35.9433, Valid RMSE_un: 52.2859, Valid MAPE_un: 0.5649
2025-05-10 01:40:40,699 - Epoch: 027, Train Loss1: 30.0333, Train RMSE_ob1: 38.6617, Train MAPE_ob1: 0.3936, Train Time: 253.2002s/epoch, LR: 9.0250e-04
2025-05-10 01:40:40,699 - Epoch: 027, Train Loss3: 29.1330, Train RMSE_un: 37.3122, Train MAPE_un: 0.3616
2025-05-10 01:40:40,699 - Epoch: 027, Valid Loss1: 29.9608, Valid RMSE_ob1: 40.7976, Valid MAPE_ob1: 0.3936, Valid Time: 23.9190s
2025-05-10 01:40:40,699 - Epoch: 027, Valid Loss3: 35.5292, Valid RMSE_un: 51.2167, Valid MAPE_un: 0.5590
2025-05-10 01:45:23,086 - Epoch: 028, Train Loss1: 30.0517, Train RMSE_ob1: 38.6330, Train MAPE_ob1: 0.3963, Train Time: 260.7290s/epoch, LR: 9.0250e-04
2025-05-10 01:45:23,086 - Epoch: 028, Train Loss3: 29.1501, Train RMSE_un: 37.2816, Train MAPE_un: 0.3637
2025-05-10 01:45:23,086 - Epoch: 028, Valid Loss1: 30.9200, Valid RMSE_ob1: 40.5927, Valid MAPE_ob1: 0.4026, Valid Time: 21.6573s
2025-05-10 01:45:23,086 - Epoch: 028, Valid Loss3: 37.6875, Valid RMSE_un: 52.7542, Valid MAPE_un: 0.5836
2025-05-10 01:50:09,591 - Epoch: 029, Train Loss1: 29.7632, Train RMSE_ob1: 38.3168, Train MAPE_ob1: 0.3913, Train Time: 264.4574s/epoch, LR: 9.0250e-04
2025-05-10 01:50:09,591 - Epoch: 029, Train Loss3: 28.8638, Train RMSE_un: 36.9736, Train MAPE_un: 0.3589
2025-05-10 01:50:09,591 - Epoch: 029, Valid Loss1: 33.5710, Valid RMSE_ob1: 43.0303, Valid MAPE_ob1: 0.4827, Valid Time: 22.0477s
2025-05-10 01:50:09,591 - Epoch: 029, Valid Loss3: 40.1360, Valid RMSE_un: 54.1522, Valid MAPE_un: 0.6763
2025-05-10 01:55:30,075 - Epoch: 030, Train Loss1: 29.7176, Train RMSE_ob1: 38.2529, Train MAPE_ob1: 0.3898, Train Time: 296.6483s/epoch, LR: 9.0250e-04
2025-05-10 01:55:30,076 - Epoch: 030, Train Loss3: 28.7983, Train RMSE_un: 36.8818, Train MAPE_un: 0.3573
2025-05-10 01:55:30,076 - Epoch: 030, Valid Loss1: 31.6861, Valid RMSE_ob1: 41.1798, Valid MAPE_ob1: 0.4123, Valid Time: 23.8355s
2025-05-10 01:55:30,076 - Epoch: 030, Valid Loss3: 37.7793, Valid RMSE_un: 52.1894, Valid MAPE_un: 0.5826
2025-05-10 02:00:42,701 - Epoch: 031, Train Loss1: 29.4446, Train RMSE_ob1: 37.9196, Train MAPE_ob1: 0.3861, Train Time: 289.0218s/epoch, LR: 8.5737e-04
2025-05-10 02:00:42,701 - Epoch: 031, Train Loss3: 28.5268, Train RMSE_un: 36.5480, Train MAPE_un: 0.3538
2025-05-10 02:00:42,701 - Epoch: 031, Valid Loss1: 30.8177, Valid RMSE_ob1: 40.7628, Valid MAPE_ob1: 0.4080, Valid Time: 23.6035s
2025-05-10 02:00:42,701 - Epoch: 031, Valid Loss3: 37.6138, Valid RMSE_un: 52.6781, Valid MAPE_un: 0.5859
2025-05-10 02:05:56,445 - Epoch: 032, Train Loss1: 29.4289, Train RMSE_ob1: 37.9279, Train MAPE_ob1: 0.3860, Train Time: 289.2104s/epoch, LR: 8.5737e-04
2025-05-10 02:05:56,446 - Epoch: 032, Train Loss3: 28.5067, Train RMSE_un: 36.5628, Train MAPE_un: 0.3537
2025-05-10 02:05:56,446 - Epoch: 032, Valid Loss1: 31.5763, Valid RMSE_ob1: 41.0545, Valid MAPE_ob1: 0.4481, Valid Time: 24.5336s
2025-05-10 02:05:56,446 - Epoch: 032, Valid Loss3: 38.0188, Valid RMSE_un: 52.0544, Valid MAPE_un: 0.6406
2025-05-10 02:05:56,446 - Early stop at epoch 32, loss = 30.299797
2025-05-10 02:06:18,926 - Horizon 1, Test MAE_ob: 22.9444, Test RMSE_ob: 28.3506, Test MAPE_ob: 0.4479
2025-05-10 02:06:18,931 - Horizon 1, Test MAE_un: 24.3309, Test RMSE_un: 30.9703, Test MAPE_un: 0.3519
2025-05-10 02:06:18,936 - Horizon 1, Test MAEall: 23.1233, Test RMSEall: 28.6885, Test MAPEall: 0.4355
2025-05-10 02:06:18,960 - Horizon 2, Test MAE_ob: 23.4022, Test RMSE_ob: 30.3887, Test MAPE_ob: 0.4271
2025-05-10 02:06:18,965 - Horizon 2, Test MAE_un: 25.7220, Test RMSE_un: 34.5953, Test MAPE_un: 0.3388
2025-05-10 02:06:18,969 - Horizon 2, Test MAEall: 23.7014, Test RMSEall: 30.9313, Test MAPEall: 0.4158
2025-05-10 02:06:18,992 - Horizon 3, Test MAE_ob: 24.2886, Test RMSE_ob: 32.8878, Test MAPE_ob: 0.4133
2025-05-10 02:06:18,997 - Horizon 3, Test MAE_un: 27.7840, Test RMSE_un: 38.7891, Test MAPE_un: 0.3321
2025-05-10 02:06:19,001 - Horizon 3, Test MAEall: 24.7394, Test RMSEall: 33.6489, Test MAPEall: 0.4028
2025-05-10 02:06:19,024 - Horizon 4, Test MAE_ob: 25.0805, Test RMSE_ob: 34.9372, Test MAPE_ob: 0.4081
2025-05-10 02:06:19,029 - Horizon 4, Test MAE_un: 29.4516, Test RMSE_un: 42.0937, Test MAPE_un: 0.3300
2025-05-10 02:06:19,033 - Horizon 4, Test MAEall: 25.6442, Test RMSEall: 35.8602, Test MAPEall: 0.3980
2025-05-10 02:06:19,056 - Horizon 5, Test MAE_ob: 26.1795, Test RMSE_ob: 37.4597, Test MAPE_ob: 0.3985
2025-05-10 02:06:19,061 - Horizon 5, Test MAE_un: 31.5204, Test RMSE_un: 46.1205, Test MAPE_un: 0.3257
2025-05-10 02:06:19,064 - Horizon 5, Test MAEall: 26.8684, Test RMSEall: 38.5767, Test MAPEall: 0.3891
2025-05-10 02:06:19,089 - Horizon 6, Test MAE_ob: 26.9157, Test RMSE_ob: 39.2826, Test MAPE_ob: 0.3777
2025-05-10 02:06:19,094 - Horizon 6, Test MAE_un: 33.1522, Test RMSE_un: 49.2446, Test MAPE_un: 0.3138
2025-05-10 02:06:19,097 - Horizon 6, Test MAEall: 27.7201, Test RMSEall: 40.5674, Test MAPEall: 0.3695
2025-05-10 02:06:19,119 - Horizon 7, Test MAE_ob: 27.7691, Test RMSE_ob: 40.8781, Test MAPE_ob: 0.3717
2025-05-10 02:06:19,123 - Horizon 7, Test MAE_un: 34.8202, Test RMSE_un: 51.9609, Test MAPE_un: 0.3140
2025-05-10 02:06:19,127 - Horizon 7, Test MAEall: 28.6785, Test RMSEall: 42.3075, Test MAPEall: 0.3642
2025-05-10 02:06:19,149 - Horizon 8, Test MAE_ob: 28.7404, Test RMSE_ob: 42.5273, Test MAPE_ob: 0.3695
2025-05-10 02:06:19,153 - Horizon 8, Test MAE_un: 36.5683, Test RMSE_un: 54.7801, Test MAPE_un: 0.3161
2025-05-10 02:06:19,157 - Horizon 8, Test MAEall: 29.7500, Test RMSEall: 44.1076, Test MAPEall: 0.3626
2025-05-10 02:06:19,178 - Horizon 9, Test MAE_ob: 30.0919, Test RMSE_ob: 44.6275, Test MAPE_ob: 0.3745
2025-05-10 02:06:19,182 - Horizon 9, Test MAE_un: 38.8715, Test RMSE_un: 58.3268, Test MAPE_un: 0.3224
2025-05-10 02:06:19,185 - Horizon 9, Test MAEall: 31.2243, Test RMSEall: 46.3943, Test MAPEall: 0.3678
2025-05-10 02:06:19,206 - Horizon 10, Test MAE_ob: 30.8851, Test RMSE_ob: 46.2765, Test MAPE_ob: 0.3519
2025-05-10 02:06:19,211 - Horizon 10, Test MAE_un: 40.5607, Test RMSE_un: 61.2649, Test MAPE_un: 0.3125
2025-05-10 02:06:19,214 - Horizon 10, Test MAEall: 32.1330, Test RMSEall: 48.2096, Test MAPEall: 0.3468
2025-05-10 02:06:19,235 - Horizon 11, Test MAE_ob: 31.9559, Test RMSE_ob: 47.9465, Test MAPE_ob: 0.3496
2025-05-10 02:06:19,239 - Horizon 11, Test MAE_un: 42.5340, Test RMSE_un: 64.3386, Test MAPE_un: 0.3168
2025-05-10 02:06:19,243 - Horizon 11, Test MAEall: 33.3202, Test RMSEall: 50.0607, Test MAPEall: 0.3454
2025-05-10 02:06:19,264 - Horizon 12, Test MAE_ob: 33.1739, Test RMSE_ob: 49.8436, Test MAPE_ob: 0.3455
2025-05-10 02:06:19,269 - Horizon 12, Test MAE_un: 44.6741, Test RMSE_un: 67.8099, Test MAPE_un: 0.3185
2025-05-10 02:06:19,272 - Horizon 12, Test MAEall: 34.6571, Test RMSEall: 52.1608, Test MAPEall: 0.3420
2025-05-10 02:06:19,272 - Average Test MAEall: 28.4633, Test RMSEall: 40.9595, Test MAPEall: 0.3783
2025-05-10 02:06:19,272 - Average Test MAE_ob1: 27.6189, Test RMSE_ob: 39.6172, Test MAPE_ob: 0.3863
2025-05-10 02:06:19,272 - Average Test MAE_un: 34.1658, Test RMSE_un: 50.0245, Test MAPE_un: 0.3244
