2025-05-08 01:45:09,536 - Namespace(device='cuda:2', dataset='URBANEV', fewshot=6, eval_method='norm', years='2022', seed=2018, bs=64, seq_len=12, horizon=12, input_dim=3, output_dim=1, mode='train', max_epochs=100, patience=10, model_name='stnorm', tnorm_bool=True, snorm_bool=True, channels=32, kernel_size=2, blocks=4, layers=2, lrate=0.001, wdecay=0.0001, dropout=0.1, clip_grad_value=5)
2025-05-08 01:45:09,653 - Data shape: (4344, 275, 3)
2025-05-08 01:45:09,711 - Sample num: 259, Batch num: 4
2025-05-08 01:45:09,775 - Sample num: 864, Batch num: 13
2025-05-08 01:45:09,827 - Sample num: 864, Batch num: 13
2025-05-08 01:45:11,183 - The arc of model:
STNORM(
  (filter_convs): ModuleList(
    (0): Conv2d(96, 32, kernel_size=(1, 2), stride=(1, 1))
    (1): Conv2d(96, 32, kernel_size=(1, 2), stride=(1, 1), dilation=(2, 2))
    (2): Conv2d(96, 32, kernel_size=(1, 2), stride=(1, 1))
    (3): Conv2d(96, 32, kernel_size=(1, 2), stride=(1, 1), dilation=(2, 2))
    (4): Conv2d(96, 32, kernel_size=(1, 2), stride=(1, 1))
    (5): Conv2d(96, 32, kernel_size=(1, 2), stride=(1, 1), dilation=(2, 2))
    (6): Conv2d(96, 32, kernel_size=(1, 2), stride=(1, 1))
    (7): Conv2d(96, 32, kernel_size=(1, 2), stride=(1, 1), dilation=(2, 2))
  )
  (gate_convs): ModuleList(
    (0): Conv2d(96, 32, kernel_size=(1, 2), stride=(1, 1))
    (1): Conv2d(96, 32, kernel_size=(1, 2), stride=(1, 1), dilation=(2, 2))
    (2): Conv2d(96, 32, kernel_size=(1, 2), stride=(1, 1))
    (3): Conv2d(96, 32, kernel_size=(1, 2), stride=(1, 1), dilation=(2, 2))
    (4): Conv2d(96, 32, kernel_size=(1, 2), stride=(1, 1))
    (5): Conv2d(96, 32, kernel_size=(1, 2), stride=(1, 1), dilation=(2, 2))
    (6): Conv2d(96, 32, kernel_size=(1, 2), stride=(1, 1))
    (7): Conv2d(96, 32, kernel_size=(1, 2), stride=(1, 1), dilation=(2, 2))
  )
  (residual_convs): ModuleList(
    (0-7): 8 x Conv2d(32, 32, kernel_size=(1, 1), stride=(1, 1))
  )
  (skip_convs): ModuleList(
    (0-7): 8 x Conv2d(32, 32, kernel_size=(1, 1), stride=(1, 1))
  )
  (sn): ModuleList(
    (0-7): 8 x SNorm()
  )
  (tn): ModuleList(
    (0-7): 8 x TNorm()
  )
  (start_conv): Conv2d(3, 32, kernel_size=(1, 1), stride=(1, 1))
  (end_conv_1): Conv2d(32, 32, kernel_size=(1, 1), stride=(1, 1))
  (end_conv_2): Conv2d(32, 12, kernel_size=(1, 1), stride=(1, 1))
)
2025-05-08 01:45:11,184 - Number of total parameters: 258604, tunable parameters: 258604
2025-05-08 01:45:11,184 - The number of parameters: 258604
2025-05-08 01:45:11,184 - Start training!
2025-05-08 01:45:14,909 - Epoch: 001, Train Loss: 14.3285, Train RMSE: 20.8713, Train MAPE: 2.4557, Valid Loss: 13.0684, Valid RMSE: 19.1187, Valid MAPE: 2.3108, Train Time: 2.1626s/epoch, Valid Time: 1.5622s, LR: 1.0000e-03
2025-05-08 01:45:14,921 - Val loss decrease from inf to 13.0684
2025-05-08 01:45:18,587 - Epoch: 002, Train Loss: 12.6240, Train RMSE: 19.3863, Train MAPE: 2.0660, Valid Loss: 11.2766, Valid RMSE: 17.5657, Valid MAPE: 1.8777, Train Time: 2.0868s/epoch, Valid Time: 1.5791s, LR: 1.0000e-03
2025-05-08 01:45:18,599 - Val loss decrease from 13.0684 to 11.2766
2025-05-08 01:45:22,247 - Epoch: 003, Train Loss: 10.9355, Train RMSE: 17.8313, Train MAPE: 1.6611, Valid Loss: 9.9179, Valid RMSE: 16.0520, Valid MAPE: 1.5352, Train Time: 2.0603s/epoch, Valid Time: 1.5876s, LR: 1.0000e-03
2025-05-08 01:45:22,259 - Val loss decrease from 11.2766 to 9.9179
2025-05-08 01:45:25,878 - Epoch: 004, Train Loss: 9.4835, Train RMSE: 16.2215, Train MAPE: 1.3504, Valid Loss: 8.4963, Valid RMSE: 14.6034, Valid MAPE: 1.2092, Train Time: 2.0565s/epoch, Valid Time: 1.5626s, LR: 1.0000e-03
2025-05-08 01:45:25,890 - Val loss decrease from 9.9179 to 8.4963
2025-05-08 01:45:29,603 - Epoch: 005, Train Loss: 8.0749, Train RMSE: 14.7304, Train MAPE: 1.0728, Valid Loss: 7.2268, Valid RMSE: 13.1583, Valid MAPE: 0.9535, Train Time: 2.0819s/epoch, Valid Time: 1.6304s, LR: 1.0000e-03
2025-05-08 01:45:29,615 - Val loss decrease from 8.4963 to 7.2268
2025-05-08 01:45:33,170 - Epoch: 006, Train Loss: 6.9283, Train RMSE: 13.3570, Train MAPE: 0.8372, Valid Loss: 6.2859, Valid RMSE: 11.8881, Valid MAPE: 0.7197, Train Time: 1.9987s/epoch, Valid Time: 1.5557s, LR: 1.0000e-03
2025-05-08 01:45:33,181 - Val loss decrease from 7.2268 to 6.2859
2025-05-08 01:45:36,859 - Epoch: 007, Train Loss: 6.0025, Train RMSE: 12.0565, Train MAPE: 0.6353, Valid Loss: 5.6674, Valid RMSE: 10.7911, Valid MAPE: 0.5834, Train Time: 2.0806s/epoch, Valid Time: 1.5968s, LR: 1.0000e-03
2025-05-08 01:45:36,871 - Val loss decrease from 6.2859 to 5.6674
2025-05-08 01:45:40,495 - Epoch: 008, Train Loss: 5.4350, Train RMSE: 10.9827, Train MAPE: 0.5199, Valid Loss: 5.2651, Valid RMSE: 9.8876, Valid MAPE: 0.5052, Train Time: 2.0506s/epoch, Valid Time: 1.5732s, LR: 1.0000e-03
2025-05-08 01:45:40,506 - Val loss decrease from 5.6674 to 5.2651
2025-05-08 01:45:44,149 - Epoch: 009, Train Loss: 4.9007, Train RMSE: 9.9857, Train MAPE: 0.4234, Valid Loss: 4.8451, Valid RMSE: 9.0322, Valid MAPE: 0.4469, Train Time: 2.0890s/epoch, Valid Time: 1.5536s, LR: 1.0000e-03
2025-05-08 01:45:44,160 - Val loss decrease from 5.2651 to 4.8451
2025-05-08 01:45:47,855 - Epoch: 010, Train Loss: 4.4959, Train RMSE: 9.0421, Train MAPE: 0.4006, Valid Loss: 4.6750, Valid RMSE: 8.4536, Valid MAPE: 0.4009, Train Time: 2.0633s/epoch, Valid Time: 1.6315s, LR: 1.0000e-03
2025-05-08 01:45:47,867 - Val loss decrease from 4.8451 to 4.6750
2025-05-08 01:45:51,429 - Epoch: 011, Train Loss: 4.2242, Train RMSE: 8.2720, Train MAPE: 0.3502, Valid Loss: 4.6559, Valid RMSE: 8.1659, Valid MAPE: 0.4226, Train Time: 2.0316s/epoch, Valid Time: 1.5299s, LR: 1.0000e-03
2025-05-08 01:45:51,441 - Val loss decrease from 4.6750 to 4.6559
2025-05-08 01:45:55,139 - Epoch: 012, Train Loss: 3.9894, Train RMSE: 7.6691, Train MAPE: 0.3391, Valid Loss: 4.5564, Valid RMSE: 7.9045, Valid MAPE: 0.3918, Train Time: 2.0801s/epoch, Valid Time: 1.6175s, LR: 1.0000e-03
2025-05-08 01:45:55,150 - Val loss decrease from 4.6559 to 4.5564
2025-05-08 01:45:58,751 - Epoch: 013, Train Loss: 3.7570, Train RMSE: 7.1519, Train MAPE: 0.3220, Valid Loss: 4.6681, Valid RMSE: 8.0735, Valid MAPE: 0.4054, Train Time: 2.0547s/epoch, Valid Time: 1.5461s, LR: 1.0000e-03
2025-05-08 01:46:02,364 - Epoch: 014, Train Loss: 3.6180, Train RMSE: 6.8241, Train MAPE: 0.3145, Valid Loss: 4.5267, Valid RMSE: 7.8195, Valid MAPE: 0.4126, Train Time: 2.0467s/epoch, Valid Time: 1.5658s, LR: 1.0000e-03
2025-05-08 01:46:02,376 - Val loss decrease from 4.5564 to 4.5267
2025-05-08 01:46:06,057 - Epoch: 015, Train Loss: 3.5492, Train RMSE: 6.6352, Train MAPE: 0.3081, Valid Loss: 4.6577, Valid RMSE: 8.1141, Valid MAPE: 0.3911, Train Time: 2.0602s/epoch, Valid Time: 1.6207s, LR: 1.0000e-03
2025-05-08 01:46:09,654 - Epoch: 016, Train Loss: 3.4478, Train RMSE: 6.4199, Train MAPE: 0.3233, Valid Loss: 4.7395, Valid RMSE: 8.2170, Valid MAPE: 0.3846, Train Time: 2.0773s/epoch, Valid Time: 1.5193s, LR: 1.0000e-03
2025-05-08 01:46:13,298 - Epoch: 017, Train Loss: 3.3859, Train RMSE: 6.3260, Train MAPE: 0.2866, Valid Loss: 4.4364, Valid RMSE: 7.7600, Valid MAPE: 0.3924, Train Time: 2.0316s/epoch, Valid Time: 1.6120s, LR: 1.0000e-03
2025-05-08 01:46:13,309 - Val loss decrease from 4.5267 to 4.4364
2025-05-08 01:46:16,964 - Epoch: 018, Train Loss: 3.2525, Train RMSE: 6.1259, Train MAPE: 0.2834, Valid Loss: 4.3564, Valid RMSE: 7.5999, Valid MAPE: 0.3723, Train Time: 2.0863s/epoch, Valid Time: 1.5681s, LR: 1.0000e-03
2025-05-08 01:46:16,976 - Val loss decrease from 4.4364 to 4.3564
2025-05-08 01:46:20,613 - Epoch: 019, Train Loss: 3.2251, Train RMSE: 6.1021, Train MAPE: 0.2818, Valid Loss: 4.1257, Valid RMSE: 7.2181, Valid MAPE: 0.3564, Train Time: 2.0605s/epoch, Valid Time: 1.5772s, LR: 1.0000e-03
2025-05-08 01:46:20,626 - Val loss decrease from 4.3564 to 4.1257
2025-05-08 01:46:24,271 - Epoch: 020, Train Loss: 3.2137, Train RMSE: 6.0092, Train MAPE: 0.2819, Valid Loss: 4.0167, Valid RMSE: 7.0776, Valid MAPE: 0.3795, Train Time: 2.0434s/epoch, Valid Time: 1.6012s, LR: 1.0000e-03
2025-05-08 01:46:24,283 - Val loss decrease from 4.1257 to 4.0167
2025-05-08 01:46:27,928 - Epoch: 021, Train Loss: 3.0625, Train RMSE: 5.7906, Train MAPE: 0.2673, Valid Loss: 4.0128, Valid RMSE: 7.0861, Valid MAPE: 0.3756, Train Time: 2.0948s/epoch, Valid Time: 1.5505s, LR: 1.0000e-03
2025-05-08 01:46:27,940 - Val loss decrease from 4.0167 to 4.0128
2025-05-08 01:46:31,569 - Epoch: 022, Train Loss: 3.0902, Train RMSE: 5.8369, Train MAPE: 0.2738, Valid Loss: 3.8310, Valid RMSE: 6.8580, Valid MAPE: 0.3372, Train Time: 2.0060s/epoch, Valid Time: 1.6220s, LR: 1.0000e-03
2025-05-08 01:46:31,581 - Val loss decrease from 4.0128 to 3.8310
2025-05-08 01:46:35,220 - Epoch: 023, Train Loss: 3.0815, Train RMSE: 5.8250, Train MAPE: 0.2602, Valid Loss: 4.2197, Valid RMSE: 7.3305, Valid MAPE: 0.3886, Train Time: 2.0873s/epoch, Valid Time: 1.5514s, LR: 1.0000e-03
2025-05-08 01:46:38,867 - Epoch: 024, Train Loss: 2.9915, Train RMSE: 5.6179, Train MAPE: 0.2659, Valid Loss: 3.6903, Valid RMSE: 6.6745, Valid MAPE: 0.3222, Train Time: 2.0339s/epoch, Valid Time: 1.6131s, LR: 1.0000e-03
2025-05-08 01:46:38,880 - Val loss decrease from 3.8310 to 3.6903
2025-05-08 01:46:42,505 - Epoch: 025, Train Loss: 2.9388, Train RMSE: 5.5358, Train MAPE: 0.2586, Valid Loss: 4.0556, Valid RMSE: 7.1575, Valid MAPE: 0.3849, Train Time: 2.0325s/epoch, Valid Time: 1.5924s, LR: 1.0000e-03
2025-05-08 01:46:46,163 - Epoch: 026, Train Loss: 2.8618, Train RMSE: 5.4233, Train MAPE: 0.2535, Valid Loss: 3.7844, Valid RMSE: 6.8503, Valid MAPE: 0.3511, Train Time: 2.0863s/epoch, Valid Time: 1.5718s, LR: 1.0000e-03
2025-05-08 01:46:49,758 - Epoch: 027, Train Loss: 2.8299, Train RMSE: 5.3804, Train MAPE: 0.2552, Valid Loss: 3.8506, Valid RMSE: 6.8025, Valid MAPE: 0.3417, Train Time: 1.9950s/epoch, Valid Time: 1.5998s, LR: 1.0000e-03
2025-05-08 01:46:53,454 - Epoch: 028, Train Loss: 2.8311, Train RMSE: 5.3472, Train MAPE: 0.2613, Valid Loss: 3.8724, Valid RMSE: 6.9663, Valid MAPE: 0.3685, Train Time: 2.1303s/epoch, Valid Time: 1.5650s, LR: 1.0000e-03
2025-05-08 01:46:57,087 - Epoch: 029, Train Loss: 2.7941, Train RMSE: 5.2846, Train MAPE: 0.2442, Valid Loss: 3.7359, Valid RMSE: 6.5940, Valid MAPE: 0.3565, Train Time: 2.0288s/epoch, Valid Time: 1.6045s, LR: 1.0000e-03
2025-05-08 01:47:00,760 - Epoch: 030, Train Loss: 2.8262, Train RMSE: 5.3542, Train MAPE: 0.2564, Valid Loss: 3.7528, Valid RMSE: 6.7534, Valid MAPE: 0.3449, Train Time: 2.0688s/epoch, Valid Time: 1.6034s, LR: 1.0000e-03
2025-05-08 01:47:04,423 - Epoch: 031, Train Loss: 2.6872, Train RMSE: 5.1423, Train MAPE: 0.2405, Valid Loss: 3.7902, Valid RMSE: 6.7987, Valid MAPE: 0.3491, Train Time: 2.0573s/epoch, Valid Time: 1.6058s, LR: 1.0000e-03
2025-05-08 01:47:07,986 - Epoch: 032, Train Loss: 2.6876, Train RMSE: 5.1267, Train MAPE: 0.2468, Valid Loss: 3.6809, Valid RMSE: 6.5060, Valid MAPE: 0.3407, Train Time: 2.0043s/epoch, Valid Time: 1.5584s, LR: 1.0000e-03
2025-05-08 01:47:07,997 - Val loss decrease from 3.6903 to 3.6809
2025-05-08 01:47:11,724 - Epoch: 033, Train Loss: 2.7247, Train RMSE: 5.1601, Train MAPE: 0.2452, Valid Loss: 3.9122, Valid RMSE: 7.0089, Valid MAPE: 0.3676, Train Time: 2.1296s/epoch, Valid Time: 1.5963s, LR: 1.0000e-03
2025-05-08 01:47:15,295 - Epoch: 034, Train Loss: 2.7159, Train RMSE: 5.1327, Train MAPE: 0.2499, Valid Loss: 3.6820, Valid RMSE: 6.4901, Valid MAPE: 0.3438, Train Time: 2.0059s/epoch, Valid Time: 1.5655s, LR: 1.0000e-03
2025-05-08 01:47:18,961 - Epoch: 035, Train Loss: 2.6233, Train RMSE: 5.0139, Train MAPE: 0.2369, Valid Loss: 3.5444, Valid RMSE: 6.3999, Valid MAPE: 0.3268, Train Time: 2.0758s/epoch, Valid Time: 1.5901s, LR: 1.0000e-03
2025-05-08 01:47:18,974 - Val loss decrease from 3.6809 to 3.5444
2025-05-08 01:47:22,630 - Epoch: 036, Train Loss: 2.6098, Train RMSE: 4.9648, Train MAPE: 0.2403, Valid Loss: 3.7272, Valid RMSE: 6.5934, Valid MAPE: 0.3393, Train Time: 2.0575s/epoch, Valid Time: 1.5985s, LR: 1.0000e-03
2025-05-08 01:47:26,232 - Epoch: 037, Train Loss: 2.5888, Train RMSE: 4.9875, Train MAPE: 0.2310, Valid Loss: 3.7795, Valid RMSE: 6.7516, Valid MAPE: 0.3411, Train Time: 2.0446s/epoch, Valid Time: 1.5574s, LR: 1.0000e-03
2025-05-08 01:47:29,959 - Epoch: 038, Train Loss: 2.5995, Train RMSE: 4.9533, Train MAPE: 0.2363, Valid Loss: 3.6494, Valid RMSE: 6.4177, Valid MAPE: 0.3378, Train Time: 2.0969s/epoch, Valid Time: 1.6297s, LR: 1.0000e-03
2025-05-08 01:47:33,487 - Epoch: 039, Train Loss: 2.5695, Train RMSE: 4.8801, Train MAPE: 0.2388, Valid Loss: 3.7409, Valid RMSE: 6.6448, Valid MAPE: 0.3498, Train Time: 1.9973s/epoch, Valid Time: 1.5310s, LR: 1.0000e-03
2025-05-08 01:47:37,184 - Epoch: 040, Train Loss: 2.5239, Train RMSE: 4.8343, Train MAPE: 0.2263, Valid Loss: 3.6821, Valid RMSE: 6.4731, Valid MAPE: 0.3665, Train Time: 2.1052s/epoch, Valid Time: 1.5915s, LR: 1.0000e-03
2025-05-08 01:47:40,836 - Epoch: 041, Train Loss: 2.4830, Train RMSE: 4.7640, Train MAPE: 0.2347, Valid Loss: 3.7384, Valid RMSE: 6.6225, Valid MAPE: 0.3572, Train Time: 2.0674s/epoch, Valid Time: 1.5839s, LR: 1.0000e-03
2025-05-08 01:47:44,420 - Epoch: 042, Train Loss: 2.5161, Train RMSE: 4.8155, Train MAPE: 0.2292, Valid Loss: 3.7975, Valid RMSE: 6.7220, Valid MAPE: 0.3325, Train Time: 2.0419s/epoch, Valid Time: 1.5427s, LR: 1.0000e-03
2025-05-08 01:47:48,122 - Epoch: 043, Train Loss: 2.5112, Train RMSE: 4.7533, Train MAPE: 0.2397, Valid Loss: 3.5382, Valid RMSE: 6.2466, Valid MAPE: 0.3203, Train Time: 2.0629s/epoch, Valid Time: 1.6387s, LR: 1.0000e-03
2025-05-08 01:47:48,133 - Val loss decrease from 3.5444 to 3.5382
2025-05-08 01:47:51,508 - Epoch: 044, Train Loss: 2.4553, Train RMSE: 4.7141, Train MAPE: 0.2201, Valid Loss: 3.7517, Valid RMSE: 6.5802, Valid MAPE: 0.3832, Train Time: 1.8569s/epoch, Valid Time: 1.5178s, LR: 1.0000e-03
2025-05-08 01:47:54,765 - Epoch: 045, Train Loss: 2.4382, Train RMSE: 4.6847, Train MAPE: 0.2270, Valid Loss: 3.6827, Valid RMSE: 6.4724, Valid MAPE: 0.3504, Train Time: 1.8268s/epoch, Valid Time: 1.4302s, LR: 1.0000e-03
2025-05-08 01:47:57,962 - Epoch: 046, Train Loss: 2.4539, Train RMSE: 4.7088, Train MAPE: 0.2186, Valid Loss: 3.6505, Valid RMSE: 6.4354, Valid MAPE: 0.3453, Train Time: 1.8253s/epoch, Valid Time: 1.3711s, LR: 1.0000e-03
2025-05-08 01:48:01,131 - Epoch: 047, Train Loss: 2.4689, Train RMSE: 4.6895, Train MAPE: 0.2281, Valid Loss: 3.6820, Valid RMSE: 6.5566, Valid MAPE: 0.3366, Train Time: 1.8283s/epoch, Valid Time: 1.3405s, LR: 1.0000e-03
2025-05-08 01:48:04,388 - Epoch: 048, Train Loss: 2.4476, Train RMSE: 4.6942, Train MAPE: 0.2257, Valid Loss: 3.7057, Valid RMSE: 6.4329, Valid MAPE: 0.3410, Train Time: 1.8262s/epoch, Valid Time: 1.4307s, LR: 1.0000e-03
2025-05-08 01:48:07,585 - Epoch: 049, Train Loss: 2.5492, Train RMSE: 4.8262, Train MAPE: 0.2247, Valid Loss: 3.4954, Valid RMSE: 6.1515, Valid MAPE: 0.3220, Train Time: 1.8351s/epoch, Valid Time: 1.3613s, LR: 1.0000e-03
2025-05-08 01:48:07,596 - Val loss decrease from 3.5382 to 3.4954
2025-05-08 01:48:10,822 - Epoch: 050, Train Loss: 2.4902, Train RMSE: 4.7437, Train MAPE: 0.2213, Valid Loss: 3.8602, Valid RMSE: 6.7227, Valid MAPE: 0.3634, Train Time: 1.7927s/epoch, Valid Time: 1.4327s, LR: 1.0000e-03
2025-05-08 01:48:14,030 - Epoch: 051, Train Loss: 2.4498, Train RMSE: 4.6722, Train MAPE: 0.2220, Valid Loss: 3.4650, Valid RMSE: 6.1701, Valid MAPE: 0.3095, Train Time: 1.8428s/epoch, Valid Time: 1.3655s, LR: 1.0000e-03
2025-05-08 01:48:14,041 - Val loss decrease from 3.4954 to 3.4650
2025-05-08 01:48:17,251 - Epoch: 052, Train Loss: 2.4697, Train RMSE: 4.6779, Train MAPE: 0.2333, Valid Loss: 3.9999, Valid RMSE: 6.8915, Valid MAPE: 0.3865, Train Time: 1.8154s/epoch, Valid Time: 1.3941s, LR: 1.0000e-03
2025-05-08 01:48:20,243 - Epoch: 053, Train Loss: 2.3757, Train RMSE: 4.5538, Train MAPE: 0.2187, Valid Loss: 3.4898, Valid RMSE: 6.1804, Valid MAPE: 0.3367, Train Time: 1.6017s/epoch, Valid Time: 1.3904s, LR: 1.0000e-03
2025-05-08 01:48:23,044 - Epoch: 054, Train Loss: 2.4269, Train RMSE: 4.6056, Train MAPE: 0.2288, Valid Loss: 3.6897, Valid RMSE: 6.3871, Valid MAPE: 0.3523, Train Time: 1.6549s/epoch, Valid Time: 1.1452s, LR: 1.0000e-03
2025-05-08 01:48:25,799 - Epoch: 055, Train Loss: 2.3983, Train RMSE: 4.5995, Train MAPE: 0.2172, Valid Loss: 3.5647, Valid RMSE: 6.3385, Valid MAPE: 0.3296, Train Time: 1.5499s/epoch, Valid Time: 1.2048s, LR: 1.0000e-03
2025-05-08 01:48:28,618 - Epoch: 056, Train Loss: 2.4356, Train RMSE: 4.6405, Train MAPE: 0.2223, Valid Loss: 3.7932, Valid RMSE: 6.5989, Valid MAPE: 0.3573, Train Time: 1.6244s/epoch, Valid Time: 1.1949s, LR: 1.0000e-03
2025-05-08 01:48:31,367 - Epoch: 057, Train Loss: 2.4086, Train RMSE: 4.6049, Train MAPE: 0.2176, Valid Loss: 3.6276, Valid RMSE: 6.4194, Valid MAPE: 0.3295, Train Time: 1.5312s/epoch, Valid Time: 1.2177s, LR: 1.0000e-03
2025-05-08 01:48:34,124 - Epoch: 058, Train Loss: 2.3592, Train RMSE: 4.5337, Train MAPE: 0.2119, Valid Loss: 3.7400, Valid RMSE: 6.6008, Valid MAPE: 0.3476, Train Time: 1.5561s/epoch, Valid Time: 1.2002s, LR: 1.0000e-03
2025-05-08 01:48:36,939 - Epoch: 059, Train Loss: 2.3620, Train RMSE: 4.5470, Train MAPE: 0.2144, Valid Loss: 3.5090, Valid RMSE: 6.0906, Valid MAPE: 0.3320, Train Time: 1.6269s/epoch, Valid Time: 1.1882s, LR: 1.0000e-03
2025-05-08 01:48:39,667 - Epoch: 060, Train Loss: 2.4102, Train RMSE: 4.6160, Train MAPE: 0.2153, Valid Loss: 3.8177, Valid RMSE: 6.6860, Valid MAPE: 0.3454, Train Time: 1.5349s/epoch, Valid Time: 1.1925s, LR: 1.0000e-03
2025-05-08 01:48:42,518 - Epoch: 061, Train Loss: 2.3877, Train RMSE: 4.5648, Train MAPE: 0.2140, Valid Loss: 3.7878, Valid RMSE: 6.5360, Valid MAPE: 0.3587, Train Time: 1.6575s/epoch, Valid Time: 1.1937s, LR: 1.0000e-03
2025-05-08 01:48:42,518 - Early stop at epoch 61, loss = 3.465009
2025-05-08 01:48:44,881 - --------------------------------------------------Norm Test Time Results:--------------------------------------------------
2025-05-08 01:48:44,884 - Horizon 1, Test MAE: 1.9237, Test RMSE: 3.4918, Test MAPE: 0.1972
2025-05-08 01:48:44,887 - Horizon 2, Test MAE: 2.4577, Test RMSE: 4.4554, Test MAPE: 0.2244
2025-05-08 01:48:44,889 - Horizon 3, Test MAE: 2.8957, Test RMSE: 5.1212, Test MAPE: 0.2887
2025-05-08 01:48:44,891 - Horizon 4, Test MAE: 3.3285, Test RMSE: 5.9174, Test MAPE: 0.2972
2025-05-08 01:48:44,894 - Horizon 5, Test MAE: 3.5269, Test RMSE: 6.1516, Test MAPE: 0.3106
2025-05-08 01:48:44,896 - Horizon 6, Test MAE: 3.7957, Test RMSE: 6.5699, Test MAPE: 0.3291
2025-05-08 01:48:44,898 - Horizon 7, Test MAE: 4.0497, Test RMSE: 7.0493, Test MAPE: 0.3685
2025-05-08 01:48:44,900 - Horizon 8, Test MAE: 4.1595, Test RMSE: 7.3249, Test MAPE: 0.3679
2025-05-08 01:48:44,902 - Horizon 9, Test MAE: 4.4462, Test RMSE: 7.7657, Test MAPE: 0.3907
2025-05-08 01:48:44,904 - Horizon 10, Test MAE: 4.6369, Test RMSE: 8.1099, Test MAPE: 0.4082
2025-05-08 01:48:44,907 - Horizon 11, Test MAE: 4.6513, Test RMSE: 8.0728, Test MAPE: 0.4123
2025-05-08 01:48:44,909 - Horizon 12, Test MAE: 4.7132, Test RMSE: 8.1837, Test MAPE: 0.4163
2025-05-08 01:48:44,909 - Average Test MAE: 3.7154, Test RMSE: 6.5178, Test MAPE: 0.3343
2025-05-08 01:48:44,909 - Norm Test Time: 1.1797s
