2025-05-08 17:22:56,828 - Namespace(device='cuda:1', dataset='PEMS08', fewshot=6, eval_method='norm', years='2016', seed=2017, bs=64, seq_len=12, horizon=12, input_dim=3, output_dim=1, mode='train', max_epochs=100, patience=10, model_name='stgcn', Kt=3, Ks=3, block_num=2, step_size=10, gamma=0.95, lrate=0.001, wdecay=0.0005, dropout=0.5, clip_grad_value=0)
2025-05-08 17:22:56,829 - Adj path: /home/weichen/stg_project/LargeST/data/pems08/pems08_rn_adj.npy
2025-05-08 17:22:57,383 - Data shape: (17856, 170, 3)
2025-05-08 17:22:57,514 - Sample num: 1070, Batch num: 16
2025-05-08 17:22:57,648 - Sample num: 3567, Batch num: 55
2025-05-08 17:22:57,779 - Sample num: 3566, Batch num: 55
2025-05-08 17:22:58,664 - The arc of model:
STGCN(
  (st_blocks): Sequential(
    (0): STConvBlock(
      (tmp_conv1): TemporalConvLayer(
        (align): Align(
          (align_conv): Conv2d(3, 64, kernel_size=(1, 1), stride=(1, 1))
        )
        (sigmoid): Sigmoid()
        (causal_conv): CausalConv2d(3, 128, kernel_size=(3, 1), stride=(1, 1))
      )
      (graph_conv): GraphConvLayer(
        (align): Align(
          (align_conv): Conv2d(64, 16, kernel_size=(1, 1), stride=(1, 1))
        )
        (cheb_graph_conv): ChebGraphConv()
      )
      (tmp_conv2): TemporalConvLayer(
        (align): Align(
          (align_conv): Conv2d(16, 64, kernel_size=(1, 1), stride=(1, 1))
        )
        (sigmoid): Sigmoid()
        (causal_conv): CausalConv2d(16, 128, kernel_size=(3, 1), stride=(1, 1))
      )
      (tc2_ln): LayerNorm((170, 64), eps=1e-05, elementwise_affine=True)
      (relu): ReLU()
      (dropout): Dropout(p=0.5, inplace=False)
    )
    (1): STConvBlock(
      (tmp_conv1): TemporalConvLayer(
        (align): Align(
          (align_conv): Conv2d(64, 64, kernel_size=(1, 1), stride=(1, 1))
        )
        (sigmoid): Sigmoid()
        (causal_conv): CausalConv2d(64, 128, kernel_size=(3, 1), stride=(1, 1))
      )
      (graph_conv): GraphConvLayer(
        (align): Align(
          (align_conv): Conv2d(64, 16, kernel_size=(1, 1), stride=(1, 1))
        )
        (cheb_graph_conv): ChebGraphConv()
      )
      (tmp_conv2): TemporalConvLayer(
        (align): Align(
          (align_conv): Conv2d(16, 64, kernel_size=(1, 1), stride=(1, 1))
        )
        (sigmoid): Sigmoid()
        (causal_conv): CausalConv2d(16, 128, kernel_size=(3, 1), stride=(1, 1))
      )
      (tc2_ln): LayerNorm((170, 64), eps=1e-05, elementwise_affine=True)
      (relu): ReLU()
      (dropout): Dropout(p=0.5, inplace=False)
    )
  )
  (output): OutputBlock(
    (tmp_conv1): TemporalConvLayer(
      (align): Align(
        (align_conv): Conv2d(64, 128, kernel_size=(1, 1), stride=(1, 1))
      )
      (sigmoid): Sigmoid()
      (causal_conv): CausalConv2d(64, 256, kernel_size=(4, 1), stride=(1, 1))
    )
    (fc1): Linear(in_features=128, out_features=128, bias=True)
    (fc2): Linear(in_features=128, out_features=12, bias=True)
    (tc1_ln): LayerNorm((170, 128), eps=1e-05, elementwise_affine=True)
    (relu): ReLU()
  )
)
2025-05-08 17:22:58,665 - Number of total parameters: 227980, tunable parameters: 227980
2025-05-08 17:22:58,665 - The number of parameters: 227980
2025-05-08 17:22:58,665 - Start training!
2025-05-08 17:23:02,850 - Epoch: 001, Train Loss: 65.0371, Train RMSE: 85.5898, Train MAPE: 0.9621, Valid Loss: 37.9462, Valid RMSE: 53.2289, Valid MAPE: 0.4347, Train Time: 2.3967s/epoch, Valid Time: 1.7881s, LR: 1.0000e-03
2025-05-08 17:23:02,855 - Val loss decrease from inf to 37.9462
2025-05-08 17:23:05,941 - Epoch: 002, Train Loss: 35.0421, Train RMSE: 47.3375, Train MAPE: 0.4963, Valid Loss: 32.7712, Valid RMSE: 46.0519, Valid MAPE: 0.4307, Train Time: 1.4079s/epoch, Valid Time: 1.6773s, LR: 1.0000e-03
2025-05-08 17:23:05,946 - Val loss decrease from 37.9462 to 32.7712
2025-05-08 17:23:09,173 - Epoch: 003, Train Loss: 29.5992, Train RMSE: 41.1089, Train MAPE: 0.4103, Valid Loss: 29.2446, Valid RMSE: 43.2161, Valid MAPE: 0.2887, Train Time: 1.4395s/epoch, Valid Time: 1.7875s, LR: 1.0000e-03
2025-05-08 17:23:09,202 - Val loss decrease from 32.7712 to 29.2446
2025-05-08 17:23:12,374 - Epoch: 004, Train Loss: 26.6191, Train RMSE: 37.9476, Train MAPE: 0.3314, Valid Loss: 28.0649, Valid RMSE: 41.7338, Valid MAPE: 0.3251, Train Time: 1.4573s/epoch, Valid Time: 1.7147s, LR: 1.0000e-03
2025-05-08 17:23:12,379 - Val loss decrease from 29.2446 to 28.0649
2025-05-08 17:23:15,617 - Epoch: 005, Train Loss: 25.2126, Train RMSE: 36.2354, Train MAPE: 0.2959, Valid Loss: 27.5035, Valid RMSE: 40.5984, Valid MAPE: 0.3405, Train Time: 1.3611s/epoch, Valid Time: 1.8769s, LR: 1.0000e-03
2025-05-08 17:23:15,622 - Val loss decrease from 28.0649 to 27.5035
2025-05-08 17:23:19,139 - Epoch: 006, Train Loss: 23.8175, Train RMSE: 34.6715, Train MAPE: 0.2606, Valid Loss: 26.8163, Valid RMSE: 40.0794, Valid MAPE: 0.2965, Train Time: 1.6320s/epoch, Valid Time: 1.8841s, LR: 1.0000e-03
2025-05-08 17:23:19,144 - Val loss decrease from 27.5035 to 26.8163
2025-05-08 17:23:22,540 - Epoch: 007, Train Loss: 22.9816, Train RMSE: 33.9092, Train MAPE: 0.2328, Valid Loss: 27.2208, Valid RMSE: 40.4187, Valid MAPE: 0.3397, Train Time: 1.4563s/epoch, Valid Time: 1.9398s, LR: 1.0000e-03
2025-05-08 17:23:26,066 - Epoch: 008, Train Loss: 22.3981, Train RMSE: 33.0817, Train MAPE: 0.2313, Valid Loss: 26.5317, Valid RMSE: 39.1852, Valid MAPE: 0.2967, Train Time: 1.6197s/epoch, Valid Time: 1.9058s, LR: 1.0000e-03
2025-05-08 17:23:26,084 - Val loss decrease from 26.8163 to 26.5317
2025-05-08 17:23:29,413 - Epoch: 009, Train Loss: 22.0913, Train RMSE: 32.8517, Train MAPE: 0.2187, Valid Loss: 27.0430, Valid RMSE: 40.3942, Valid MAPE: 0.2538, Train Time: 1.4543s/epoch, Valid Time: 1.8746s, LR: 1.0000e-03
2025-05-08 17:23:32,703 - Epoch: 010, Train Loss: 21.3552, Train RMSE: 31.9883, Train MAPE: 0.2130, Valid Loss: 25.8102, Valid RMSE: 38.5582, Valid MAPE: 0.2847, Train Time: 1.4458s/epoch, Valid Time: 1.8445s, LR: 1.0000e-03
2025-05-08 17:23:32,715 - Val loss decrease from 26.5317 to 25.8102
2025-05-08 17:23:35,991 - Epoch: 011, Train Loss: 20.9276, Train RMSE: 31.5047, Train MAPE: 0.2061, Valid Loss: 26.2477, Valid RMSE: 38.8170, Valid MAPE: 0.3007, Train Time: 1.5113s/epoch, Valid Time: 1.7644s, LR: 9.5000e-04
2025-05-08 17:23:39,350 - Epoch: 012, Train Loss: 20.5600, Train RMSE: 31.0413, Train MAPE: 0.1998, Valid Loss: 26.1130, Valid RMSE: 38.9809, Valid MAPE: 0.2868, Train Time: 1.5504s/epoch, Valid Time: 1.8083s, LR: 9.5000e-04
2025-05-08 17:23:42,465 - Epoch: 013, Train Loss: 20.4658, Train RMSE: 30.8993, Train MAPE: 0.2008, Valid Loss: 25.4825, Valid RMSE: 38.0851, Valid MAPE: 0.2916, Train Time: 1.4258s/epoch, Valid Time: 1.6891s, LR: 9.5000e-04
2025-05-08 17:23:42,470 - Val loss decrease from 25.8102 to 25.4825
2025-05-08 17:23:45,763 - Epoch: 014, Train Loss: 20.1814, Train RMSE: 30.5816, Train MAPE: 0.1932, Valid Loss: 25.4559, Valid RMSE: 37.9603, Valid MAPE: 0.2851, Train Time: 1.2939s/epoch, Valid Time: 1.9991s, LR: 9.5000e-04
2025-05-08 17:23:45,769 - Val loss decrease from 25.4825 to 25.4559
2025-05-08 17:23:49,306 - Epoch: 015, Train Loss: 20.0014, Train RMSE: 30.4669, Train MAPE: 0.1865, Valid Loss: 24.9141, Valid RMSE: 37.0991, Valid MAPE: 0.2644, Train Time: 1.5527s/epoch, Valid Time: 1.9842s, LR: 9.5000e-04
2025-05-08 17:23:49,335 - Val loss decrease from 25.4559 to 24.9141
2025-05-08 17:23:52,819 - Epoch: 016, Train Loss: 19.7441, Train RMSE: 30.0349, Train MAPE: 0.1856, Valid Loss: 25.3099, Valid RMSE: 37.8039, Valid MAPE: 0.2484, Train Time: 1.4586s/epoch, Valid Time: 2.0248s, LR: 9.5000e-04
2025-05-08 17:23:56,216 - Epoch: 017, Train Loss: 19.8442, Train RMSE: 30.0317, Train MAPE: 0.1939, Valid Loss: 24.7145, Valid RMSE: 36.8546, Valid MAPE: 0.2548, Train Time: 1.5130s/epoch, Valid Time: 1.8837s, LR: 9.5000e-04
2025-05-08 17:23:56,223 - Val loss decrease from 24.9141 to 24.7145
2025-05-08 17:23:59,404 - Epoch: 018, Train Loss: 19.4711, Train RMSE: 29.6924, Train MAPE: 0.1784, Valid Loss: 25.0680, Valid RMSE: 37.6120, Valid MAPE: 0.2765, Train Time: 1.3329s/epoch, Valid Time: 1.8475s, LR: 9.5000e-04
2025-05-08 17:24:02,503 - Epoch: 019, Train Loss: 19.2490, Train RMSE: 29.4294, Train MAPE: 0.1786, Valid Loss: 24.9837, Valid RMSE: 37.5990, Valid MAPE: 0.2358, Train Time: 1.3034s/epoch, Valid Time: 1.7955s, LR: 9.5000e-04
2025-05-08 17:24:05,788 - Epoch: 020, Train Loss: 19.4286, Train RMSE: 29.6042, Train MAPE: 0.1771, Valid Loss: 24.9984, Valid RMSE: 37.3439, Valid MAPE: 0.2704, Train Time: 1.4732s/epoch, Valid Time: 1.8115s, LR: 9.5000e-04
2025-05-08 17:24:08,909 - Epoch: 021, Train Loss: 19.0696, Train RMSE: 29.1183, Train MAPE: 0.1770, Valid Loss: 24.8316, Valid RMSE: 37.2982, Valid MAPE: 0.2689, Train Time: 1.3113s/epoch, Valid Time: 1.8097s, LR: 9.0250e-04
2025-05-08 17:24:11,997 - Epoch: 022, Train Loss: 18.6897, Train RMSE: 28.7419, Train MAPE: 0.1650, Valid Loss: 24.4695, Valid RMSE: 36.2476, Valid MAPE: 0.2823, Train Time: 1.3643s/epoch, Valid Time: 1.7232s, LR: 9.0250e-04
2025-05-08 17:24:12,032 - Val loss decrease from 24.7145 to 24.4695
2025-05-08 17:24:15,063 - Epoch: 023, Train Loss: 18.5373, Train RMSE: 28.5094, Train MAPE: 0.1647, Valid Loss: 24.2157, Valid RMSE: 36.3900, Valid MAPE: 0.2431, Train Time: 1.1763s/epoch, Valid Time: 1.8544s, LR: 9.0250e-04
2025-05-08 17:24:15,069 - Val loss decrease from 24.4695 to 24.2157
2025-05-08 17:24:18,547 - Epoch: 024, Train Loss: 18.4754, Train RMSE: 28.5498, Train MAPE: 0.1612, Valid Loss: 23.8057, Valid RMSE: 35.7031, Valid MAPE: 0.2295, Train Time: 1.5680s/epoch, Valid Time: 1.9103s, LR: 9.0250e-04
2025-05-08 17:24:18,570 - Val loss decrease from 24.2157 to 23.8057
2025-05-08 17:24:22,217 - Epoch: 025, Train Loss: 18.3925, Train RMSE: 28.3764, Train MAPE: 0.1582, Valid Loss: 24.7319, Valid RMSE: 36.9465, Valid MAPE: 0.2662, Train Time: 1.5953s/epoch, Valid Time: 2.0522s, LR: 9.0250e-04
2025-05-08 17:24:25,673 - Epoch: 026, Train Loss: 18.5585, Train RMSE: 28.4874, Train MAPE: 0.1641, Valid Loss: 24.5255, Valid RMSE: 36.4782, Valid MAPE: 0.2867, Train Time: 1.4705s/epoch, Valid Time: 1.9845s, LR: 9.0250e-04
2025-05-08 17:24:28,976 - Epoch: 027, Train Loss: 18.5880, Train RMSE: 28.5677, Train MAPE: 0.1667, Valid Loss: 23.6951, Valid RMSE: 34.9392, Valid MAPE: 0.2900, Train Time: 1.4525s/epoch, Valid Time: 1.8505s, LR: 9.0250e-04
2025-05-08 17:24:28,981 - Val loss decrease from 23.8057 to 23.6951
2025-05-08 17:24:32,203 - Epoch: 028, Train Loss: 18.0871, Train RMSE: 27.9903, Train MAPE: 0.1577, Valid Loss: 23.8100, Valid RMSE: 35.5275, Valid MAPE: 0.2599, Train Time: 1.3902s/epoch, Valid Time: 1.8313s, LR: 9.0250e-04
2025-05-08 17:24:35,425 - Epoch: 029, Train Loss: 18.0114, Train RMSE: 27.9645, Train MAPE: 0.1529, Valid Loss: 24.0614, Valid RMSE: 35.9732, Valid MAPE: 0.2525, Train Time: 1.3197s/epoch, Valid Time: 1.9018s, LR: 9.0250e-04
2025-05-08 17:24:38,768 - Epoch: 030, Train Loss: 17.9474, Train RMSE: 27.8827, Train MAPE: 0.1520, Valid Loss: 23.3329, Valid RMSE: 35.1448, Valid MAPE: 0.2396, Train Time: 1.4799s/epoch, Valid Time: 1.8628s, LR: 9.0250e-04
2025-05-08 17:24:38,787 - Val loss decrease from 23.6951 to 23.3329
2025-05-08 17:24:42,065 - Epoch: 031, Train Loss: 17.8163, Train RMSE: 27.7610, Train MAPE: 0.1509, Valid Loss: 23.2117, Valid RMSE: 34.9117, Valid MAPE: 0.2060, Train Time: 1.4199s/epoch, Valid Time: 1.8577s, LR: 8.5737e-04
2025-05-08 17:24:42,070 - Val loss decrease from 23.3329 to 23.2117
2025-05-08 17:24:45,115 - Epoch: 032, Train Loss: 17.7698, Train RMSE: 27.6562, Train MAPE: 0.1517, Valid Loss: 23.5316, Valid RMSE: 35.2617, Valid MAPE: 0.2466, Train Time: 1.2483s/epoch, Valid Time: 1.7966s, LR: 8.5737e-04
2025-05-08 17:24:48,555 - Epoch: 033, Train Loss: 17.6192, Train RMSE: 27.4076, Train MAPE: 0.1471, Valid Loss: 23.7866, Valid RMSE: 35.1976, Valid MAPE: 0.2790, Train Time: 1.5548s/epoch, Valid Time: 1.8852s, LR: 8.5737e-04
2025-05-08 17:24:52,132 - Epoch: 034, Train Loss: 17.7561, Train RMSE: 27.6324, Train MAPE: 0.1512, Valid Loss: 23.9135, Valid RMSE: 35.7800, Valid MAPE: 0.2637, Train Time: 1.5991s/epoch, Valid Time: 1.9778s, LR: 8.5737e-04
2025-05-08 17:24:55,565 - Epoch: 035, Train Loss: 17.6610, Train RMSE: 27.5203, Train MAPE: 0.1498, Valid Loss: 23.5020, Valid RMSE: 35.2189, Valid MAPE: 0.2409, Train Time: 1.4817s/epoch, Valid Time: 1.9508s, LR: 8.5737e-04
2025-05-08 17:24:58,503 - Epoch: 036, Train Loss: 17.4093, Train RMSE: 27.2113, Train MAPE: 0.1474, Valid Loss: 23.4036, Valid RMSE: 35.2535, Valid MAPE: 0.2261, Train Time: 1.2356s/epoch, Valid Time: 1.7021s, LR: 8.5737e-04
2025-05-08 17:25:01,189 - Epoch: 037, Train Loss: 17.4857, Train RMSE: 27.3265, Train MAPE: 0.1442, Valid Loss: 23.3957, Valid RMSE: 35.2903, Valid MAPE: 0.2298, Train Time: 1.1159s/epoch, Valid Time: 1.5702s, LR: 8.5737e-04
2025-05-08 17:25:03,949 - Epoch: 038, Train Loss: 17.3414, Train RMSE: 27.1229, Train MAPE: 0.1439, Valid Loss: 23.3106, Valid RMSE: 34.9851, Valid MAPE: 0.2277, Train Time: 1.1777s/epoch, Valid Time: 1.5816s, LR: 8.5737e-04
2025-05-08 17:25:06,839 - Epoch: 039, Train Loss: 17.3162, Train RMSE: 27.1900, Train MAPE: 0.1432, Valid Loss: 23.1442, Valid RMSE: 34.8100, Valid MAPE: 0.2282, Train Time: 1.1812s/epoch, Valid Time: 1.7090s, LR: 8.5737e-04
2025-05-08 17:25:06,852 - Val loss decrease from 23.2117 to 23.1442
2025-05-08 17:25:09,530 - Epoch: 040, Train Loss: 17.2591, Train RMSE: 27.0651, Train MAPE: 0.1419, Valid Loss: 23.2247, Valid RMSE: 34.9898, Valid MAPE: 0.2168, Train Time: 1.1580s/epoch, Valid Time: 1.5200s, LR: 8.5737e-04
2025-05-08 17:25:11,542 - Epoch: 041, Train Loss: 17.4188, Train RMSE: 27.1846, Train MAPE: 0.1437, Valid Loss: 23.5332, Valid RMSE: 34.8093, Valid MAPE: 0.2731, Train Time: 0.6911s/epoch, Valid Time: 1.3204s, LR: 8.1451e-04
2025-05-08 17:25:13,329 - Epoch: 042, Train Loss: 17.3340, Train RMSE: 27.1574, Train MAPE: 0.1414, Valid Loss: 23.1539, Valid RMSE: 34.6349, Valid MAPE: 0.2397, Train Time: 0.6128s/epoch, Valid Time: 1.1744s, LR: 8.1451e-04
2025-05-08 17:25:15,672 - Epoch: 043, Train Loss: 17.2203, Train RMSE: 26.9219, Train MAPE: 0.1407, Valid Loss: 23.6637, Valid RMSE: 35.5691, Valid MAPE: 0.2326, Train Time: 0.6955s/epoch, Valid Time: 1.6473s, LR: 8.1451e-04
2025-05-08 17:25:18,491 - Epoch: 044, Train Loss: 17.3365, Train RMSE: 27.1250, Train MAPE: 0.1454, Valid Loss: 23.2276, Valid RMSE: 35.1229, Valid MAPE: 0.2212, Train Time: 1.1175s/epoch, Valid Time: 1.7010s, LR: 8.1451e-04
2025-05-08 17:25:21,221 - Epoch: 045, Train Loss: 17.3771, Train RMSE: 27.0820, Train MAPE: 0.1467, Valid Loss: 23.2649, Valid RMSE: 34.8268, Valid MAPE: 0.2253, Train Time: 1.1332s/epoch, Valid Time: 1.5970s, LR: 8.1451e-04
2025-05-08 17:25:23,967 - Epoch: 046, Train Loss: 17.0048, Train RMSE: 26.7486, Train MAPE: 0.1395, Valid Loss: 23.1921, Valid RMSE: 34.6212, Valid MAPE: 0.2358, Train Time: 1.0956s/epoch, Valid Time: 1.6501s, LR: 8.1451e-04
2025-05-08 17:25:26,464 - Epoch: 047, Train Loss: 16.9929, Train RMSE: 26.8162, Train MAPE: 0.1355, Valid Loss: 23.0318, Valid RMSE: 34.6458, Valid MAPE: 0.2222, Train Time: 0.9454s/epoch, Valid Time: 1.5513s, LR: 8.1451e-04
2025-05-08 17:25:26,488 - Val loss decrease from 23.1442 to 23.0318
2025-05-08 17:25:29,061 - Epoch: 048, Train Loss: 17.1311, Train RMSE: 26.8448, Train MAPE: 0.1385, Valid Loss: 23.0367, Valid RMSE: 34.7371, Valid MAPE: 0.2184, Train Time: 0.9832s/epoch, Valid Time: 1.5902s, LR: 8.1451e-04
2025-05-08 17:25:31,583 - Epoch: 049, Train Loss: 17.0148, Train RMSE: 26.7124, Train MAPE: 0.1389, Valid Loss: 23.3404, Valid RMSE: 35.2275, Valid MAPE: 0.2098, Train Time: 0.9398s/epoch, Valid Time: 1.5814s, LR: 8.1451e-04
2025-05-08 17:25:34,170 - Epoch: 050, Train Loss: 17.0028, Train RMSE: 26.7697, Train MAPE: 0.1400, Valid Loss: 23.5073, Valid RMSE: 35.3718, Valid MAPE: 0.2441, Train Time: 0.9779s/epoch, Valid Time: 1.6095s, LR: 8.1451e-04
2025-05-08 17:25:36,713 - Epoch: 051, Train Loss: 16.8737, Train RMSE: 26.6129, Train MAPE: 0.1369, Valid Loss: 23.0722, Valid RMSE: 34.7210, Valid MAPE: 0.2343, Train Time: 0.9320s/epoch, Valid Time: 1.6108s, LR: 7.7378e-04
2025-05-08 17:25:39,060 - Epoch: 052, Train Loss: 16.9125, Train RMSE: 26.6382, Train MAPE: 0.1361, Valid Loss: 23.4901, Valid RMSE: 34.8554, Valid MAPE: 0.2634, Train Time: 0.9425s/epoch, Valid Time: 1.4036s, LR: 7.7378e-04
2025-05-08 17:25:40,871 - Epoch: 053, Train Loss: 17.3748, Train RMSE: 27.0671, Train MAPE: 0.1503, Valid Loss: 23.3895, Valid RMSE: 35.1771, Valid MAPE: 0.1960, Train Time: 0.6388s/epoch, Valid Time: 1.1727s, LR: 7.7378e-04
2025-05-08 17:25:42,800 - Epoch: 054, Train Loss: 17.0389, Train RMSE: 26.6277, Train MAPE: 0.1489, Valid Loss: 23.3948, Valid RMSE: 35.4177, Valid MAPE: 0.2086, Train Time: 0.6178s/epoch, Valid Time: 1.3104s, LR: 7.7378e-04
2025-05-08 17:25:45,344 - Epoch: 055, Train Loss: 16.7418, Train RMSE: 26.5114, Train MAPE: 0.1327, Valid Loss: 23.1966, Valid RMSE: 34.7708, Valid MAPE: 0.2332, Train Time: 1.0131s/epoch, Valid Time: 1.5304s, LR: 7.7378e-04
2025-05-08 17:25:47,929 - Epoch: 056, Train Loss: 16.7839, Train RMSE: 26.4635, Train MAPE: 0.1340, Valid Loss: 23.0463, Valid RMSE: 34.8365, Valid MAPE: 0.2006, Train Time: 1.0589s/epoch, Valid Time: 1.5262s, LR: 7.7378e-04
2025-05-08 17:25:50,395 - Epoch: 057, Train Loss: 16.6990, Train RMSE: 26.3668, Train MAPE: 0.1320, Valid Loss: 23.1039, Valid RMSE: 34.6189, Valid MAPE: 0.2366, Train Time: 0.9833s/epoch, Valid Time: 1.4828s, LR: 7.7378e-04
2025-05-08 17:25:50,395 - Early stop at epoch 57, loss = 23.031811
2025-05-08 17:25:51,648 - --------------------------------------------------Norm Test Time Results:--------------------------------------------------
2025-05-08 17:25:51,653 - Horizon 1, Test MAE: 17.6903, Test RMSE: 25.8995, Test MAPE: 0.1602
2025-05-08 17:25:51,658 - Horizon 2, Test MAE: 18.5547, Test RMSE: 27.3328, Test MAPE: 0.1606
2025-05-08 17:25:51,663 - Horizon 3, Test MAE: 19.4836, Test RMSE: 28.8531, Test MAPE: 0.1671
2025-05-08 17:25:51,668 - Horizon 4, Test MAE: 20.4203, Test RMSE: 30.2113, Test MAPE: 0.1841
2025-05-08 17:25:51,673 - Horizon 5, Test MAE: 21.0115, Test RMSE: 31.2036, Test MAPE: 0.1857
2025-05-08 17:25:51,679 - Horizon 6, Test MAE: 21.7983, Test RMSE: 32.4344, Test MAPE: 0.1857
2025-05-08 17:25:51,684 - Horizon 7, Test MAE: 22.5717, Test RMSE: 33.5671, Test MAPE: 0.1932
2025-05-08 17:25:51,689 - Horizon 8, Test MAE: 23.1555, Test RMSE: 34.5157, Test MAPE: 0.1851
2025-05-08 17:25:51,694 - Horizon 9, Test MAE: 23.9564, Test RMSE: 35.5421, Test MAPE: 0.2128
2025-05-08 17:25:51,699 - Horizon 10, Test MAE: 24.6995, Test RMSE: 36.5250, Test MAPE: 0.2212
2025-05-08 17:25:51,703 - Horizon 11, Test MAE: 25.4363, Test RMSE: 37.5891, Test MAPE: 0.2255
2025-05-08 17:25:51,708 - Horizon 12, Test MAE: 26.2258, Test RMSE: 38.8395, Test MAPE: 0.2174
2025-05-08 17:25:51,708 - Average Test MAE: 22.0837, Test RMSE: 32.7094, Test MAPE: 0.1916
2025-05-08 17:25:51,708 - Norm Test Time: 1.2008s
