2025-05-08 01:45:09,393 - Namespace(device='cuda:2', dataset='URBANEV', fewshot=6, eval_method='norm', years='2022', seed=2019, bs=64, seq_len=12, horizon=12, input_dim=3, output_dim=1, mode='train', max_epochs=100, patience=10, model_name='sttn', adj_type='doubletransition', blocks=2, mlp_expand=2, hid_dim=32, end_dim=512, lrate=0.001, wdecay=0.0001, dropout=0.1, clip_grad_value=5)
2025-05-08 01:45:09,394 - Adj path: /home/weichen/stg_project/LargeST/data/urbanev/urbanev_rn_adj.npy
2025-05-08 01:45:09,838 - Data shape: (4344, 275, 3)
2025-05-08 01:45:09,890 - Sample num: 259, Batch num: 4
2025-05-08 01:45:09,940 - Sample num: 864, Batch num: 13
2025-05-08 01:45:09,995 - Sample num: 864, Batch num: 13
2025-05-08 01:45:10,842 - The arc of model:
STTN(
  (t_modules): ModuleList(
    (0-1): 2 x TemporalTransformer(
      (layers): ModuleList(
        (0): ModuleList(
          (0): TemporalAttention(
            (qkv): Linear(in_features=32, out_features=96, bias=False)
            (attn_drop): Dropout(p=0.1, inplace=False)
            (proj): Linear(in_features=32, out_features=32, bias=True)
            (proj_drop): Dropout(p=0.1, inplace=False)
          )
          (1): PreNorm(
            (norm): LayerNorm((32,), eps=1e-05, elementwise_affine=True)
            (fn): FeedForward(
              (net): Sequential(
                (0): Linear(in_features=32, out_features=64, bias=True)
                (1): GELU(approximate='none')
                (2): Dropout(p=0.1, inplace=False)
                (3): Linear(in_features=64, out_features=32, bias=True)
                (4): Dropout(p=0.1, inplace=False)
              )
            )
          )
        )
      )
    )
  )
  (s_modules): ModuleList(
    (0-1): 2 x SpatialTransformer(
      (layers): ModuleList(
        (0): ModuleList(
          (0): SpatialAttention(
            (qkv): Linear(in_features=32, out_features=96, bias=False)
            (attn_drop): Dropout(p=0.1, inplace=False)
            (proj): Linear(in_features=32, out_features=32, bias=True)
            (proj_drop): Dropout(p=0.1, inplace=False)
          )
          (1): PreNorm(
            (norm): LayerNorm((32,), eps=1e-05, elementwise_affine=True)
            (fn): FeedForward(
              (net): Sequential(
                (0): Linear(in_features=32, out_features=64, bias=True)
                (1): GELU(approximate='none')
                (2): Dropout(p=0.1, inplace=False)
                (3): Linear(in_features=64, out_features=32, bias=True)
                (4): Dropout(p=0.1, inplace=False)
              )
            )
          )
          (2): GCN(
            (nconv): nconv()
            (mlp): linear(
              (mlp): Conv2d(160, 32, kernel_size=(1, 1), stride=(1, 1))
            )
          )
        )
      )
    )
  )
  (bn): ModuleList(
    (0-1): 2 x BatchNorm2d(32, eps=1e-05, momentum=0.1, affine=True, track_running_stats=True)
  )
  (start_conv): Conv2d(3, 32, kernel_size=(1, 1), stride=(1, 1))
  (end_conv_1): Conv2d(32, 512, kernel_size=(1, 1), stride=(1, 1))
  (end_conv_2): Conv2d(512, 12, kernel_size=(1, 1), stride=(1, 1))
)
2025-05-08 01:45:10,842 - Number of total parameters: 85516, tunable parameters: 85516
2025-05-08 01:45:10,842 - The number of parameters: 85516
2025-05-08 01:45:10,842 - Start training!
2025-05-08 01:45:20,706 - Epoch: 001, Train Loss: 13.2530, Train RMSE: 21.0504, Train MAPE: 1.6953, Valid Loss: 11.0627, Valid RMSE: 15.8902, Valid MAPE: 1.2842, Train Time: 5.3474s/epoch, Valid Time: 4.5165s, LR: 1.0000e-03
2025-05-08 01:45:20,712 - Val loss decrease from inf to 11.0627
2025-05-08 01:45:30,049 - Epoch: 002, Train Loss: 8.4572, Train RMSE: 13.0885, Train MAPE: 1.0602, Valid Loss: 8.7426, Valid RMSE: 12.5541, Valid MAPE: 1.2261, Train Time: 4.7669s/epoch, Valid Time: 4.5699s, LR: 1.0000e-03
2025-05-08 01:45:30,055 - Val loss decrease from 11.0627 to 8.7426
2025-05-08 01:45:39,232 - Epoch: 003, Train Loss: 7.2160, Train RMSE: 11.1861, Train MAPE: 0.9242, Valid Loss: 6.6924, Valid RMSE: 10.3153, Valid MAPE: 0.8557, Train Time: 4.6419s/epoch, Valid Time: 4.5350s, LR: 1.0000e-03
2025-05-08 01:45:39,238 - Val loss decrease from 8.7426 to 6.6924
2025-05-08 01:45:48,555 - Epoch: 004, Train Loss: 6.4206, Train RMSE: 10.4252, Train MAPE: 0.7864, Valid Loss: 5.7679, Valid RMSE: 9.3499, Valid MAPE: 0.6632, Train Time: 4.7658s/epoch, Valid Time: 4.5513s, LR: 1.0000e-03
2025-05-08 01:45:48,561 - Val loss decrease from 6.6924 to 5.7679
2025-05-08 01:45:57,762 - Epoch: 005, Train Loss: 5.8888, Train RMSE: 9.9983, Train MAPE: 0.6700, Valid Loss: 5.5291, Valid RMSE: 9.2061, Valid MAPE: 0.5816, Train Time: 4.6270s/epoch, Valid Time: 4.5739s, LR: 1.0000e-03
2025-05-08 01:45:57,768 - Val loss decrease from 5.7679 to 5.5291
2025-05-08 01:46:07,068 - Epoch: 006, Train Loss: 5.5163, Train RMSE: 9.6413, Train MAPE: 0.5985, Valid Loss: 4.9439, Valid RMSE: 8.4404, Valid MAPE: 0.5404, Train Time: 4.7361s/epoch, Valid Time: 4.5644s, LR: 1.0000e-03
2025-05-08 01:46:07,074 - Val loss decrease from 5.5291 to 4.9439
2025-05-08 01:46:16,342 - Epoch: 007, Train Loss: 5.2071, Train RMSE: 9.1943, Train MAPE: 0.5588, Valid Loss: 4.7673, Valid RMSE: 8.2584, Valid MAPE: 0.4727, Train Time: 4.6735s/epoch, Valid Time: 4.5938s, LR: 1.0000e-03
2025-05-08 01:46:16,347 - Val loss decrease from 4.9439 to 4.7673
2025-05-08 01:46:25,625 - Epoch: 008, Train Loss: 4.9654, Train RMSE: 8.8842, Train MAPE: 0.5067, Valid Loss: 4.5110, Valid RMSE: 7.9236, Valid MAPE: 0.4402, Train Time: 4.7354s/epoch, Valid Time: 4.5422s, LR: 1.0000e-03
2025-05-08 01:46:25,631 - Val loss decrease from 4.7673 to 4.5110
2025-05-08 01:46:34,914 - Epoch: 009, Train Loss: 4.8084, Train RMSE: 8.6627, Train MAPE: 0.4795, Valid Loss: 4.3975, Valid RMSE: 7.7586, Valid MAPE: 0.4311, Train Time: 4.6738s/epoch, Valid Time: 4.6090s, LR: 1.0000e-03
2025-05-08 01:46:34,921 - Val loss decrease from 4.5110 to 4.3975
2025-05-08 01:46:44,179 - Epoch: 010, Train Loss: 4.6580, Train RMSE: 8.4837, Train MAPE: 0.4448, Valid Loss: 4.1939, Valid RMSE: 7.5084, Valid MAPE: 0.4191, Train Time: 4.7367s/epoch, Valid Time: 4.5208s, LR: 1.0000e-03
2025-05-08 01:46:44,185 - Val loss decrease from 4.3975 to 4.1939
2025-05-08 01:46:53,505 - Epoch: 011, Train Loss: 4.5354, Train RMSE: 8.3216, Train MAPE: 0.4468, Valid Loss: 4.1291, Valid RMSE: 7.4361, Valid MAPE: 0.3894, Train Time: 4.7192s/epoch, Valid Time: 4.6003s, LR: 1.0000e-03
2025-05-08 01:46:53,510 - Val loss decrease from 4.1939 to 4.1291
2025-05-08 01:47:02,718 - Epoch: 012, Train Loss: 4.4426, Train RMSE: 8.1895, Train MAPE: 0.4195, Valid Loss: 4.0014, Valid RMSE: 7.2263, Valid MAPE: 0.3789, Train Time: 4.7033s/epoch, Valid Time: 4.5043s, LR: 1.0000e-03
2025-05-08 01:47:02,723 - Val loss decrease from 4.1291 to 4.0014
2025-05-08 01:47:12,049 - Epoch: 013, Train Loss: 4.3467, Train RMSE: 8.0010, Train MAPE: 0.4145, Valid Loss: 3.9622, Valid RMSE: 7.1551, Valid MAPE: 0.3576, Train Time: 4.7592s/epoch, Valid Time: 4.5665s, LR: 1.0000e-03
2025-05-08 01:47:12,055 - Val loss decrease from 4.0014 to 3.9622
2025-05-08 01:47:21,301 - Epoch: 014, Train Loss: 4.2490, Train RMSE: 7.8695, Train MAPE: 0.3989, Valid Loss: 3.8841, Valid RMSE: 7.0402, Valid MAPE: 0.3597, Train Time: 4.7176s/epoch, Valid Time: 4.5282s, LR: 1.0000e-03
2025-05-08 01:47:21,307 - Val loss decrease from 3.9622 to 3.8841
2025-05-08 01:47:30,625 - Epoch: 015, Train Loss: 4.1886, Train RMSE: 7.7699, Train MAPE: 0.3901, Valid Loss: 3.8116, Valid RMSE: 6.9054, Valid MAPE: 0.3667, Train Time: 4.7710s/epoch, Valid Time: 4.5471s, LR: 1.0000e-03
2025-05-08 01:47:30,631 - Val loss decrease from 3.8841 to 3.8116
2025-05-08 01:47:39,902 - Epoch: 016, Train Loss: 4.1158, Train RMSE: 7.6632, Train MAPE: 0.3853, Valid Loss: 3.8244, Valid RMSE: 6.9280, Valid MAPE: 0.3419, Train Time: 4.7189s/epoch, Valid Time: 4.5517s, LR: 1.0000e-03
2025-05-08 01:47:49,105 - Epoch: 017, Train Loss: 4.0786, Train RMSE: 7.5365, Train MAPE: 0.3864, Valid Loss: 3.7571, Valid RMSE: 6.7678, Valid MAPE: 0.3356, Train Time: 4.7398s/epoch, Valid Time: 4.4635s, LR: 1.0000e-03
2025-05-08 01:47:49,111 - Val loss decrease from 3.8116 to 3.7571
2025-05-08 01:47:57,453 - Epoch: 018, Train Loss: 4.0390, Train RMSE: 7.4744, Train MAPE: 0.3689, Valid Loss: 3.7119, Valid RMSE: 6.6947, Valid MAPE: 0.3413, Train Time: 4.3220s/epoch, Valid Time: 4.0202s, LR: 1.0000e-03
2025-05-08 01:47:57,459 - Val loss decrease from 3.7571 to 3.7119
2025-05-08 01:48:05,690 - Epoch: 019, Train Loss: 3.9752, Train RMSE: 7.3477, Train MAPE: 0.3728, Valid Loss: 3.7133, Valid RMSE: 6.6487, Valid MAPE: 0.3321, Train Time: 4.1773s/epoch, Valid Time: 4.0533s, LR: 1.0000e-03
2025-05-08 01:48:13,880 - Epoch: 020, Train Loss: 3.9442, Train RMSE: 7.2567, Train MAPE: 0.3672, Valid Loss: 3.6679, Valid RMSE: 6.5179, Valid MAPE: 0.3615, Train Time: 4.1532s/epoch, Valid Time: 4.0372s, LR: 1.0000e-03
2025-05-08 01:48:13,886 - Val loss decrease from 3.7119 to 3.6679
2025-05-08 01:48:21,688 - Epoch: 021, Train Loss: 3.9518, Train RMSE: 7.2736, Train MAPE: 0.3598, Valid Loss: 3.7003, Valid RMSE: 6.5576, Valid MAPE: 0.3752, Train Time: 4.0969s/epoch, Valid Time: 3.7054s, LR: 1.0000e-03
2025-05-08 01:48:28,741 - Epoch: 022, Train Loss: 3.8842, Train RMSE: 7.1643, Train MAPE: 0.3544, Valid Loss: 3.6563, Valid RMSE: 6.4294, Valid MAPE: 0.4009, Train Time: 3.5766s/epoch, Valid Time: 3.4758s, LR: 1.0000e-03
2025-05-08 01:48:28,747 - Val loss decrease from 3.6679 to 3.6563
2025-05-08 01:48:35,856 - Epoch: 023, Train Loss: 3.8373, Train RMSE: 7.0294, Train MAPE: 0.3691, Valid Loss: 3.6846, Valid RMSE: 6.5376, Valid MAPE: 0.3457, Train Time: 3.5967s/epoch, Valid Time: 3.5126s, LR: 1.0000e-03
2025-05-08 01:48:42,876 - Epoch: 024, Train Loss: 3.8068, Train RMSE: 6.9719, Train MAPE: 0.3538, Valid Loss: 3.5693, Valid RMSE: 6.3324, Valid MAPE: 0.3319, Train Time: 3.5821s/epoch, Valid Time: 3.4381s, LR: 1.0000e-03
2025-05-08 01:48:42,882 - Val loss decrease from 3.6563 to 3.5693
2025-05-08 01:48:49,068 - Epoch: 025, Train Loss: 3.7616, Train RMSE: 6.8960, Train MAPE: 0.3541, Valid Loss: 3.6034, Valid RMSE: 6.4070, Valid MAPE: 0.3324, Train Time: 3.2380s/epoch, Valid Time: 2.9481s, LR: 1.0000e-03
2025-05-08 01:48:55,016 - Epoch: 026, Train Loss: 3.7325, Train RMSE: 6.8382, Train MAPE: 0.3475, Valid Loss: 3.6073, Valid RMSE: 6.3898, Valid MAPE: 0.3328, Train Time: 2.9613s/epoch, Valid Time: 2.9864s, LR: 1.0000e-03
2025-05-08 01:49:00,983 - Epoch: 027, Train Loss: 3.6947, Train RMSE: 6.7522, Train MAPE: 0.3473, Valid Loss: 3.5308, Valid RMSE: 6.2516, Valid MAPE: 0.3507, Train Time: 3.0589s/epoch, Valid Time: 2.9079s, LR: 1.0000e-03
2025-05-08 01:49:00,988 - Val loss decrease from 3.5693 to 3.5308
2025-05-08 01:49:06,958 - Epoch: 028, Train Loss: 3.6801, Train RMSE: 6.7362, Train MAPE: 0.3432, Valid Loss: 3.5253, Valid RMSE: 6.2210, Valid MAPE: 0.3214, Train Time: 2.9974s/epoch, Valid Time: 2.9718s, LR: 1.0000e-03
2025-05-08 01:49:06,965 - Val loss decrease from 3.5308 to 3.5253
2025-05-08 01:49:12,921 - Epoch: 029, Train Loss: 3.6615, Train RMSE: 6.6635, Train MAPE: 0.3400, Valid Loss: 3.6554, Valid RMSE: 6.4639, Valid MAPE: 0.3543, Train Time: 3.0488s/epoch, Valid Time: 2.9072s, LR: 1.0000e-03
2025-05-08 01:49:18,903 - Epoch: 030, Train Loss: 3.6540, Train RMSE: 6.6894, Train MAPE: 0.3385, Valid Loss: 3.5224, Valid RMSE: 6.1526, Valid MAPE: 0.3779, Train Time: 3.0117s/epoch, Valid Time: 2.9701s, LR: 1.0000e-03
2025-05-08 01:49:18,908 - Val loss decrease from 3.5253 to 3.5224
2025-05-08 01:49:24,837 - Epoch: 031, Train Loss: 3.5734, Train RMSE: 6.5281, Train MAPE: 0.3389, Valid Loss: 3.4742, Valid RMSE: 6.1353, Valid MAPE: 0.3401, Train Time: 3.0141s/epoch, Valid Time: 2.9147s, LR: 1.0000e-03
2025-05-08 01:49:24,842 - Val loss decrease from 3.5224 to 3.4742
2025-05-08 01:49:30,883 - Epoch: 032, Train Loss: 3.5681, Train RMSE: 6.5182, Train MAPE: 0.3334, Valid Loss: 3.5621, Valid RMSE: 6.3142, Valid MAPE: 0.3323, Train Time: 3.0434s/epoch, Valid Time: 2.9974s, LR: 1.0000e-03
2025-05-08 01:49:36,822 - Epoch: 033, Train Loss: 3.5499, Train RMSE: 6.4492, Train MAPE: 0.3411, Valid Loss: 3.5286, Valid RMSE: 6.2390, Valid MAPE: 0.3249, Train Time: 3.0288s/epoch, Valid Time: 2.9096s, LR: 1.0000e-03
2025-05-08 01:49:42,850 - Epoch: 034, Train Loss: 3.5064, Train RMSE: 6.3718, Train MAPE: 0.3409, Valid Loss: 3.4999, Valid RMSE: 6.1512, Valid MAPE: 0.3445, Train Time: 3.0382s/epoch, Valid Time: 2.9899s, LR: 1.0000e-03
2025-05-08 01:49:48,776 - Epoch: 035, Train Loss: 3.5072, Train RMSE: 6.3418, Train MAPE: 0.3266, Valid Loss: 3.5593, Valid RMSE: 6.1931, Valid MAPE: 0.3818, Train Time: 2.9975s/epoch, Valid Time: 2.9277s, LR: 1.0000e-03
2025-05-08 01:49:54,770 - Epoch: 036, Train Loss: 3.4615, Train RMSE: 6.2789, Train MAPE: 0.3312, Valid Loss: 3.5476, Valid RMSE: 6.1706, Valid MAPE: 0.3770, Train Time: 3.0175s/epoch, Valid Time: 2.9764s, LR: 1.0000e-03
2025-05-08 01:50:00,727 - Epoch: 037, Train Loss: 3.4523, Train RMSE: 6.2641, Train MAPE: 0.3358, Valid Loss: 3.4920, Valid RMSE: 6.1287, Valid MAPE: 0.3574, Train Time: 3.0127s/epoch, Valid Time: 2.9441s, LR: 1.0000e-03
2025-05-08 01:50:06,697 - Epoch: 038, Train Loss: 3.4428, Train RMSE: 6.2495, Train MAPE: 0.3235, Valid Loss: 3.5424, Valid RMSE: 6.2042, Valid MAPE: 0.3703, Train Time: 3.0164s/epoch, Valid Time: 2.9537s, LR: 1.0000e-03
2025-05-08 01:50:12,682 - Epoch: 039, Train Loss: 3.4103, Train RMSE: 6.1958, Train MAPE: 0.3329, Valid Loss: 3.5119, Valid RMSE: 6.1771, Valid MAPE: 0.3493, Train Time: 2.9987s/epoch, Valid Time: 2.9856s, LR: 1.0000e-03
2025-05-08 01:50:18,602 - Epoch: 040, Train Loss: 3.3888, Train RMSE: 6.1547, Train MAPE: 0.3261, Valid Loss: 3.4737, Valid RMSE: 6.0842, Valid MAPE: 0.3522, Train Time: 3.0467s/epoch, Valid Time: 2.8736s, LR: 1.0000e-03
2025-05-08 01:50:18,608 - Val loss decrease from 3.4742 to 3.4737
2025-05-08 01:50:23,963 - Epoch: 041, Train Loss: 3.3941, Train RMSE: 6.1672, Train MAPE: 0.3275, Valid Loss: 3.4533, Valid RMSE: 6.0595, Valid MAPE: 0.3344, Train Time: 2.9427s/epoch, Valid Time: 2.4123s, LR: 1.0000e-03
2025-05-08 01:50:23,968 - Val loss decrease from 3.4737 to 3.4533
2025-05-08 01:50:28,718 - Epoch: 042, Train Loss: 3.3809, Train RMSE: 6.1581, Train MAPE: 0.3198, Valid Loss: 3.4432, Valid RMSE: 6.0664, Valid MAPE: 0.3339, Train Time: 2.3991s/epoch, Valid Time: 2.3510s, LR: 1.0000e-03
2025-05-08 01:50:28,724 - Val loss decrease from 3.4533 to 3.4432
2025-05-08 01:50:33,482 - Epoch: 043, Train Loss: 3.3418, Train RMSE: 6.1041, Train MAPE: 0.3178, Valid Loss: 3.4643, Valid RMSE: 6.1009, Valid MAPE: 0.3336, Train Time: 2.3819s/epoch, Valid Time: 2.3767s, LR: 1.0000e-03
2025-05-08 01:50:38,183 - Epoch: 044, Train Loss: 3.3323, Train RMSE: 6.0483, Train MAPE: 0.3179, Valid Loss: 3.4325, Valid RMSE: 6.0465, Valid MAPE: 0.3225, Train Time: 2.3677s/epoch, Valid Time: 2.3325s, LR: 1.0000e-03
2025-05-08 01:50:38,188 - Val loss decrease from 3.4432 to 3.4325
2025-05-08 01:50:42,959 - Epoch: 045, Train Loss: 3.3315, Train RMSE: 6.0544, Train MAPE: 0.3213, Valid Loss: 3.4867, Valid RMSE: 6.1560, Valid MAPE: 0.3218, Train Time: 2.3725s/epoch, Valid Time: 2.3976s, LR: 1.0000e-03
2025-05-08 01:50:47,620 - Epoch: 046, Train Loss: 3.3220, Train RMSE: 6.0378, Train MAPE: 0.3187, Valid Loss: 3.5669, Valid RMSE: 6.3450, Valid MAPE: 0.3220, Train Time: 2.3489s/epoch, Valid Time: 2.3118s, LR: 1.0000e-03
2025-05-08 01:50:51,971 - Epoch: 047, Train Loss: 3.3241, Train RMSE: 6.0211, Train MAPE: 0.3237, Valid Loss: 3.4895, Valid RMSE: 6.0707, Valid MAPE: 0.3695, Train Time: 2.2619s/epoch, Valid Time: 2.0889s, LR: 1.0000e-03
2025-05-08 01:50:55,430 - Epoch: 048, Train Loss: 3.3356, Train RMSE: 6.0030, Train MAPE: 0.3232, Valid Loss: 3.5026, Valid RMSE: 6.1025, Valid MAPE: 0.3550, Train Time: 1.7167s/epoch, Valid Time: 1.7428s, LR: 1.0000e-03
2025-05-08 01:50:58,964 - Epoch: 049, Train Loss: 3.3026, Train RMSE: 5.9303, Train MAPE: 0.3277, Valid Loss: 3.4908, Valid RMSE: 6.1610, Valid MAPE: 0.3321, Train Time: 1.8186s/epoch, Valid Time: 1.7147s, LR: 1.0000e-03
2025-05-08 01:51:02,385 - Epoch: 050, Train Loss: 3.2807, Train RMSE: 5.9157, Train MAPE: 0.3266, Valid Loss: 3.4854, Valid RMSE: 6.1082, Valid MAPE: 0.3249, Train Time: 1.6952s/epoch, Valid Time: 1.7260s, LR: 1.0000e-03
2025-05-08 01:51:05,905 - Epoch: 051, Train Loss: 3.2655, Train RMSE: 5.8871, Train MAPE: 0.3163, Valid Loss: 3.4541, Valid RMSE: 6.0460, Valid MAPE: 0.3429, Train Time: 1.7850s/epoch, Valid Time: 1.7349s, LR: 1.0000e-03
2025-05-08 01:51:09,458 - Epoch: 052, Train Loss: 3.2388, Train RMSE: 5.8766, Train MAPE: 0.3137, Valid Loss: 3.5125, Valid RMSE: 6.1530, Valid MAPE: 0.3637, Train Time: 1.7339s/epoch, Valid Time: 1.8188s, LR: 1.0000e-03
2025-05-08 01:51:12,928 - Epoch: 053, Train Loss: 3.2386, Train RMSE: 5.8700, Train MAPE: 0.3146, Valid Loss: 3.4630, Valid RMSE: 6.0856, Valid MAPE: 0.3520, Train Time: 1.7260s/epoch, Valid Time: 1.7432s, LR: 1.0000e-03
2025-05-08 01:51:16,510 - Epoch: 054, Train Loss: 3.2222, Train RMSE: 5.8504, Train MAPE: 0.3122, Valid Loss: 3.4870, Valid RMSE: 6.1299, Valid MAPE: 0.3621, Train Time: 1.7611s/epoch, Valid Time: 1.8213s, LR: 1.0000e-03
2025-05-08 01:51:16,511 - Early stop at epoch 54, loss = 3.432505
2025-05-08 01:51:18,448 - --------------------------------------------------Norm Test Time Results:--------------------------------------------------
2025-05-08 01:51:18,450 - Horizon 1, Test MAE: 1.8637, Test RMSE: 3.1625, Test MAPE: 0.1971
2025-05-08 01:51:18,452 - Horizon 2, Test MAE: 2.4039, Test RMSE: 4.2303, Test MAPE: 0.2312
2025-05-08 01:51:18,455 - Horizon 3, Test MAE: 2.8172, Test RMSE: 5.0040, Test MAPE: 0.2751
2025-05-08 01:51:18,457 - Horizon 4, Test MAE: 3.1577, Test RMSE: 5.5656, Test MAPE: 0.2933
2025-05-08 01:51:18,459 - Horizon 5, Test MAE: 3.4443, Test RMSE: 6.0086, Test MAPE: 0.3256
2025-05-08 01:51:18,462 - Horizon 6, Test MAE: 3.6684, Test RMSE: 6.3985, Test MAPE: 0.3417
2025-05-08 01:51:18,464 - Horizon 7, Test MAE: 3.8118, Test RMSE: 6.6602, Test MAPE: 0.3430
2025-05-08 01:51:18,467 - Horizon 8, Test MAE: 3.9267, Test RMSE: 6.7545, Test MAPE: 0.3515
2025-05-08 01:51:18,469 - Horizon 9, Test MAE: 4.0592, Test RMSE: 6.9516, Test MAPE: 0.3589
2025-05-08 01:51:18,471 - Horizon 10, Test MAE: 4.0810, Test RMSE: 6.9948, Test MAPE: 0.3612
2025-05-08 01:51:18,474 - Horizon 11, Test MAE: 4.1088, Test RMSE: 7.0046, Test MAPE: 0.3674
2025-05-08 01:51:18,476 - Horizon 12, Test MAE: 4.0077, Test RMSE: 6.6815, Test MAPE: 0.3690
2025-05-08 01:51:18,476 - Average Test MAE: 3.4459, Test RMSE: 5.9514, Test MAPE: 0.3179
2025-05-08 01:51:18,476 - Norm Test Time: 1.7430s
